2025-10-22 18:41:53,157 INFO  org.apache.flink.runtime.entrypoint.ClusterEntrypoint        [] - --------------------------------------------------------------------------------
2025-10-22 18:41:53,162 INFO  org.apache.flink.runtime.entrypoint.ClusterEntrypoint        [] -  Preconfiguration: 
2025-10-22 18:41:53,165 INFO  org.apache.flink.runtime.entrypoint.ClusterEntrypoint        [] - 


RESOURCE_PARAMS extraction logs:
jvm_params: -Xmx1073741824 -Xms1073741824 -XX:MaxMetaspaceSize=268435456
dynamic_configs: -D jobmanager.memory.off-heap.size=134217728b -D jobmanager.memory.jvm-overhead.min=201326592b -D jobmanager.memory.jvm-metaspace.size=268435456b -D jobmanager.memory.heap.size=1073741824b -D jobmanager.memory.jvm-overhead.max=201326592b
logs: INFO  [] - Using standard YAML parser to load flink configuration file from /opt/flink/conf/config.yaml.
INFO  [] - Loading configuration property: blob.server.port, 6124
INFO  [] - Loading configuration property: taskmanager.memory.process.size, 1728m
INFO  [] - Loading configuration property: taskmanager.bind-host, 0.0.0.0
INFO  [] - Loading configuration property: jobmanager.execution.failover-strategy, region
INFO  [] - Loading configuration property: jobmanager.rpc.address, 6c346977bf8b
INFO  [] - Loading configuration property: execution.checkpointing.incremental, false
INFO  [] - Loading configuration property: state.backend.rocksdb.localdir, /tmp/rocksdb
INFO  [] - Loading configuration property: execution.target, remote
INFO  [] - Loading configuration property: jobmanager.memory.process.size, 1600m
INFO  [] - Loading configuration property: jobmanager.rpc.port, 6123
INFO  [] - Loading configuration property: query.server.port, 6125
INFO  [] - Loading configuration property: rest.bind-address, 0.0.0.0
INFO  [] - Loading configuration property: jobmanager.bind-host, 0.0.0.0
INFO  [] - Loading configuration property: execution.checkpointing.savepoint-dir, file:///tmp/flink-checkpoints
INFO  [] - Loading configuration property: taskmanager.host, 127.0.0.1
INFO  [] - Loading configuration property: execution.checkpointing.externalized-checkpoint-retention, RETAIN_ON_CANCELLATION
INFO  [] - Loading configuration property: parallelism.default, 1
INFO  [] - Loading configuration property: taskmanager.numberOfTaskSlots, 1
INFO  [] - Loading configuration property: execution.checkpointing.local-backup.enabled, true
INFO  [] - Loading configuration property: rest.address, 127.0.0.1
INFO  [] - Loading configuration property: execution.state-recovery.ignore-unclaimed-state, true
INFO  [] - Loading configuration property: execution.checkpointing.dir, file:///tmp/flink-checkpoints
INFO  [] - Loading configuration property: env.java.opts.all, --add-exports=java.rmi/sun.rmi.registry=ALL-UNNAMED --add-exports=java.security.jgss/sun.security.krb5=ALL-UNNAMED --add-opens=java.base/java.lang=ALL-UNNAMED --add-opens=java.base/java.net=ALL-UNNAMED --add-opens=java.base/java.io=ALL-UNNAMED --add-opens=java.base/java.nio=ALL-UNNAMED --add-opens=java.base/sun.nio.ch=ALL-UNNAMED --add-opens=java.base/java.lang.reflect=ALL-UNNAMED --add-opens=java.base/java.text=ALL-UNNAMED --add-opens=java.base/java.time=ALL-UNNAMED --add-opens=java.base/java.util=ALL-UNNAMED --add-opens=java.base/java.util.concurrent=ALL-UNNAMED --add-opens=java.base/java.util.concurrent.atomic=ALL-UNNAMED --add-opens=java.base/java.util.concurrent.locks=ALL-UNNAMED
INFO  [] - Loading configuration property: state.backend.type, rocksdb
INFO  [] - The derived from fraction jvm overhead memory (160.000mb (167772162 bytes)) is less than its min value 192.000mb (201326592 bytes), min value will be used instead
INFO  [] - Final Master Memory configuration:
INFO  [] -   Total Process Memory: 1.563gb (1677721600 bytes)
INFO  [] -     Total Flink Memory: 1.125gb (1207959552 bytes)
INFO  [] -       JVM Heap:         1024.000mb (1073741824 bytes)
INFO  [] -       Off-heap:         128.000mb (134217728 bytes)
INFO  [] -     JVM Metaspace:      256.000mb (268435456 bytes)
INFO  [] -     JVM Overhead:       192.000mb (201326592 bytes)

2025-10-22 18:41:53,165 INFO  org.apache.flink.runtime.entrypoint.ClusterEntrypoint        [] - --------------------------------------------------------------------------------
2025-10-22 18:41:53,180 INFO  org.apache.flink.runtime.entrypoint.ClusterEntrypoint        [] -  Starting StandaloneSessionClusterEntrypoint (Version: 2.1.0, Scala: 2.12, Rev:4cb6bd3, Date:2025-07-21T13:23:51+02:00)
2025-10-22 18:41:53,185 INFO  org.apache.flink.runtime.entrypoint.ClusterEntrypoint        [] -  OS current user: flink
2025-10-22 18:41:53,186 INFO  org.apache.flink.runtime.entrypoint.ClusterEntrypoint        [] -  Current Hadoop/Kerberos user: <no hadoop dependency found>
2025-10-22 18:41:53,187 INFO  org.apache.flink.runtime.entrypoint.ClusterEntrypoint        [] -  JVM: OpenJDK 64-Bit Server VM - Eclipse Adoptium - 17/17.0.16+8
2025-10-22 18:41:53,187 INFO  org.apache.flink.runtime.entrypoint.ClusterEntrypoint        [] -  Arch: amd64
2025-10-22 18:41:53,194 INFO  org.apache.flink.runtime.entrypoint.ClusterEntrypoint        [] -  Maximum heap size: 1024 MiBytes
2025-10-22 18:41:53,195 INFO  org.apache.flink.runtime.entrypoint.ClusterEntrypoint        [] -  JAVA_HOME: /opt/java/openjdk
2025-10-22 18:41:53,195 INFO  org.apache.flink.runtime.entrypoint.ClusterEntrypoint        [] -  No Hadoop Dependency available
2025-10-22 18:41:53,197 INFO  org.apache.flink.runtime.entrypoint.ClusterEntrypoint        [] -  JVM Options:
2025-10-22 18:41:53,197 INFO  org.apache.flink.runtime.entrypoint.ClusterEntrypoint        [] -     -Xmx1073741824
2025-10-22 18:41:53,197 INFO  org.apache.flink.runtime.entrypoint.ClusterEntrypoint        [] -     -Xms1073741824
2025-10-22 18:41:53,198 INFO  org.apache.flink.runtime.entrypoint.ClusterEntrypoint        [] -     -XX:MaxMetaspaceSize=268435456
2025-10-22 18:41:53,198 INFO  org.apache.flink.runtime.entrypoint.ClusterEntrypoint        [] -     -XX:+IgnoreUnrecognizedVMOptions
2025-10-22 18:41:53,198 INFO  org.apache.flink.runtime.entrypoint.ClusterEntrypoint        [] -     --add-exports=java.rmi/sun.rmi.registry=ALL-UNNAMED
2025-10-22 18:41:53,198 INFO  org.apache.flink.runtime.entrypoint.ClusterEntrypoint        [] -     --add-exports=java.security.jgss/sun.security.krb5=ALL-UNNAMED
2025-10-22 18:41:53,199 INFO  org.apache.flink.runtime.entrypoint.ClusterEntrypoint        [] -     --add-opens=java.base/java.lang=ALL-UNNAMED
2025-10-22 18:41:53,199 INFO  org.apache.flink.runtime.entrypoint.ClusterEntrypoint        [] -     --add-opens=java.base/java.net=ALL-UNNAMED
2025-10-22 18:41:53,199 INFO  org.apache.flink.runtime.entrypoint.ClusterEntrypoint        [] -     --add-opens=java.base/java.io=ALL-UNNAMED
2025-10-22 18:41:53,199 INFO  org.apache.flink.runtime.entrypoint.ClusterEntrypoint        [] -     --add-opens=java.base/java.nio=ALL-UNNAMED
2025-10-22 18:41:53,199 INFO  org.apache.flink.runtime.entrypoint.ClusterEntrypoint        [] -     --add-opens=java.base/sun.nio.ch=ALL-UNNAMED
2025-10-22 18:41:53,202 INFO  org.apache.flink.runtime.entrypoint.ClusterEntrypoint        [] -     --add-opens=java.base/java.lang.reflect=ALL-UNNAMED
2025-10-22 18:41:53,202 INFO  org.apache.flink.runtime.entrypoint.ClusterEntrypoint        [] -     --add-opens=java.base/java.text=ALL-UNNAMED
2025-10-22 18:41:53,202 INFO  org.apache.flink.runtime.entrypoint.ClusterEntrypoint        [] -     --add-opens=java.base/java.time=ALL-UNNAMED
2025-10-22 18:41:53,202 INFO  org.apache.flink.runtime.entrypoint.ClusterEntrypoint        [] -     --add-opens=java.base/java.util=ALL-UNNAMED
2025-10-22 18:41:53,202 INFO  org.apache.flink.runtime.entrypoint.ClusterEntrypoint        [] -     --add-opens=java.base/java.util.concurrent=ALL-UNNAMED
2025-10-22 18:41:53,203 INFO  org.apache.flink.runtime.entrypoint.ClusterEntrypoint        [] -     --add-opens=java.base/java.util.concurrent.atomic=ALL-UNNAMED
2025-10-22 18:41:53,203 INFO  org.apache.flink.runtime.entrypoint.ClusterEntrypoint        [] -     --add-opens=java.base/java.util.concurrent.locks=ALL-UNNAMED
2025-10-22 18:41:53,203 INFO  org.apache.flink.runtime.entrypoint.ClusterEntrypoint        [] -     -Dlog.file=/opt/flink/log/flink--standalonesession-0-6c346977bf8b.log
2025-10-22 18:41:53,203 INFO  org.apache.flink.runtime.entrypoint.ClusterEntrypoint        [] -     -Dlog4j.configuration=file:/opt/flink/conf/log4j.properties
2025-10-22 18:41:53,203 INFO  org.apache.flink.runtime.entrypoint.ClusterEntrypoint        [] -     -Dlog4j.configurationFile=file:/opt/flink/conf/log4j.properties
2025-10-22 18:41:53,203 INFO  org.apache.flink.runtime.entrypoint.ClusterEntrypoint        [] -     -Dlogback.configurationFile=file:/opt/flink/conf/logback.xml
2025-10-22 18:41:53,204 INFO  org.apache.flink.runtime.entrypoint.ClusterEntrypoint        [] -  Program Arguments:
2025-10-22 18:41:53,205 INFO  org.apache.flink.runtime.entrypoint.ClusterEntrypoint        [] -     -D
2025-10-22 18:41:53,208 INFO  org.apache.flink.runtime.entrypoint.ClusterEntrypoint        [] -     jobmanager.memory.off-heap.size=134217728b
2025-10-22 18:41:53,208 INFO  org.apache.flink.runtime.entrypoint.ClusterEntrypoint        [] -     -D
2025-10-22 18:41:53,208 INFO  org.apache.flink.runtime.entrypoint.ClusterEntrypoint        [] -     jobmanager.memory.jvm-overhead.min=201326592b
2025-10-22 18:41:53,208 INFO  org.apache.flink.runtime.entrypoint.ClusterEntrypoint        [] -     -D
2025-10-22 18:41:53,208 INFO  org.apache.flink.runtime.entrypoint.ClusterEntrypoint        [] -     jobmanager.memory.jvm-metaspace.size=268435456b
2025-10-22 18:41:53,209 INFO  org.apache.flink.runtime.entrypoint.ClusterEntrypoint        [] -     -D
2025-10-22 18:41:53,209 INFO  org.apache.flink.runtime.entrypoint.ClusterEntrypoint        [] -     jobmanager.memory.heap.size=1073741824b
2025-10-22 18:41:53,209 INFO  org.apache.flink.runtime.entrypoint.ClusterEntrypoint        [] -     -D
2025-10-22 18:41:53,209 INFO  org.apache.flink.runtime.entrypoint.ClusterEntrypoint        [] -     jobmanager.memory.jvm-overhead.max=201326592b
2025-10-22 18:41:53,209 INFO  org.apache.flink.runtime.entrypoint.ClusterEntrypoint        [] -     --configDir
2025-10-22 18:41:53,209 INFO  org.apache.flink.runtime.entrypoint.ClusterEntrypoint        [] -     /opt/flink/conf
2025-10-22 18:41:53,211 INFO  org.apache.flink.runtime.entrypoint.ClusterEntrypoint        [] -  Classpath: /opt/flink/lib/flink-cep-2.1.0.jar:/opt/flink/lib/flink-connector-files-2.1.0.jar:/opt/flink/lib/flink-csv-2.1.0.jar:/opt/flink/lib/flink-json-2.1.0.jar:/opt/flink/lib/flink-scala_2.12-2.1.0.jar:/opt/flink/lib/flink-table-api-java-uber-2.1.0.jar:/opt/flink/lib/flink-table-planner-loader-2.1.0.jar:/opt/flink/lib/flink-table-runtime-2.1.0.jar:/opt/flink/lib/log4j-1.2-api-2.24.3.jar:/opt/flink/lib/log4j-api-2.24.3.jar:/opt/flink/lib/log4j-core-2.24.3.jar:/opt/flink/lib/log4j-layout-template-json-2.24.3.jar:/opt/flink/lib/log4j-slf4j-impl-2.24.3.jar:/opt/flink/lib/flink-dist-2.1.0.jar::::
2025-10-22 18:41:53,211 INFO  org.apache.flink.runtime.entrypoint.ClusterEntrypoint        [] - --------------------------------------------------------------------------------
2025-10-22 18:41:53,217 INFO  org.apache.flink.runtime.entrypoint.ClusterEntrypoint        [] - Registered UNIX signal handlers for [TERM, HUP, INT]
2025-10-22 18:41:53,239 INFO  org.apache.flink.configuration.GlobalConfiguration           [] - Using standard YAML parser to load flink configuration file from /opt/flink/conf/config.yaml.
2025-10-22 18:41:53,356 INFO  org.apache.flink.configuration.GlobalConfiguration           [] - Loading configuration property: blob.server.port, 6124
2025-10-22 18:41:53,356 INFO  org.apache.flink.configuration.GlobalConfiguration           [] - Loading configuration property: taskmanager.memory.process.size, 1728m
2025-10-22 18:41:53,356 INFO  org.apache.flink.configuration.GlobalConfiguration           [] - Loading configuration property: taskmanager.bind-host, 0.0.0.0
2025-10-22 18:41:53,357 INFO  org.apache.flink.configuration.GlobalConfiguration           [] - Loading configuration property: jobmanager.execution.failover-strategy, region
2025-10-22 18:41:53,357 INFO  org.apache.flink.configuration.GlobalConfiguration           [] - Loading configuration property: jobmanager.rpc.address, 6c346977bf8b
2025-10-22 18:41:53,357 INFO  org.apache.flink.configuration.GlobalConfiguration           [] - Loading configuration property: execution.checkpointing.incremental, false
2025-10-22 18:41:53,358 INFO  org.apache.flink.configuration.GlobalConfiguration           [] - Loading configuration property: state.backend.rocksdb.localdir, /tmp/rocksdb
2025-10-22 18:41:53,358 INFO  org.apache.flink.configuration.GlobalConfiguration           [] - Loading configuration property: execution.target, remote
2025-10-22 18:41:53,358 INFO  org.apache.flink.configuration.GlobalConfiguration           [] - Loading configuration property: jobmanager.memory.process.size, 1600m
2025-10-22 18:41:53,359 INFO  org.apache.flink.configuration.GlobalConfiguration           [] - Loading configuration property: jobmanager.rpc.port, 6123
2025-10-22 18:41:53,361 INFO  org.apache.flink.configuration.GlobalConfiguration           [] - Loading configuration property: query.server.port, 6125
2025-10-22 18:41:53,361 INFO  org.apache.flink.configuration.GlobalConfiguration           [] - Loading configuration property: rest.bind-address, 0.0.0.0
2025-10-22 18:41:53,361 INFO  org.apache.flink.configuration.GlobalConfiguration           [] - Loading configuration property: jobmanager.bind-host, 0.0.0.0
2025-10-22 18:41:53,361 INFO  org.apache.flink.configuration.GlobalConfiguration           [] - Loading configuration property: execution.checkpointing.savepoint-dir, file:///tmp/flink-checkpoints
2025-10-22 18:41:53,361 INFO  org.apache.flink.configuration.GlobalConfiguration           [] - Loading configuration property: taskmanager.host, 127.0.0.1
2025-10-22 18:41:53,362 INFO  org.apache.flink.configuration.GlobalConfiguration           [] - Loading configuration property: execution.checkpointing.externalized-checkpoint-retention, RETAIN_ON_CANCELLATION
2025-10-22 18:41:53,362 INFO  org.apache.flink.configuration.GlobalConfiguration           [] - Loading configuration property: parallelism.default, 1
2025-10-22 18:41:53,362 INFO  org.apache.flink.configuration.GlobalConfiguration           [] - Loading configuration property: taskmanager.numberOfTaskSlots, 1
2025-10-22 18:41:53,362 INFO  org.apache.flink.configuration.GlobalConfiguration           [] - Loading configuration property: execution.checkpointing.local-backup.enabled, true
2025-10-22 18:41:53,362 INFO  org.apache.flink.configuration.GlobalConfiguration           [] - Loading configuration property: rest.address, 127.0.0.1
2025-10-22 18:41:53,362 INFO  org.apache.flink.configuration.GlobalConfiguration           [] - Loading configuration property: execution.state-recovery.ignore-unclaimed-state, true
2025-10-22 18:41:53,362 INFO  org.apache.flink.configuration.GlobalConfiguration           [] - Loading configuration property: execution.checkpointing.dir, file:///tmp/flink-checkpoints
2025-10-22 18:41:53,362 INFO  org.apache.flink.configuration.GlobalConfiguration           [] - Loading configuration property: env.java.opts.all, --add-exports=java.rmi/sun.rmi.registry=ALL-UNNAMED --add-exports=java.security.jgss/sun.security.krb5=ALL-UNNAMED --add-opens=java.base/java.lang=ALL-UNNAMED --add-opens=java.base/java.net=ALL-UNNAMED --add-opens=java.base/java.io=ALL-UNNAMED --add-opens=java.base/java.nio=ALL-UNNAMED --add-opens=java.base/sun.nio.ch=ALL-UNNAMED --add-opens=java.base/java.lang.reflect=ALL-UNNAMED --add-opens=java.base/java.text=ALL-UNNAMED --add-opens=java.base/java.time=ALL-UNNAMED --add-opens=java.base/java.util=ALL-UNNAMED --add-opens=java.base/java.util.concurrent=ALL-UNNAMED --add-opens=java.base/java.util.concurrent.atomic=ALL-UNNAMED --add-opens=java.base/java.util.concurrent.locks=ALL-UNNAMED
2025-10-22 18:41:53,362 INFO  org.apache.flink.configuration.GlobalConfiguration           [] - Loading configuration property: state.backend.type, rocksdb
2025-10-22 18:41:53,363 INFO  org.apache.flink.configuration.GlobalConfiguration           [] - Loading dynamic configuration property: jobmanager.memory.off-heap.size, 134217728b
2025-10-22 18:41:53,365 INFO  org.apache.flink.configuration.GlobalConfiguration           [] - Loading dynamic configuration property: jobmanager.memory.jvm-overhead.min, 201326592b
2025-10-22 18:41:53,366 INFO  org.apache.flink.configuration.GlobalConfiguration           [] - Loading dynamic configuration property: jobmanager.memory.jvm-metaspace.size, 268435456b
2025-10-22 18:41:53,366 INFO  org.apache.flink.configuration.GlobalConfiguration           [] - Loading dynamic configuration property: jobmanager.memory.heap.size, 1073741824b
2025-10-22 18:41:53,366 INFO  org.apache.flink.configuration.GlobalConfiguration           [] - Loading dynamic configuration property: jobmanager.memory.jvm-overhead.max, 201326592b
2025-10-22 18:41:53,445 INFO  org.apache.flink.runtime.entrypoint.ClusterEntrypoint        [] - Starting StandaloneSessionClusterEntrypoint.
2025-10-22 18:41:53,511 INFO  org.apache.flink.runtime.entrypoint.ClusterEntrypoint        [] - Install default filesystem.
2025-10-22 18:41:53,515 INFO  org.apache.flink.core.fs.FileSystem                          [] - Hadoop is not in the classpath/dependencies. The extended set of supported File Systems via Hadoop is not available.
2025-10-22 18:41:53,545 INFO  org.apache.flink.core.plugin.DefaultPluginManager            [] - Plugin loader with ID not found, creating it: metrics-statsd
2025-10-22 18:41:53,560 INFO  org.apache.flink.core.plugin.DefaultPluginManager            [] - Plugin loader with ID not found, creating it: metrics-jmx
2025-10-22 18:41:53,560 INFO  org.apache.flink.core.plugin.DefaultPluginManager            [] - Plugin loader with ID not found, creating it: metrics-prometheus
2025-10-22 18:41:53,563 INFO  org.apache.flink.core.plugin.DefaultPluginManager            [] - Plugin loader with ID not found, creating it: metrics-influx
2025-10-22 18:41:53,563 INFO  org.apache.flink.core.plugin.DefaultPluginManager            [] - Plugin loader with ID not found, creating it: metrics-slf4j
2025-10-22 18:41:53,563 INFO  org.apache.flink.core.plugin.DefaultPluginManager            [] - Plugin loader with ID not found, creating it: metrics-otel
2025-10-22 18:41:53,563 INFO  org.apache.flink.core.plugin.DefaultPluginManager            [] - Plugin loader with ID not found, creating it: metrics-datadog
2025-10-22 18:41:53,566 INFO  org.apache.flink.core.plugin.DefaultPluginManager            [] - Plugin loader with ID not found, creating it: metrics-graphite
2025-10-22 18:41:53,566 INFO  org.apache.flink.core.plugin.DefaultPluginManager            [] - Plugin loader with ID not found, creating it: external-resource-gpu
2025-10-22 18:41:53,610 INFO  org.apache.flink.runtime.entrypoint.ClusterEntrypoint        [] - Install security context.
2025-10-22 18:41:53,633 INFO  org.apache.flink.runtime.security.modules.HadoopModuleFactory [] - Cannot create Hadoop Security Module because Hadoop cannot be found in the Classpath.
2025-10-22 18:41:53,641 INFO  org.apache.flink.runtime.security.modules.JaasModule         [] - Jaas file will be created as /tmp/jaas-10867931052603309385.conf.
2025-10-22 18:41:53,661 INFO  org.apache.flink.runtime.security.contexts.HadoopSecurityContextFactory [] - Cannot install HadoopSecurityContext because Hadoop cannot be found in the Classpath.
2025-10-22 18:41:53,665 INFO  org.apache.flink.runtime.entrypoint.ClusterEntrypoint        [] - Initializing cluster services.
2025-10-22 18:41:53,677 INFO  org.apache.flink.runtime.entrypoint.ClusterEntrypoint        [] - Using working directory: WorkingDirectory(/tmp/jm_765ad5926a9b51928bc22bb96831b566).
2025-10-22 18:41:54,254 INFO  org.apache.flink.runtime.rpc.pekko.PekkoRpcServiceUtils      [] - Trying to start actor system, external address 6c346977bf8b:6123, bind address 0.0.0.0:6123.
2025-10-22 18:41:55,295 INFO  org.apache.pekko.event.slf4j.Slf4jLogger                     [] - Slf4jLogger started
2025-10-22 18:41:55,384 INFO  org.apache.pekko.remote.RemoteActorRefProvider               [] - Pekko Cluster not in use - enabling unsafe features anyway because `pekko.remote.use-unsafe-remote-features-outside-cluster` has been enabled.
2025-10-22 18:41:55,390 INFO  org.apache.pekko.remote.Remoting                             [] - Starting remoting
2025-10-22 18:41:55,765 INFO  org.apache.pekko.remote.Remoting                             [] - Remoting started; listening on addresses :[pekko.tcp://flink@6c346977bf8b:6123]
2025-10-22 18:41:55,948 INFO  org.apache.flink.runtime.rpc.pekko.PekkoRpcServiceUtils      [] - Actor system started at pekko.tcp://flink@6c346977bf8b:6123
2025-10-22 18:41:55,981 INFO  org.apache.flink.runtime.security.token.DefaultDelegationTokenManager [] - Loading delegation token providers
2025-10-22 18:41:55,989 INFO  org.apache.flink.runtime.security.token.hadoop.HadoopFSDelegationTokenProvider [] - Hadoop FS is not available (not packaged with this application): NoClassDefFoundError : "org/apache/hadoop/conf/Configuration".
2025-10-22 18:41:55,990 INFO  org.apache.flink.runtime.security.token.DefaultDelegationTokenManager [] - Delegation token provider hadoopfs loaded and initialized
2025-10-22 18:41:55,996 INFO  org.apache.flink.runtime.security.token.DefaultDelegationTokenManager [] - Delegation token provider hbase loaded and initialized
2025-10-22 18:41:55,996 INFO  org.apache.flink.core.plugin.DefaultPluginManager            [] - Plugin loader with ID found, reusing it: metrics-statsd
2025-10-22 18:41:55,996 INFO  org.apache.flink.core.plugin.DefaultPluginManager            [] - Plugin loader with ID found, reusing it: metrics-jmx
2025-10-22 18:41:55,996 INFO  org.apache.flink.core.plugin.DefaultPluginManager            [] - Plugin loader with ID found, reusing it: metrics-prometheus
2025-10-22 18:41:55,996 INFO  org.apache.flink.core.plugin.DefaultPluginManager            [] - Plugin loader with ID found, reusing it: metrics-influx
2025-10-22 18:41:55,996 INFO  org.apache.flink.core.plugin.DefaultPluginManager            [] - Plugin loader with ID found, reusing it: metrics-slf4j
2025-10-22 18:41:55,996 INFO  org.apache.flink.core.plugin.DefaultPluginManager            [] - Plugin loader with ID found, reusing it: metrics-otel
2025-10-22 18:41:55,996 INFO  org.apache.flink.core.plugin.DefaultPluginManager            [] - Plugin loader with ID found, reusing it: metrics-datadog
2025-10-22 18:41:55,997 INFO  org.apache.flink.core.plugin.DefaultPluginManager            [] - Plugin loader with ID found, reusing it: metrics-graphite
2025-10-22 18:41:55,997 INFO  org.apache.flink.core.plugin.DefaultPluginManager            [] - Plugin loader with ID found, reusing it: external-resource-gpu
2025-10-22 18:41:55,997 INFO  org.apache.flink.runtime.security.token.DefaultDelegationTokenManager [] - Delegation token providers loaded successfully
2025-10-22 18:41:55,998 INFO  org.apache.flink.runtime.security.token.DelegationTokenReceiverRepository [] - Loading delegation token receivers
2025-10-22 18:41:56,003 INFO  org.apache.flink.runtime.security.token.DelegationTokenReceiverRepository [] - Delegation token receiver hadoopfs loaded and initialized
2025-10-22 18:41:56,006 INFO  org.apache.flink.runtime.security.token.DelegationTokenReceiverRepository [] - Delegation token receiver hbase loaded and initialized
2025-10-22 18:41:56,006 INFO  org.apache.flink.core.plugin.DefaultPluginManager            [] - Plugin loader with ID found, reusing it: metrics-statsd
2025-10-22 18:41:56,006 INFO  org.apache.flink.core.plugin.DefaultPluginManager            [] - Plugin loader with ID found, reusing it: metrics-jmx
2025-10-22 18:41:56,006 INFO  org.apache.flink.core.plugin.DefaultPluginManager            [] - Plugin loader with ID found, reusing it: metrics-prometheus
2025-10-22 18:41:56,006 INFO  org.apache.flink.core.plugin.DefaultPluginManager            [] - Plugin loader with ID found, reusing it: metrics-influx
2025-10-22 18:41:56,007 INFO  org.apache.flink.core.plugin.DefaultPluginManager            [] - Plugin loader with ID found, reusing it: metrics-slf4j
2025-10-22 18:41:56,007 INFO  org.apache.flink.core.plugin.DefaultPluginManager            [] - Plugin loader with ID found, reusing it: metrics-otel
2025-10-22 18:41:56,007 INFO  org.apache.flink.core.plugin.DefaultPluginManager            [] - Plugin loader with ID found, reusing it: metrics-datadog
2025-10-22 18:41:56,007 INFO  org.apache.flink.core.plugin.DefaultPluginManager            [] - Plugin loader with ID found, reusing it: metrics-graphite
2025-10-22 18:41:56,007 INFO  org.apache.flink.core.plugin.DefaultPluginManager            [] - Plugin loader with ID found, reusing it: external-resource-gpu
2025-10-22 18:41:56,007 INFO  org.apache.flink.runtime.security.token.DelegationTokenReceiverRepository [] - Delegation token receivers loaded successfully
2025-10-22 18:41:56,007 INFO  org.apache.flink.runtime.security.token.DefaultDelegationTokenManager [] - Checking provider and receiver instances consistency
2025-10-22 18:41:56,007 INFO  org.apache.flink.runtime.security.token.DefaultDelegationTokenManager [] - Provider and receiver instances are consistent
2025-10-22 18:41:56,008 INFO  org.apache.flink.runtime.security.token.DefaultDelegationTokenManager [] - Obtaining delegation tokens
2025-10-22 18:41:56,014 INFO  org.apache.flink.runtime.security.token.DefaultDelegationTokenManager [] - Delegation tokens obtained successfully
2025-10-22 18:41:56,014 WARN  org.apache.flink.runtime.security.token.DefaultDelegationTokenManager [] - No tokens obtained so skipping notifications
2025-10-22 18:41:56,051 INFO  org.apache.flink.runtime.blob.BlobServer                     [] - Created BLOB server storage directory /tmp/jm_765ad5926a9b51928bc22bb96831b566/blobStorage
2025-10-22 18:41:56,061 INFO  org.apache.flink.runtime.blob.BlobServer                     [] - Started BLOB server at 0.0.0.0:6124 - max concurrent requests: 50 - max backlog: 1000
2025-10-22 18:41:56,124 INFO  org.apache.flink.runtime.metrics.MetricRegistryImpl          [] - No metrics reporter configured, no metrics will be exposed/reported.
2025-10-22 18:41:56,124 INFO  org.apache.flink.runtime.metrics.MetricRegistryImpl          [] - No trace reporter configured, no traces will be exposed/reported.
2025-10-22 18:41:56,124 INFO  org.apache.flink.runtime.metrics.MetricRegistryImpl          [] - No event reporter configured, no events will be exposed/reported.
2025-10-22 18:41:56,133 INFO  org.apache.flink.runtime.rpc.pekko.PekkoRpcServiceUtils      [] - Trying to start actor system, external address 6c346977bf8b:0, bind address 0.0.0.0:0.
2025-10-22 18:41:56,167 INFO  org.apache.pekko.event.slf4j.Slf4jLogger                     [] - Slf4jLogger started
2025-10-22 18:41:56,171 INFO  org.apache.pekko.remote.RemoteActorRefProvider               [] - Pekko Cluster not in use - enabling unsafe features anyway because `pekko.remote.use-unsafe-remote-features-outside-cluster` has been enabled.
2025-10-22 18:41:56,172 INFO  org.apache.pekko.remote.Remoting                             [] - Starting remoting
2025-10-22 18:41:56,190 INFO  org.apache.pekko.remote.Remoting                             [] - Remoting started; listening on addresses :[pekko.tcp://flink-metrics@6c346977bf8b:37045]
2025-10-22 18:41:56,206 INFO  org.apache.flink.runtime.rpc.pekko.PekkoRpcServiceUtils      [] - Actor system started at pekko.tcp://flink-metrics@6c346977bf8b:37045
2025-10-22 18:41:56,247 INFO  org.apache.flink.runtime.rpc.pekko.PekkoRpcService           [] - Starting RPC endpoint for org.apache.flink.runtime.metrics.dump.MetricQueryService at pekko://flink-metrics/user/rpc/MetricQueryService .
2025-10-22 18:41:56,508 INFO  org.apache.flink.runtime.dispatcher.FileExecutionGraphInfoStore [] - Initializing FileExecutionGraphInfoStore: Storage directory /tmp/executionGraphStore-f70c5f67-79fd-4eec-b953-39a48b83130f, expiration time 3600000, maximum cache size 52428800 bytes.
2025-10-22 18:41:56,627 INFO  org.apache.flink.runtime.dispatcher.DispatcherRestEndpoint   [] - Upload directory /tmp/flink-web-835fbf7c-7274-492b-b166-8861e126891a/flink-web-upload does not exist. 
2025-10-22 18:41:56,630 INFO  org.apache.flink.runtime.dispatcher.DispatcherRestEndpoint   [] - Created directory /tmp/flink-web-835fbf7c-7274-492b-b166-8861e126891a/flink-web-upload for file uploads.
2025-10-22 18:41:56,635 INFO  org.apache.flink.runtime.dispatcher.DispatcherRestEndpoint   [] - Starting rest endpoint.
2025-10-22 18:41:57,124 INFO  org.apache.flink.runtime.webmonitor.WebMonitorUtils          [] - Determined location of main cluster component log file: /opt/flink/log/flink--standalonesession-0-6c346977bf8b.log
2025-10-22 18:41:57,128 INFO  org.apache.flink.runtime.webmonitor.WebMonitorUtils          [] - Determined location of main cluster component stdout file: /opt/flink/log/flink--standalonesession-0-6c346977bf8b.out
2025-10-22 18:41:57,187 INFO  org.apache.flink.runtime.dispatcher.DispatcherRestEndpoint   [] - Rest endpoint listening at 127.0.0.1:8081
2025-10-22 18:41:57,190 INFO  org.apache.flink.runtime.dispatcher.DispatcherRestEndpoint   [] - http://127.0.0.1:8081 was granted leadership with leaderSessionID=00000000-0000-0000-0000-000000000000
2025-10-22 18:41:57,192 INFO  org.apache.flink.runtime.dispatcher.DispatcherRestEndpoint   [] - Web frontend listening at http://127.0.0.1:8081.
2025-10-22 18:41:57,235 INFO  org.apache.flink.runtime.dispatcher.runner.DefaultDispatcherRunner [] - DefaultDispatcherRunner was granted leadership with leader id 00000000-0000-0000-0000-000000000000. Creating new DispatcherLeaderProcess.
2025-10-22 18:41:57,246 INFO  org.apache.flink.runtime.dispatcher.runner.SessionDispatcherLeaderProcess [] - Start SessionDispatcherLeaderProcess.
2025-10-22 18:41:57,252 INFO  org.apache.flink.runtime.resourcemanager.ResourceManagerServiceImpl [] - Starting resource manager service.
2025-10-22 18:41:57,255 INFO  org.apache.flink.runtime.dispatcher.runner.SessionDispatcherLeaderProcess [] - Recover all persisted job graphs that are not finished, yet.
2025-10-22 18:41:57,256 INFO  org.apache.flink.runtime.dispatcher.runner.SessionDispatcherLeaderProcess [] - Successfully recovered 0 persisted job graphs.
2025-10-22 18:41:57,259 INFO  org.apache.flink.runtime.resourcemanager.ResourceManagerServiceImpl [] - Resource manager service is granted leadership with session id 00000000-0000-0000-0000-000000000000.
2025-10-22 18:41:57,336 INFO  org.apache.flink.runtime.rpc.pekko.PekkoRpcService           [] - Starting RPC endpoint for org.apache.flink.runtime.dispatcher.StandaloneDispatcher at pekko://flink/user/rpc/dispatcher_0 .
2025-10-22 18:41:57,362 INFO  org.apache.flink.runtime.rpc.pekko.PekkoRpcService           [] - Starting RPC endpoint for org.apache.flink.runtime.resourcemanager.StandaloneResourceManager at pekko://flink/user/rpc/resourcemanager_1 .
2025-10-22 18:41:57,425 INFO  org.apache.flink.runtime.resourcemanager.StandaloneResourceManager [] - Starting the resource manager.
2025-10-22 18:41:57,435 INFO  org.apache.flink.runtime.resourcemanager.slotmanager.FineGrainedSlotManager [] - Starting the slot manager.
2025-10-22 18:41:57,439 INFO  org.apache.flink.runtime.security.token.DefaultDelegationTokenManager [] - Starting tokens update task
2025-10-22 18:41:57,440 WARN  org.apache.flink.runtime.security.token.DefaultDelegationTokenManager [] - No tokens obtained so skipping notifications
2025-10-22 18:41:57,442 WARN  org.apache.flink.runtime.security.token.DefaultDelegationTokenManager [] - Tokens update task not started because either no tokens obtained or none of the tokens specified its renewal date
2025-10-22 18:42:00,919 INFO  org.apache.flink.runtime.resourcemanager.StandaloneResourceManager [] - Registering TaskManager with ResourceID 127.0.0.1:35201-8cea9b (pekko.tcp://flink@127.0.0.1:35201/user/rpc/taskmanager_0) at ResourceManager
2025-10-22 18:42:00,971 INFO  org.apache.flink.runtime.resourcemanager.slotmanager.FineGrainedSlotManager [] - Registering task executor 127.0.0.1:35201-8cea9b under b5d6cc0b412eacb906694d53af8a349a at the slot manager.
2025-10-22 18:42:10,741 INFO  org.apache.flink.runtime.dispatcher.StandaloneDispatcher     [] - Received job submission 'Word Counter' (d55b66246180e9694caa04452f0375fe).
2025-10-22 18:42:10,742 INFO  org.apache.flink.runtime.dispatcher.StandaloneDispatcher     [] - Submitting job 'Word Counter' (d55b66246180e9694caa04452f0375fe).
2025-10-22 18:42:10,931 INFO  org.apache.flink.runtime.jobmaster.JobMasterServiceLeadershipRunner [] - JobMasterServiceLeadershipRunner for job d55b66246180e9694caa04452f0375fe was granted leadership with leader id 00000000-0000-0000-0000-000000000000. Creating new JobMasterServiceProcess.
2025-10-22 18:42:10,954 INFO  org.apache.flink.runtime.rpc.pekko.PekkoRpcService           [] - Starting RPC endpoint for org.apache.flink.runtime.jobmaster.JobMaster at pekko://flink/user/rpc/jobmanager_2 .
2025-10-22 18:42:10,968 INFO  org.apache.flink.runtime.jobmaster.JobMaster                 [] - Initializing job 'Word Counter' (d55b66246180e9694caa04452f0375fe).
2025-10-22 18:42:11,172 INFO  org.apache.flink.runtime.jobmaster.JobMaster                 [] - Using restart back off time strategy ExponentialDelayRestartBackoffTimeStrategy(initialBackoffMS=1000, maxBackoffMS=60000, backoffMultiplier=1.5, resetBackoffThresholdMS=3600000, jitterFactor=0.1, attemptsBeforeResetBackoff=2147483647, currentRestartAttempt=0, nextRestartTimestamp=-2147483648) for Word Counter (d55b66246180e9694caa04452f0375fe).
2025-10-22 18:42:11,304 INFO  org.apache.flink.runtime.executiongraph.ExecutionGraph       [] - Created execution graph 4219fd36901189d36acfbc3a064401eb for job d55b66246180e9694caa04452f0375fe.
2025-10-22 18:42:11,329 INFO  org.apache.flink.runtime.jobmaster.JobMaster                 [] - Running initialization on master for job Word Counter (d55b66246180e9694caa04452f0375fe).
2025-10-22 18:42:11,334 INFO  org.apache.flink.runtime.jobmaster.JobMaster                 [] - Successfully ran initialization on master in 5 ms.
2025-10-22 18:42:11,411 INFO  org.apache.flink.runtime.scheduler.adapter.DefaultExecutionTopology [] - Built 1 new pipelined regions in 0 ms, total 1 pipelined regions currently.
2025-10-22 18:42:11,415 INFO  org.apache.flink.runtime.jobmaster.JobMaster                 [] - Loading state backend via factory org.apache.flink.state.rocksdb.EmbeddedRocksDBStateBackendFactory
2025-10-22 18:42:11,436 INFO  org.apache.flink.state.rocksdb.EmbeddedRocksDBStateBackend   [] - Using predefined options: DEFAULT.
2025-10-22 18:42:11,442 INFO  org.apache.flink.runtime.state.StateBackendLoader            [] - State backend loader loads the state backend as EmbeddedRocksDBStateBackend
2025-10-22 18:42:11,452 INFO  org.apache.flink.runtime.jobmaster.JobMaster                 [] - Checkpoint storage is set to 'filesystem': (checkpoints "file:/tmp/flink-checkpoints")
2025-10-22 18:42:11,476 INFO  org.apache.flink.runtime.checkpoint.CheckpointCoordinator    [] - No checkpoint found during restore.
2025-10-22 18:42:11,483 INFO  org.apache.flink.runtime.jobmaster.JobMaster                 [] - Using failover strategy org.apache.flink.runtime.executiongraph.failover.RestartPipelinedRegionFailoverStrategy@60512f88 for Word Counter (d55b66246180e9694caa04452f0375fe).
2025-10-22 18:42:11,506 INFO  org.apache.flink.runtime.jobmaster.JobMaster                 [] - Starting execution of job 'Word Counter' (d55b66246180e9694caa04452f0375fe) under job master id 00000000000000000000000000000000.
2025-10-22 18:42:11,512 INFO  org.apache.flink.runtime.jobmaster.JobMaster                 [] - Starting scheduling with scheduling strategy [org.apache.flink.runtime.scheduler.strategy.PipelinedRegionSchedulingStrategy]
2025-10-22 18:42:11,515 INFO  org.apache.flink.runtime.executiongraph.ExecutionGraph       [] - Job Word Counter (d55b66246180e9694caa04452f0375fe) switched from state CREATED to RUNNING.
2025-10-22 18:42:11,521 INFO  org.apache.flink.runtime.executiongraph.ExecutionGraph       [] - Source: Collection Source -> _stream_key_by_map_operator (1/1) (4219fd36901189d36acfbc3a064401eb_cbc357ccb763df2852fee8c4fc7d55f2_0_0) switched from CREATED to SCHEDULED.
2025-10-22 18:42:11,524 INFO  org.apache.flink.runtime.executiongraph.ExecutionGraph       [] - KEYED PROCESS -> Sink: Print to Std. Out (1/1) (4219fd36901189d36acfbc3a064401eb_90bea66de1c231edf33913ecd54406c1_0_0) switched from CREATED to SCHEDULED.
2025-10-22 18:42:11,548 INFO  org.apache.flink.runtime.jobmaster.JobMaster                 [] - Connecting to ResourceManager pekko.tcp://flink@6c346977bf8b:6123/user/rpc/resourcemanager_*(00000000000000000000000000000000)
2025-10-22 18:42:11,553 INFO  org.apache.flink.runtime.jobmaster.JobMaster                 [] - Resolved ResourceManager address, beginning registration
2025-10-22 18:42:11,554 INFO  org.apache.flink.runtime.resourcemanager.StandaloneResourceManager [] - Registering job manager 00000000000000000000000000000000@pekko.tcp://flink@6c346977bf8b:6123/user/rpc/jobmanager_2 for job d55b66246180e9694caa04452f0375fe.
2025-10-22 18:42:11,563 INFO  org.apache.flink.runtime.resourcemanager.StandaloneResourceManager [] - Registered job manager 00000000000000000000000000000000@pekko.tcp://flink@6c346977bf8b:6123/user/rpc/jobmanager_2 for job d55b66246180e9694caa04452f0375fe.
2025-10-22 18:42:11,566 INFO  org.apache.flink.runtime.jobmaster.JobMaster                 [] - JobManager successfully registered at ResourceManager, leader id: 00000000000000000000000000000000.
2025-10-22 18:42:11,568 INFO  org.apache.flink.runtime.resourcemanager.slotmanager.FineGrainedSlotManager [] - Received resource requirements from job d55b66246180e9694caa04452f0375fe: [ResourceRequirement{resourceProfile=ResourceProfile{UNKNOWN}, numberOfRequiredSlots=1}]
2025-10-22 18:42:11,634 INFO  org.apache.flink.runtime.resourcemanager.slotmanager.FineGrainedSlotManager [] - Matching resource requirements against available resources.
Missing resources:
	 Job d55b66246180e9694caa04452f0375fe
		ResourceRequirement{resourceProfile=ResourceProfile{UNKNOWN}, numberOfRequiredSlots=1}
Current resources:
	TaskManager 127.0.0.1:35201-8cea9b
		Available: ResourceProfile{cpuCores=1, taskHeapMemory=384.000mb (402653174 bytes), taskOffHeapMemory=0 bytes, managedMemory=512.000mb (536870920 bytes), networkMemory=128.000mb (134217730 bytes)}
		Total:     ResourceProfile{cpuCores=1, taskHeapMemory=384.000mb (402653174 bytes), taskOffHeapMemory=0 bytes, managedMemory=512.000mb (536870920 bytes), networkMemory=128.000mb (134217730 bytes)}
2025-10-22 18:42:11,644 INFO  org.apache.flink.runtime.resourcemanager.slotmanager.DefaultSlotStatusSyncer [] - Starting allocation of slot 9fc6a0dd93e922655ad3bbc1674b06aa from 127.0.0.1:35201-8cea9b for job d55b66246180e9694caa04452f0375fe with resource profile ResourceProfile{cpuCores=1, taskHeapMemory=384.000mb (402653174 bytes), taskOffHeapMemory=0 bytes, managedMemory=512.000mb (536870920 bytes), networkMemory=128.000mb (134217730 bytes)}.
2025-10-22 18:42:11,837 INFO  org.apache.flink.runtime.executiongraph.ExecutionGraph       [] - Source: Collection Source -> _stream_key_by_map_operator (1/1) (4219fd36901189d36acfbc3a064401eb_cbc357ccb763df2852fee8c4fc7d55f2_0_0) switched from SCHEDULED to DEPLOYING.
2025-10-22 18:42:11,837 INFO  org.apache.flink.runtime.executiongraph.ExecutionGraph       [] - Deploying Source: Collection Source -> _stream_key_by_map_operator (1/1) (attempt #0) with attempt id 4219fd36901189d36acfbc3a064401eb_cbc357ccb763df2852fee8c4fc7d55f2_0_0 and vertex id cbc357ccb763df2852fee8c4fc7d55f2_0 to 127.0.0.1:35201-8cea9b @ localhost (dataPort=43913) with allocation id 9fc6a0dd93e922655ad3bbc1674b06aa
2025-10-22 18:42:11,848 INFO  org.apache.flink.runtime.executiongraph.ExecutionGraph       [] - KEYED PROCESS -> Sink: Print to Std. Out (1/1) (4219fd36901189d36acfbc3a064401eb_90bea66de1c231edf33913ecd54406c1_0_0) switched from SCHEDULED to DEPLOYING.
2025-10-22 18:42:11,849 INFO  org.apache.flink.runtime.executiongraph.ExecutionGraph       [] - Deploying KEYED PROCESS -> Sink: Print to Std. Out (1/1) (attempt #0) with attempt id 4219fd36901189d36acfbc3a064401eb_90bea66de1c231edf33913ecd54406c1_0_0 and vertex id 90bea66de1c231edf33913ecd54406c1_0 to 127.0.0.1:35201-8cea9b @ localhost (dataPort=43913) with allocation id 9fc6a0dd93e922655ad3bbc1674b06aa
2025-10-22 18:42:12,074 INFO  org.apache.flink.runtime.checkpoint.CheckpointFailureManager [] - Failed to trigger checkpoint for job d55b66246180e9694caa04452f0375fe since Checkpoint triggering task Source: Collection Source -> _stream_key_by_map_operator (1/1) of job d55b66246180e9694caa04452f0375fe is not being executed at the moment. Aborting checkpoint. Failure reason: Not all required tasks are currently running..
2025-10-22 18:42:12,469 INFO  org.apache.flink.runtime.executiongraph.ExecutionGraph       [] - KEYED PROCESS -> Sink: Print to Std. Out (1/1) (4219fd36901189d36acfbc3a064401eb_90bea66de1c231edf33913ecd54406c1_0_0) switched from DEPLOYING to INITIALIZING.
2025-10-22 18:42:12,469 INFO  org.apache.flink.runtime.executiongraph.ExecutionGraph       [] - Source: Collection Source -> _stream_key_by_map_operator (1/1) (4219fd36901189d36acfbc3a064401eb_cbc357ccb763df2852fee8c4fc7d55f2_0_0) switched from DEPLOYING to INITIALIZING.
2025-10-22 18:42:13,057 INFO  org.apache.flink.runtime.checkpoint.CheckpointFailureManager [] - Failed to trigger checkpoint for job d55b66246180e9694caa04452f0375fe since Checkpoint triggering task Source: Collection Source -> _stream_key_by_map_operator (1/1) of job d55b66246180e9694caa04452f0375fe is not being executed at the moment. Aborting checkpoint. Failure reason: Not all required tasks are currently running..
2025-10-22 18:42:14,047 INFO  org.apache.flink.runtime.checkpoint.CheckpointFailureManager [] - Failed to trigger checkpoint for job d55b66246180e9694caa04452f0375fe since Checkpoint triggering task Source: Collection Source -> _stream_key_by_map_operator (1/1) of job d55b66246180e9694caa04452f0375fe is not being executed at the moment. Aborting checkpoint. Failure reason: Not all required tasks are currently running..
2025-10-22 18:42:15,047 INFO  org.apache.flink.runtime.checkpoint.CheckpointFailureManager [] - Failed to trigger checkpoint for job d55b66246180e9694caa04452f0375fe since Checkpoint triggering task Source: Collection Source -> _stream_key_by_map_operator (1/1) of job d55b66246180e9694caa04452f0375fe is not being executed at the moment. Aborting checkpoint. Failure reason: Not all required tasks are currently running..
2025-10-22 18:42:16,048 INFO  org.apache.flink.runtime.checkpoint.CheckpointFailureManager [] - Failed to trigger checkpoint for job d55b66246180e9694caa04452f0375fe since Checkpoint triggering task Source: Collection Source -> _stream_key_by_map_operator (1/1) of job d55b66246180e9694caa04452f0375fe is not being executed at the moment. Aborting checkpoint. Failure reason: Not all required tasks are currently running..
2025-10-22 18:42:17,046 INFO  org.apache.flink.runtime.checkpoint.CheckpointFailureManager [] - Failed to trigger checkpoint for job d55b66246180e9694caa04452f0375fe since Checkpoint triggering task Source: Collection Source -> _stream_key_by_map_operator (1/1) of job d55b66246180e9694caa04452f0375fe is not being executed at the moment. Aborting checkpoint. Failure reason: Not all required tasks are currently running..
2025-10-22 18:42:18,047 INFO  org.apache.flink.runtime.checkpoint.CheckpointFailureManager [] - Failed to trigger checkpoint for job d55b66246180e9694caa04452f0375fe since Checkpoint triggering task Source: Collection Source -> _stream_key_by_map_operator (1/1) of job d55b66246180e9694caa04452f0375fe is not being executed at the moment. Aborting checkpoint. Failure reason: Not all required tasks are currently running..
2025-10-22 18:42:18,689 INFO  org.apache.flink.runtime.executiongraph.ExecutionGraph       [] - KEYED PROCESS -> Sink: Print to Std. Out (1/1) (4219fd36901189d36acfbc3a064401eb_90bea66de1c231edf33913ecd54406c1_0_0) switched from INITIALIZING to RUNNING.
2025-10-22 18:42:18,693 INFO  org.apache.flink.runtime.executiongraph.ExecutionGraph       [] - Source: Collection Source -> _stream_key_by_map_operator (1/1) (4219fd36901189d36acfbc3a064401eb_cbc357ccb763df2852fee8c4fc7d55f2_0_0) switched from INITIALIZING to RUNNING.
2025-10-22 18:42:19,059 INFO  org.apache.flink.runtime.checkpoint.CheckpointCoordinator    [] - Triggering checkpoint 1 (type=CheckpointType{name='Checkpoint', sharingFilesStrategy=FORWARD_BACKWARD}) @ 1761158539046 for job d55b66246180e9694caa04452f0375fe.
2025-10-22 18:42:29,782 INFO  org.apache.flink.runtime.jobmaster.JobMaster                 [] - Triggering savepoint for job d55b66246180e9694caa04452f0375fe.
2025-10-22 18:42:29,799 INFO  org.apache.flink.runtime.checkpoint.CheckpointCoordinator    [] - Triggering checkpoint 2 (type=SavepointType{name='Savepoint', postCheckpointAction=NONE, formatType=NATIVE}) @ 1761158549792 for job d55b66246180e9694caa04452f0375fe.
2025-10-22 18:42:31,830 INFO  org.apache.flink.runtime.checkpoint.CheckpointCoordinator    [] - Completed checkpoint 1 for job d55b66246180e9694caa04452f0375fe (81554 bytes, checkpointDuration=12759 ms, finalizationTime=25 ms).
2025-10-22 18:42:45,729 INFO  org.apache.flink.runtime.checkpoint.CheckpointCoordinator    [] - Completed checkpoint 2 for job d55b66246180e9694caa04452f0375fe (197756 bytes, checkpointDuration=15937 ms, finalizationTime=0 ms).
2025-10-22 18:42:45,732 INFO  org.apache.flink.runtime.checkpoint.CheckpointRequestDecider [] - checkpoint request time in queue: 25685
2025-10-22 18:42:45,735 INFO  org.apache.flink.runtime.checkpoint.CheckpointCoordinator    [] - Triggering checkpoint 3 (type=CheckpointType{name='Checkpoint', sharingFilesStrategy=FORWARD_BACKWARD}) @ 1761158565732 for job d55b66246180e9694caa04452f0375fe.
2025-10-22 18:42:53,563 INFO  org.apache.flink.runtime.jobmaster.JobMaster                 [] - Triggering a manual checkpoint for job d55b66246180e9694caa04452f0375fe.
2025-10-22 18:42:53,649 INFO  org.apache.flink.runtime.checkpoint.CheckpointCoordinator    [] - Completed checkpoint 3 for job d55b66246180e9694caa04452f0375fe (247887 bytes, checkpointDuration=7902 ms, finalizationTime=15 ms).
2025-10-22 18:42:53,656 INFO  org.apache.flink.runtime.checkpoint.CheckpointCoordinator    [] - Triggering checkpoint 4 (type=CheckpointType{name='Checkpoint', sharingFilesStrategy=FORWARD_BACKWARD}) @ 1761158573655 for job d55b66246180e9694caa04452f0375fe.
2025-10-22 18:42:53,915 INFO  org.apache.flink.runtime.executiongraph.ExecutionGraph       [] - Source: Collection Source -> _stream_key_by_map_operator (1/1) (4219fd36901189d36acfbc3a064401eb_cbc357ccb763df2852fee8c4fc7d55f2_0_0) switched from RUNNING to FINISHED.
2025-10-22 18:42:53,901 INFO  org.apache.flink.runtime.checkpoint.CheckpointCoordinator    [] - Decline checkpoint 4 by task 4219fd36901189d36acfbc3a064401eb_cbc357ccb763df2852fee8c4fc7d55f2_0_0 of job d55b66246180e9694caa04452f0375fe at 127.0.0.1:35201-8cea9b @ localhost (dataPort=43913).
org.apache.flink.util.SerializedThrowable: org.apache.flink.runtime.checkpoint.CheckpointException: Task name with subtask : Source: Collection Source -> _stream_key_by_map_operator (1/1)#0 Failure reason: Checkpoint was declined (task is closing)
	at org.apache.flink.runtime.taskmanager.Task.declineCheckpoint(Task.java:1425) ~[flink-dist-2.1.0.jar:2.1.0]
	at org.apache.flink.runtime.taskmanager.Task.declineCheckpoint(Task.java:1418) ~[flink-dist-2.1.0.jar:2.1.0]
	at org.apache.flink.runtime.taskmanager.Task.triggerCheckpointBarrier(Task.java:1384) ~[flink-dist-2.1.0.jar:2.1.0]
	at org.apache.flink.runtime.taskexecutor.TaskExecutor.triggerCheckpoint(TaskExecutor.java:1097) ~[flink-dist-2.1.0.jar:2.1.0]
	at java.base/jdk.internal.reflect.NativeMethodAccessorImpl.invoke0(Native Method) ~[?:?]
	at java.base/jdk.internal.reflect.NativeMethodAccessorImpl.invoke(Unknown Source) ~[?:?]
	at java.base/jdk.internal.reflect.DelegatingMethodAccessorImpl.invoke(Unknown Source) ~[?:?]
	at java.base/java.lang.reflect.Method.invoke(Unknown Source) ~[?:?]
	at org.apache.flink.runtime.rpc.pekko.PekkoRpcActor.lambda$handleRpcInvocation$1(PekkoRpcActor.java:318) ~[?:?]
	at org.apache.flink.runtime.concurrent.ClassLoadingUtils.runWithContextClassLoader(ClassLoadingUtils.java:83) ~[flink-dist-2.1.0.jar:2.1.0]
	at org.apache.flink.runtime.rpc.pekko.PekkoRpcActor.handleRpcInvocation(PekkoRpcActor.java:316) ~[?:?]
	at org.apache.flink.runtime.rpc.pekko.PekkoRpcActor.handleRpcMessage(PekkoRpcActor.java:229) ~[?:?]
	at org.apache.flink.runtime.rpc.pekko.PekkoRpcActor.handleMessage(PekkoRpcActor.java:174) ~[?:?]
	at org.apache.pekko.japi.pf.UnitCaseStatement.apply(CaseStatements.scala:33) ~[?:?]
	at org.apache.pekko.japi.pf.UnitCaseStatement.apply(CaseStatements.scala:29) ~[?:?]
	at scala.PartialFunction.applyOrElse(PartialFunction.scala:127) ~[flink-scala_2.12-2.1.0.jar:2.1.0]
	at scala.PartialFunction.applyOrElse$(PartialFunction.scala:126) ~[flink-scala_2.12-2.1.0.jar:2.1.0]
	at org.apache.pekko.japi.pf.UnitCaseStatement.applyOrElse(CaseStatements.scala:29) ~[?:?]
	at scala.PartialFunction$OrElse.applyOrElse(PartialFunction.scala:175) ~[flink-scala_2.12-2.1.0.jar:2.1.0]
	at scala.PartialFunction$OrElse.applyOrElse(PartialFunction.scala:176) ~[flink-scala_2.12-2.1.0.jar:2.1.0]
	at scala.PartialFunction$OrElse.applyOrElse(PartialFunction.scala:176) ~[flink-scala_2.12-2.1.0.jar:2.1.0]
	at org.apache.pekko.actor.Actor.aroundReceive(Actor.scala:547) ~[?:?]
	at org.apache.pekko.actor.Actor.aroundReceive$(Actor.scala:545) ~[?:?]
	at org.apache.pekko.actor.AbstractActor.aroundReceive(AbstractActor.scala:229) ~[?:?]
	at org.apache.pekko.actor.ActorCell.receiveMessage(ActorCell.scala:590) ~[?:?]
	at org.apache.pekko.actor.ActorCell.invoke(ActorCell.scala:557) ~[?:?]
	at org.apache.pekko.dispatch.Mailbox.processMailbox(Mailbox.scala:272) ~[?:?]
	at org.apache.pekko.dispatch.Mailbox.run(Mailbox.scala:233) ~[?:?]
	at org.apache.pekko.dispatch.Mailbox.exec(Mailbox.scala:245) ~[?:?]
	at java.base/java.util.concurrent.ForkJoinTask.doExec(Unknown Source) ~[?:?]
	at java.base/java.util.concurrent.ForkJoinPool$WorkQueue.topLevelExec(Unknown Source) ~[?:?]
	at java.base/java.util.concurrent.ForkJoinPool.scan(Unknown Source) ~[?:?]
	at java.base/java.util.concurrent.ForkJoinPool.runWorker(Unknown Source) ~[?:?]
	at java.base/java.util.concurrent.ForkJoinWorkerThread.run(Unknown Source) ~[?:?]
2025-10-22 18:42:53,978 WARN  org.apache.flink.runtime.checkpoint.CheckpointFailureManager [] - Failed to trigger or complete checkpoint 4 for job d55b66246180e9694caa04452f0375fe. (0 consecutive failed attempts so far)
org.apache.flink.runtime.checkpoint.CheckpointException: Checkpoint was declined (task is closing)
	at org.apache.flink.runtime.messages.checkpoint.SerializedCheckpointException.unwrap(SerializedCheckpointException.java:51) ~[flink-dist-2.1.0.jar:2.1.0]
	at org.apache.flink.runtime.checkpoint.CheckpointCoordinator.receiveDeclineMessage(CheckpointCoordinator.java:1146) ~[flink-dist-2.1.0.jar:2.1.0]
	at org.apache.flink.runtime.scheduler.ExecutionGraphHandler.lambda$declineCheckpoint$3(ExecutionGraphHandler.java:123) ~[flink-dist-2.1.0.jar:2.1.0]
	at org.apache.flink.runtime.scheduler.ExecutionGraphHandler.lambda$processCheckpointCoordinatorMessage$4(ExecutionGraphHandler.java:139) ~[flink-dist-2.1.0.jar:2.1.0]
	at org.apache.flink.util.MdcUtils.lambda$wrapRunnable$1(MdcUtils.java:70) ~[flink-dist-2.1.0.jar:2.1.0]
	at java.base/java.util.concurrent.ThreadPoolExecutor.runWorker(Unknown Source) [?:?]
	at java.base/java.util.concurrent.ThreadPoolExecutor$Worker.run(Unknown Source) [?:?]
	at java.base/java.lang.Thread.run(Unknown Source) [?:?]
Caused by: org.apache.flink.util.SerializedThrowable: org.apache.flink.runtime.checkpoint.CheckpointException: Task name with subtask : Source: Collection Source -> _stream_key_by_map_operator (1/1)#0 Failure reason: Checkpoint was declined (task is closing)
	at org.apache.flink.runtime.taskmanager.Task.declineCheckpoint(Task.java:1425) ~[flink-dist-2.1.0.jar:2.1.0]
	at org.apache.flink.runtime.taskmanager.Task.declineCheckpoint(Task.java:1418) ~[flink-dist-2.1.0.jar:2.1.0]
	at org.apache.flink.runtime.taskmanager.Task.triggerCheckpointBarrier(Task.java:1384) ~[flink-dist-2.1.0.jar:2.1.0]
	at org.apache.flink.runtime.taskexecutor.TaskExecutor.triggerCheckpoint(TaskExecutor.java:1097) ~[flink-dist-2.1.0.jar:2.1.0]
	at java.base/jdk.internal.reflect.NativeMethodAccessorImpl.invoke0(Native Method) ~[?:?]
	at java.base/jdk.internal.reflect.NativeMethodAccessorImpl.invoke(Unknown Source) ~[?:?]
	at java.base/jdk.internal.reflect.DelegatingMethodAccessorImpl.invoke(Unknown Source) ~[?:?]
	at java.base/java.lang.reflect.Method.invoke(Unknown Source) ~[?:?]
	at org.apache.flink.runtime.rpc.pekko.PekkoRpcActor.lambda$handleRpcInvocation$1(PekkoRpcActor.java:318) ~[?:?]
	at org.apache.flink.runtime.concurrent.ClassLoadingUtils.runWithContextClassLoader(ClassLoadingUtils.java:83) ~[flink-dist-2.1.0.jar:2.1.0]
	at org.apache.flink.runtime.rpc.pekko.PekkoRpcActor.handleRpcInvocation(PekkoRpcActor.java:316) ~[?:?]
	at org.apache.flink.runtime.rpc.pekko.PekkoRpcActor.handleRpcMessage(PekkoRpcActor.java:229) ~[?:?]
	at org.apache.flink.runtime.rpc.pekko.PekkoRpcActor.handleMessage(PekkoRpcActor.java:174) ~[?:?]
	at org.apache.pekko.japi.pf.UnitCaseStatement.apply(CaseStatements.scala:33) ~[?:?]
	at org.apache.pekko.japi.pf.UnitCaseStatement.apply(CaseStatements.scala:29) ~[?:?]
	at scala.PartialFunction.applyOrElse(PartialFunction.scala:127) ~[flink-scala_2.12-2.1.0.jar:2.1.0]
	at scala.PartialFunction.applyOrElse$(PartialFunction.scala:126) ~[flink-scala_2.12-2.1.0.jar:2.1.0]
	at org.apache.pekko.japi.pf.UnitCaseStatement.applyOrElse(CaseStatements.scala:29) ~[?:?]
	at scala.PartialFunction$OrElse.applyOrElse(PartialFunction.scala:175) ~[flink-scala_2.12-2.1.0.jar:2.1.0]
	at scala.PartialFunction$OrElse.applyOrElse(PartialFunction.scala:176) ~[flink-scala_2.12-2.1.0.jar:2.1.0]
	at scala.PartialFunction$OrElse.applyOrElse(PartialFunction.scala:176) ~[flink-scala_2.12-2.1.0.jar:2.1.0]
	at org.apache.pekko.actor.Actor.aroundReceive(Actor.scala:547) ~[?:?]
	at org.apache.pekko.actor.Actor.aroundReceive$(Actor.scala:545) ~[?:?]
	at org.apache.pekko.actor.AbstractActor.aroundReceive(AbstractActor.scala:229) ~[?:?]
	at org.apache.pekko.actor.ActorCell.receiveMessage(ActorCell.scala:590) ~[?:?]
	at org.apache.pekko.actor.ActorCell.invoke(ActorCell.scala:557) ~[?:?]
	at org.apache.pekko.dispatch.Mailbox.processMailbox(Mailbox.scala:272) ~[?:?]
	at org.apache.pekko.dispatch.Mailbox.run(Mailbox.scala:233) ~[?:?]
	at org.apache.pekko.dispatch.Mailbox.exec(Mailbox.scala:245) ~[?:?]
	at java.base/java.util.concurrent.ForkJoinTask.doExec(Unknown Source) ~[?:?]
	at java.base/java.util.concurrent.ForkJoinPool$WorkQueue.topLevelExec(Unknown Source) ~[?:?]
	at java.base/java.util.concurrent.ForkJoinPool.scan(Unknown Source) ~[?:?]
	at java.base/java.util.concurrent.ForkJoinPool.runWorker(Unknown Source) ~[?:?]
	at java.base/java.util.concurrent.ForkJoinWorkerThread.run(Unknown Source) ~[?:?]
2025-10-22 18:42:53,992 INFO  org.apache.flink.runtime.checkpoint.CheckpointRequestDecider [] - checkpoint request time in queue: 32947
2025-10-22 18:42:54,000 INFO  org.apache.flink.runtime.checkpoint.CheckpointCoordinator    [] - Triggering checkpoint 5 (type=CheckpointType{name='Checkpoint', sharingFilesStrategy=FORWARD_BACKWARD}) @ 1761158573992 for job d55b66246180e9694caa04452f0375fe.
2025-10-22 18:42:54,028 INFO  org.apache.flink.runtime.checkpoint.CheckpointCoordinator    [] - Decline checkpoint 5 by task 4219fd36901189d36acfbc3a064401eb_90bea66de1c231edf33913ecd54406c1_0_0 of job d55b66246180e9694caa04452f0375fe at 127.0.0.1:35201-8cea9b @ localhost (dataPort=43913).
org.apache.flink.util.SerializedThrowable: org.apache.flink.runtime.checkpoint.CheckpointException: Task name with subtask : KEYED PROCESS -> Sink: Print to Std. Out (1/1)#0 Failure reason: Checkpoint was declined (task is closing)
	at org.apache.flink.runtime.taskmanager.Task.declineCheckpoint(Task.java:1425) ~[flink-dist-2.1.0.jar:2.1.0]
	at org.apache.flink.runtime.taskmanager.Task.declineCheckpoint(Task.java:1418) ~[flink-dist-2.1.0.jar:2.1.0]
	at org.apache.flink.runtime.taskmanager.Task.triggerCheckpointBarrier(Task.java:1384) ~[flink-dist-2.1.0.jar:2.1.0]
	at org.apache.flink.runtime.taskexecutor.TaskExecutor.triggerCheckpoint(TaskExecutor.java:1097) ~[flink-dist-2.1.0.jar:2.1.0]
	at java.base/jdk.internal.reflect.NativeMethodAccessorImpl.invoke0(Native Method) ~[?:?]
	at java.base/jdk.internal.reflect.NativeMethodAccessorImpl.invoke(Unknown Source) ~[?:?]
	at java.base/jdk.internal.reflect.DelegatingMethodAccessorImpl.invoke(Unknown Source) ~[?:?]
	at java.base/java.lang.reflect.Method.invoke(Unknown Source) ~[?:?]
	at org.apache.flink.runtime.rpc.pekko.PekkoRpcActor.lambda$handleRpcInvocation$1(PekkoRpcActor.java:318) ~[?:?]
	at org.apache.flink.runtime.concurrent.ClassLoadingUtils.runWithContextClassLoader(ClassLoadingUtils.java:83) ~[flink-dist-2.1.0.jar:2.1.0]
	at org.apache.flink.runtime.rpc.pekko.PekkoRpcActor.handleRpcInvocation(PekkoRpcActor.java:316) ~[?:?]
	at org.apache.flink.runtime.rpc.pekko.PekkoRpcActor.handleRpcMessage(PekkoRpcActor.java:229) ~[?:?]
	at org.apache.flink.runtime.rpc.pekko.PekkoRpcActor.handleMessage(PekkoRpcActor.java:174) ~[?:?]
	at org.apache.pekko.japi.pf.UnitCaseStatement.apply(CaseStatements.scala:33) ~[?:?]
	at org.apache.pekko.japi.pf.UnitCaseStatement.apply(CaseStatements.scala:29) ~[?:?]
	at scala.PartialFunction.applyOrElse(PartialFunction.scala:127) ~[flink-scala_2.12-2.1.0.jar:2.1.0]
	at scala.PartialFunction.applyOrElse$(PartialFunction.scala:126) ~[flink-scala_2.12-2.1.0.jar:2.1.0]
	at org.apache.pekko.japi.pf.UnitCaseStatement.applyOrElse(CaseStatements.scala:29) ~[?:?]
	at scala.PartialFunction$OrElse.applyOrElse(PartialFunction.scala:175) ~[flink-scala_2.12-2.1.0.jar:2.1.0]
	at scala.PartialFunction$OrElse.applyOrElse(PartialFunction.scala:176) ~[flink-scala_2.12-2.1.0.jar:2.1.0]
	at scala.PartialFunction$OrElse.applyOrElse(PartialFunction.scala:176) ~[flink-scala_2.12-2.1.0.jar:2.1.0]
	at org.apache.pekko.actor.Actor.aroundReceive(Actor.scala:547) ~[?:?]
	at org.apache.pekko.actor.Actor.aroundReceive$(Actor.scala:545) ~[?:?]
	at org.apache.pekko.actor.AbstractActor.aroundReceive(AbstractActor.scala:229) ~[?:?]
	at org.apache.pekko.actor.ActorCell.receiveMessage(ActorCell.scala:590) ~[?:?]
	at org.apache.pekko.actor.ActorCell.invoke(ActorCell.scala:557) ~[?:?]
	at org.apache.pekko.dispatch.Mailbox.processMailbox(Mailbox.scala:272) ~[?:?]
	at org.apache.pekko.dispatch.Mailbox.run(Mailbox.scala:233) ~[?:?]
	at org.apache.pekko.dispatch.Mailbox.exec(Mailbox.scala:245) ~[?:?]
	at java.base/java.util.concurrent.ForkJoinTask.doExec(Unknown Source) ~[?:?]
	at java.base/java.util.concurrent.ForkJoinPool$WorkQueue.topLevelExec(Unknown Source) ~[?:?]
	at java.base/java.util.concurrent.ForkJoinPool.scan(Unknown Source) ~[?:?]
	at java.base/java.util.concurrent.ForkJoinPool.runWorker(Unknown Source) ~[?:?]
	at java.base/java.util.concurrent.ForkJoinWorkerThread.run(Unknown Source) ~[?:?]
2025-10-22 18:42:54,029 WARN  org.apache.flink.runtime.checkpoint.CheckpointFailureManager [] - Failed to trigger or complete checkpoint 5 for job d55b66246180e9694caa04452f0375fe. (0 consecutive failed attempts so far)
org.apache.flink.runtime.checkpoint.CheckpointException: Checkpoint was declined (task is closing)
	at org.apache.flink.runtime.messages.checkpoint.SerializedCheckpointException.unwrap(SerializedCheckpointException.java:51) ~[flink-dist-2.1.0.jar:2.1.0]
	at org.apache.flink.runtime.checkpoint.CheckpointCoordinator.receiveDeclineMessage(CheckpointCoordinator.java:1146) ~[flink-dist-2.1.0.jar:2.1.0]
	at org.apache.flink.runtime.scheduler.ExecutionGraphHandler.lambda$declineCheckpoint$3(ExecutionGraphHandler.java:123) ~[flink-dist-2.1.0.jar:2.1.0]
	at org.apache.flink.runtime.scheduler.ExecutionGraphHandler.lambda$processCheckpointCoordinatorMessage$4(ExecutionGraphHandler.java:139) ~[flink-dist-2.1.0.jar:2.1.0]
	at org.apache.flink.util.MdcUtils.lambda$wrapRunnable$1(MdcUtils.java:70) ~[flink-dist-2.1.0.jar:2.1.0]
	at java.base/java.util.concurrent.ThreadPoolExecutor.runWorker(Unknown Source) [?:?]
	at java.base/java.util.concurrent.ThreadPoolExecutor$Worker.run(Unknown Source) [?:?]
	at java.base/java.lang.Thread.run(Unknown Source) [?:?]
Caused by: org.apache.flink.util.SerializedThrowable: org.apache.flink.runtime.checkpoint.CheckpointException: Task name with subtask : KEYED PROCESS -> Sink: Print to Std. Out (1/1)#0 Failure reason: Checkpoint was declined (task is closing)
	at org.apache.flink.runtime.taskmanager.Task.declineCheckpoint(Task.java:1425) ~[flink-dist-2.1.0.jar:2.1.0]
	at org.apache.flink.runtime.taskmanager.Task.declineCheckpoint(Task.java:1418) ~[flink-dist-2.1.0.jar:2.1.0]
	at org.apache.flink.runtime.taskmanager.Task.triggerCheckpointBarrier(Task.java:1384) ~[flink-dist-2.1.0.jar:2.1.0]
	at org.apache.flink.runtime.taskexecutor.TaskExecutor.triggerCheckpoint(TaskExecutor.java:1097) ~[flink-dist-2.1.0.jar:2.1.0]
	at java.base/jdk.internal.reflect.NativeMethodAccessorImpl.invoke0(Native Method) ~[?:?]
	at java.base/jdk.internal.reflect.NativeMethodAccessorImpl.invoke(Unknown Source) ~[?:?]
	at java.base/jdk.internal.reflect.DelegatingMethodAccessorImpl.invoke(Unknown Source) ~[?:?]
	at java.base/java.lang.reflect.Method.invoke(Unknown Source) ~[?:?]
	at org.apache.flink.runtime.rpc.pekko.PekkoRpcActor.lambda$handleRpcInvocation$1(PekkoRpcActor.java:318) ~[?:?]
	at org.apache.flink.runtime.concurrent.ClassLoadingUtils.runWithContextClassLoader(ClassLoadingUtils.java:83) ~[flink-dist-2.1.0.jar:2.1.0]
	at org.apache.flink.runtime.rpc.pekko.PekkoRpcActor.handleRpcInvocation(PekkoRpcActor.java:316) ~[?:?]
	at org.apache.flink.runtime.rpc.pekko.PekkoRpcActor.handleRpcMessage(PekkoRpcActor.java:229) ~[?:?]
	at org.apache.flink.runtime.rpc.pekko.PekkoRpcActor.handleMessage(PekkoRpcActor.java:174) ~[?:?]
	at org.apache.pekko.japi.pf.UnitCaseStatement.apply(CaseStatements.scala:33) ~[?:?]
	at org.apache.pekko.japi.pf.UnitCaseStatement.apply(CaseStatements.scala:29) ~[?:?]
	at scala.PartialFunction.applyOrElse(PartialFunction.scala:127) ~[flink-scala_2.12-2.1.0.jar:2.1.0]
	at scala.PartialFunction.applyOrElse$(PartialFunction.scala:126) ~[flink-scala_2.12-2.1.0.jar:2.1.0]
	at org.apache.pekko.japi.pf.UnitCaseStatement.applyOrElse(CaseStatements.scala:29) ~[?:?]
	at scala.PartialFunction$OrElse.applyOrElse(PartialFunction.scala:175) ~[flink-scala_2.12-2.1.0.jar:2.1.0]
	at scala.PartialFunction$OrElse.applyOrElse(PartialFunction.scala:176) ~[flink-scala_2.12-2.1.0.jar:2.1.0]
	at scala.PartialFunction$OrElse.applyOrElse(PartialFunction.scala:176) ~[flink-scala_2.12-2.1.0.jar:2.1.0]
	at org.apache.pekko.actor.Actor.aroundReceive(Actor.scala:547) ~[?:?]
	at org.apache.pekko.actor.Actor.aroundReceive$(Actor.scala:545) ~[?:?]
	at org.apache.pekko.actor.AbstractActor.aroundReceive(AbstractActor.scala:229) ~[?:?]
	at org.apache.pekko.actor.ActorCell.receiveMessage(ActorCell.scala:590) ~[?:?]
	at org.apache.pekko.actor.ActorCell.invoke(ActorCell.scala:557) ~[?:?]
	at org.apache.pekko.dispatch.Mailbox.processMailbox(Mailbox.scala:272) ~[?:?]
	at org.apache.pekko.dispatch.Mailbox.run(Mailbox.scala:233) ~[?:?]
	at org.apache.pekko.dispatch.Mailbox.exec(Mailbox.scala:245) ~[?:?]
	at java.base/java.util.concurrent.ForkJoinTask.doExec(Unknown Source) ~[?:?]
	at java.base/java.util.concurrent.ForkJoinPool$WorkQueue.topLevelExec(Unknown Source) ~[?:?]
	at java.base/java.util.concurrent.ForkJoinPool.scan(Unknown Source) ~[?:?]
	at java.base/java.util.concurrent.ForkJoinPool.runWorker(Unknown Source) ~[?:?]
	at java.base/java.util.concurrent.ForkJoinWorkerThread.run(Unknown Source) ~[?:?]
2025-10-22 18:42:54,040 INFO  org.apache.flink.runtime.checkpoint.CheckpointRequestDecider [] - checkpoint request time in queue: 31992
2025-10-22 18:42:54,046 INFO  org.apache.flink.runtime.checkpoint.CheckpointCoordinator    [] - Triggering checkpoint 6 (type=CheckpointType{name='Checkpoint', sharingFilesStrategy=FORWARD_BACKWARD}) @ 1761158574040 for job d55b66246180e9694caa04452f0375fe.
2025-10-22 18:42:54,059 INFO  org.apache.flink.runtime.checkpoint.CheckpointCoordinator    [] - Triggering Checkpoint 6 for job d55b66246180e9694caa04452f0375fe failed due to org.apache.flink.runtime.checkpoint.CheckpointException: TaskManager received a checkpoint request for unknown task 4219fd36901189d36acfbc3a064401eb_90bea66de1c231edf33913ecd54406c1_0_0. Failure reason: Task local checkpoint failure.
2025-10-22 18:42:54,059 INFO  org.apache.flink.runtime.executiongraph.ExecutionGraph       [] - KEYED PROCESS -> Sink: Print to Std. Out (1/1) (4219fd36901189d36acfbc3a064401eb_90bea66de1c231edf33913ecd54406c1_0_0) switched from RUNNING to FINISHED.
2025-10-22 18:42:54,070 WARN  org.apache.flink.runtime.checkpoint.CheckpointFailureManager [] - Failed to trigger or complete checkpoint 6 for job d55b66246180e9694caa04452f0375fe. (0 consecutive failed attempts so far)
org.apache.flink.runtime.checkpoint.CheckpointException: TaskManager received a checkpoint request for unknown task 4219fd36901189d36acfbc3a064401eb_90bea66de1c231edf33913ecd54406c1_0_0. Failure reason: Task local checkpoint failure.
	at org.apache.flink.runtime.taskexecutor.TaskExecutor.triggerCheckpoint(TaskExecutor.java:1108) ~[flink-dist-2.1.0.jar:2.1.0]
	at java.base/jdk.internal.reflect.NativeMethodAccessorImpl.invoke0(Native Method) ~[?:?]
	at java.base/jdk.internal.reflect.NativeMethodAccessorImpl.invoke(Unknown Source) ~[?:?]
	at java.base/jdk.internal.reflect.DelegatingMethodAccessorImpl.invoke(Unknown Source) ~[?:?]
	at java.base/java.lang.reflect.Method.invoke(Unknown Source) ~[?:?]
	at org.apache.flink.runtime.rpc.pekko.PekkoRpcActor.lambda$handleRpcInvocation$1(PekkoRpcActor.java:318) ~[?:?]
	at org.apache.flink.runtime.concurrent.ClassLoadingUtils.runWithContextClassLoader(ClassLoadingUtils.java:83) ~[flink-dist-2.1.0.jar:2.1.0]
	at org.apache.flink.runtime.rpc.pekko.PekkoRpcActor.handleRpcInvocation(PekkoRpcActor.java:316) ~[?:?]
	at org.apache.flink.runtime.rpc.pekko.PekkoRpcActor.handleRpcMessage(PekkoRpcActor.java:229) ~[?:?]
	at org.apache.flink.runtime.rpc.pekko.PekkoRpcActor.handleMessage(PekkoRpcActor.java:174) ~[?:?]
	at org.apache.pekko.japi.pf.UnitCaseStatement.apply(CaseStatements.scala:33) ~[?:?]
	at org.apache.pekko.japi.pf.UnitCaseStatement.apply(CaseStatements.scala:29) ~[?:?]
	at scala.PartialFunction.applyOrElse(PartialFunction.scala:127) ~[flink-scala_2.12-2.1.0.jar:2.1.0]
	at scala.PartialFunction.applyOrElse$(PartialFunction.scala:126) ~[flink-scala_2.12-2.1.0.jar:2.1.0]
	at org.apache.pekko.japi.pf.UnitCaseStatement.applyOrElse(CaseStatements.scala:29) ~[?:?]
	at scala.PartialFunction$OrElse.applyOrElse(PartialFunction.scala:175) ~[flink-scala_2.12-2.1.0.jar:2.1.0]
	at scala.PartialFunction$OrElse.applyOrElse(PartialFunction.scala:176) ~[flink-scala_2.12-2.1.0.jar:2.1.0]
	at scala.PartialFunction$OrElse.applyOrElse(PartialFunction.scala:176) ~[flink-scala_2.12-2.1.0.jar:2.1.0]
	at org.apache.pekko.actor.Actor.aroundReceive(Actor.scala:547) ~[?:?]
	at org.apache.pekko.actor.Actor.aroundReceive$(Actor.scala:545) ~[?:?]
	at org.apache.pekko.actor.AbstractActor.aroundReceive(AbstractActor.scala:229) ~[?:?]
	at org.apache.pekko.actor.ActorCell.receiveMessage(ActorCell.scala:590) ~[?:?]
	at org.apache.pekko.actor.ActorCell.invoke(ActorCell.scala:557) ~[?:?]
	at org.apache.pekko.dispatch.Mailbox.processMailbox(Mailbox.scala:272) ~[?:?]
	at org.apache.pekko.dispatch.Mailbox.run(Mailbox.scala:233) ~[?:?]
	at org.apache.pekko.dispatch.Mailbox.exec(Mailbox.scala:245) ~[?:?]
	at java.base/java.util.concurrent.ForkJoinTask.doExec(Unknown Source) ~[?:?]
	at java.base/java.util.concurrent.ForkJoinPool$WorkQueue.topLevelExec(Unknown Source) ~[?:?]
	at java.base/java.util.concurrent.ForkJoinPool.scan(Unknown Source) ~[?:?]
	at java.base/java.util.concurrent.ForkJoinPool.runWorker(Unknown Source) ~[?:?]
	at java.base/java.util.concurrent.ForkJoinWorkerThread.run(Unknown Source) ~[?:?]
2025-10-22 18:42:54,075 INFO  org.apache.flink.runtime.checkpoint.CheckpointRequestDecider [] - checkpoint request time in queue: 31029
2025-10-22 18:42:54,093 INFO  org.apache.flink.runtime.executiongraph.ExecutionGraph       [] - Job Word Counter (d55b66246180e9694caa04452f0375fe) switched from state RUNNING to FINISHED.
2025-10-22 18:42:54,094 INFO  org.apache.flink.runtime.checkpoint.CheckpointCoordinator    [] - Stopping checkpoint coordinator for job d55b66246180e9694caa04452f0375fe.
2025-10-22 18:42:54,100 INFO  org.apache.flink.runtime.resourcemanager.slotmanager.FineGrainedSlotManager [] - Clearing resource requirements of job d55b66246180e9694caa04452f0375fe
2025-10-22 18:42:54,128 INFO  org.apache.flink.runtime.dispatcher.StandaloneDispatcher     [] - Job d55b66246180e9694caa04452f0375fe reached terminal state FINISHED.
2025-10-22 18:42:54,216 INFO  org.apache.flink.runtime.jobmaster.JobMaster                 [] - Stopping the JobMaster for job 'Word Counter' (d55b66246180e9694caa04452f0375fe).
2025-10-22 18:42:54,225 INFO  org.apache.flink.runtime.checkpoint.StandaloneCompletedCheckpointStore [] - Shutting down
2025-10-22 18:42:54,229 INFO  org.apache.flink.runtime.jobmaster.slotpool.DefaultDeclarativeSlotPool [] - Releasing slot [9fc6a0dd93e922655ad3bbc1674b06aa].
2025-10-22 18:42:54,234 INFO  org.apache.flink.runtime.jobmaster.JobMaster                 [] - Disconnect TaskExecutor 127.0.0.1:35201-8cea9b because: Stopping JobMaster for job 'Word Counter' (d55b66246180e9694caa04452f0375fe).
2025-10-22 18:42:54,235 INFO  org.apache.flink.runtime.jobmaster.JobMaster                 [] - Close ResourceManager connection 765ad5926a9b51928bc22bb96831b566: Stopping JobMaster for job 'Word Counter' (d55b66246180e9694caa04452f0375fe).
2025-10-22 18:42:54,243 INFO  org.apache.flink.runtime.resourcemanager.StandaloneResourceManager [] - Disconnect job manager 00000000000000000000000000000000@pekko.tcp://flink@6c346977bf8b:6123/user/rpc/jobmanager_2 for job d55b66246180e9694caa04452f0375fe from the resource manager.
2025-10-22 18:42:54,277 INFO  org.apache.flink.runtime.resourcemanager.slotmanager.DefaultSlotStatusSyncer [] - Freeing slot 9fc6a0dd93e922655ad3bbc1674b06aa.
2025-10-22 18:42:57,256 INFO  org.apache.flink.runtime.dispatcher.StandaloneDispatcher     [] - Received job submission 'Word Counter' (9aa1476cdfa59136b334ea49ad32fcd1).
2025-10-22 18:42:57,256 INFO  org.apache.flink.runtime.dispatcher.StandaloneDispatcher     [] - Submitting job 'Word Counter' (9aa1476cdfa59136b334ea49ad32fcd1).
2025-10-22 18:42:57,284 INFO  org.apache.flink.runtime.jobmaster.JobMasterServiceLeadershipRunner [] - JobMasterServiceLeadershipRunner for job 9aa1476cdfa59136b334ea49ad32fcd1 was granted leadership with leader id 00000000-0000-0000-0000-000000000000. Creating new JobMasterServiceProcess.
2025-10-22 18:42:57,295 INFO  org.apache.flink.runtime.rpc.pekko.PekkoRpcService           [] - Starting RPC endpoint for org.apache.flink.runtime.jobmaster.JobMaster at pekko://flink/user/rpc/jobmanager_3 .
2025-10-22 18:42:57,296 INFO  org.apache.flink.runtime.jobmaster.JobMaster                 [] - Initializing job 'Word Counter' (9aa1476cdfa59136b334ea49ad32fcd1).
2025-10-22 18:42:57,339 INFO  org.apache.flink.runtime.jobmaster.JobMaster                 [] - Using restart back off time strategy ExponentialDelayRestartBackoffTimeStrategy(initialBackoffMS=1000, maxBackoffMS=60000, backoffMultiplier=1.5, resetBackoffThresholdMS=3600000, jitterFactor=0.1, attemptsBeforeResetBackoff=2147483647, currentRestartAttempt=0, nextRestartTimestamp=-2147483648) for Word Counter (9aa1476cdfa59136b334ea49ad32fcd1).
2025-10-22 18:42:57,340 INFO  org.apache.flink.runtime.executiongraph.ExecutionGraph       [] - Created execution graph 0fcfd89977c93ca93fee80062a3611f3 for job 9aa1476cdfa59136b334ea49ad32fcd1.
2025-10-22 18:42:57,344 INFO  org.apache.flink.runtime.jobmaster.JobMaster                 [] - Running initialization on master for job Word Counter (9aa1476cdfa59136b334ea49ad32fcd1).
2025-10-22 18:42:57,348 INFO  org.apache.flink.runtime.jobmaster.JobMaster                 [] - Successfully ran initialization on master in 4 ms.
2025-10-22 18:42:57,349 INFO  org.apache.flink.runtime.scheduler.adapter.DefaultExecutionTopology [] - Built 1 new pipelined regions in 0 ms, total 1 pipelined regions currently.
2025-10-22 18:42:57,350 INFO  org.apache.flink.runtime.jobmaster.JobMaster                 [] - Loading state backend via factory org.apache.flink.state.rocksdb.EmbeddedRocksDBStateBackendFactory
2025-10-22 18:42:57,350 INFO  org.apache.flink.state.rocksdb.EmbeddedRocksDBStateBackend   [] - Using predefined options: DEFAULT.
2025-10-22 18:42:57,351 INFO  org.apache.flink.runtime.state.StateBackendLoader            [] - State backend loader loads the state backend as EmbeddedRocksDBStateBackend
2025-10-22 18:42:57,356 INFO  org.apache.flink.runtime.jobmaster.JobMaster                 [] - Checkpoint storage is set to 'filesystem': (checkpoints "file:/tmp/flink-checkpoints")
2025-10-22 18:42:57,357 INFO  org.apache.flink.runtime.checkpoint.CheckpointCoordinator    [] - No checkpoint found during restore.
2025-10-22 18:42:57,358 INFO  org.apache.flink.runtime.checkpoint.CheckpointCoordinator    [] - Starting job 9aa1476cdfa59136b334ea49ad32fcd1 from savepoint /tmp/flink-checkpoints/savepoint-d55b66-5dd7c6a602b3 ()
2025-10-22 18:42:57,369 INFO  org.apache.flink.runtime.checkpoint.CheckpointCoordinator    [] - Reset the checkpoint ID of job 9aa1476cdfa59136b334ea49ad32fcd1 to 3.
2025-10-22 18:42:57,369 INFO  org.apache.flink.runtime.checkpoint.CheckpointCoordinator    [] - Restoring job 9aa1476cdfa59136b334ea49ad32fcd1 from Savepoint 2 @ 0 for 9aa1476cdfa59136b334ea49ad32fcd1 located at file:/tmp/flink-checkpoints/savepoint-d55b66-5dd7c6a602b3.
2025-10-22 18:42:57,393 INFO  org.apache.flink.runtime.checkpoint.CheckpointCoordinator    [] - No master state to restore
2025-10-22 18:42:57,393 INFO  org.apache.flink.runtime.jobmaster.JobMaster                 [] - Using failover strategy org.apache.flink.runtime.executiongraph.failover.RestartPipelinedRegionFailoverStrategy@34f1b705 for Word Counter (9aa1476cdfa59136b334ea49ad32fcd1).
2025-10-22 18:42:57,396 INFO  org.apache.flink.runtime.jobmaster.JobMaster                 [] - Starting execution of job 'Word Counter' (9aa1476cdfa59136b334ea49ad32fcd1) under job master id 00000000000000000000000000000000.
2025-10-22 18:42:57,398 INFO  org.apache.flink.runtime.jobmaster.JobMaster                 [] - Starting scheduling with scheduling strategy [org.apache.flink.runtime.scheduler.strategy.PipelinedRegionSchedulingStrategy]
2025-10-22 18:42:57,398 INFO  org.apache.flink.runtime.executiongraph.ExecutionGraph       [] - Job Word Counter (9aa1476cdfa59136b334ea49ad32fcd1) switched from state CREATED to RUNNING.
2025-10-22 18:42:57,402 INFO  org.apache.flink.runtime.executiongraph.ExecutionGraph       [] - Source: Collection Source -> _stream_key_by_map_operator (1/1) (0fcfd89977c93ca93fee80062a3611f3_cbc357ccb763df2852fee8c4fc7d55f2_0_0) switched from CREATED to SCHEDULED.
2025-10-22 18:42:57,403 INFO  org.apache.flink.runtime.executiongraph.ExecutionGraph       [] - KEYED PROCESS -> Sink: Print to Std. Out (1/1) (0fcfd89977c93ca93fee80062a3611f3_90bea66de1c231edf33913ecd54406c1_0_0) switched from CREATED to SCHEDULED.
2025-10-22 18:42:57,405 INFO  org.apache.flink.runtime.jobmaster.JobMaster                 [] - Connecting to ResourceManager pekko.tcp://flink@6c346977bf8b:6123/user/rpc/resourcemanager_*(00000000000000000000000000000000)
2025-10-22 18:42:57,408 INFO  org.apache.flink.runtime.jobmaster.JobMaster                 [] - Resolved ResourceManager address, beginning registration
2025-10-22 18:42:57,408 INFO  org.apache.flink.runtime.resourcemanager.StandaloneResourceManager [] - Registering job manager 00000000000000000000000000000000@pekko.tcp://flink@6c346977bf8b:6123/user/rpc/jobmanager_3 for job 9aa1476cdfa59136b334ea49ad32fcd1.
2025-10-22 18:42:57,412 INFO  org.apache.flink.runtime.resourcemanager.StandaloneResourceManager [] - Registered job manager 00000000000000000000000000000000@pekko.tcp://flink@6c346977bf8b:6123/user/rpc/jobmanager_3 for job 9aa1476cdfa59136b334ea49ad32fcd1.
2025-10-22 18:42:57,414 INFO  org.apache.flink.runtime.jobmaster.JobMaster                 [] - JobManager successfully registered at ResourceManager, leader id: 00000000000000000000000000000000.
2025-10-22 18:42:57,414 INFO  org.apache.flink.runtime.resourcemanager.slotmanager.FineGrainedSlotManager [] - Received resource requirements from job 9aa1476cdfa59136b334ea49ad32fcd1: [ResourceRequirement{resourceProfile=ResourceProfile{UNKNOWN}, numberOfRequiredSlots=1}]
2025-10-22 18:42:57,424 INFO  org.apache.flink.runtime.resourcemanager.slotmanager.FineGrainedSlotManager [] - Received resource requirements from job 9aa1476cdfa59136b334ea49ad32fcd1: [ResourceRequirement{resourceProfile=ResourceProfile{UNKNOWN}, numberOfRequiredSlots=1}]
2025-10-22 18:42:57,482 INFO  org.apache.flink.runtime.resourcemanager.slotmanager.FineGrainedSlotManager [] - Matching resource requirements against available resources.
Missing resources:
	 Job 9aa1476cdfa59136b334ea49ad32fcd1
		ResourceRequirement{resourceProfile=ResourceProfile{UNKNOWN}, numberOfRequiredSlots=1}
Current resources:
	TaskManager 127.0.0.1:35201-8cea9b
		Available: ResourceProfile{cpuCores=1, taskHeapMemory=384.000mb (402653174 bytes), taskOffHeapMemory=0 bytes, managedMemory=512.000mb (536870920 bytes), networkMemory=128.000mb (134217730 bytes)}
		Total:     ResourceProfile{cpuCores=1, taskHeapMemory=384.000mb (402653174 bytes), taskOffHeapMemory=0 bytes, managedMemory=512.000mb (536870920 bytes), networkMemory=128.000mb (134217730 bytes)}
2025-10-22 18:42:57,486 INFO  org.apache.flink.runtime.resourcemanager.slotmanager.DefaultSlotStatusSyncer [] - Starting allocation of slot 0c49e658383a14a6024e343677be9256 from 127.0.0.1:35201-8cea9b for job 9aa1476cdfa59136b334ea49ad32fcd1 with resource profile ResourceProfile{cpuCores=1, taskHeapMemory=384.000mb (402653174 bytes), taskOffHeapMemory=0 bytes, managedMemory=512.000mb (536870920 bytes), networkMemory=128.000mb (134217730 bytes)}.
2025-10-22 18:42:57,546 INFO  org.apache.flink.runtime.executiongraph.ExecutionGraph       [] - Source: Collection Source -> _stream_key_by_map_operator (1/1) (0fcfd89977c93ca93fee80062a3611f3_cbc357ccb763df2852fee8c4fc7d55f2_0_0) switched from SCHEDULED to DEPLOYING.
2025-10-22 18:42:57,547 INFO  org.apache.flink.runtime.executiongraph.ExecutionGraph       [] - Deploying Source: Collection Source -> _stream_key_by_map_operator (1/1) (attempt #0) with attempt id 0fcfd89977c93ca93fee80062a3611f3_cbc357ccb763df2852fee8c4fc7d55f2_0_0 and vertex id cbc357ccb763df2852fee8c4fc7d55f2_0 to 127.0.0.1:35201-8cea9b @ localhost (dataPort=43913) with allocation id 0c49e658383a14a6024e343677be9256
2025-10-22 18:42:57,548 INFO  org.apache.flink.runtime.executiongraph.ExecutionGraph       [] - KEYED PROCESS -> Sink: Print to Std. Out (1/1) (0fcfd89977c93ca93fee80062a3611f3_90bea66de1c231edf33913ecd54406c1_0_0) switched from SCHEDULED to DEPLOYING.
2025-10-22 18:42:57,549 INFO  org.apache.flink.runtime.executiongraph.ExecutionGraph       [] - Deploying KEYED PROCESS -> Sink: Print to Std. Out (1/1) (attempt #0) with attempt id 0fcfd89977c93ca93fee80062a3611f3_90bea66de1c231edf33913ecd54406c1_0_0 and vertex id 90bea66de1c231edf33913ecd54406c1_0 to 127.0.0.1:35201-8cea9b @ localhost (dataPort=43913) with allocation id 0c49e658383a14a6024e343677be9256
2025-10-22 18:42:57,619 INFO  org.apache.flink.runtime.checkpoint.CheckpointFailureManager [] - Failed to trigger checkpoint for job 9aa1476cdfa59136b334ea49ad32fcd1 since Checkpoint triggering task Source: Collection Source -> _stream_key_by_map_operator (1/1) of job 9aa1476cdfa59136b334ea49ad32fcd1 is not being executed at the moment. Aborting checkpoint. Failure reason: Not all required tasks are currently running..
2025-10-22 18:42:57,704 INFO  org.apache.flink.runtime.executiongraph.ExecutionGraph       [] - KEYED PROCESS -> Sink: Print to Std. Out (1/1) (0fcfd89977c93ca93fee80062a3611f3_90bea66de1c231edf33913ecd54406c1_0_0) switched from DEPLOYING to INITIALIZING.
2025-10-22 18:42:57,743 INFO  org.apache.flink.runtime.executiongraph.ExecutionGraph       [] - Source: Collection Source -> _stream_key_by_map_operator (1/1) (0fcfd89977c93ca93fee80062a3611f3_cbc357ccb763df2852fee8c4fc7d55f2_0_0) switched from DEPLOYING to INITIALIZING.
