2025-10-22 18:41:58,251 INFO  org.apache.flink.runtime.taskexecutor.TaskManagerRunner      [] - --------------------------------------------------------------------------------
2025-10-22 18:41:58,253 INFO  org.apache.flink.runtime.taskexecutor.TaskManagerRunner      [] -  Preconfiguration: 
2025-10-22 18:41:58,253 INFO  org.apache.flink.runtime.taskexecutor.TaskManagerRunner      [] - 


RESOURCE_PARAMS extraction logs:
jvm_params: -Xmx536870902 -Xms536870902 -XX:MaxDirectMemorySize=268435458 -XX:MaxMetaspaceSize=268435456
dynamic_configs: -D taskmanager.memory.network.min=134217730b -D taskmanager.cpu.cores=1.0 -D taskmanager.memory.task.off-heap.size=0b -D taskmanager.memory.jvm-metaspace.size=268435456b -D external-resources=none -D taskmanager.memory.jvm-overhead.min=201326592b -D taskmanager.memory.framework.off-heap.size=134217728b -D taskmanager.memory.network.max=134217730b -D taskmanager.memory.framework.heap.size=134217728b -D taskmanager.memory.managed.size=536870920b -D taskmanager.memory.task.heap.size=402653174b -D taskmanager.numberOfTaskSlots=1 -D taskmanager.memory.jvm-overhead.max=201326592b
logs: INFO  [] - Using standard YAML parser to load flink configuration file from /opt/flink/conf/config.yaml.
INFO  [] - Loading configuration property: blob.server.port, 6124
INFO  [] - Loading configuration property: taskmanager.memory.process.size, 1728m
INFO  [] - Loading configuration property: taskmanager.bind-host, 0.0.0.0
INFO  [] - Loading configuration property: jobmanager.execution.failover-strategy, region
INFO  [] - Loading configuration property: jobmanager.rpc.address, 6c346977bf8b
INFO  [] - Loading configuration property: execution.checkpointing.incremental, false
INFO  [] - Loading configuration property: state.backend.rocksdb.localdir, /tmp/rocksdb
INFO  [] - Loading configuration property: execution.target, remote
INFO  [] - Loading configuration property: jobmanager.memory.process.size, 1600m
INFO  [] - Loading configuration property: jobmanager.rpc.port, 6123
INFO  [] - Loading configuration property: query.server.port, 6125
INFO  [] - Loading configuration property: rest.bind-address, 0.0.0.0
INFO  [] - Loading configuration property: jobmanager.bind-host, 0.0.0.0
INFO  [] - Loading configuration property: execution.checkpointing.savepoint-dir, file:///tmp/flink-checkpoints
INFO  [] - Loading configuration property: taskmanager.host, 127.0.0.1
INFO  [] - Loading configuration property: execution.checkpointing.externalized-checkpoint-retention, RETAIN_ON_CANCELLATION
INFO  [] - Loading configuration property: parallelism.default, 1
INFO  [] - Loading configuration property: taskmanager.numberOfTaskSlots, 1
INFO  [] - Loading configuration property: execution.checkpointing.local-backup.enabled, true
INFO  [] - Loading configuration property: rest.address, 127.0.0.1
INFO  [] - Loading configuration property: execution.state-recovery.ignore-unclaimed-state, true
INFO  [] - Loading configuration property: execution.checkpointing.dir, file:///tmp/flink-checkpoints
INFO  [] - Loading configuration property: env.java.opts.all, --add-exports=java.rmi/sun.rmi.registry=ALL-UNNAMED --add-exports=java.security.jgss/sun.security.krb5=ALL-UNNAMED --add-opens=java.base/java.lang=ALL-UNNAMED --add-opens=java.base/java.net=ALL-UNNAMED --add-opens=java.base/java.io=ALL-UNNAMED --add-opens=java.base/java.nio=ALL-UNNAMED --add-opens=java.base/sun.nio.ch=ALL-UNNAMED --add-opens=java.base/java.lang.reflect=ALL-UNNAMED --add-opens=java.base/java.text=ALL-UNNAMED --add-opens=java.base/java.time=ALL-UNNAMED --add-opens=java.base/java.util=ALL-UNNAMED --add-opens=java.base/java.util.concurrent=ALL-UNNAMED --add-opens=java.base/java.util.concurrent.atomic=ALL-UNNAMED --add-opens=java.base/java.util.concurrent.locks=ALL-UNNAMED
INFO  [] - Loading configuration property: state.backend.type, rocksdb
INFO  [] - The derived from fraction jvm overhead memory (172.800mb (181193935 bytes)) is less than its min value 192.000mb (201326592 bytes), min value will be used instead
INFO  [] - Final TaskExecutor Memory configuration:
INFO  [] -   Total Process Memory:          1.688gb (1811939328 bytes)
INFO  [] -     Total Flink Memory:          1.250gb (1342177280 bytes)
INFO  [] -       Total JVM Heap Memory:     512.000mb (536870902 bytes)
INFO  [] -         Framework:               128.000mb (134217728 bytes)
INFO  [] -         Task:                    384.000mb (402653174 bytes)
INFO  [] -       Total Off-heap Memory:     768.000mb (805306378 bytes)
INFO  [] -         Managed:                 512.000mb (536870920 bytes)
INFO  [] -         Total JVM Direct Memory: 256.000mb (268435458 bytes)
INFO  [] -           Framework:             128.000mb (134217728 bytes)
INFO  [] -           Task:                  0 bytes
INFO  [] -           Network:               128.000mb (134217730 bytes)
INFO  [] -     JVM Metaspace:               256.000mb (268435456 bytes)
INFO  [] -     JVM Overhead:                192.000mb (201326592 bytes)

2025-10-22 18:41:58,253 INFO  org.apache.flink.runtime.taskexecutor.TaskManagerRunner      [] - --------------------------------------------------------------------------------
2025-10-22 18:41:58,261 INFO  org.apache.flink.runtime.taskexecutor.TaskManagerRunner      [] -  Starting TaskManager (Version: 2.1.0, Scala: 2.12, Rev:4cb6bd3, Date:2025-07-21T13:23:51+02:00)
2025-10-22 18:41:58,263 INFO  org.apache.flink.runtime.taskexecutor.TaskManagerRunner      [] -  OS current user: flink
2025-10-22 18:41:58,264 INFO  org.apache.flink.runtime.taskexecutor.TaskManagerRunner      [] -  Current Hadoop/Kerberos user: <no hadoop dependency found>
2025-10-22 18:41:58,264 INFO  org.apache.flink.runtime.taskexecutor.TaskManagerRunner      [] -  JVM: OpenJDK 64-Bit Server VM - Eclipse Adoptium - 17/17.0.16+8
2025-10-22 18:41:58,264 INFO  org.apache.flink.runtime.taskexecutor.TaskManagerRunner      [] -  Arch: amd64
2025-10-22 18:41:58,267 INFO  org.apache.flink.runtime.taskexecutor.TaskManagerRunner      [] -  Maximum heap size: 512 MiBytes
2025-10-22 18:41:58,268 INFO  org.apache.flink.runtime.taskexecutor.TaskManagerRunner      [] -  JAVA_HOME: /opt/java/openjdk
2025-10-22 18:41:58,268 INFO  org.apache.flink.runtime.taskexecutor.TaskManagerRunner      [] -  No Hadoop Dependency available
2025-10-22 18:41:58,268 INFO  org.apache.flink.runtime.taskexecutor.TaskManagerRunner      [] -  JVM Options:
2025-10-22 18:41:58,268 INFO  org.apache.flink.runtime.taskexecutor.TaskManagerRunner      [] -     -Xmx536870902
2025-10-22 18:41:58,268 INFO  org.apache.flink.runtime.taskexecutor.TaskManagerRunner      [] -     -Xms536870902
2025-10-22 18:41:58,268 INFO  org.apache.flink.runtime.taskexecutor.TaskManagerRunner      [] -     -XX:MaxDirectMemorySize=268435458
2025-10-22 18:41:58,268 INFO  org.apache.flink.runtime.taskexecutor.TaskManagerRunner      [] -     -XX:MaxMetaspaceSize=268435456
2025-10-22 18:41:58,268 INFO  org.apache.flink.runtime.taskexecutor.TaskManagerRunner      [] -     -XX:+IgnoreUnrecognizedVMOptions
2025-10-22 18:41:58,268 INFO  org.apache.flink.runtime.taskexecutor.TaskManagerRunner      [] -     --add-exports=java.rmi/sun.rmi.registry=ALL-UNNAMED
2025-10-22 18:41:58,268 INFO  org.apache.flink.runtime.taskexecutor.TaskManagerRunner      [] -     --add-exports=java.security.jgss/sun.security.krb5=ALL-UNNAMED
2025-10-22 18:41:58,269 INFO  org.apache.flink.runtime.taskexecutor.TaskManagerRunner      [] -     --add-opens=java.base/java.lang=ALL-UNNAMED
2025-10-22 18:41:58,269 INFO  org.apache.flink.runtime.taskexecutor.TaskManagerRunner      [] -     --add-opens=java.base/java.net=ALL-UNNAMED
2025-10-22 18:41:58,269 INFO  org.apache.flink.runtime.taskexecutor.TaskManagerRunner      [] -     --add-opens=java.base/java.io=ALL-UNNAMED
2025-10-22 18:41:58,270 INFO  org.apache.flink.runtime.taskexecutor.TaskManagerRunner      [] -     --add-opens=java.base/java.nio=ALL-UNNAMED
2025-10-22 18:41:58,270 INFO  org.apache.flink.runtime.taskexecutor.TaskManagerRunner      [] -     --add-opens=java.base/sun.nio.ch=ALL-UNNAMED
2025-10-22 18:41:58,270 INFO  org.apache.flink.runtime.taskexecutor.TaskManagerRunner      [] -     --add-opens=java.base/java.lang.reflect=ALL-UNNAMED
2025-10-22 18:41:58,270 INFO  org.apache.flink.runtime.taskexecutor.TaskManagerRunner      [] -     --add-opens=java.base/java.text=ALL-UNNAMED
2025-10-22 18:41:58,270 INFO  org.apache.flink.runtime.taskexecutor.TaskManagerRunner      [] -     --add-opens=java.base/java.time=ALL-UNNAMED
2025-10-22 18:41:58,270 INFO  org.apache.flink.runtime.taskexecutor.TaskManagerRunner      [] -     --add-opens=java.base/java.util=ALL-UNNAMED
2025-10-22 18:41:58,271 INFO  org.apache.flink.runtime.taskexecutor.TaskManagerRunner      [] -     --add-opens=java.base/java.util.concurrent=ALL-UNNAMED
2025-10-22 18:41:58,271 INFO  org.apache.flink.runtime.taskexecutor.TaskManagerRunner      [] -     --add-opens=java.base/java.util.concurrent.atomic=ALL-UNNAMED
2025-10-22 18:41:58,271 INFO  org.apache.flink.runtime.taskexecutor.TaskManagerRunner      [] -     --add-opens=java.base/java.util.concurrent.locks=ALL-UNNAMED
2025-10-22 18:41:58,271 INFO  org.apache.flink.runtime.taskexecutor.TaskManagerRunner      [] -     -Dlog.file=/opt/flink/log/flink--taskexecutor-0-6c346977bf8b.log
2025-10-22 18:41:58,271 INFO  org.apache.flink.runtime.taskexecutor.TaskManagerRunner      [] -     -Dlog4j.configuration=file:/opt/flink/conf/log4j.properties
2025-10-22 18:41:58,271 INFO  org.apache.flink.runtime.taskexecutor.TaskManagerRunner      [] -     -Dlog4j.configurationFile=file:/opt/flink/conf/log4j.properties
2025-10-22 18:41:58,271 INFO  org.apache.flink.runtime.taskexecutor.TaskManagerRunner      [] -     -Dlogback.configurationFile=file:/opt/flink/conf/logback.xml
2025-10-22 18:41:58,271 INFO  org.apache.flink.runtime.taskexecutor.TaskManagerRunner      [] -  Program Arguments:
2025-10-22 18:41:58,273 INFO  org.apache.flink.runtime.taskexecutor.TaskManagerRunner      [] -     --configDir
2025-10-22 18:41:58,273 INFO  org.apache.flink.runtime.taskexecutor.TaskManagerRunner      [] -     /opt/flink/conf
2025-10-22 18:41:58,273 INFO  org.apache.flink.runtime.taskexecutor.TaskManagerRunner      [] -     -D
2025-10-22 18:41:58,273 INFO  org.apache.flink.runtime.taskexecutor.TaskManagerRunner      [] -     taskmanager.memory.network.min=134217730b
2025-10-22 18:41:58,273 INFO  org.apache.flink.runtime.taskexecutor.TaskManagerRunner      [] -     -D
2025-10-22 18:41:58,274 INFO  org.apache.flink.runtime.taskexecutor.TaskManagerRunner      [] -     taskmanager.cpu.cores=1.0
2025-10-22 18:41:58,274 INFO  org.apache.flink.runtime.taskexecutor.TaskManagerRunner      [] -     -D
2025-10-22 18:41:58,274 INFO  org.apache.flink.runtime.taskexecutor.TaskManagerRunner      [] -     taskmanager.memory.task.off-heap.size=0b
2025-10-22 18:41:58,274 INFO  org.apache.flink.runtime.taskexecutor.TaskManagerRunner      [] -     -D
2025-10-22 18:41:58,274 INFO  org.apache.flink.runtime.taskexecutor.TaskManagerRunner      [] -     taskmanager.memory.jvm-metaspace.size=268435456b
2025-10-22 18:41:58,274 INFO  org.apache.flink.runtime.taskexecutor.TaskManagerRunner      [] -     -D
2025-10-22 18:41:58,274 INFO  org.apache.flink.runtime.taskexecutor.TaskManagerRunner      [] -     external-resources=none
2025-10-22 18:41:58,276 INFO  org.apache.flink.runtime.taskexecutor.TaskManagerRunner      [] -     -D
2025-10-22 18:41:58,277 INFO  org.apache.flink.runtime.taskexecutor.TaskManagerRunner      [] -     taskmanager.memory.jvm-overhead.min=201326592b
2025-10-22 18:41:58,277 INFO  org.apache.flink.runtime.taskexecutor.TaskManagerRunner      [] -     -D
2025-10-22 18:41:58,277 INFO  org.apache.flink.runtime.taskexecutor.TaskManagerRunner      [] -     taskmanager.memory.framework.off-heap.size=134217728b
2025-10-22 18:41:58,277 INFO  org.apache.flink.runtime.taskexecutor.TaskManagerRunner      [] -     -D
2025-10-22 18:41:58,277 INFO  org.apache.flink.runtime.taskexecutor.TaskManagerRunner      [] -     taskmanager.memory.network.max=134217730b
2025-10-22 18:41:58,277 INFO  org.apache.flink.runtime.taskexecutor.TaskManagerRunner      [] -     -D
2025-10-22 18:41:58,277 INFO  org.apache.flink.runtime.taskexecutor.TaskManagerRunner      [] -     taskmanager.memory.framework.heap.size=134217728b
2025-10-22 18:41:58,277 INFO  org.apache.flink.runtime.taskexecutor.TaskManagerRunner      [] -     -D
2025-10-22 18:41:58,277 INFO  org.apache.flink.runtime.taskexecutor.TaskManagerRunner      [] -     taskmanager.memory.managed.size=536870920b
2025-10-22 18:41:58,278 INFO  org.apache.flink.runtime.taskexecutor.TaskManagerRunner      [] -     -D
2025-10-22 18:41:58,283 INFO  org.apache.flink.runtime.taskexecutor.TaskManagerRunner      [] -     taskmanager.memory.task.heap.size=402653174b
2025-10-22 18:41:58,283 INFO  org.apache.flink.runtime.taskexecutor.TaskManagerRunner      [] -     -D
2025-10-22 18:41:58,283 INFO  org.apache.flink.runtime.taskexecutor.TaskManagerRunner      [] -     taskmanager.numberOfTaskSlots=1
2025-10-22 18:41:58,283 INFO  org.apache.flink.runtime.taskexecutor.TaskManagerRunner      [] -     -D
2025-10-22 18:41:58,283 INFO  org.apache.flink.runtime.taskexecutor.TaskManagerRunner      [] -     taskmanager.memory.jvm-overhead.max=201326592b
2025-10-22 18:41:58,283 INFO  org.apache.flink.runtime.taskexecutor.TaskManagerRunner      [] -  Classpath: /opt/flink/lib/flink-cep-2.1.0.jar:/opt/flink/lib/flink-connector-files-2.1.0.jar:/opt/flink/lib/flink-csv-2.1.0.jar:/opt/flink/lib/flink-json-2.1.0.jar:/opt/flink/lib/flink-scala_2.12-2.1.0.jar:/opt/flink/lib/flink-table-api-java-uber-2.1.0.jar:/opt/flink/lib/flink-table-planner-loader-2.1.0.jar:/opt/flink/lib/flink-table-runtime-2.1.0.jar:/opt/flink/lib/log4j-1.2-api-2.24.3.jar:/opt/flink/lib/log4j-api-2.24.3.jar:/opt/flink/lib/log4j-core-2.24.3.jar:/opt/flink/lib/log4j-layout-template-json-2.24.3.jar:/opt/flink/lib/log4j-slf4j-impl-2.24.3.jar:/opt/flink/lib/flink-dist-2.1.0.jar::::
2025-10-22 18:41:58,283 INFO  org.apache.flink.runtime.taskexecutor.TaskManagerRunner      [] - --------------------------------------------------------------------------------
2025-10-22 18:41:58,284 INFO  org.apache.flink.runtime.taskexecutor.TaskManagerRunner      [] - Registered UNIX signal handlers for [TERM, HUP, INT]
2025-10-22 18:41:58,323 INFO  org.apache.flink.runtime.taskexecutor.TaskManagerRunner      [] - Maximum number of open file descriptors is 1048576.
2025-10-22 18:41:58,336 INFO  org.apache.flink.configuration.GlobalConfiguration           [] - Using standard YAML parser to load flink configuration file from /opt/flink/conf/config.yaml.
2025-10-22 18:41:58,405 INFO  org.apache.flink.configuration.GlobalConfiguration           [] - Loading configuration property: blob.server.port, 6124
2025-10-22 18:41:58,406 INFO  org.apache.flink.configuration.GlobalConfiguration           [] - Loading configuration property: taskmanager.memory.process.size, 1728m
2025-10-22 18:41:58,406 INFO  org.apache.flink.configuration.GlobalConfiguration           [] - Loading configuration property: taskmanager.bind-host, 0.0.0.0
2025-10-22 18:41:58,406 INFO  org.apache.flink.configuration.GlobalConfiguration           [] - Loading configuration property: jobmanager.execution.failover-strategy, region
2025-10-22 18:41:58,406 INFO  org.apache.flink.configuration.GlobalConfiguration           [] - Loading configuration property: jobmanager.rpc.address, 6c346977bf8b
2025-10-22 18:41:58,406 INFO  org.apache.flink.configuration.GlobalConfiguration           [] - Loading configuration property: execution.checkpointing.incremental, false
2025-10-22 18:41:58,406 INFO  org.apache.flink.configuration.GlobalConfiguration           [] - Loading configuration property: state.backend.rocksdb.localdir, /tmp/rocksdb
2025-10-22 18:41:58,406 INFO  org.apache.flink.configuration.GlobalConfiguration           [] - Loading configuration property: execution.target, remote
2025-10-22 18:41:58,406 INFO  org.apache.flink.configuration.GlobalConfiguration           [] - Loading configuration property: jobmanager.memory.process.size, 1600m
2025-10-22 18:41:58,406 INFO  org.apache.flink.configuration.GlobalConfiguration           [] - Loading configuration property: jobmanager.rpc.port, 6123
2025-10-22 18:41:58,406 INFO  org.apache.flink.configuration.GlobalConfiguration           [] - Loading configuration property: query.server.port, 6125
2025-10-22 18:41:58,407 INFO  org.apache.flink.configuration.GlobalConfiguration           [] - Loading configuration property: rest.bind-address, 0.0.0.0
2025-10-22 18:41:58,407 INFO  org.apache.flink.configuration.GlobalConfiguration           [] - Loading configuration property: jobmanager.bind-host, 0.0.0.0
2025-10-22 18:41:58,407 INFO  org.apache.flink.configuration.GlobalConfiguration           [] - Loading configuration property: execution.checkpointing.savepoint-dir, file:///tmp/flink-checkpoints
2025-10-22 18:41:58,407 INFO  org.apache.flink.configuration.GlobalConfiguration           [] - Loading configuration property: taskmanager.host, 127.0.0.1
2025-10-22 18:41:58,407 INFO  org.apache.flink.configuration.GlobalConfiguration           [] - Loading configuration property: execution.checkpointing.externalized-checkpoint-retention, RETAIN_ON_CANCELLATION
2025-10-22 18:41:58,407 INFO  org.apache.flink.configuration.GlobalConfiguration           [] - Loading configuration property: parallelism.default, 1
2025-10-22 18:41:58,407 INFO  org.apache.flink.configuration.GlobalConfiguration           [] - Loading configuration property: taskmanager.numberOfTaskSlots, 1
2025-10-22 18:41:58,407 INFO  org.apache.flink.configuration.GlobalConfiguration           [] - Loading configuration property: execution.checkpointing.local-backup.enabled, true
2025-10-22 18:41:58,407 INFO  org.apache.flink.configuration.GlobalConfiguration           [] - Loading configuration property: rest.address, 127.0.0.1
2025-10-22 18:41:58,407 INFO  org.apache.flink.configuration.GlobalConfiguration           [] - Loading configuration property: execution.state-recovery.ignore-unclaimed-state, true
2025-10-22 18:41:58,407 INFO  org.apache.flink.configuration.GlobalConfiguration           [] - Loading configuration property: execution.checkpointing.dir, file:///tmp/flink-checkpoints
2025-10-22 18:41:58,408 INFO  org.apache.flink.configuration.GlobalConfiguration           [] - Loading configuration property: env.java.opts.all, --add-exports=java.rmi/sun.rmi.registry=ALL-UNNAMED --add-exports=java.security.jgss/sun.security.krb5=ALL-UNNAMED --add-opens=java.base/java.lang=ALL-UNNAMED --add-opens=java.base/java.net=ALL-UNNAMED --add-opens=java.base/java.io=ALL-UNNAMED --add-opens=java.base/java.nio=ALL-UNNAMED --add-opens=java.base/sun.nio.ch=ALL-UNNAMED --add-opens=java.base/java.lang.reflect=ALL-UNNAMED --add-opens=java.base/java.text=ALL-UNNAMED --add-opens=java.base/java.time=ALL-UNNAMED --add-opens=java.base/java.util=ALL-UNNAMED --add-opens=java.base/java.util.concurrent=ALL-UNNAMED --add-opens=java.base/java.util.concurrent.atomic=ALL-UNNAMED --add-opens=java.base/java.util.concurrent.locks=ALL-UNNAMED
2025-10-22 18:41:58,408 INFO  org.apache.flink.configuration.GlobalConfiguration           [] - Loading configuration property: state.backend.type, rocksdb
2025-10-22 18:41:58,408 INFO  org.apache.flink.configuration.GlobalConfiguration           [] - Loading dynamic configuration property: taskmanager.memory.network.min, 134217730b
2025-10-22 18:41:58,408 INFO  org.apache.flink.configuration.GlobalConfiguration           [] - Loading dynamic configuration property: taskmanager.memory.jvm-metaspace.size, 268435456b
2025-10-22 18:41:58,408 INFO  org.apache.flink.configuration.GlobalConfiguration           [] - Loading dynamic configuration property: taskmanager.memory.task.off-heap.size, 0b
2025-10-22 18:41:58,408 INFO  org.apache.flink.configuration.GlobalConfiguration           [] - Loading dynamic configuration property: taskmanager.cpu.cores, 1.0
2025-10-22 18:41:58,408 INFO  org.apache.flink.configuration.GlobalConfiguration           [] - Loading dynamic configuration property: external-resources, none
2025-10-22 18:41:58,408 INFO  org.apache.flink.configuration.GlobalConfiguration           [] - Loading dynamic configuration property: taskmanager.memory.jvm-overhead.min, 201326592b
2025-10-22 18:41:58,408 INFO  org.apache.flink.configuration.GlobalConfiguration           [] - Loading dynamic configuration property: taskmanager.memory.framework.off-heap.size, 134217728b
2025-10-22 18:41:58,408 INFO  org.apache.flink.configuration.GlobalConfiguration           [] - Loading dynamic configuration property: taskmanager.memory.network.max, 134217730b
2025-10-22 18:41:58,408 INFO  org.apache.flink.configuration.GlobalConfiguration           [] - Loading dynamic configuration property: taskmanager.memory.framework.heap.size, 134217728b
2025-10-22 18:41:58,409 INFO  org.apache.flink.configuration.GlobalConfiguration           [] - Loading dynamic configuration property: taskmanager.memory.managed.size, 536870920b
2025-10-22 18:41:58,409 INFO  org.apache.flink.configuration.GlobalConfiguration           [] - Loading dynamic configuration property: taskmanager.memory.task.heap.size, 402653174b
2025-10-22 18:41:58,409 INFO  org.apache.flink.configuration.GlobalConfiguration           [] - Loading dynamic configuration property: taskmanager.numberOfTaskSlots, 1
2025-10-22 18:41:58,409 INFO  org.apache.flink.configuration.GlobalConfiguration           [] - Loading dynamic configuration property: taskmanager.memory.jvm-overhead.max, 201326592b
2025-10-22 18:41:58,460 INFO  org.apache.flink.core.fs.FileSystem                          [] - Hadoop is not in the classpath/dependencies. The extended set of supported File Systems via Hadoop is not available.
2025-10-22 18:41:58,473 INFO  org.apache.flink.core.plugin.DefaultPluginManager            [] - Plugin loader with ID not found, creating it: metrics-statsd
2025-10-22 18:41:58,477 INFO  org.apache.flink.core.plugin.DefaultPluginManager            [] - Plugin loader with ID not found, creating it: metrics-jmx
2025-10-22 18:41:58,477 INFO  org.apache.flink.core.plugin.DefaultPluginManager            [] - Plugin loader with ID not found, creating it: metrics-prometheus
2025-10-22 18:41:58,477 INFO  org.apache.flink.core.plugin.DefaultPluginManager            [] - Plugin loader with ID not found, creating it: metrics-influx
2025-10-22 18:41:58,477 INFO  org.apache.flink.core.plugin.DefaultPluginManager            [] - Plugin loader with ID not found, creating it: metrics-slf4j
2025-10-22 18:41:58,477 INFO  org.apache.flink.core.plugin.DefaultPluginManager            [] - Plugin loader with ID not found, creating it: metrics-otel
2025-10-22 18:41:58,478 INFO  org.apache.flink.core.plugin.DefaultPluginManager            [] - Plugin loader with ID not found, creating it: metrics-datadog
2025-10-22 18:41:58,478 INFO  org.apache.flink.core.plugin.DefaultPluginManager            [] - Plugin loader with ID not found, creating it: metrics-graphite
2025-10-22 18:41:58,478 INFO  org.apache.flink.core.plugin.DefaultPluginManager            [] - Plugin loader with ID not found, creating it: external-resource-gpu
2025-10-22 18:41:58,498 INFO  org.apache.flink.runtime.state.changelog.StateChangelogStorageLoader [] - StateChangelogStorageLoader initialized with shortcut names {memory,filesystem}.
2025-10-22 18:41:58,498 INFO  org.apache.flink.core.plugin.DefaultPluginManager            [] - Plugin loader with ID found, reusing it: metrics-statsd
2025-10-22 18:41:58,498 INFO  org.apache.flink.core.plugin.DefaultPluginManager            [] - Plugin loader with ID found, reusing it: metrics-jmx
2025-10-22 18:41:58,498 INFO  org.apache.flink.core.plugin.DefaultPluginManager            [] - Plugin loader with ID found, reusing it: metrics-prometheus
2025-10-22 18:41:58,498 INFO  org.apache.flink.core.plugin.DefaultPluginManager            [] - Plugin loader with ID found, reusing it: metrics-influx
2025-10-22 18:41:58,499 INFO  org.apache.flink.core.plugin.DefaultPluginManager            [] - Plugin loader with ID found, reusing it: metrics-slf4j
2025-10-22 18:41:58,499 INFO  org.apache.flink.core.plugin.DefaultPluginManager            [] - Plugin loader with ID found, reusing it: metrics-otel
2025-10-22 18:41:58,499 INFO  org.apache.flink.core.plugin.DefaultPluginManager            [] - Plugin loader with ID found, reusing it: metrics-datadog
2025-10-22 18:41:58,499 INFO  org.apache.flink.core.plugin.DefaultPluginManager            [] - Plugin loader with ID found, reusing it: metrics-graphite
2025-10-22 18:41:58,499 INFO  org.apache.flink.core.plugin.DefaultPluginManager            [] - Plugin loader with ID found, reusing it: external-resource-gpu
2025-10-22 18:41:58,500 INFO  org.apache.flink.runtime.state.changelog.StateChangelogStorageLoader [] - StateChangelogStorageLoader initialized with shortcut names {memory,filesystem}.
2025-10-22 18:41:58,512 INFO  org.apache.flink.runtime.security.modules.HadoopModuleFactory [] - Cannot create Hadoop Security Module because Hadoop cannot be found in the Classpath.
2025-10-22 18:41:58,530 INFO  org.apache.flink.runtime.security.modules.JaasModule         [] - Jaas file will be created as /tmp/jaas-5081807229804517912.conf.
2025-10-22 18:41:58,538 INFO  org.apache.flink.runtime.security.contexts.HadoopSecurityContextFactory [] - Cannot install HadoopSecurityContext because Hadoop cannot be found in the Classpath.
2025-10-22 18:41:58,822 INFO  org.apache.flink.runtime.taskexecutor.TaskManagerRunner      [] - Using configured hostname/address for TaskManager: 127.0.0.1.
2025-10-22 18:41:58,878 INFO  org.apache.flink.runtime.rpc.pekko.PekkoRpcServiceUtils      [] - Trying to start actor system, external address 127.0.0.1:0, bind address 0.0.0.0:0.
2025-10-22 18:41:59,465 INFO  org.apache.pekko.event.slf4j.Slf4jLogger                     [] - Slf4jLogger started
2025-10-22 18:41:59,501 INFO  org.apache.pekko.remote.RemoteActorRefProvider               [] - Pekko Cluster not in use - enabling unsafe features anyway because `pekko.remote.use-unsafe-remote-features-outside-cluster` has been enabled.
2025-10-22 18:41:59,503 INFO  org.apache.pekko.remote.Remoting                             [] - Starting remoting
2025-10-22 18:41:59,744 INFO  org.apache.pekko.remote.Remoting                             [] - Remoting started; listening on addresses :[pekko.tcp://flink@127.0.0.1:35201]
2025-10-22 18:41:59,846 INFO  org.apache.flink.runtime.rpc.pekko.PekkoRpcServiceUtils      [] - Actor system started at pekko.tcp://flink@127.0.0.1:35201
2025-10-22 18:41:59,867 INFO  org.apache.flink.runtime.taskexecutor.TaskManagerRunner      [] - Using working directory: WorkingDirectory(/tmp/tm_127.0.0.1:35201-8cea9b)
2025-10-22 18:41:59,891 INFO  org.apache.flink.runtime.metrics.MetricRegistryImpl          [] - No metrics reporter configured, no metrics will be exposed/reported.
2025-10-22 18:41:59,891 INFO  org.apache.flink.runtime.metrics.MetricRegistryImpl          [] - No trace reporter configured, no traces will be exposed/reported.
2025-10-22 18:41:59,892 INFO  org.apache.flink.runtime.metrics.MetricRegistryImpl          [] - No event reporter configured, no events will be exposed/reported.
2025-10-22 18:41:59,898 INFO  org.apache.flink.runtime.rpc.pekko.PekkoRpcServiceUtils      [] - Trying to start actor system, external address 127.0.0.1:0, bind address 0.0.0.0:0.
2025-10-22 18:41:59,929 INFO  org.apache.pekko.event.slf4j.Slf4jLogger                     [] - Slf4jLogger started
2025-10-22 18:41:59,936 INFO  org.apache.pekko.remote.RemoteActorRefProvider               [] - Pekko Cluster not in use - enabling unsafe features anyway because `pekko.remote.use-unsafe-remote-features-outside-cluster` has been enabled.
2025-10-22 18:41:59,939 INFO  org.apache.pekko.remote.Remoting                             [] - Starting remoting
2025-10-22 18:41:59,948 INFO  org.apache.pekko.remote.Remoting                             [] - Remoting started; listening on addresses :[pekko.tcp://flink-metrics@127.0.0.1:42671]
2025-10-22 18:41:59,957 INFO  org.apache.flink.runtime.rpc.pekko.PekkoRpcServiceUtils      [] - Actor system started at pekko.tcp://flink-metrics@127.0.0.1:42671
2025-10-22 18:41:59,974 INFO  org.apache.flink.runtime.rpc.pekko.PekkoRpcService           [] - Starting RPC endpoint for org.apache.flink.runtime.metrics.dump.MetricQueryService at pekko://flink-metrics/user/rpc/MetricQueryService_127.0.0.1:35201-8cea9b .
2025-10-22 18:41:59,991 INFO  org.apache.flink.runtime.blob.PermanentBlobCache             [] - Created BLOB cache storage directory /tmp/tm_127.0.0.1:35201-8cea9b/blobStorage
2025-10-22 18:41:59,996 INFO  org.apache.flink.runtime.blob.TransientBlobCache             [] - Created BLOB cache storage directory /tmp/tm_127.0.0.1:35201-8cea9b/blobStorage
2025-10-22 18:42:00,001 INFO  org.apache.flink.runtime.externalresource.ExternalResourceUtils [] - Enabled external resources: []
2025-10-22 18:42:00,001 INFO  org.apache.flink.runtime.security.token.DelegationTokenReceiverRepository [] - Loading delegation token receivers
2025-10-22 18:42:00,005 INFO  org.apache.flink.runtime.security.token.DelegationTokenReceiverRepository [] - Delegation token receiver hadoopfs loaded and initialized
2025-10-22 18:42:00,007 INFO  org.apache.flink.runtime.security.token.DelegationTokenReceiverRepository [] - Delegation token receiver hbase loaded and initialized
2025-10-22 18:42:00,007 INFO  org.apache.flink.core.plugin.DefaultPluginManager            [] - Plugin loader with ID found, reusing it: metrics-statsd
2025-10-22 18:42:00,007 INFO  org.apache.flink.core.plugin.DefaultPluginManager            [] - Plugin loader with ID found, reusing it: metrics-jmx
2025-10-22 18:42:00,007 INFO  org.apache.flink.core.plugin.DefaultPluginManager            [] - Plugin loader with ID found, reusing it: metrics-prometheus
2025-10-22 18:42:00,007 INFO  org.apache.flink.core.plugin.DefaultPluginManager            [] - Plugin loader with ID found, reusing it: metrics-influx
2025-10-22 18:42:00,008 INFO  org.apache.flink.core.plugin.DefaultPluginManager            [] - Plugin loader with ID found, reusing it: metrics-slf4j
2025-10-22 18:42:00,008 INFO  org.apache.flink.core.plugin.DefaultPluginManager            [] - Plugin loader with ID found, reusing it: metrics-otel
2025-10-22 18:42:00,008 INFO  org.apache.flink.core.plugin.DefaultPluginManager            [] - Plugin loader with ID found, reusing it: metrics-datadog
2025-10-22 18:42:00,008 INFO  org.apache.flink.core.plugin.DefaultPluginManager            [] - Plugin loader with ID found, reusing it: metrics-graphite
2025-10-22 18:42:00,008 INFO  org.apache.flink.core.plugin.DefaultPluginManager            [] - Plugin loader with ID found, reusing it: external-resource-gpu
2025-10-22 18:42:00,008 INFO  org.apache.flink.runtime.security.token.DelegationTokenReceiverRepository [] - Delegation token receivers loaded successfully
2025-10-22 18:42:00,008 INFO  org.apache.flink.runtime.taskexecutor.TaskManagerRunner      [] - Starting TaskManager with ResourceID: 127.0.0.1:35201-8cea9b
2025-10-22 18:42:00,098 INFO  org.apache.flink.runtime.taskexecutor.TaskManagerServices    [] - Temporary file directory '/tmp': total 31 GB, usable 15 GB (48.39% usable)
2025-10-22 18:42:00,101 INFO  org.apache.flink.runtime.io.disk.iomanager.IOManager         [] - Created a new FileChannelManager for spilling of task related data to disk (joins, sorting, ...). Used directories:
	/tmp/flink-io-11b0b706-f9db-4a45-b48c-748fa91eeebe
2025-10-22 18:42:00,109 INFO  org.apache.flink.runtime.io.network.netty.NettyConfig        [] - NettyConfig [server address: /0.0.0.0, server port range: 0, ssl enabled: false, memory segment size (bytes): 32768, number of server threads: 1 (manual), number of client threads: 1 (manual), server connect backlog: 0 (use Netty's default), client connect timeout (sec): 120, send/receive buffer size (bytes): 0 (use Netty's default)]
2025-10-22 18:42:00,121 INFO  org.apache.flink.runtime.io.network.NettyShuffleServiceFactory [] - Created a new FileChannelManager for storing result partitions of BLOCKING shuffles. Used directories:
	/tmp/flink-netty-shuffle-16156e3f-05d0-4e9a-9dd3-1265dfcf72b8
2025-10-22 18:42:00,212 INFO  org.apache.flink.runtime.io.network.buffer.NetworkBufferPool [] - Allocated 128 MB for network buffer pool (number of memory segments: 4096, bytes per segment: 32768).
2025-10-22 18:42:00,221 INFO  org.apache.flink.runtime.io.network.NettyShuffleEnvironment  [] - Starting the network environment and its components.
2025-10-22 18:42:00,241 INFO  org.apache.flink.runtime.io.network.netty.NettyClient        [] - Transport type 'auto': using EPOLL.
2025-10-22 18:42:00,241 INFO  org.apache.flink.runtime.io.network.netty.NettyClient        [] - Successful initialization (took 19 ms).
2025-10-22 18:42:00,243 INFO  org.apache.flink.runtime.io.network.netty.NettyServer        [] - Transport type 'auto': using EPOLL.
2025-10-22 18:42:00,246 INFO  org.apache.flink.runtime.io.network.netty.NettyServer        [] - Successful initialization (took 4 ms). Listening on SocketAddress /[0:0:0:0:0:0:0:0%0]:43913.
2025-10-22 18:42:00,246 INFO  org.apache.flink.runtime.taskexecutor.TaskManagerServices    [] - TaskManager data connection initialized successfully; listening internally on port: 43913
2025-10-22 18:42:00,247 INFO  org.apache.flink.runtime.taskexecutor.KvStateService         [] - Starting the kvState service and its components.
2025-10-22 18:42:00,282 INFO  org.apache.flink.runtime.rpc.pekko.PekkoRpcService           [] - Starting RPC endpoint for org.apache.flink.runtime.taskexecutor.TaskExecutor at pekko://flink/user/rpc/taskmanager_0 .
2025-10-22 18:42:00,300 INFO  org.apache.flink.runtime.taskexecutor.DefaultJobLeaderService [] - Start job leader service.
2025-10-22 18:42:00,302 INFO  org.apache.flink.runtime.filecache.FileCache                 [] - User file cache uses directory /tmp/flink-dist-cache-004c83c7-00c2-49c5-8d6c-afe2a1445940
2025-10-22 18:42:00,305 INFO  org.apache.flink.runtime.taskexecutor.TaskExecutor           [] - Connecting to ResourceManager pekko.tcp://flink@6c346977bf8b:6123/user/rpc/resourcemanager_*(00000000000000000000000000000000).
2025-10-22 18:42:00,835 INFO  org.apache.flink.runtime.taskexecutor.TaskExecutor           [] - Resolved ResourceManager address, beginning registration
2025-10-22 18:42:00,941 INFO  org.apache.flink.runtime.taskexecutor.TaskExecutor           [] - Successful registration at resource manager pekko.tcp://flink@6c346977bf8b:6123/user/rpc/resourcemanager_* under registration id b5d6cc0b412eacb906694d53af8a349a.
2025-10-22 18:42:11,663 INFO  org.apache.flink.runtime.taskexecutor.TaskExecutor           [] - Receive slot request 9fc6a0dd93e922655ad3bbc1674b06aa for job d55b66246180e9694caa04452f0375fe from resource manager with leader id 00000000000000000000000000000000.
2025-10-22 18:42:11,676 INFO  org.apache.flink.runtime.taskexecutor.slot.TaskSlotTableImpl [] - Allocated slot for 9fc6a0dd93e922655ad3bbc1674b06aa with resources ResourceProfile{cpuCores=1, taskHeapMemory=384.000mb (402653174 bytes), taskOffHeapMemory=0 bytes, managedMemory=512.000mb (536870920 bytes), networkMemory=128.000mb (134217730 bytes)}.
2025-10-22 18:42:11,690 INFO  org.apache.flink.runtime.taskexecutor.DefaultJobLeaderService [] - Add job d55b66246180e9694caa04452f0375fe for job leader monitoring.
2025-10-22 18:42:11,696 INFO  org.apache.flink.runtime.taskexecutor.DefaultJobLeaderService [] - Try to register at job manager pekko.tcp://flink@6c346977bf8b:6123/user/rpc/jobmanager_2 with leader id 00000000-0000-0000-0000-000000000000.
2025-10-22 18:42:11,732 INFO  org.apache.flink.runtime.taskexecutor.DefaultJobLeaderService [] - Resolved JobManager address, beginning registration
2025-10-22 18:42:11,787 INFO  org.apache.flink.runtime.taskexecutor.DefaultJobLeaderService [] - Successful registration at job manager pekko.tcp://flink@6c346977bf8b:6123/user/rpc/jobmanager_2 for job d55b66246180e9694caa04452f0375fe.
2025-10-22 18:42:11,790 INFO  org.apache.flink.runtime.taskexecutor.TaskExecutor           [] - Establish JobManager connection for job d55b66246180e9694caa04452f0375fe.
2025-10-22 18:42:11,793 INFO  org.apache.flink.runtime.taskexecutor.TaskExecutor           [] - Offer reserved slots to the leader of job d55b66246180e9694caa04452f0375fe.
2025-10-22 18:42:11,932 INFO  org.apache.flink.runtime.taskexecutor.slot.TaskSlotTableImpl [] - Activate slot 9fc6a0dd93e922655ad3bbc1674b06aa.
2025-10-22 18:42:11,983 INFO  org.apache.flink.runtime.state.changelog.StateChangelogStorageLoader [] - Creating a changelog storage with name 'memory'.
2025-10-22 18:42:11,992 INFO  org.apache.flink.runtime.state.TaskExecutorChannelStateExecutorFactoryManager [] - Creating the channel state executor factory for job id d55b66246180e9694caa04452f0375fe
2025-10-22 18:42:12,017 INFO  org.apache.flink.runtime.taskexecutor.TaskExecutor           [] - Received task Source: Collection Source -> _stream_key_by_map_operator (1/1)#0 (4219fd36901189d36acfbc3a064401eb_cbc357ccb763df2852fee8c4fc7d55f2_0_0), deploy into slot with allocation id 9fc6a0dd93e922655ad3bbc1674b06aa.
2025-10-22 18:42:12,019 INFO  org.apache.flink.runtime.taskmanager.Task                    [] - Source: Collection Source -> _stream_key_by_map_operator (1/1)#0 (4219fd36901189d36acfbc3a064401eb_cbc357ccb763df2852fee8c4fc7d55f2_0_0) switched from CREATED to DEPLOYING.
2025-10-22 18:42:12,025 INFO  org.apache.flink.runtime.taskexecutor.slot.TaskSlotTableImpl [] - Activate slot 9fc6a0dd93e922655ad3bbc1674b06aa.
2025-10-22 18:42:12,026 INFO  org.apache.flink.runtime.taskexecutor.slot.TaskSlotTableImpl [] - Activate slot 9fc6a0dd93e922655ad3bbc1674b06aa.
2025-10-22 18:42:12,028 INFO  org.apache.flink.runtime.taskmanager.Task                    [] - Loading JAR files for task Source: Collection Source -> _stream_key_by_map_operator (1/1)#0 (4219fd36901189d36acfbc3a064401eb_cbc357ccb763df2852fee8c4fc7d55f2_0_0) [DEPLOYING].
2025-10-22 18:42:12,035 INFO  org.apache.flink.runtime.blob.BlobClient                     [] - Downloading d55b66246180e9694caa04452f0375fe/p-eb2d28ac31e2c97dd63a6894758ee2d5f438b095-b5244b1c5bae0ae00a828489502626cd from 6c346977bf8b/172.17.0.2:6124
2025-10-22 18:42:12,090 INFO  org.apache.flink.runtime.taskexecutor.TaskExecutor           [] - Received task KEYED PROCESS -> Sink: Print to Std. Out (1/1)#0 (4219fd36901189d36acfbc3a064401eb_90bea66de1c231edf33913ecd54406c1_0_0), deploy into slot with allocation id 9fc6a0dd93e922655ad3bbc1674b06aa.
2025-10-22 18:42:12,096 INFO  org.apache.flink.runtime.taskmanager.Task                    [] - KEYED PROCESS -> Sink: Print to Std. Out (1/1)#0 (4219fd36901189d36acfbc3a064401eb_90bea66de1c231edf33913ecd54406c1_0_0) switched from CREATED to DEPLOYING.
2025-10-22 18:42:12,096 INFO  org.apache.flink.runtime.taskmanager.Task                    [] - Loading JAR files for task KEYED PROCESS -> Sink: Print to Std. Out (1/1)#0 (4219fd36901189d36acfbc3a064401eb_90bea66de1c231edf33913ecd54406c1_0_0) [DEPLOYING].
2025-10-22 18:42:12,400 INFO  org.apache.flink.streaming.runtime.tasks.StreamTask          [] - Loading state backend via factory org.apache.flink.state.rocksdb.EmbeddedRocksDBStateBackendFactory
2025-10-22 18:42:12,413 INFO  org.apache.flink.streaming.runtime.tasks.StreamTask          [] - Loading state backend via factory org.apache.flink.state.rocksdb.EmbeddedRocksDBStateBackendFactory
2025-10-22 18:42:12,423 INFO  org.apache.flink.state.rocksdb.EmbeddedRocksDBStateBackend   [] - Using predefined options: DEFAULT.
2025-10-22 18:42:12,424 INFO  org.apache.flink.state.rocksdb.EmbeddedRocksDBStateBackend   [] - Using predefined options: DEFAULT.
2025-10-22 18:42:12,434 INFO  org.apache.flink.runtime.state.StateBackendLoader            [] - State backend loader loads the state backend as EmbeddedRocksDBStateBackend
2025-10-22 18:42:12,434 INFO  org.apache.flink.runtime.state.StateBackendLoader            [] - State backend loader loads the state backend as EmbeddedRocksDBStateBackend
2025-10-22 18:42:12,437 INFO  org.apache.flink.streaming.runtime.tasks.StreamTask          [] - Checkpoint storage is set to 'filesystem': (checkpoints "file:/tmp/flink-checkpoints")
2025-10-22 18:42:12,438 INFO  org.apache.flink.streaming.runtime.tasks.StreamTask          [] - Checkpoint storage is set to 'filesystem': (checkpoints "file:/tmp/flink-checkpoints")
2025-10-22 18:42:12,451 INFO  org.apache.flink.runtime.taskmanager.Task                    [] - KEYED PROCESS -> Sink: Print to Std. Out (1/1)#0 (4219fd36901189d36acfbc3a064401eb_90bea66de1c231edf33913ecd54406c1_0_0) switched from DEPLOYING to INITIALIZING.
2025-10-22 18:42:12,452 INFO  org.apache.flink.runtime.taskmanager.Task                    [] - Source: Collection Source -> _stream_key_by_map_operator (1/1)#0 (4219fd36901189d36acfbc3a064401eb_cbc357ccb763df2852fee8c4fc7d55f2_0_0) switched from DEPLOYING to INITIALIZING.
2025-10-22 18:42:12,767 INFO  org.apache.flink.runtime.state.StateBackendLoader            [] - Loading state backend via factory org.apache.flink.state.rocksdb.EmbeddedRocksDBStateBackendFactory
2025-10-22 18:42:12,767 INFO  org.apache.flink.state.rocksdb.EmbeddedRocksDBStateBackend   [] - Using predefined options: DEFAULT.
2025-10-22 18:42:12,781 INFO  org.apache.flink.runtime.state.StateBackendLoader            [] - Loading state backend via factory org.apache.flink.state.rocksdb.EmbeddedRocksDBStateBackendFactory
2025-10-22 18:42:12,782 INFO  org.apache.flink.state.rocksdb.EmbeddedRocksDBStateBackend   [] - Using predefined options: DEFAULT.
2025-10-22 18:42:12,901 INFO  org.apache.flink.runtime.state.StateBackendLoader            [] - Loading state backend via factory org.apache.flink.state.rocksdb.EmbeddedRocksDBStateBackendFactory
2025-10-22 18:42:12,902 INFO  org.apache.flink.state.rocksdb.EmbeddedRocksDBStateBackend   [] - Using predefined options: DEFAULT.
2025-10-22 18:42:12,921 INFO  org.apache.flink.state.rocksdb.EmbeddedRocksDBStateBackend   [] - Attempting to load RocksDB native library and store it under '/tmp/tm_127.0.0.1:35201-8cea9b/tmp'
2025-10-22 18:42:12,973 INFO  org.apache.flink.streaming.api.operators.AbstractStreamOperator [] - The maximum bundle size is configured to 1000.
2025-10-22 18:42:12,976 INFO  org.apache.flink.streaming.api.operators.AbstractStreamOperator [] - The maximum bundle time is configured to 1000 milliseconds.
2025-10-22 18:42:13,280 INFO  org.apache.flink.state.rocksdb.EmbeddedRocksDBStateBackend   [] - Successfully loaded RocksDB native library
2025-10-22 18:42:13,294 INFO  org.apache.flink.state.rocksdb.EmbeddedRocksDBStateBackend   [] - Getting shared memory for RocksDB: shareScope=SLOT, managed=false
2025-10-22 18:42:13,319 INFO  org.apache.flink.state.rocksdb.EmbeddedRocksDBStateBackend   [] - Obtained shared RocksDB cache of size 375809644 bytes
2025-10-22 18:42:13,462 INFO  org.apache.flink.configuration.GlobalConfiguration           [] - Using standard YAML parser to load flink configuration file from /opt/flink/conf/config.yaml.
2025-10-22 18:42:13,464 INFO  org.apache.flink.state.rocksdb.sstmerge.RocksDBManualCompactionManager [] - Creating RocksDBManualCompactionManager with settings: RocksDBManualCompactionConfig{minInterval=0, maxManualCompactions=5, maxFileSizeToCompact=50 kb, minFilesToCompact=5, maxFilesToCompact=30, maxOutputFileSize=64 mb, maxAutoCompactions=30}
2025-10-22 18:42:13,467 INFO  org.apache.flink.state.rocksdb.RocksDBKeyedStateBackendBuilder [] - Finished building RocksDB keyed state-backend at /tmp/rocksdb/job_d55b66246180e9694caa04452f0375fe_op_ExternalPythonKeyedProcessOperator_90bea66de1c231edf33913ecd54406c1__1_1__uuid_1afd4dab-be62-4ae5-95fd-c277dbdbe450.
2025-10-22 18:42:13,475 INFO  org.apache.flink.configuration.GlobalConfiguration           [] - Loading configuration property: blob.server.port, 6124
2025-10-22 18:42:13,475 INFO  org.apache.flink.configuration.GlobalConfiguration           [] - Loading configuration property: taskmanager.memory.process.size, 1728m
2025-10-22 18:42:13,477 INFO  org.apache.flink.configuration.GlobalConfiguration           [] - Loading configuration property: taskmanager.bind-host, 0.0.0.0
2025-10-22 18:42:13,477 INFO  org.apache.flink.configuration.GlobalConfiguration           [] - Loading configuration property: jobmanager.execution.failover-strategy, region
2025-10-22 18:42:13,477 INFO  org.apache.flink.configuration.GlobalConfiguration           [] - Loading configuration property: jobmanager.rpc.address, 6c346977bf8b
2025-10-22 18:42:13,477 INFO  org.apache.flink.configuration.GlobalConfiguration           [] - Loading configuration property: execution.checkpointing.incremental, false
2025-10-22 18:42:13,477 INFO  org.apache.flink.configuration.GlobalConfiguration           [] - Loading configuration property: state.backend.rocksdb.localdir, /tmp/rocksdb
2025-10-22 18:42:13,479 INFO  org.apache.flink.configuration.GlobalConfiguration           [] - Loading configuration property: execution.target, remote
2025-10-22 18:42:13,479 INFO  org.apache.flink.configuration.GlobalConfiguration           [] - Loading configuration property: jobmanager.memory.process.size, 1600m
2025-10-22 18:42:13,479 INFO  org.apache.flink.configuration.GlobalConfiguration           [] - Loading configuration property: jobmanager.rpc.port, 6123
2025-10-22 18:42:13,479 INFO  org.apache.flink.configuration.GlobalConfiguration           [] - Loading configuration property: query.server.port, 6125
2025-10-22 18:42:13,479 INFO  org.apache.flink.configuration.GlobalConfiguration           [] - Loading configuration property: rest.bind-address, 0.0.0.0
2025-10-22 18:42:13,479 INFO  org.apache.flink.configuration.GlobalConfiguration           [] - Loading configuration property: jobmanager.bind-host, 0.0.0.0
2025-10-22 18:42:13,480 INFO  org.apache.flink.configuration.GlobalConfiguration           [] - Loading configuration property: execution.checkpointing.savepoint-dir, file:///tmp/flink-checkpoints
2025-10-22 18:42:13,480 INFO  org.apache.flink.configuration.GlobalConfiguration           [] - Loading configuration property: taskmanager.host, 127.0.0.1
2025-10-22 18:42:13,480 INFO  org.apache.flink.configuration.GlobalConfiguration           [] - Loading configuration property: execution.checkpointing.externalized-checkpoint-retention, RETAIN_ON_CANCELLATION
2025-10-22 18:42:13,481 INFO  org.apache.flink.configuration.GlobalConfiguration           [] - Loading configuration property: parallelism.default, 1
2025-10-22 18:42:13,481 INFO  org.apache.flink.configuration.GlobalConfiguration           [] - Loading configuration property: taskmanager.numberOfTaskSlots, 1
2025-10-22 18:42:13,481 INFO  org.apache.flink.configuration.GlobalConfiguration           [] - Loading configuration property: execution.checkpointing.local-backup.enabled, true
2025-10-22 18:42:13,481 INFO  org.apache.flink.configuration.GlobalConfiguration           [] - Loading configuration property: rest.address, 127.0.0.1
2025-10-22 18:42:13,482 INFO  org.apache.flink.configuration.GlobalConfiguration           [] - Loading configuration property: execution.state-recovery.ignore-unclaimed-state, true
2025-10-22 18:42:13,482 INFO  org.apache.flink.configuration.GlobalConfiguration           [] - Loading configuration property: execution.checkpointing.dir, file:///tmp/flink-checkpoints
2025-10-22 18:42:13,482 INFO  org.apache.flink.configuration.GlobalConfiguration           [] - Loading configuration property: env.java.opts.all, --add-exports=java.rmi/sun.rmi.registry=ALL-UNNAMED --add-exports=java.security.jgss/sun.security.krb5=ALL-UNNAMED --add-opens=java.base/java.lang=ALL-UNNAMED --add-opens=java.base/java.net=ALL-UNNAMED --add-opens=java.base/java.io=ALL-UNNAMED --add-opens=java.base/java.nio=ALL-UNNAMED --add-opens=java.base/sun.nio.ch=ALL-UNNAMED --add-opens=java.base/java.lang.reflect=ALL-UNNAMED --add-opens=java.base/java.text=ALL-UNNAMED --add-opens=java.base/java.time=ALL-UNNAMED --add-opens=java.base/java.util=ALL-UNNAMED --add-opens=java.base/java.util.concurrent=ALL-UNNAMED --add-opens=java.base/java.util.concurrent.atomic=ALL-UNNAMED --add-opens=java.base/java.util.concurrent.locks=ALL-UNNAMED
2025-10-22 18:42:13,484 INFO  org.apache.flink.configuration.GlobalConfiguration           [] - Loading configuration property: state.backend.type, rocksdb
2025-10-22 18:42:13,497 INFO  org.apache.flink.runtime.state.StateBackendLoader            [] - Loading state backend via factory org.apache.flink.state.rocksdb.EmbeddedRocksDBStateBackendFactory
2025-10-22 18:42:13,499 INFO  org.apache.flink.state.rocksdb.EmbeddedRocksDBStateBackend   [] - Using predefined options: DEFAULT.
2025-10-22 18:42:13,542 INFO  org.apache.flink.streaming.api.operators.AbstractStreamOperator [] - The maximum bundle size is configured to 1000.
2025-10-22 18:42:13,542 INFO  org.apache.flink.streaming.api.operators.AbstractStreamOperator [] - The maximum bundle time is configured to 1000 milliseconds.
2025-10-22 18:42:13,547 INFO  org.apache.flink.runtime.state.StateBackendLoader            [] - Loading state backend via factory org.apache.flink.state.rocksdb.EmbeddedRocksDBStateBackendFactory
2025-10-22 18:42:13,551 INFO  org.apache.flink.state.rocksdb.EmbeddedRocksDBStateBackend   [] - Using predefined options: DEFAULT.
2025-10-22 18:42:13,580 INFO  org.apache.flink.python.env.AbstractPythonEnvironmentManager [] - PYTHONPATH of python worker: null
2025-10-22 18:42:13,580 INFO  org.apache.flink.python.env.AbstractPythonEnvironmentManager [] - Python interpreter path: /app/.venv/bin/python
2025-10-22 18:42:14,710 INFO  org.apache.flink.streaming.api.runners.python.beam.BeamPythonFunctionRunner [] - Obtained shared Python process of size 161061276 bytes
2025-10-22 18:42:14,710 INFO  org.apache.flink.streaming.api.runners.python.beam.BeamPythonFunctionRunner [] - Obtained shared Python process of size 161061276 bytes
2025-10-22 18:42:18,539 INFO  org.apache.beam.runners.fnexecution.logging.GrpcLoggingService [] - Beam Fn Logging client connected.
2025-10-22 18:42:18,550 INFO  /app/.venv/lib/python3.9/site-packages/apache_beam/runners/worker/sdk_worker_main.py:84 [] - Logging handler created.
2025-10-22 18:42:18,550 INFO  /app/.venv/lib/python3.9/site-packages/apache_beam/runners/worker/sdk_worker_main.py:110 [] - semi_persistent_directory: /tmp
2025-10-22 18:42:18,551 WARN  /app/.venv/lib/python3.9/site-packages/apache_beam/runners/worker/sdk_worker_main.py:356 [] - No session file found: /tmp/staged/pickled_main_session. Functions defined in __main__ (interactive session) may fail. 
2025-10-22 18:42:18,551 WARN  /app/.venv/lib/python3.9/site-packages/apache_beam/options/pipeline_options.py:394 [] - Discarding unparseable args: ['--options_id=1.0', '--app_name=BeamPythonFunctionRunner'] 
2025-10-22 18:42:18,551 INFO  /app/.venv/lib/python3.9/site-packages/apache_beam/runners/worker/sdk_worker_main.py:134 [] - Pipeline_options: {'experiments': ['state_cache_size=1000']}
2025-10-22 18:42:18,556 INFO  /app/.venv/lib/python3.9/site-packages/apache_beam/runners/worker/statecache.py:214 [] - Creating state cache with size 1000
2025-10-22 18:42:18,557 INFO  /app/.venv/lib/python3.9/site-packages/apache_beam/runners/worker/sdk_worker.py:189 [] - Creating insecure control channel for localhost:37605.
2025-10-22 18:42:18,558 INFO  /app/.venv/lib/python3.9/site-packages/apache_beam/runners/worker/sdk_worker.py:197 [] - Control channel established.
2025-10-22 18:42:18,562 INFO  /app/.venv/lib/python3.9/site-packages/apache_beam/runners/worker/sdk_worker.py:247 [] - Initializing SDKHarness with unbounded number of workers.
2025-10-22 18:42:18,565 INFO  org.apache.beam.runners.fnexecution.control.FnApiControlClientPoolService [] - Beam Fn Control client connected with id 1-1
2025-10-22 18:42:18,566 INFO  /app/.venv/lib/python3.9/site-packages/apache_beam/runners/worker/sdk_worker_main.py:211 [] - Python sdk harness starting.
2025-10-22 18:42:18,640 INFO  org.apache.flink.runtime.state.StateBackendLoader            [] - Loading state backend via factory org.apache.flink.state.rocksdb.EmbeddedRocksDBStateBackendFactory
2025-10-22 18:42:18,641 INFO  org.apache.flink.state.rocksdb.EmbeddedRocksDBStateBackend   [] - Using predefined options: DEFAULT.
2025-10-22 18:42:18,658 INFO  org.apache.flink.runtime.taskmanager.Task                    [] - KEYED PROCESS -> Sink: Print to Std. Out (1/1)#0 (4219fd36901189d36acfbc3a064401eb_90bea66de1c231edf33913ecd54406c1_0_0) switched from INITIALIZING to RUNNING.
2025-10-22 18:42:18,661 INFO  org.apache.flink.runtime.taskmanager.Task                    [] - Source: Collection Source -> _stream_key_by_map_operator (1/1)#0 (4219fd36901189d36acfbc3a064401eb_cbc357ccb763df2852fee8c4fc7d55f2_0_0) switched from INITIALIZING to RUNNING.
2025-10-22 18:42:18,709 INFO  org.apache.beam.runners.fnexecution.control.FnApiControlClientPoolService [] - getProcessBundleDescriptor request with id 1-3
2025-10-22 18:42:18,718 INFO  /app/.venv/lib/python3.9/site-packages/apache_beam/runners/worker/sdk_worker.py:919 [] - Creating insecure state channel for localhost:35887.
2025-10-22 18:42:18,719 INFO  /app/.venv/lib/python3.9/site-packages/apache_beam/runners/worker/sdk_worker.py:926 [] - State channel established.
2025-10-22 18:42:18,724 INFO  /app/.venv/lib/python3.9/site-packages/apache_beam/runners/worker/data_plane.py:822 [] - Creating client data channel for localhost:38195
2025-10-22 18:42:18,727 INFO  org.apache.beam.runners.fnexecution.data.GrpcDataService     [] - Beam Fn Data client connected.
2025-10-22 18:42:18,865 INFO  org.apache.beam.runners.fnexecution.control.FnApiControlClientPoolService [] - getProcessBundleDescriptor request with id 1-2
2025-10-22 18:42:53,869 INFO  org.apache.flink.runtime.taskmanager.Task                    [] - Source: Collection Source -> _stream_key_by_map_operator (1/1)#0 (4219fd36901189d36acfbc3a064401eb_cbc357ccb763df2852fee8c4fc7d55f2_0_0) switched from RUNNING to FINISHED.
2025-10-22 18:42:53,869 INFO  org.apache.flink.runtime.taskmanager.Task                    [] - Freeing task resources for Source: Collection Source -> _stream_key_by_map_operator (1/1)#0 (4219fd36901189d36acfbc3a064401eb_cbc357ccb763df2852fee8c4fc7d55f2_0_0).
2025-10-22 18:42:53,874 INFO  org.apache.flink.runtime.taskexecutor.TaskExecutor           [] - Un-registering task and sending final execution state FINISHED to JobManager for task Source: Collection Source -> _stream_key_by_map_operator (1/1)#0 4219fd36901189d36acfbc3a064401eb_cbc357ccb763df2852fee8c4fc7d55f2_0_0.
2025-10-22 18:42:53,921 INFO  org.apache.beam.runners.fnexecution.control.DefaultJobBundleFactory [] - Closing environment urn: "beam:env:process:v1"
payload: "\032H/app/.venv/lib/python3.9/site-packages/pyflink/bin/pyflink-udf-runner.sh\"Z\n\rFLINK_TGZ_URL\022Ihttps://dlcdn.apache.org/flink/flink-2.1.0/flink-2.1.0-bin-scala_2.12.tgz\"i\n\004PATH\022a/opt/flink/bin:/opt/java/openjdk/bin:/usr/local/sbin:/usr/local/bin:/usr/sbin:/usr/bin:/sbin:/bin\"&\n\bJAVA_RUN\022\032/opt/java/openjdk/bin/java\" \n\025TABLE_LOCAL_TIME_ZONE\022\aEtc/UTC\"\026\n\016ROOT_LOG_LEVEL\022\004INFO\"\036\n\tJAVA_HOME\022\021/opt/java/openjdk\"$\n\031PYFLINK_CLIENT_EXECUTABLE\022\apython3\"\021\n\tCHECK_GPG\022\004true\"\'\n\021FLINK_PLUGINS_DIR\022\022/opt/flink/plugins\"3\n\aGPG_KEY\022(7A14EF9AD986EF0D56B2E73F6AF817E6C59EC690\"\023\n\004LANG\022\ven_US.UTF-8\"E\n\fBOOT_LOG_DIR\0225/tmp/python-dist-bea2084d-0983-46c2-85ca-d16c7f2f050e\"!\n\016FLINK_CONF_DIR\022\017/opt/flink/conf\"\356\005\n\023FLINK_ENV_JAVA_OPTS\022\326\005-XX:+IgnoreUnrecognizedVMOptions --add-exports=java.rmi/sun.rmi.registry=ALL-UNNAMED --add-exports=java.security.jgss/sun.security.krb5=ALL-UNNAMED --add-opens=java.base/java.lang=ALL-UNNAMED --add-opens=java.base/java.net=ALL-UNNAMED --add-opens=java.base/java.io=ALL-UNNAMED --add-opens=java.base/java.nio=ALL-UNNAMED --add-opens=java.base/sun.nio.ch=ALL-UNNAMED --add-opens=java.base/java.lang.reflect=ALL-UNNAMED --add-opens=java.base/java.text=ALL-UNNAMED --add-opens=java.base/java.time=ALL-UNNAMED --add-opens=java.base/java.util=ALL-UNNAMED --add-opens=java.base/java.util.concurrent=ALL-UNNAMED --add-opens=java.base/java.util.concurrent.atomic=ALL-UNNAMED --add-opens=java.base/java.util.concurrent.locks=ALL-UNNAMED\"(\n\033_PYTHON_WORKER_MEMORY_LIMIT\022\t161061276\"b\n\rFLINK_ASC_URL\022Qhttps://downloads.apache.org/flink/flink-2.1.0/flink-2.1.0-bin-scala_2.12.tgz.asc\"\035\n\fJAVA_VERSION\022\rjdk-17.0.16+8\"\v\n\003PWD\022\004/app\"\037\n\001_\022\032/opt/java/openjdk/bin/java\"\024\n\bLANGUAGE\022\ben_US:en\"\037\n\rFLINK_OPT_DIR\022\016/opt/flink/opt\"\037\n\006python\022\025/app/.venv/bin/python\"\035\n\rXDG_DATA_HOME\022\f/opt/uv/data\"\030\n\nFLINK_HOME\022\n/opt/flink\" \n\030PYFLINK_GATEWAY_DISABLED\022\004true\"\031\n\023MAX_LOG_FILE_NUMBER\022\00210\"\037\n\rFLINK_LIB_DIR\022\016/opt/flink/lib\"\025\n\020PIP_NO_CACHE_DIR\022\0011\"\333\004\n\022DYNAMIC_PARAMETERS\022\304\004-D taskmanager.memory.network.min=134217730b -D taskmanager.cpu.cores=1.0 -D taskmanager.memory.task.off-heap.size=0b -D taskmanager.memory.jvm-metaspace.size=268435456b -D external-resources=none -D taskmanager.memory.jvm-overhead.min=201326592b -D taskmanager.memory.framework.off-heap.size=134217728b -D taskmanager.memory.network.max=134217730b -D taskmanager.memory.framework.heap.size=134217728b -D taskmanager.memory.managed.size=536870920b -D taskmanager.memory.task.heap.size=402653174b -D taskmanager.numberOfTaskSlots=1 -D taskmanager.memory.jvm-overhead.max=201326592b\"\034\n\027PYTHONDONTWRITEBYTECODE\022\0011\"\246$\n\024FLINK_INHERITED_LOGS\022\215$\n\n\nRESOURCE_PARAMS extraction logs:\njvm_params: -Xmx536870902 -Xms536870902 -XX:MaxDirectMemorySize=268435458 -XX:MaxMetaspaceSize=268435456\ndynamic_configs: -D taskmanager.memory.network.min=134217730b -D taskmanager.cpu.cores=1.0 -D taskmanager.memory.task.off-heap.size=0b -D taskmanager.memory.jvm-metaspace.size=268435456b -D external-resources=none -D taskmanager.memory.jvm-overhead.min=201326592b -D taskmanager.memory.framework.off-heap.size=134217728b -D taskmanager.memory.network.max=134217730b -D taskmanager.memory.framework.heap.size=134217728b -D taskmanager.memory.managed.size=536870920b -D taskmanager.memory.task.heap.size=402653174b -D taskmanager.numberOfTaskSlots=1 -D taskmanager.memory.jvm-overhead.max=201326592b\nlogs: INFO  [] - Using standard YAML parser to load flink configuration file from /opt/flink/conf/config.yaml.\nINFO  [] - Loading configuration property: blob.server.port, 6124\nINFO  [] - Loading configuration property: taskmanager.memory.process.size, 1728m\nINFO  [] - Loading configuration property: taskmanager.bind-host, 0.0.0.0\nINFO  [] - Loading configuration property: jobmanager.execution.failover-strategy, region\nINFO  [] - Loading configuration property: jobmanager.rpc.address, 6c346977bf8b\nINFO  [] - Loading configuration property: execution.checkpointing.incremental, false\nINFO  [] - Loading configuration property: state.backend.rocksdb.localdir, /tmp/rocksdb\nINFO  [] - Loading configuration property: execution.target, remote\nINFO  [] - Loading configuration property: jobmanager.memory.process.size, 1600m\nINFO  [] - Loading configuration property: jobmanager.rpc.port, 6123\nINFO  [] - Loading configuration property: query.server.port, 6125\nINFO  [] - Loading configuration property: rest.bind-address, 0.0.0.0\nINFO  [] - Loading configuration property: jobmanager.bind-host, 0.0.0.0\nINFO  [] - Loading configuration property: execution.checkpointing.savepoint-dir, file:///tmp/flink-checkpoints\nINFO  [] - Loading configuration property: taskmanager.host, 127.0.0.1\nINFO  [] - Loading configuration property: execution.checkpointing.externalized-checkpoint-retention, RETAIN_ON_CANCELLATION\nINFO  [] - Loading configuration property: parallelism.default, 1\nINFO  [] - Loading configuration property: taskmanager.numberOfTaskSlots, 1\nINFO  [] - Loading configuration property: execution.checkpointing.local-backup.enabled, true\nINFO  [] - Loading configuration property: rest.address, 127.0.0.1\nINFO  [] - Loading configuration property: execution.state-recovery.ignore-unclaimed-state, true\nINFO  [] - Loading configuration property: execution.checkpointing.dir, file:///tmp/flink-checkpoints\nINFO  [] - Loading configuration property: env.java.opts.all, --add-exports=java.rmi/sun.rmi.registry=ALL-UNNAMED --add-exports=java.security.jgss/sun.security.krb5=ALL-UNNAMED --add-opens=java.base/java.lang=ALL-UNNAMED --add-opens=java.base/java.net=ALL-UNNAMED --add-opens=java.base/java.io=ALL-UNNAMED --add-opens=java.base/java.nio=ALL-UNNAMED --add-opens=java.base/sun.nio.ch=ALL-UNNAMED --add-opens=java.base/java.lang.reflect=ALL-UNNAMED --add-opens=java.base/java.text=ALL-UNNAMED --add-opens=java.base/java.time=ALL-UNNAMED --add-opens=java.base/java.util=ALL-UNNAMED --add-opens=java.base/java.util.concurrent=ALL-UNNAMED --add-opens=java.base/java.util.concurrent.atomic=ALL-UNNAMED --add-opens=java.base/java.util.concurrent.locks=ALL-UNNAMED\nINFO  [] - Loading configuration property: state.backend.type, rocksdb\nINFO  [] - The derived from fraction jvm overhead memory (172.800mb (181193935 bytes)) is less than its min value 192.000mb (201326592 bytes), min value will be used instead\nINFO  [] - Final TaskExecutor Memory configuration:\nINFO  [] -   Total Process Memory:          1.688gb (1811939328 bytes)\nINFO  [] -     Total Flink Memory:          1.250gb (1342177280 bytes)\nINFO  [] -       Total JVM Heap Memory:     512.000mb (536870902 bytes)\nINFO  [] -         Framework:               128.000mb (134217728 bytes)\nINFO  [] -         Task:                    384.000mb (402653174 bytes)\nINFO  [] -       Total Off-heap Memory:     768.000mb (805306378 bytes)\nINFO  [] -         Managed:                 512.000mb (536870920 bytes)\nINFO  [] -         Total JVM Direct Memory: 256.000mb (268435458 bytes)\nINFO  [] -           Framework:             128.000mb (134217728 bytes)\nINFO  [] -           Task:                  0 bytes\nINFO  [] -           Network:               128.000mb (134217730 bytes)\nINFO  [] -     JVM Metaspace:               256.000mb (268435456 bytes)\nINFO  [] -     JVM Overhead:                192.000mb (201326592 bytes)\n\"\024\n\fGOSU_VERSION\022\0041.11\"\025\n\020PYTHONUNBUFFERED\022\0011\"\030\n\bHOSTNAME\022\f6c346977bf8b\"\025\n\006LC_ALL\022\ven_US.UTF-8\"i\n\bJVM_ARGS\022] -Xmx536870902 -Xms536870902 -XX:MaxDirectMemorySize=268435458 -XX:MaxMetaspaceSize=268435456\"7\n\nLD_PRELOAD\022):/usr/lib/x86_64-linux-gnu/libjemalloc.so\"\n\n\005SHLVL\022\0013\"\022\n\004HOME\022\n/opt/flink\"\037\n\rFLINK_BIN_DIR\022\016/opt/flink/bin"

2025-10-22 18:42:53,930 INFO  org.apache.beam.runners.fnexecution.logging.GrpcLoggingService [] - 1 Beam Fn Logging clients still connected during shutdown.
2025-10-22 18:42:53,946 INFO  org.apache.beam.sdk.fn.data.BeamFnDataGrpcMultiplexer        [] - Hanged up for unknown endpoint.
2025-10-22 18:42:53,944 INFO  org.apache.beam.sdk.fn.data.BeamFnDataGrpcMultiplexer        [] - Hanged up for unknown endpoint.
2025-10-22 18:42:54,034 INFO  org.apache.flink.state.rocksdb.RocksDBResourceContainer      [] - Cleaning up relocated RocksDB logs: /opt/flink/log.
2025-10-22 18:42:54,044 INFO  org.apache.flink.state.rocksdb.RocksDBKeyedStateBackend      [] - Closed RocksDB State Backend. Cleaning up RocksDB working directory /tmp/rocksdb/job_d55b66246180e9694caa04452f0375fe_op_ExternalPythonKeyedProcessOperator_90bea66de1c231edf33913ecd54406c1__1_1__uuid_1afd4dab-be62-4ae5-95fd-c277dbdbe450.
2025-10-22 18:42:54,049 INFO  org.apache.flink.runtime.taskmanager.Task                    [] - KEYED PROCESS -> Sink: Print to Std. Out (1/1)#0 (4219fd36901189d36acfbc3a064401eb_90bea66de1c231edf33913ecd54406c1_0_0) switched from RUNNING to FINISHED.
2025-10-22 18:42:54,050 INFO  org.apache.flink.runtime.taskmanager.Task                    [] - Ignoring checkpoint ABORT notification for non-running task KEYED PROCESS -> Sink: Print to Std. Out (1/1)#0.
2025-10-22 18:42:54,050 INFO  org.apache.flink.runtime.taskmanager.Task                    [] - Freeing task resources for KEYED PROCESS -> Sink: Print to Std. Out (1/1)#0 (4219fd36901189d36acfbc3a064401eb_90bea66de1c231edf33913ecd54406c1_0_0).
2025-10-22 18:42:54,053 INFO  org.apache.flink.runtime.taskexecutor.TaskExecutor           [] - Un-registering task and sending final execution state FINISHED to JobManager for task KEYED PROCESS -> Sink: Print to Std. Out (1/1)#0 4219fd36901189d36acfbc3a064401eb_90bea66de1c231edf33913ecd54406c1_0_0.
2025-10-22 18:42:54,258 INFO  org.apache.flink.runtime.taskexecutor.slot.TaskSlotTableImpl [] - Free slot TaskSlot(index:1, state:ACTIVE, resource profile: ResourceProfile{cpuCores=1, taskHeapMemory=384.000mb (402653174 bytes), taskOffHeapMemory=0 bytes, managedMemory=512.000mb (536870920 bytes), networkMemory=128.000mb (134217730 bytes)}, allocationId: 9fc6a0dd93e922655ad3bbc1674b06aa, jobId: d55b66246180e9694caa04452f0375fe).
2025-10-22 18:42:54,269 INFO  org.apache.flink.runtime.taskexecutor.DefaultJobLeaderService [] - Remove job d55b66246180e9694caa04452f0375fe from job leader monitoring.
2025-10-22 18:42:54,273 INFO  org.apache.flink.runtime.taskexecutor.TaskExecutor           [] - Close JobManager connection for job d55b66246180e9694caa04452f0375fe.
2025-10-22 18:42:57,492 INFO  org.apache.flink.runtime.taskexecutor.TaskExecutor           [] - Receive slot request 0c49e658383a14a6024e343677be9256 for job 9aa1476cdfa59136b334ea49ad32fcd1 from resource manager with leader id 00000000000000000000000000000000.
2025-10-22 18:42:57,493 INFO  org.apache.flink.runtime.taskexecutor.slot.TaskSlotTableImpl [] - Allocated slot for 0c49e658383a14a6024e343677be9256 with resources ResourceProfile{cpuCores=1, taskHeapMemory=384.000mb (402653174 bytes), taskOffHeapMemory=0 bytes, managedMemory=512.000mb (536870920 bytes), networkMemory=128.000mb (134217730 bytes)}.
2025-10-22 18:42:57,497 INFO  org.apache.flink.runtime.taskexecutor.DefaultJobLeaderService [] - Add job 9aa1476cdfa59136b334ea49ad32fcd1 for job leader monitoring.
2025-10-22 18:42:57,497 INFO  org.apache.flink.runtime.taskexecutor.DefaultJobLeaderService [] - Try to register at job manager pekko.tcp://flink@6c346977bf8b:6123/user/rpc/jobmanager_3 with leader id 00000000-0000-0000-0000-000000000000.
2025-10-22 18:42:57,514 INFO  org.apache.flink.runtime.taskexecutor.DefaultJobLeaderService [] - Resolved JobManager address, beginning registration
2025-10-22 18:42:57,534 INFO  org.apache.flink.runtime.taskexecutor.DefaultJobLeaderService [] - Successful registration at job manager pekko.tcp://flink@6c346977bf8b:6123/user/rpc/jobmanager_3 for job 9aa1476cdfa59136b334ea49ad32fcd1.
2025-10-22 18:42:57,536 INFO  org.apache.flink.runtime.taskexecutor.TaskExecutor           [] - Establish JobManager connection for job 9aa1476cdfa59136b334ea49ad32fcd1.
2025-10-22 18:42:57,537 INFO  org.apache.flink.runtime.taskexecutor.TaskExecutor           [] - Offer reserved slots to the leader of job 9aa1476cdfa59136b334ea49ad32fcd1.
2025-10-22 18:42:57,568 INFO  org.apache.flink.runtime.taskexecutor.slot.TaskSlotTableImpl [] - Activate slot 0c49e658383a14a6024e343677be9256.
2025-10-22 18:42:57,573 INFO  org.apache.flink.runtime.state.changelog.StateChangelogStorageLoader [] - Creating a changelog storage with name 'memory'.
2025-10-22 18:42:57,576 INFO  org.apache.flink.runtime.state.TaskExecutorChannelStateExecutorFactoryManager [] - Creating the channel state executor factory for job id 9aa1476cdfa59136b334ea49ad32fcd1
2025-10-22 18:42:57,576 INFO  org.apache.flink.runtime.taskexecutor.TaskExecutor           [] - Received task Source: Collection Source -> _stream_key_by_map_operator (1/1)#0 (0fcfd89977c93ca93fee80062a3611f3_cbc357ccb763df2852fee8c4fc7d55f2_0_0), deploy into slot with allocation id 0c49e658383a14a6024e343677be9256.
2025-10-22 18:42:57,581 INFO  org.apache.flink.runtime.taskexecutor.slot.TaskSlotTableImpl [] - Activate slot 0c49e658383a14a6024e343677be9256.
2025-10-22 18:42:57,581 INFO  org.apache.flink.runtime.taskexecutor.slot.TaskSlotTableImpl [] - Activate slot 0c49e658383a14a6024e343677be9256.
2025-10-22 18:42:57,581 INFO  org.apache.flink.runtime.taskmanager.Task                    [] - Source: Collection Source -> _stream_key_by_map_operator (1/1)#0 (0fcfd89977c93ca93fee80062a3611f3_cbc357ccb763df2852fee8c4fc7d55f2_0_0) switched from CREATED to DEPLOYING.
2025-10-22 18:42:57,584 INFO  org.apache.flink.runtime.taskmanager.Task                    [] - Loading JAR files for task Source: Collection Source -> _stream_key_by_map_operator (1/1)#0 (0fcfd89977c93ca93fee80062a3611f3_cbc357ccb763df2852fee8c4fc7d55f2_0_0) [DEPLOYING].
2025-10-22 18:42:57,584 INFO  org.apache.flink.runtime.blob.BlobClient                     [] - Downloading 9aa1476cdfa59136b334ea49ad32fcd1/p-eb2d28ac31e2c97dd63a6894758ee2d5f438b095-397a1668350eaf3fbb9c3a5f44b9fd17 from 6c346977bf8b/172.17.0.2:6124
2025-10-22 18:42:57,589 INFO  org.apache.flink.runtime.taskexecutor.TaskExecutor           [] - Received task KEYED PROCESS -> Sink: Print to Std. Out (1/1)#0 (0fcfd89977c93ca93fee80062a3611f3_90bea66de1c231edf33913ecd54406c1_0_0), deploy into slot with allocation id 0c49e658383a14a6024e343677be9256.
2025-10-22 18:42:57,590 INFO  org.apache.flink.runtime.taskmanager.Task                    [] - KEYED PROCESS -> Sink: Print to Std. Out (1/1)#0 (0fcfd89977c93ca93fee80062a3611f3_90bea66de1c231edf33913ecd54406c1_0_0) switched from CREATED to DEPLOYING.
2025-10-22 18:42:57,591 INFO  org.apache.flink.runtime.taskmanager.Task                    [] - Loading JAR files for task KEYED PROCESS -> Sink: Print to Std. Out (1/1)#0 (0fcfd89977c93ca93fee80062a3611f3_90bea66de1c231edf33913ecd54406c1_0_0) [DEPLOYING].
2025-10-22 18:42:57,685 INFO  org.apache.flink.streaming.runtime.tasks.StreamTask          [] - Loading state backend via factory org.apache.flink.state.rocksdb.EmbeddedRocksDBStateBackendFactory
2025-10-22 18:42:57,688 INFO  org.apache.flink.state.rocksdb.EmbeddedRocksDBStateBackend   [] - Using predefined options: DEFAULT.
2025-10-22 18:42:57,691 INFO  org.apache.flink.runtime.state.StateBackendLoader            [] - State backend loader loads the state backend as EmbeddedRocksDBStateBackend
2025-10-22 18:42:57,694 INFO  org.apache.flink.streaming.runtime.tasks.StreamTask          [] - Checkpoint storage is set to 'filesystem': (checkpoints "file:/tmp/flink-checkpoints")
2025-10-22 18:42:57,694 INFO  org.apache.flink.runtime.taskmanager.Task                    [] - KEYED PROCESS -> Sink: Print to Std. Out (1/1)#0 (0fcfd89977c93ca93fee80062a3611f3_90bea66de1c231edf33913ecd54406c1_0_0) switched from DEPLOYING to INITIALIZING.
2025-10-22 18:42:57,722 INFO  org.apache.flink.streaming.runtime.tasks.StreamTask          [] - Loading state backend via factory org.apache.flink.state.rocksdb.EmbeddedRocksDBStateBackendFactory
2025-10-22 18:42:57,726 INFO  org.apache.flink.state.rocksdb.EmbeddedRocksDBStateBackend   [] - Using predefined options: DEFAULT.
2025-10-22 18:42:57,732 INFO  org.apache.flink.runtime.state.StateBackendLoader            [] - State backend loader loads the state backend as EmbeddedRocksDBStateBackend
2025-10-22 18:42:57,733 INFO  org.apache.flink.streaming.runtime.tasks.StreamTask          [] - Checkpoint storage is set to 'filesystem': (checkpoints "file:/tmp/flink-checkpoints")
2025-10-22 18:42:57,733 INFO  org.apache.flink.runtime.taskmanager.Task                    [] - Source: Collection Source -> _stream_key_by_map_operator (1/1)#0 (0fcfd89977c93ca93fee80062a3611f3_cbc357ccb763df2852fee8c4fc7d55f2_0_0) switched from DEPLOYING to INITIALIZING.
2025-10-22 18:42:57,760 INFO  org.apache.flink.runtime.state.StateBackendLoader            [] - Loading state backend via factory org.apache.flink.state.rocksdb.EmbeddedRocksDBStateBackendFactory
2025-10-22 18:42:57,761 INFO  org.apache.flink.state.rocksdb.EmbeddedRocksDBStateBackend   [] - Using predefined options: DEFAULT.
2025-10-22 18:42:57,771 INFO  org.apache.flink.runtime.state.StateBackendLoader            [] - Loading state backend via factory org.apache.flink.state.rocksdb.EmbeddedRocksDBStateBackendFactory
2025-10-22 18:42:57,772 INFO  org.apache.flink.state.rocksdb.EmbeddedRocksDBStateBackend   [] - Using predefined options: DEFAULT.
2025-10-22 18:42:57,779 INFO  org.apache.flink.streaming.api.operators.AbstractStreamOperator [] - The maximum bundle size is configured to 1000.
2025-10-22 18:42:57,780 INFO  org.apache.flink.streaming.api.operators.AbstractStreamOperator [] - The maximum bundle time is configured to 1000 milliseconds.
2025-10-22 18:42:57,780 INFO  org.apache.flink.runtime.state.StateBackendLoader            [] - Loading state backend via factory org.apache.flink.state.rocksdb.EmbeddedRocksDBStateBackendFactory
2025-10-22 18:42:57,781 INFO  org.apache.flink.state.rocksdb.EmbeddedRocksDBStateBackend   [] - Using predefined options: DEFAULT.
2025-10-22 18:42:57,786 INFO  org.apache.flink.state.rocksdb.EmbeddedRocksDBStateBackend   [] - Getting shared memory for RocksDB: shareScope=SLOT, managed=false
2025-10-22 18:42:57,786 INFO  org.apache.flink.state.rocksdb.EmbeddedRocksDBStateBackend   [] - Obtained shared RocksDB cache of size 375809644 bytes
2025-10-22 18:42:57,812 INFO  org.apache.flink.state.rocksdb.restore.RocksDBIncrementalRestoreOperation [] - Starting RocksDB incremental recovery in operator ExternalPythonKeyedProcessOperator_90bea66de1c231edf33913ecd54406c1_(1/1) target key-group range [0, 127]. Use IngestDB=false, Use AsyncCompaction=false, State Handles=[IncrementalRemoteKeyedStateHandle{privateState=[HandleAndLocalPath{handle=ByteStreamStateHandle{handleName='file:/tmp/flink-checkpoints/savepoint-d55b66-5dd7c6a602b3/77dcb399-9d29-4dc5-8074-d24aec995026', dataBytes=636}, localPath='MANIFEST-000005'}, HandleAndLocalPath{handle=ByteStreamStateHandle{handleName='file:/tmp/flink-checkpoints/savepoint-d55b66-5dd7c6a602b3/3d3097a5-e895-4824-a13b-df989a9fbbba', dataBytes=16}, localPath='CURRENT'}, HandleAndLocalPath{handle=RelativeFileStateHandle State: file:/tmp/flink-checkpoints/savepoint-d55b66-5dd7c6a602b3/2d54b599-b039-41b5-b79d-f14fae4d665b, 2d54b599-b039-41b5-b79d-f14fae4d665b [21296 bytes], localPath='OPTIONS-000013'}, HandleAndLocalPath{handle=RelativeFileStateHandle State: file:/tmp/flink-checkpoints/savepoint-d55b66-5dd7c6a602b3/46117416-97ac-4b25-8569-9da7957b0f74, 46117416-97ac-4b25-8569-9da7957b0f74 [116035 bytes], localPath='000015.sst'}, HandleAndLocalPath{handle=RelativeFileStateHandle State: file:/tmp/flink-checkpoints/savepoint-d55b66-5dd7c6a602b3/6c62c322-7d53-45c0-8e23-59a73465b646, 6c62c322-7d53-45c0-8e23-59a73465b646 [58176 bytes], localPath='000014.sst'}], persistedSizeOfThisCheckpoint=197756, registered=false} AbstractIncrementalStateHandle{checkpointId=2, backendIdentifier=4b7bc72f-16af-4db7-bab6-6d35e6391d46, keyGroupRange=KeyGroupRange{startKeyGroup=0, endKeyGroup=127}, sharedState=[], metaStateHandle=ByteStreamStateHandle{handleName='file:/tmp/flink-checkpoints/savepoint-d55b66-5dd7c6a602b3/77a6f4fc-000b-4538-a296-696651d5b8f8', dataBytes=1597}, stateHandleId=196438fe-e742-496c-aee9-86c20d1a54f4}]
2025-10-22 18:42:57,817 INFO  org.apache.flink.state.rocksdb.restore.RocksDBIncrementalRestoreOperation [] - Start downloading remote state to local directory in operator ExternalPythonKeyedProcessOperator_90bea66de1c231edf33913ecd54406c1_(1/1) for target key-group range [0, 127].
2025-10-22 18:42:57,833 INFO  org.apache.flink.state.rocksdb.restore.RocksDBIncrementalRestoreOperation [] - Finished downloading remote state to local directory in operator ExternalPythonKeyedProcessOperator_90bea66de1c231edf33913ecd54406c1_(1/1) for target key-group range [0, 127].
2025-10-22 18:42:57,834 INFO  org.apache.flink.state.rocksdb.restore.RocksDBIncrementalRestoreOperation [] - Starting opening base RocksDB instance in operator ExternalPythonKeyedProcessOperator_90bea66de1c231edf33913ecd54406c1_(1/1) with target key-group range [0, 127] from state handle IncrementalLocalKeyedStateHandle{directoryStateHandle=DirectoryStateHandle{directory='/tmp/rocksdb/job_9aa1476cdfa59136b334ea49ad32fcd1_op_ExternalPythonKeyedProcessOperator_90bea66de1c231edf33913ecd54406c1__1_1__uuid_29f50426-4cd0-4937-bcd7-3e7854f9bc50/530aabd9-3518-408e-a28c-6391d9b519d6', directorySize=197756}} AbstractIncrementalStateHandle{checkpointId=2, backendIdentifier=4b7bc72f-16af-4db7-bab6-6d35e6391d46, keyGroupRange=KeyGroupRange{startKeyGroup=0, endKeyGroup=127}, sharedState=[], metaStateHandle=ByteStreamStateHandle{handleName='file:/tmp/flink-checkpoints/savepoint-d55b66-5dd7c6a602b3/77a6f4fc-000b-4538-a296-696651d5b8f8', dataBytes=1597}, stateHandleId=b7dd4a67-cb4e-43a4-ab17-4c60fd6e5db9}.
2025-10-22 18:42:57,877 WARN  org.apache.flink.state.rocksdb.RocksDBKeyedStateBackendBuilder [] - Failed to build RocksDB state backend
java.io.IOException: Error while opening RocksDB instance.
	at org.apache.flink.state.rocksdb.RocksDBOperationUtils.openDB(RocksDBOperationUtils.java:101) ~[flink-dist-2.1.0.jar:2.1.0]
	at org.apache.flink.state.rocksdb.restore.RocksDBHandle.loadDb(RocksDBHandle.java:141) ~[flink-dist-2.1.0.jar:2.1.0]
	at org.apache.flink.state.rocksdb.restore.RocksDBHandle.openDB(RocksDBHandle.java:129) ~[flink-dist-2.1.0.jar:2.1.0]
	at org.apache.flink.state.rocksdb.restore.RocksDBIncrementalRestoreOperation.restoreBaseDBFromLocalState(RocksDBIncrementalRestoreOperation.java:752) ~[flink-dist-2.1.0.jar:2.1.0]
	at org.apache.flink.state.rocksdb.restore.RocksDBIncrementalRestoreOperation.initBaseDBFromSingleStateHandle(RocksDBIncrementalRestoreOperation.java:386) ~[flink-dist-2.1.0.jar:2.1.0]
	at org.apache.flink.state.rocksdb.restore.RocksDBIncrementalRestoreOperation.restoreFromLocalState(RocksDBIncrementalRestoreOperation.java:325) ~[flink-dist-2.1.0.jar:2.1.0]
	at org.apache.flink.state.rocksdb.restore.RocksDBIncrementalRestoreOperation.lambda$restore$1(RocksDBIncrementalRestoreOperation.java:255) ~[flink-dist-2.1.0.jar:2.1.0]
	at org.apache.flink.state.rocksdb.restore.RocksDBIncrementalRestoreOperation.runAndReportDuration(RocksDBIncrementalRestoreOperation.java:1022) ~[flink-dist-2.1.0.jar:2.1.0]
	at org.apache.flink.state.rocksdb.restore.RocksDBIncrementalRestoreOperation.restore(RocksDBIncrementalRestoreOperation.java:254) ~[flink-dist-2.1.0.jar:2.1.0]
	at org.apache.flink.state.rocksdb.RocksDBKeyedStateBackendBuilder.build(RocksDBKeyedStateBackendBuilder.java:390) ~[flink-dist-2.1.0.jar:2.1.0]
	at org.apache.flink.state.rocksdb.EmbeddedRocksDBStateBackend.createKeyedStateBackend(EmbeddedRocksDBStateBackend.java:541) ~[flink-dist-2.1.0.jar:2.1.0]
	at org.apache.flink.state.rocksdb.EmbeddedRocksDBStateBackend.createKeyedStateBackend(EmbeddedRocksDBStateBackend.java:97) ~[flink-dist-2.1.0.jar:2.1.0]
	at org.apache.flink.streaming.api.operators.StreamTaskStateInitializerImpl.lambda$keyedStatedBackend$3(StreamTaskStateInitializerImpl.java:475) ~[flink-dist-2.1.0.jar:2.1.0]
	at org.apache.flink.streaming.api.operators.BackendRestorerProcedure.attemptCreateAndRestore(BackendRestorerProcedure.java:173) ~[flink-dist-2.1.0.jar:2.1.0]
	at org.apache.flink.streaming.api.operators.BackendRestorerProcedure.createAndRestore(BackendRestorerProcedure.java:137) ~[flink-dist-2.1.0.jar:2.1.0]
	at org.apache.flink.streaming.api.operators.StreamTaskStateInitializerImpl.keyedStatedBackend(StreamTaskStateInitializerImpl.java:486) ~[flink-dist-2.1.0.jar:2.1.0]
	at org.apache.flink.streaming.api.operators.StreamTaskStateInitializerImpl.streamOperatorStateContext(StreamTaskStateInitializerImpl.java:219) ~[flink-dist-2.1.0.jar:2.1.0]
	at org.apache.flink.streaming.api.operators.AbstractStreamOperator.initializeState(AbstractStreamOperator.java:280) ~[flink-dist-2.1.0.jar:2.1.0]
	at org.apache.flink.streaming.runtime.tasks.RegularOperatorChain.initializeStateAndOpenOperators(RegularOperatorChain.java:106) ~[flink-dist-2.1.0.jar:2.1.0]
	at org.apache.flink.streaming.runtime.tasks.StreamTask.restoreStateAndGates(StreamTask.java:858) ~[flink-dist-2.1.0.jar:2.1.0]
	at org.apache.flink.streaming.runtime.tasks.StreamTask.lambda$restoreInternal$5(StreamTask.java:812) ~[flink-dist-2.1.0.jar:2.1.0]
	at org.apache.flink.streaming.runtime.tasks.StreamTaskActionExecutor$1.call(StreamTaskActionExecutor.java:55) ~[flink-dist-2.1.0.jar:2.1.0]
	at org.apache.flink.streaming.runtime.tasks.StreamTask.restoreInternal(StreamTask.java:812) ~[flink-dist-2.1.0.jar:2.1.0]
	at org.apache.flink.streaming.runtime.tasks.StreamTask.restore(StreamTask.java:771) ~[flink-dist-2.1.0.jar:2.1.0]
	at org.apache.flink.runtime.taskmanager.Task.runWithSystemExitMonitoring(Task.java:963) [flink-dist-2.1.0.jar:2.1.0]
	at org.apache.flink.runtime.taskmanager.Task.restoreAndInvoke(Task.java:932) [flink-dist-2.1.0.jar:2.1.0]
	at org.apache.flink.runtime.taskmanager.Task.doRun(Task.java:756) [flink-dist-2.1.0.jar:2.1.0]
	at org.apache.flink.runtime.taskmanager.Task.run(Task.java:568) [flink-dist-2.1.0.jar:2.1.0]
	at java.base/java.lang.Thread.run(Unknown Source) [?:?]
Caused by: org.rocksdb.RocksDBException: Sst file size mismatch: /tmp/rocksdb/job_9aa1476cdfa59136b334ea49ad32fcd1_op_ExternalPythonKeyedProcessOperator_90bea66de1c231edf33913ecd54406c1__1_1__uuid_29f50426-4cd0-4937-bcd7-3e7854f9bc50/db/000015.sst. Expected 116035, actual size 66735
  The file /tmp/rocksdb/job_9aa1476cdfa59136b334ea49ad32fcd1_op_ExternalPythonKeyedProcessOperator_90bea66de1c231edf33913ecd54406c1__1_1__uuid_29f50426-4cd0-4937-bcd7-3e7854f9bc50/db/MANIFEST-000005 may be corrupted.
	at org.rocksdb.RocksDB.open(Native Method) ~[flink-dist-2.1.0.jar:2.1.0]
	at org.rocksdb.RocksDB.open(RocksDB.java:315) ~[flink-dist-2.1.0.jar:2.1.0]
	at org.apache.flink.state.rocksdb.RocksDBOperationUtils.openDB(RocksDBOperationUtils.java:89) ~[flink-dist-2.1.0.jar:2.1.0]
	... 28 more
2025-10-22 18:42:57,891 INFO  org.apache.flink.configuration.GlobalConfiguration           [] - Using standard YAML parser to load flink configuration file from /opt/flink/conf/config.yaml.
2025-10-22 18:42:57,893 INFO  org.apache.flink.state.rocksdb.RocksDBResourceContainer      [] - Cleaning up relocated RocksDB logs: /opt/flink/log.
2025-10-22 18:42:57,894 ERROR org.apache.flink.state.rocksdb.RocksDBKeyedStateBackendBuilder [] - Caught unexpected exception.
java.io.IOException: Error while opening RocksDB instance.
	at org.apache.flink.state.rocksdb.RocksDBOperationUtils.openDB(RocksDBOperationUtils.java:101) ~[flink-dist-2.1.0.jar:2.1.0]
	at org.apache.flink.state.rocksdb.restore.RocksDBHandle.loadDb(RocksDBHandle.java:141) ~[flink-dist-2.1.0.jar:2.1.0]
	at org.apache.flink.state.rocksdb.restore.RocksDBHandle.openDB(RocksDBHandle.java:129) ~[flink-dist-2.1.0.jar:2.1.0]
	at org.apache.flink.state.rocksdb.restore.RocksDBIncrementalRestoreOperation.restoreBaseDBFromLocalState(RocksDBIncrementalRestoreOperation.java:752) ~[flink-dist-2.1.0.jar:2.1.0]
	at org.apache.flink.state.rocksdb.restore.RocksDBIncrementalRestoreOperation.initBaseDBFromSingleStateHandle(RocksDBIncrementalRestoreOperation.java:386) ~[flink-dist-2.1.0.jar:2.1.0]
	at org.apache.flink.state.rocksdb.restore.RocksDBIncrementalRestoreOperation.restoreFromLocalState(RocksDBIncrementalRestoreOperation.java:325) ~[flink-dist-2.1.0.jar:2.1.0]
	at org.apache.flink.state.rocksdb.restore.RocksDBIncrementalRestoreOperation.lambda$restore$1(RocksDBIncrementalRestoreOperation.java:255) ~[flink-dist-2.1.0.jar:2.1.0]
	at org.apache.flink.state.rocksdb.restore.RocksDBIncrementalRestoreOperation.runAndReportDuration(RocksDBIncrementalRestoreOperation.java:1022) ~[flink-dist-2.1.0.jar:2.1.0]
	at org.apache.flink.state.rocksdb.restore.RocksDBIncrementalRestoreOperation.restore(RocksDBIncrementalRestoreOperation.java:254) ~[flink-dist-2.1.0.jar:2.1.0]
	at org.apache.flink.state.rocksdb.RocksDBKeyedStateBackendBuilder.build(RocksDBKeyedStateBackendBuilder.java:390) ~[flink-dist-2.1.0.jar:2.1.0]
	at org.apache.flink.state.rocksdb.EmbeddedRocksDBStateBackend.createKeyedStateBackend(EmbeddedRocksDBStateBackend.java:541) ~[flink-dist-2.1.0.jar:2.1.0]
	at org.apache.flink.state.rocksdb.EmbeddedRocksDBStateBackend.createKeyedStateBackend(EmbeddedRocksDBStateBackend.java:97) ~[flink-dist-2.1.0.jar:2.1.0]
	at org.apache.flink.streaming.api.operators.StreamTaskStateInitializerImpl.lambda$keyedStatedBackend$3(StreamTaskStateInitializerImpl.java:475) ~[flink-dist-2.1.0.jar:2.1.0]
	at org.apache.flink.streaming.api.operators.BackendRestorerProcedure.attemptCreateAndRestore(BackendRestorerProcedure.java:173) ~[flink-dist-2.1.0.jar:2.1.0]
	at org.apache.flink.streaming.api.operators.BackendRestorerProcedure.createAndRestore(BackendRestorerProcedure.java:137) ~[flink-dist-2.1.0.jar:2.1.0]
	at org.apache.flink.streaming.api.operators.StreamTaskStateInitializerImpl.keyedStatedBackend(StreamTaskStateInitializerImpl.java:486) ~[flink-dist-2.1.0.jar:2.1.0]
	at org.apache.flink.streaming.api.operators.StreamTaskStateInitializerImpl.streamOperatorStateContext(StreamTaskStateInitializerImpl.java:219) ~[flink-dist-2.1.0.jar:2.1.0]
	at org.apache.flink.streaming.api.operators.AbstractStreamOperator.initializeState(AbstractStreamOperator.java:280) ~[flink-dist-2.1.0.jar:2.1.0]
	at org.apache.flink.streaming.runtime.tasks.RegularOperatorChain.initializeStateAndOpenOperators(RegularOperatorChain.java:106) ~[flink-dist-2.1.0.jar:2.1.0]
	at org.apache.flink.streaming.runtime.tasks.StreamTask.restoreStateAndGates(StreamTask.java:858) ~[flink-dist-2.1.0.jar:2.1.0]
	at org.apache.flink.streaming.runtime.tasks.StreamTask.lambda$restoreInternal$5(StreamTask.java:812) ~[flink-dist-2.1.0.jar:2.1.0]
	at org.apache.flink.streaming.runtime.tasks.StreamTaskActionExecutor$1.call(StreamTaskActionExecutor.java:55) ~[flink-dist-2.1.0.jar:2.1.0]
	at org.apache.flink.streaming.runtime.tasks.StreamTask.restoreInternal(StreamTask.java:812) ~[flink-dist-2.1.0.jar:2.1.0]
	at org.apache.flink.streaming.runtime.tasks.StreamTask.restore(StreamTask.java:771) ~[flink-dist-2.1.0.jar:2.1.0]
	at org.apache.flink.runtime.taskmanager.Task.runWithSystemExitMonitoring(Task.java:963) [flink-dist-2.1.0.jar:2.1.0]
	at org.apache.flink.runtime.taskmanager.Task.restoreAndInvoke(Task.java:932) [flink-dist-2.1.0.jar:2.1.0]
	at org.apache.flink.runtime.taskmanager.Task.doRun(Task.java:756) [flink-dist-2.1.0.jar:2.1.0]
	at org.apache.flink.runtime.taskmanager.Task.run(Task.java:568) [flink-dist-2.1.0.jar:2.1.0]
	at java.base/java.lang.Thread.run(Unknown Source) [?:?]
Caused by: org.rocksdb.RocksDBException: Sst file size mismatch: /tmp/rocksdb/job_9aa1476cdfa59136b334ea49ad32fcd1_op_ExternalPythonKeyedProcessOperator_90bea66de1c231edf33913ecd54406c1__1_1__uuid_29f50426-4cd0-4937-bcd7-3e7854f9bc50/db/000015.sst. Expected 116035, actual size 66735
  The file /tmp/rocksdb/job_9aa1476cdfa59136b334ea49ad32fcd1_op_ExternalPythonKeyedProcessOperator_90bea66de1c231edf33913ecd54406c1__1_1__uuid_29f50426-4cd0-4937-bcd7-3e7854f9bc50/db/MANIFEST-000005 may be corrupted.
	at org.rocksdb.RocksDB.open(Native Method) ~[flink-dist-2.1.0.jar:2.1.0]
	at org.rocksdb.RocksDB.open(RocksDB.java:315) ~[flink-dist-2.1.0.jar:2.1.0]
	at org.apache.flink.state.rocksdb.RocksDBOperationUtils.openDB(RocksDBOperationUtils.java:89) ~[flink-dist-2.1.0.jar:2.1.0]
	... 28 more
2025-10-22 18:42:57,894 WARN  org.apache.flink.streaming.api.operators.BackendRestorerProcedure [] - Exception while restoring keyed state backend for ExternalPythonKeyedProcessOperator_90bea66de1c231edf33913ecd54406c1_(1/1) from alternative (1/1), will retry while more alternatives are available.
org.apache.flink.runtime.state.BackendBuildingException: Caught unexpected exception.
	at org.apache.flink.state.rocksdb.RocksDBKeyedStateBackendBuilder.build(RocksDBKeyedStateBackendBuilder.java:489) ~[flink-dist-2.1.0.jar:2.1.0]
	at org.apache.flink.state.rocksdb.EmbeddedRocksDBStateBackend.createKeyedStateBackend(EmbeddedRocksDBStateBackend.java:541) ~[flink-dist-2.1.0.jar:2.1.0]
	at org.apache.flink.state.rocksdb.EmbeddedRocksDBStateBackend.createKeyedStateBackend(EmbeddedRocksDBStateBackend.java:97) ~[flink-dist-2.1.0.jar:2.1.0]
	at org.apache.flink.streaming.api.operators.StreamTaskStateInitializerImpl.lambda$keyedStatedBackend$3(StreamTaskStateInitializerImpl.java:475) ~[flink-dist-2.1.0.jar:2.1.0]
	at org.apache.flink.streaming.api.operators.BackendRestorerProcedure.attemptCreateAndRestore(BackendRestorerProcedure.java:173) ~[flink-dist-2.1.0.jar:2.1.0]
	at org.apache.flink.streaming.api.operators.BackendRestorerProcedure.createAndRestore(BackendRestorerProcedure.java:137) ~[flink-dist-2.1.0.jar:2.1.0]
	at org.apache.flink.streaming.api.operators.StreamTaskStateInitializerImpl.keyedStatedBackend(StreamTaskStateInitializerImpl.java:486) ~[flink-dist-2.1.0.jar:2.1.0]
	at org.apache.flink.streaming.api.operators.StreamTaskStateInitializerImpl.streamOperatorStateContext(StreamTaskStateInitializerImpl.java:219) ~[flink-dist-2.1.0.jar:2.1.0]
	at org.apache.flink.streaming.api.operators.AbstractStreamOperator.initializeState(AbstractStreamOperator.java:280) ~[flink-dist-2.1.0.jar:2.1.0]
	at org.apache.flink.streaming.runtime.tasks.RegularOperatorChain.initializeStateAndOpenOperators(RegularOperatorChain.java:106) ~[flink-dist-2.1.0.jar:2.1.0]
	at org.apache.flink.streaming.runtime.tasks.StreamTask.restoreStateAndGates(StreamTask.java:858) ~[flink-dist-2.1.0.jar:2.1.0]
	at org.apache.flink.streaming.runtime.tasks.StreamTask.lambda$restoreInternal$5(StreamTask.java:812) ~[flink-dist-2.1.0.jar:2.1.0]
	at org.apache.flink.streaming.runtime.tasks.StreamTaskActionExecutor$1.call(StreamTaskActionExecutor.java:55) ~[flink-dist-2.1.0.jar:2.1.0]
	at org.apache.flink.streaming.runtime.tasks.StreamTask.restoreInternal(StreamTask.java:812) ~[flink-dist-2.1.0.jar:2.1.0]
	at org.apache.flink.streaming.runtime.tasks.StreamTask.restore(StreamTask.java:771) ~[flink-dist-2.1.0.jar:2.1.0]
	at org.apache.flink.runtime.taskmanager.Task.runWithSystemExitMonitoring(Task.java:963) [flink-dist-2.1.0.jar:2.1.0]
	at org.apache.flink.runtime.taskmanager.Task.restoreAndInvoke(Task.java:932) [flink-dist-2.1.0.jar:2.1.0]
	at org.apache.flink.runtime.taskmanager.Task.doRun(Task.java:756) [flink-dist-2.1.0.jar:2.1.0]
	at org.apache.flink.runtime.taskmanager.Task.run(Task.java:568) [flink-dist-2.1.0.jar:2.1.0]
	at java.base/java.lang.Thread.run(Unknown Source) [?:?]
Caused by: java.io.IOException: Error while opening RocksDB instance.
	at org.apache.flink.state.rocksdb.RocksDBOperationUtils.openDB(RocksDBOperationUtils.java:101) ~[flink-dist-2.1.0.jar:2.1.0]
	at org.apache.flink.state.rocksdb.restore.RocksDBHandle.loadDb(RocksDBHandle.java:141) ~[flink-dist-2.1.0.jar:2.1.0]
	at org.apache.flink.state.rocksdb.restore.RocksDBHandle.openDB(RocksDBHandle.java:129) ~[flink-dist-2.1.0.jar:2.1.0]
	at org.apache.flink.state.rocksdb.restore.RocksDBIncrementalRestoreOperation.restoreBaseDBFromLocalState(RocksDBIncrementalRestoreOperation.java:752) ~[flink-dist-2.1.0.jar:2.1.0]
	at org.apache.flink.state.rocksdb.restore.RocksDBIncrementalRestoreOperation.initBaseDBFromSingleStateHandle(RocksDBIncrementalRestoreOperation.java:386) ~[flink-dist-2.1.0.jar:2.1.0]
	at org.apache.flink.state.rocksdb.restore.RocksDBIncrementalRestoreOperation.restoreFromLocalState(RocksDBIncrementalRestoreOperation.java:325) ~[flink-dist-2.1.0.jar:2.1.0]
	at org.apache.flink.state.rocksdb.restore.RocksDBIncrementalRestoreOperation.lambda$restore$1(RocksDBIncrementalRestoreOperation.java:255) ~[flink-dist-2.1.0.jar:2.1.0]
	at org.apache.flink.state.rocksdb.restore.RocksDBIncrementalRestoreOperation.runAndReportDuration(RocksDBIncrementalRestoreOperation.java:1022) ~[flink-dist-2.1.0.jar:2.1.0]
	at org.apache.flink.state.rocksdb.restore.RocksDBIncrementalRestoreOperation.restore(RocksDBIncrementalRestoreOperation.java:254) ~[flink-dist-2.1.0.jar:2.1.0]
	at org.apache.flink.state.rocksdb.RocksDBKeyedStateBackendBuilder.build(RocksDBKeyedStateBackendBuilder.java:390) ~[flink-dist-2.1.0.jar:2.1.0]
	... 19 more
Caused by: org.rocksdb.RocksDBException: Sst file size mismatch: /tmp/rocksdb/job_9aa1476cdfa59136b334ea49ad32fcd1_op_ExternalPythonKeyedProcessOperator_90bea66de1c231edf33913ecd54406c1__1_1__uuid_29f50426-4cd0-4937-bcd7-3e7854f9bc50/db/000015.sst. Expected 116035, actual size 66735
  The file /tmp/rocksdb/job_9aa1476cdfa59136b334ea49ad32fcd1_op_ExternalPythonKeyedProcessOperator_90bea66de1c231edf33913ecd54406c1__1_1__uuid_29f50426-4cd0-4937-bcd7-3e7854f9bc50/db/MANIFEST-000005 may be corrupted.
	at org.rocksdb.RocksDB.open(Native Method) ~[flink-dist-2.1.0.jar:2.1.0]
	at org.rocksdb.RocksDB.open(RocksDB.java:315) ~[flink-dist-2.1.0.jar:2.1.0]
	at org.apache.flink.state.rocksdb.RocksDBOperationUtils.openDB(RocksDBOperationUtils.java:89) ~[flink-dist-2.1.0.jar:2.1.0]
	at org.apache.flink.state.rocksdb.restore.RocksDBHandle.loadDb(RocksDBHandle.java:141) ~[flink-dist-2.1.0.jar:2.1.0]
	at org.apache.flink.state.rocksdb.restore.RocksDBHandle.openDB(RocksDBHandle.java:129) ~[flink-dist-2.1.0.jar:2.1.0]
	at org.apache.flink.state.rocksdb.restore.RocksDBIncrementalRestoreOperation.restoreBaseDBFromLocalState(RocksDBIncrementalRestoreOperation.java:752) ~[flink-dist-2.1.0.jar:2.1.0]
	at org.apache.flink.state.rocksdb.restore.RocksDBIncrementalRestoreOperation.initBaseDBFromSingleStateHandle(RocksDBIncrementalRestoreOperation.java:386) ~[flink-dist-2.1.0.jar:2.1.0]
	at org.apache.flink.state.rocksdb.restore.RocksDBIncrementalRestoreOperation.restoreFromLocalState(RocksDBIncrementalRestoreOperation.java:325) ~[flink-dist-2.1.0.jar:2.1.0]
	at org.apache.flink.state.rocksdb.restore.RocksDBIncrementalRestoreOperation.lambda$restore$1(RocksDBIncrementalRestoreOperation.java:255) ~[flink-dist-2.1.0.jar:2.1.0]
	at org.apache.flink.state.rocksdb.restore.RocksDBIncrementalRestoreOperation.runAndReportDuration(RocksDBIncrementalRestoreOperation.java:1022) ~[flink-dist-2.1.0.jar:2.1.0]
	at org.apache.flink.state.rocksdb.restore.RocksDBIncrementalRestoreOperation.restore(RocksDBIncrementalRestoreOperation.java:254) ~[flink-dist-2.1.0.jar:2.1.0]
	at org.apache.flink.state.rocksdb.RocksDBKeyedStateBackendBuilder.build(RocksDBKeyedStateBackendBuilder.java:390) ~[flink-dist-2.1.0.jar:2.1.0]
	... 19 more
