2025-10-23 07:05:38,739 INFO  org.apache.flink.runtime.taskexecutor.TaskManagerRunner      [] - --------------------------------------------------------------------------------
2025-10-23 07:05:38,741 INFO  org.apache.flink.runtime.taskexecutor.TaskManagerRunner      [] -  Preconfiguration: 
2025-10-23 07:05:38,741 INFO  org.apache.flink.runtime.taskexecutor.TaskManagerRunner      [] - 


RESOURCE_PARAMS extraction logs:
jvm_params: -Xmx536870902 -Xms536870902 -XX:MaxDirectMemorySize=268435458 -XX:MaxMetaspaceSize=268435456
dynamic_configs: -D taskmanager.memory.network.min=134217730b -D taskmanager.cpu.cores=1.0 -D taskmanager.memory.task.off-heap.size=0b -D taskmanager.memory.jvm-metaspace.size=268435456b -D external-resources=none -D taskmanager.memory.jvm-overhead.min=201326592b -D taskmanager.memory.framework.off-heap.size=134217728b -D taskmanager.memory.network.max=134217730b -D taskmanager.memory.framework.heap.size=134217728b -D taskmanager.memory.managed.size=536870920b -D taskmanager.memory.task.heap.size=402653174b -D taskmanager.numberOfTaskSlots=1 -D taskmanager.memory.jvm-overhead.max=201326592b
logs: INFO  [] - Using standard YAML parser to load flink configuration file from /opt/flink/conf/config.yaml.
INFO  [] - Loading configuration property: blob.server.port, 6124
INFO  [] - Loading configuration property: taskmanager.memory.process.size, 1728m
INFO  [] - Loading configuration property: taskmanager.bind-host, 0.0.0.0
INFO  [] - Loading configuration property: jobmanager.execution.failover-strategy, region
INFO  [] - Loading configuration property: jobmanager.rpc.address, c538e3929a3c
INFO  [] - Loading configuration property: execution.checkpointing.incremental, false
INFO  [] - Loading configuration property: state.backend.rocksdb.localdir, /tmp/rocksdb
INFO  [] - Loading configuration property: execution.target, remote
INFO  [] - Loading configuration property: jobmanager.memory.process.size, 1600m
INFO  [] - Loading configuration property: jobmanager.rpc.port, 6123
INFO  [] - Loading configuration property: query.server.port, 6125
INFO  [] - Loading configuration property: rest.bind-address, 0.0.0.0
INFO  [] - Loading configuration property: jobmanager.bind-host, 0.0.0.0
INFO  [] - Loading configuration property: execution.checkpointing.savepoint-dir, file:///tmp/flink-checkpoints
INFO  [] - Loading configuration property: taskmanager.host, 127.0.0.1
INFO  [] - Loading configuration property: execution.checkpointing.externalized-checkpoint-retention, RETAIN_ON_CANCELLATION
INFO  [] - Loading configuration property: parallelism.default, 1
INFO  [] - Loading configuration property: taskmanager.numberOfTaskSlots, 1
INFO  [] - Loading configuration property: execution.checkpointing.local-backup.enabled, true
INFO  [] - Loading configuration property: rest.address, 127.0.0.1
INFO  [] - Loading configuration property: execution.state-recovery.ignore-unclaimed-state, true
INFO  [] - Loading configuration property: execution.checkpointing.dir, file:///tmp/flink-checkpoints
INFO  [] - Loading configuration property: env.java.opts.all, --add-exports=java.rmi/sun.rmi.registry=ALL-UNNAMED --add-exports=java.security.jgss/sun.security.krb5=ALL-UNNAMED --add-opens=java.base/java.lang=ALL-UNNAMED --add-opens=java.base/java.net=ALL-UNNAMED --add-opens=java.base/java.io=ALL-UNNAMED --add-opens=java.base/java.nio=ALL-UNNAMED --add-opens=java.base/sun.nio.ch=ALL-UNNAMED --add-opens=java.base/java.lang.reflect=ALL-UNNAMED --add-opens=java.base/java.text=ALL-UNNAMED --add-opens=java.base/java.time=ALL-UNNAMED --add-opens=java.base/java.util=ALL-UNNAMED --add-opens=java.base/java.util.concurrent=ALL-UNNAMED --add-opens=java.base/java.util.concurrent.atomic=ALL-UNNAMED --add-opens=java.base/java.util.concurrent.locks=ALL-UNNAMED
INFO  [] - Loading configuration property: state.backend.type, rocksdb
INFO  [] - The derived from fraction jvm overhead memory (172.800mb (181193935 bytes)) is less than its min value 192.000mb (201326592 bytes), min value will be used instead
INFO  [] - Final TaskExecutor Memory configuration:
INFO  [] -   Total Process Memory:          1.688gb (1811939328 bytes)
INFO  [] -     Total Flink Memory:          1.250gb (1342177280 bytes)
INFO  [] -       Total JVM Heap Memory:     512.000mb (536870902 bytes)
INFO  [] -         Framework:               128.000mb (134217728 bytes)
INFO  [] -         Task:                    384.000mb (402653174 bytes)
INFO  [] -       Total Off-heap Memory:     768.000mb (805306378 bytes)
INFO  [] -         Managed:                 512.000mb (536870920 bytes)
INFO  [] -         Total JVM Direct Memory: 256.000mb (268435458 bytes)
INFO  [] -           Framework:             128.000mb (134217728 bytes)
INFO  [] -           Task:                  0 bytes
INFO  [] -           Network:               128.000mb (134217730 bytes)
INFO  [] -     JVM Metaspace:               256.000mb (268435456 bytes)
INFO  [] -     JVM Overhead:                192.000mb (201326592 bytes)

2025-10-23 07:05:38,742 INFO  org.apache.flink.runtime.taskexecutor.TaskManagerRunner      [] - --------------------------------------------------------------------------------
2025-10-23 07:05:38,754 INFO  org.apache.flink.runtime.taskexecutor.TaskManagerRunner      [] -  Starting TaskManager (Version: 2.1.0, Scala: 2.12, Rev:4cb6bd3, Date:2025-07-21T13:23:51+02:00)
2025-10-23 07:05:38,757 INFO  org.apache.flink.runtime.taskexecutor.TaskManagerRunner      [] -  OS current user: flink
2025-10-23 07:05:38,757 INFO  org.apache.flink.runtime.taskexecutor.TaskManagerRunner      [] -  Current Hadoop/Kerberos user: <no hadoop dependency found>
2025-10-23 07:05:38,758 INFO  org.apache.flink.runtime.taskexecutor.TaskManagerRunner      [] -  JVM: OpenJDK 64-Bit Server VM - Eclipse Adoptium - 17/17.0.16+8
2025-10-23 07:05:38,758 INFO  org.apache.flink.runtime.taskexecutor.TaskManagerRunner      [] -  Arch: amd64
2025-10-23 07:05:38,762 INFO  org.apache.flink.runtime.taskexecutor.TaskManagerRunner      [] -  Maximum heap size: 512 MiBytes
2025-10-23 07:05:38,763 INFO  org.apache.flink.runtime.taskexecutor.TaskManagerRunner      [] -  JAVA_HOME: /opt/java/openjdk
2025-10-23 07:05:38,763 INFO  org.apache.flink.runtime.taskexecutor.TaskManagerRunner      [] -  No Hadoop Dependency available
2025-10-23 07:05:38,763 INFO  org.apache.flink.runtime.taskexecutor.TaskManagerRunner      [] -  JVM Options:
2025-10-23 07:05:38,763 INFO  org.apache.flink.runtime.taskexecutor.TaskManagerRunner      [] -     -Xmx536870902
2025-10-23 07:05:38,764 INFO  org.apache.flink.runtime.taskexecutor.TaskManagerRunner      [] -     -Xms536870902
2025-10-23 07:05:38,764 INFO  org.apache.flink.runtime.taskexecutor.TaskManagerRunner      [] -     -XX:MaxDirectMemorySize=268435458
2025-10-23 07:05:38,764 INFO  org.apache.flink.runtime.taskexecutor.TaskManagerRunner      [] -     -XX:MaxMetaspaceSize=268435456
2025-10-23 07:05:38,765 INFO  org.apache.flink.runtime.taskexecutor.TaskManagerRunner      [] -     -XX:+IgnoreUnrecognizedVMOptions
2025-10-23 07:05:38,765 INFO  org.apache.flink.runtime.taskexecutor.TaskManagerRunner      [] -     --add-exports=java.rmi/sun.rmi.registry=ALL-UNNAMED
2025-10-23 07:05:38,765 INFO  org.apache.flink.runtime.taskexecutor.TaskManagerRunner      [] -     --add-exports=java.security.jgss/sun.security.krb5=ALL-UNNAMED
2025-10-23 07:05:38,765 INFO  org.apache.flink.runtime.taskexecutor.TaskManagerRunner      [] -     --add-opens=java.base/java.lang=ALL-UNNAMED
2025-10-23 07:05:38,765 INFO  org.apache.flink.runtime.taskexecutor.TaskManagerRunner      [] -     --add-opens=java.base/java.net=ALL-UNNAMED
2025-10-23 07:05:38,767 INFO  org.apache.flink.runtime.taskexecutor.TaskManagerRunner      [] -     --add-opens=java.base/java.io=ALL-UNNAMED
2025-10-23 07:05:38,768 INFO  org.apache.flink.runtime.taskexecutor.TaskManagerRunner      [] -     --add-opens=java.base/java.nio=ALL-UNNAMED
2025-10-23 07:05:38,769 INFO  org.apache.flink.runtime.taskexecutor.TaskManagerRunner      [] -     --add-opens=java.base/sun.nio.ch=ALL-UNNAMED
2025-10-23 07:05:38,769 INFO  org.apache.flink.runtime.taskexecutor.TaskManagerRunner      [] -     --add-opens=java.base/java.lang.reflect=ALL-UNNAMED
2025-10-23 07:05:38,769 INFO  org.apache.flink.runtime.taskexecutor.TaskManagerRunner      [] -     --add-opens=java.base/java.text=ALL-UNNAMED
2025-10-23 07:05:38,769 INFO  org.apache.flink.runtime.taskexecutor.TaskManagerRunner      [] -     --add-opens=java.base/java.time=ALL-UNNAMED
2025-10-23 07:05:38,769 INFO  org.apache.flink.runtime.taskexecutor.TaskManagerRunner      [] -     --add-opens=java.base/java.util=ALL-UNNAMED
2025-10-23 07:05:38,769 INFO  org.apache.flink.runtime.taskexecutor.TaskManagerRunner      [] -     --add-opens=java.base/java.util.concurrent=ALL-UNNAMED
2025-10-23 07:05:38,769 INFO  org.apache.flink.runtime.taskexecutor.TaskManagerRunner      [] -     --add-opens=java.base/java.util.concurrent.atomic=ALL-UNNAMED
2025-10-23 07:05:38,769 INFO  org.apache.flink.runtime.taskexecutor.TaskManagerRunner      [] -     --add-opens=java.base/java.util.concurrent.locks=ALL-UNNAMED
2025-10-23 07:05:38,769 INFO  org.apache.flink.runtime.taskexecutor.TaskManagerRunner      [] -     -Dlog.file=/opt/flink/log/flink--taskexecutor-0-c538e3929a3c.log
2025-10-23 07:05:38,769 INFO  org.apache.flink.runtime.taskexecutor.TaskManagerRunner      [] -     -Dlog4j.configuration=file:/opt/flink/conf/log4j.properties
2025-10-23 07:05:38,770 INFO  org.apache.flink.runtime.taskexecutor.TaskManagerRunner      [] -     -Dlog4j.configurationFile=file:/opt/flink/conf/log4j.properties
2025-10-23 07:05:38,770 INFO  org.apache.flink.runtime.taskexecutor.TaskManagerRunner      [] -     -Dlogback.configurationFile=file:/opt/flink/conf/logback.xml
2025-10-23 07:05:38,770 INFO  org.apache.flink.runtime.taskexecutor.TaskManagerRunner      [] -  Program Arguments:
2025-10-23 07:05:38,772 INFO  org.apache.flink.runtime.taskexecutor.TaskManagerRunner      [] -     --configDir
2025-10-23 07:05:38,772 INFO  org.apache.flink.runtime.taskexecutor.TaskManagerRunner      [] -     /opt/flink/conf
2025-10-23 07:05:38,773 INFO  org.apache.flink.runtime.taskexecutor.TaskManagerRunner      [] -     -D
2025-10-23 07:05:38,773 INFO  org.apache.flink.runtime.taskexecutor.TaskManagerRunner      [] -     taskmanager.memory.network.min=134217730b
2025-10-23 07:05:38,773 INFO  org.apache.flink.runtime.taskexecutor.TaskManagerRunner      [] -     -D
2025-10-23 07:05:38,773 INFO  org.apache.flink.runtime.taskexecutor.TaskManagerRunner      [] -     taskmanager.cpu.cores=1.0
2025-10-23 07:05:38,773 INFO  org.apache.flink.runtime.taskexecutor.TaskManagerRunner      [] -     -D
2025-10-23 07:05:38,774 INFO  org.apache.flink.runtime.taskexecutor.TaskManagerRunner      [] -     taskmanager.memory.task.off-heap.size=0b
2025-10-23 07:05:38,775 INFO  org.apache.flink.runtime.taskexecutor.TaskManagerRunner      [] -     -D
2025-10-23 07:05:38,775 INFO  org.apache.flink.runtime.taskexecutor.TaskManagerRunner      [] -     taskmanager.memory.jvm-metaspace.size=268435456b
2025-10-23 07:05:38,775 INFO  org.apache.flink.runtime.taskexecutor.TaskManagerRunner      [] -     -D
2025-10-23 07:05:38,775 INFO  org.apache.flink.runtime.taskexecutor.TaskManagerRunner      [] -     external-resources=none
2025-10-23 07:05:38,775 INFO  org.apache.flink.runtime.taskexecutor.TaskManagerRunner      [] -     -D
2025-10-23 07:05:38,775 INFO  org.apache.flink.runtime.taskexecutor.TaskManagerRunner      [] -     taskmanager.memory.jvm-overhead.min=201326592b
2025-10-23 07:05:38,775 INFO  org.apache.flink.runtime.taskexecutor.TaskManagerRunner      [] -     -D
2025-10-23 07:05:38,776 INFO  org.apache.flink.runtime.taskexecutor.TaskManagerRunner      [] -     taskmanager.memory.framework.off-heap.size=134217728b
2025-10-23 07:05:38,776 INFO  org.apache.flink.runtime.taskexecutor.TaskManagerRunner      [] -     -D
2025-10-23 07:05:38,776 INFO  org.apache.flink.runtime.taskexecutor.TaskManagerRunner      [] -     taskmanager.memory.network.max=134217730b
2025-10-23 07:05:38,777 INFO  org.apache.flink.runtime.taskexecutor.TaskManagerRunner      [] -     -D
2025-10-23 07:05:38,777 INFO  org.apache.flink.runtime.taskexecutor.TaskManagerRunner      [] -     taskmanager.memory.framework.heap.size=134217728b
2025-10-23 07:05:38,777 INFO  org.apache.flink.runtime.taskexecutor.TaskManagerRunner      [] -     -D
2025-10-23 07:05:38,777 INFO  org.apache.flink.runtime.taskexecutor.TaskManagerRunner      [] -     taskmanager.memory.managed.size=536870920b
2025-10-23 07:05:38,777 INFO  org.apache.flink.runtime.taskexecutor.TaskManagerRunner      [] -     -D
2025-10-23 07:05:38,777 INFO  org.apache.flink.runtime.taskexecutor.TaskManagerRunner      [] -     taskmanager.memory.task.heap.size=402653174b
2025-10-23 07:05:38,778 INFO  org.apache.flink.runtime.taskexecutor.TaskManagerRunner      [] -     -D
2025-10-23 07:05:38,778 INFO  org.apache.flink.runtime.taskexecutor.TaskManagerRunner      [] -     taskmanager.numberOfTaskSlots=1
2025-10-23 07:05:38,778 INFO  org.apache.flink.runtime.taskexecutor.TaskManagerRunner      [] -     -D
2025-10-23 07:05:38,778 INFO  org.apache.flink.runtime.taskexecutor.TaskManagerRunner      [] -     taskmanager.memory.jvm-overhead.max=201326592b
2025-10-23 07:05:38,778 INFO  org.apache.flink.runtime.taskexecutor.TaskManagerRunner      [] -  Classpath: /opt/flink/lib/flink-cep-2.1.0.jar:/opt/flink/lib/flink-connector-files-2.1.0.jar:/opt/flink/lib/flink-csv-2.1.0.jar:/opt/flink/lib/flink-json-2.1.0.jar:/opt/flink/lib/flink-scala_2.12-2.1.0.jar:/opt/flink/lib/flink-table-api-java-uber-2.1.0.jar:/opt/flink/lib/flink-table-planner-loader-2.1.0.jar:/opt/flink/lib/flink-table-runtime-2.1.0.jar:/opt/flink/lib/log4j-1.2-api-2.24.3.jar:/opt/flink/lib/log4j-api-2.24.3.jar:/opt/flink/lib/log4j-core-2.24.3.jar:/opt/flink/lib/log4j-layout-template-json-2.24.3.jar:/opt/flink/lib/log4j-slf4j-impl-2.24.3.jar:/opt/flink/lib/flink-dist-2.1.0.jar::::
2025-10-23 07:05:38,779 INFO  org.apache.flink.runtime.taskexecutor.TaskManagerRunner      [] - --------------------------------------------------------------------------------
2025-10-23 07:05:38,780 INFO  org.apache.flink.runtime.taskexecutor.TaskManagerRunner      [] - Registered UNIX signal handlers for [TERM, HUP, INT]
2025-10-23 07:05:38,797 INFO  org.apache.flink.runtime.taskexecutor.TaskManagerRunner      [] - Maximum number of open file descriptors is 1048576.
2025-10-23 07:05:38,805 INFO  org.apache.flink.configuration.GlobalConfiguration           [] - Using standard YAML parser to load flink configuration file from /opt/flink/conf/config.yaml.
2025-10-23 07:05:38,878 INFO  org.apache.flink.configuration.GlobalConfiguration           [] - Loading configuration property: blob.server.port, 6124
2025-10-23 07:05:38,878 INFO  org.apache.flink.configuration.GlobalConfiguration           [] - Loading configuration property: taskmanager.memory.process.size, 1728m
2025-10-23 07:05:38,878 INFO  org.apache.flink.configuration.GlobalConfiguration           [] - Loading configuration property: taskmanager.bind-host, 0.0.0.0
2025-10-23 07:05:38,878 INFO  org.apache.flink.configuration.GlobalConfiguration           [] - Loading configuration property: jobmanager.execution.failover-strategy, region
2025-10-23 07:05:38,878 INFO  org.apache.flink.configuration.GlobalConfiguration           [] - Loading configuration property: jobmanager.rpc.address, c538e3929a3c
2025-10-23 07:05:38,878 INFO  org.apache.flink.configuration.GlobalConfiguration           [] - Loading configuration property: execution.checkpointing.incremental, false
2025-10-23 07:05:38,879 INFO  org.apache.flink.configuration.GlobalConfiguration           [] - Loading configuration property: state.backend.rocksdb.localdir, /tmp/rocksdb
2025-10-23 07:05:38,879 INFO  org.apache.flink.configuration.GlobalConfiguration           [] - Loading configuration property: execution.target, remote
2025-10-23 07:05:38,879 INFO  org.apache.flink.configuration.GlobalConfiguration           [] - Loading configuration property: jobmanager.memory.process.size, 1600m
2025-10-23 07:05:38,879 INFO  org.apache.flink.configuration.GlobalConfiguration           [] - Loading configuration property: jobmanager.rpc.port, 6123
2025-10-23 07:05:38,880 INFO  org.apache.flink.configuration.GlobalConfiguration           [] - Loading configuration property: query.server.port, 6125
2025-10-23 07:05:38,880 INFO  org.apache.flink.configuration.GlobalConfiguration           [] - Loading configuration property: rest.bind-address, 0.0.0.0
2025-10-23 07:05:38,881 INFO  org.apache.flink.configuration.GlobalConfiguration           [] - Loading configuration property: jobmanager.bind-host, 0.0.0.0
2025-10-23 07:05:38,881 INFO  org.apache.flink.configuration.GlobalConfiguration           [] - Loading configuration property: execution.checkpointing.savepoint-dir, file:///tmp/flink-checkpoints
2025-10-23 07:05:38,881 INFO  org.apache.flink.configuration.GlobalConfiguration           [] - Loading configuration property: taskmanager.host, 127.0.0.1
2025-10-23 07:05:38,881 INFO  org.apache.flink.configuration.GlobalConfiguration           [] - Loading configuration property: execution.checkpointing.externalized-checkpoint-retention, RETAIN_ON_CANCELLATION
2025-10-23 07:05:38,881 INFO  org.apache.flink.configuration.GlobalConfiguration           [] - Loading configuration property: parallelism.default, 1
2025-10-23 07:05:38,881 INFO  org.apache.flink.configuration.GlobalConfiguration           [] - Loading configuration property: taskmanager.numberOfTaskSlots, 1
2025-10-23 07:05:38,881 INFO  org.apache.flink.configuration.GlobalConfiguration           [] - Loading configuration property: execution.checkpointing.local-backup.enabled, true
2025-10-23 07:05:38,881 INFO  org.apache.flink.configuration.GlobalConfiguration           [] - Loading configuration property: rest.address, 127.0.0.1
2025-10-23 07:05:38,881 INFO  org.apache.flink.configuration.GlobalConfiguration           [] - Loading configuration property: execution.state-recovery.ignore-unclaimed-state, true
2025-10-23 07:05:38,881 INFO  org.apache.flink.configuration.GlobalConfiguration           [] - Loading configuration property: execution.checkpointing.dir, file:///tmp/flink-checkpoints
2025-10-23 07:05:38,881 INFO  org.apache.flink.configuration.GlobalConfiguration           [] - Loading configuration property: env.java.opts.all, --add-exports=java.rmi/sun.rmi.registry=ALL-UNNAMED --add-exports=java.security.jgss/sun.security.krb5=ALL-UNNAMED --add-opens=java.base/java.lang=ALL-UNNAMED --add-opens=java.base/java.net=ALL-UNNAMED --add-opens=java.base/java.io=ALL-UNNAMED --add-opens=java.base/java.nio=ALL-UNNAMED --add-opens=java.base/sun.nio.ch=ALL-UNNAMED --add-opens=java.base/java.lang.reflect=ALL-UNNAMED --add-opens=java.base/java.text=ALL-UNNAMED --add-opens=java.base/java.time=ALL-UNNAMED --add-opens=java.base/java.util=ALL-UNNAMED --add-opens=java.base/java.util.concurrent=ALL-UNNAMED --add-opens=java.base/java.util.concurrent.atomic=ALL-UNNAMED --add-opens=java.base/java.util.concurrent.locks=ALL-UNNAMED
2025-10-23 07:05:38,882 INFO  org.apache.flink.configuration.GlobalConfiguration           [] - Loading configuration property: state.backend.type, rocksdb
2025-10-23 07:05:38,882 INFO  org.apache.flink.configuration.GlobalConfiguration           [] - Loading dynamic configuration property: taskmanager.memory.network.min, 134217730b
2025-10-23 07:05:38,883 INFO  org.apache.flink.configuration.GlobalConfiguration           [] - Loading dynamic configuration property: taskmanager.memory.jvm-metaspace.size, 268435456b
2025-10-23 07:05:38,883 INFO  org.apache.flink.configuration.GlobalConfiguration           [] - Loading dynamic configuration property: taskmanager.memory.task.off-heap.size, 0b
2025-10-23 07:05:38,883 INFO  org.apache.flink.configuration.GlobalConfiguration           [] - Loading dynamic configuration property: taskmanager.cpu.cores, 1.0
2025-10-23 07:05:38,883 INFO  org.apache.flink.configuration.GlobalConfiguration           [] - Loading dynamic configuration property: external-resources, none
2025-10-23 07:05:38,884 INFO  org.apache.flink.configuration.GlobalConfiguration           [] - Loading dynamic configuration property: taskmanager.memory.jvm-overhead.min, 201326592b
2025-10-23 07:05:38,884 INFO  org.apache.flink.configuration.GlobalConfiguration           [] - Loading dynamic configuration property: taskmanager.memory.framework.off-heap.size, 134217728b
2025-10-23 07:05:38,884 INFO  org.apache.flink.configuration.GlobalConfiguration           [] - Loading dynamic configuration property: taskmanager.memory.network.max, 134217730b
2025-10-23 07:05:38,884 INFO  org.apache.flink.configuration.GlobalConfiguration           [] - Loading dynamic configuration property: taskmanager.memory.framework.heap.size, 134217728b
2025-10-23 07:05:38,884 INFO  org.apache.flink.configuration.GlobalConfiguration           [] - Loading dynamic configuration property: taskmanager.memory.managed.size, 536870920b
2025-10-23 07:05:38,884 INFO  org.apache.flink.configuration.GlobalConfiguration           [] - Loading dynamic configuration property: taskmanager.memory.task.heap.size, 402653174b
2025-10-23 07:05:38,884 INFO  org.apache.flink.configuration.GlobalConfiguration           [] - Loading dynamic configuration property: taskmanager.numberOfTaskSlots, 1
2025-10-23 07:05:38,885 INFO  org.apache.flink.configuration.GlobalConfiguration           [] - Loading dynamic configuration property: taskmanager.memory.jvm-overhead.max, 201326592b
2025-10-23 07:05:38,944 INFO  org.apache.flink.core.fs.FileSystem                          [] - Hadoop is not in the classpath/dependencies. The extended set of supported File Systems via Hadoop is not available.
2025-10-23 07:05:38,961 INFO  org.apache.flink.core.plugin.DefaultPluginManager            [] - Plugin loader with ID not found, creating it: metrics-statsd
2025-10-23 07:05:38,968 INFO  org.apache.flink.core.plugin.DefaultPluginManager            [] - Plugin loader with ID not found, creating it: metrics-jmx
2025-10-23 07:05:38,968 INFO  org.apache.flink.core.plugin.DefaultPluginManager            [] - Plugin loader with ID not found, creating it: metrics-prometheus
2025-10-23 07:05:38,969 INFO  org.apache.flink.core.plugin.DefaultPluginManager            [] - Plugin loader with ID not found, creating it: metrics-influx
2025-10-23 07:05:38,969 INFO  org.apache.flink.core.plugin.DefaultPluginManager            [] - Plugin loader with ID not found, creating it: metrics-slf4j
2025-10-23 07:05:38,970 INFO  org.apache.flink.core.plugin.DefaultPluginManager            [] - Plugin loader with ID not found, creating it: metrics-otel
2025-10-23 07:05:38,971 INFO  org.apache.flink.core.plugin.DefaultPluginManager            [] - Plugin loader with ID not found, creating it: metrics-datadog
2025-10-23 07:05:38,971 INFO  org.apache.flink.core.plugin.DefaultPluginManager            [] - Plugin loader with ID not found, creating it: metrics-graphite
2025-10-23 07:05:38,971 INFO  org.apache.flink.core.plugin.DefaultPluginManager            [] - Plugin loader with ID not found, creating it: external-resource-gpu
2025-10-23 07:05:38,991 INFO  org.apache.flink.runtime.state.changelog.StateChangelogStorageLoader [] - StateChangelogStorageLoader initialized with shortcut names {memory,filesystem}.
2025-10-23 07:05:38,992 INFO  org.apache.flink.core.plugin.DefaultPluginManager            [] - Plugin loader with ID found, reusing it: metrics-statsd
2025-10-23 07:05:38,992 INFO  org.apache.flink.core.plugin.DefaultPluginManager            [] - Plugin loader with ID found, reusing it: metrics-jmx
2025-10-23 07:05:38,992 INFO  org.apache.flink.core.plugin.DefaultPluginManager            [] - Plugin loader with ID found, reusing it: metrics-prometheus
2025-10-23 07:05:38,992 INFO  org.apache.flink.core.plugin.DefaultPluginManager            [] - Plugin loader with ID found, reusing it: metrics-influx
2025-10-23 07:05:38,993 INFO  org.apache.flink.core.plugin.DefaultPluginManager            [] - Plugin loader with ID found, reusing it: metrics-slf4j
2025-10-23 07:05:38,993 INFO  org.apache.flink.core.plugin.DefaultPluginManager            [] - Plugin loader with ID found, reusing it: metrics-otel
2025-10-23 07:05:38,993 INFO  org.apache.flink.core.plugin.DefaultPluginManager            [] - Plugin loader with ID found, reusing it: metrics-datadog
2025-10-23 07:05:38,993 INFO  org.apache.flink.core.plugin.DefaultPluginManager            [] - Plugin loader with ID found, reusing it: metrics-graphite
2025-10-23 07:05:38,993 INFO  org.apache.flink.core.plugin.DefaultPluginManager            [] - Plugin loader with ID found, reusing it: external-resource-gpu
2025-10-23 07:05:38,995 INFO  org.apache.flink.runtime.state.changelog.StateChangelogStorageLoader [] - StateChangelogStorageLoader initialized with shortcut names {memory,filesystem}.
2025-10-23 07:05:39,009 INFO  org.apache.flink.runtime.security.modules.HadoopModuleFactory [] - Cannot create Hadoop Security Module because Hadoop cannot be found in the Classpath.
2025-10-23 07:05:39,037 INFO  org.apache.flink.runtime.security.modules.JaasModule         [] - Jaas file will be created as /tmp/jaas-12938059510363940953.conf.
2025-10-23 07:05:39,047 INFO  org.apache.flink.runtime.security.contexts.HadoopSecurityContextFactory [] - Cannot install HadoopSecurityContext because Hadoop cannot be found in the Classpath.
2025-10-23 07:05:39,320 INFO  org.apache.flink.runtime.taskexecutor.TaskManagerRunner      [] - Using configured hostname/address for TaskManager: 127.0.0.1.
2025-10-23 07:05:39,373 INFO  org.apache.flink.runtime.rpc.pekko.PekkoRpcServiceUtils      [] - Trying to start actor system, external address 127.0.0.1:0, bind address 0.0.0.0:0.
2025-10-23 07:05:40,052 INFO  org.apache.pekko.event.slf4j.Slf4jLogger                     [] - Slf4jLogger started
2025-10-23 07:05:40,073 INFO  org.apache.pekko.remote.RemoteActorRefProvider               [] - Pekko Cluster not in use - enabling unsafe features anyway because `pekko.remote.use-unsafe-remote-features-outside-cluster` has been enabled.
2025-10-23 07:05:40,075 INFO  org.apache.pekko.remote.Remoting                             [] - Starting remoting
2025-10-23 07:05:40,360 INFO  org.apache.pekko.remote.Remoting                             [] - Remoting started; listening on addresses :[pekko.tcp://flink@127.0.0.1:43219]
2025-10-23 07:05:40,454 INFO  org.apache.flink.runtime.rpc.pekko.PekkoRpcServiceUtils      [] - Actor system started at pekko.tcp://flink@127.0.0.1:43219
2025-10-23 07:05:40,474 INFO  org.apache.flink.runtime.taskexecutor.TaskManagerRunner      [] - Using working directory: WorkingDirectory(/tmp/tm_127.0.0.1:43219-51af8f)
2025-10-23 07:05:40,497 INFO  org.apache.flink.runtime.metrics.MetricRegistryImpl          [] - No metrics reporter configured, no metrics will be exposed/reported.
2025-10-23 07:05:40,498 INFO  org.apache.flink.runtime.metrics.MetricRegistryImpl          [] - No trace reporter configured, no traces will be exposed/reported.
2025-10-23 07:05:40,498 INFO  org.apache.flink.runtime.metrics.MetricRegistryImpl          [] - No event reporter configured, no events will be exposed/reported.
2025-10-23 07:05:40,502 INFO  org.apache.flink.runtime.rpc.pekko.PekkoRpcServiceUtils      [] - Trying to start actor system, external address 127.0.0.1:0, bind address 0.0.0.0:0.
2025-10-23 07:05:40,544 INFO  org.apache.pekko.event.slf4j.Slf4jLogger                     [] - Slf4jLogger started
2025-10-23 07:05:40,547 INFO  org.apache.pekko.remote.RemoteActorRefProvider               [] - Pekko Cluster not in use - enabling unsafe features anyway because `pekko.remote.use-unsafe-remote-features-outside-cluster` has been enabled.
2025-10-23 07:05:40,548 INFO  org.apache.pekko.remote.Remoting                             [] - Starting remoting
2025-10-23 07:05:40,561 INFO  org.apache.pekko.remote.Remoting                             [] - Remoting started; listening on addresses :[pekko.tcp://flink-metrics@127.0.0.1:36389]
2025-10-23 07:05:40,570 INFO  org.apache.flink.runtime.rpc.pekko.PekkoRpcServiceUtils      [] - Actor system started at pekko.tcp://flink-metrics@127.0.0.1:36389
2025-10-23 07:05:40,589 INFO  org.apache.flink.runtime.rpc.pekko.PekkoRpcService           [] - Starting RPC endpoint for org.apache.flink.runtime.metrics.dump.MetricQueryService at pekko://flink-metrics/user/rpc/MetricQueryService_127.0.0.1:43219-51af8f .
2025-10-23 07:05:40,605 INFO  org.apache.flink.runtime.blob.PermanentBlobCache             [] - Created BLOB cache storage directory /tmp/tm_127.0.0.1:43219-51af8f/blobStorage
2025-10-23 07:05:40,611 INFO  org.apache.flink.runtime.blob.TransientBlobCache             [] - Created BLOB cache storage directory /tmp/tm_127.0.0.1:43219-51af8f/blobStorage
2025-10-23 07:05:40,614 INFO  org.apache.flink.runtime.externalresource.ExternalResourceUtils [] - Enabled external resources: []
2025-10-23 07:05:40,615 INFO  org.apache.flink.runtime.security.token.DelegationTokenReceiverRepository [] - Loading delegation token receivers
2025-10-23 07:05:40,620 INFO  org.apache.flink.runtime.security.token.DelegationTokenReceiverRepository [] - Delegation token receiver hadoopfs loaded and initialized
2025-10-23 07:05:40,620 INFO  org.apache.flink.runtime.security.token.DelegationTokenReceiverRepository [] - Delegation token receiver hbase loaded and initialized
2025-10-23 07:05:40,621 INFO  org.apache.flink.core.plugin.DefaultPluginManager            [] - Plugin loader with ID found, reusing it: metrics-statsd
2025-10-23 07:05:40,621 INFO  org.apache.flink.core.plugin.DefaultPluginManager            [] - Plugin loader with ID found, reusing it: metrics-jmx
2025-10-23 07:05:40,621 INFO  org.apache.flink.core.plugin.DefaultPluginManager            [] - Plugin loader with ID found, reusing it: metrics-prometheus
2025-10-23 07:05:40,622 INFO  org.apache.flink.core.plugin.DefaultPluginManager            [] - Plugin loader with ID found, reusing it: metrics-influx
2025-10-23 07:05:40,622 INFO  org.apache.flink.core.plugin.DefaultPluginManager            [] - Plugin loader with ID found, reusing it: metrics-slf4j
2025-10-23 07:05:40,622 INFO  org.apache.flink.core.plugin.DefaultPluginManager            [] - Plugin loader with ID found, reusing it: metrics-otel
2025-10-23 07:05:40,622 INFO  org.apache.flink.core.plugin.DefaultPluginManager            [] - Plugin loader with ID found, reusing it: metrics-datadog
2025-10-23 07:05:40,622 INFO  org.apache.flink.core.plugin.DefaultPluginManager            [] - Plugin loader with ID found, reusing it: metrics-graphite
2025-10-23 07:05:40,622 INFO  org.apache.flink.core.plugin.DefaultPluginManager            [] - Plugin loader with ID found, reusing it: external-resource-gpu
2025-10-23 07:05:40,622 INFO  org.apache.flink.runtime.security.token.DelegationTokenReceiverRepository [] - Delegation token receivers loaded successfully
2025-10-23 07:05:40,622 INFO  org.apache.flink.runtime.taskexecutor.TaskManagerRunner      [] - Starting TaskManager with ResourceID: 127.0.0.1:43219-51af8f
2025-10-23 07:05:40,738 INFO  org.apache.flink.runtime.taskexecutor.TaskManagerServices    [] - Temporary file directory '/tmp': total 31 GB, usable 14 GB (45.16% usable)
2025-10-23 07:05:40,741 INFO  org.apache.flink.runtime.io.disk.iomanager.IOManager         [] - Created a new FileChannelManager for spilling of task related data to disk (joins, sorting, ...). Used directories:
	/tmp/flink-io-a69b34cf-afa1-4caa-92e7-4bf22d81c304
2025-10-23 07:05:40,749 INFO  org.apache.flink.runtime.io.network.netty.NettyConfig        [] - NettyConfig [server address: /0.0.0.0, server port range: 0, ssl enabled: false, memory segment size (bytes): 32768, number of server threads: 1 (manual), number of client threads: 1 (manual), server connect backlog: 0 (use Netty's default), client connect timeout (sec): 120, send/receive buffer size (bytes): 0 (use Netty's default)]
2025-10-23 07:05:40,762 INFO  org.apache.flink.runtime.io.network.NettyShuffleServiceFactory [] - Created a new FileChannelManager for storing result partitions of BLOCKING shuffles. Used directories:
	/tmp/flink-netty-shuffle-1e01a100-4a66-4508-931c-2301d96a5cb1
2025-10-23 07:05:40,848 INFO  org.apache.flink.runtime.io.network.buffer.NetworkBufferPool [] - Allocated 128 MB for network buffer pool (number of memory segments: 4096, bytes per segment: 32768).
2025-10-23 07:05:40,857 INFO  org.apache.flink.runtime.io.network.NettyShuffleEnvironment  [] - Starting the network environment and its components.
2025-10-23 07:05:40,878 INFO  org.apache.flink.runtime.io.network.netty.NettyClient        [] - Transport type 'auto': using EPOLL.
2025-10-23 07:05:40,879 INFO  org.apache.flink.runtime.io.network.netty.NettyClient        [] - Successful initialization (took 21 ms).
2025-10-23 07:05:40,880 INFO  org.apache.flink.runtime.io.network.netty.NettyServer        [] - Transport type 'auto': using EPOLL.
2025-10-23 07:05:40,884 INFO  org.apache.flink.runtime.io.network.netty.NettyServer        [] - Successful initialization (took 4 ms). Listening on SocketAddress /[0:0:0:0:0:0:0:0%0]:38721.
2025-10-23 07:05:40,884 INFO  org.apache.flink.runtime.taskexecutor.TaskManagerServices    [] - TaskManager data connection initialized successfully; listening internally on port: 38721
2025-10-23 07:05:40,885 INFO  org.apache.flink.runtime.taskexecutor.KvStateService         [] - Starting the kvState service and its components.
2025-10-23 07:05:40,918 INFO  org.apache.flink.runtime.rpc.pekko.PekkoRpcService           [] - Starting RPC endpoint for org.apache.flink.runtime.taskexecutor.TaskExecutor at pekko://flink/user/rpc/taskmanager_0 .
2025-10-23 07:05:40,935 INFO  org.apache.flink.runtime.taskexecutor.DefaultJobLeaderService [] - Start job leader service.
2025-10-23 07:05:40,936 INFO  org.apache.flink.runtime.filecache.FileCache                 [] - User file cache uses directory /tmp/flink-dist-cache-9816ea2b-11a0-4eb6-b37d-f0c7a215f60d
2025-10-23 07:05:40,938 INFO  org.apache.flink.runtime.taskexecutor.TaskExecutor           [] - Connecting to ResourceManager pekko.tcp://flink@c538e3929a3c:6123/user/rpc/resourcemanager_*(00000000000000000000000000000000).
2025-10-23 07:05:41,310 INFO  org.apache.flink.runtime.taskexecutor.TaskExecutor           [] - Resolved ResourceManager address, beginning registration
2025-10-23 07:05:41,431 INFO  org.apache.flink.runtime.taskexecutor.TaskExecutor           [] - Successful registration at resource manager pekko.tcp://flink@c538e3929a3c:6123/user/rpc/resourcemanager_* under registration id 2321ce92355ffb18036e4b986ac0be18.
2025-10-23 07:05:53,075 INFO  org.apache.flink.runtime.taskexecutor.TaskExecutor           [] - Receive slot request 1aed4e434110ba92b6bea619a50a1b62 for job 328796f08517e67bf7990ad4ac4a8115 from resource manager with leader id 00000000000000000000000000000000.
2025-10-23 07:05:53,107 INFO  org.apache.flink.runtime.taskexecutor.slot.TaskSlotTableImpl [] - Allocated slot for 1aed4e434110ba92b6bea619a50a1b62 with resources ResourceProfile{cpuCores=1, taskHeapMemory=384.000mb (402653174 bytes), taskOffHeapMemory=0 bytes, managedMemory=512.000mb (536870920 bytes), networkMemory=128.000mb (134217730 bytes)}.
2025-10-23 07:05:53,120 INFO  org.apache.flink.runtime.taskexecutor.DefaultJobLeaderService [] - Add job 328796f08517e67bf7990ad4ac4a8115 for job leader monitoring.
2025-10-23 07:05:53,122 INFO  org.apache.flink.runtime.taskexecutor.DefaultJobLeaderService [] - Try to register at job manager pekko.tcp://flink@c538e3929a3c:6123/user/rpc/jobmanager_2 with leader id 00000000-0000-0000-0000-000000000000.
2025-10-23 07:05:53,168 INFO  org.apache.flink.runtime.taskexecutor.DefaultJobLeaderService [] - Resolved JobManager address, beginning registration
2025-10-23 07:05:53,211 INFO  org.apache.flink.runtime.taskexecutor.DefaultJobLeaderService [] - Successful registration at job manager pekko.tcp://flink@c538e3929a3c:6123/user/rpc/jobmanager_2 for job 328796f08517e67bf7990ad4ac4a8115.
2025-10-23 07:05:53,213 INFO  org.apache.flink.runtime.taskexecutor.TaskExecutor           [] - Establish JobManager connection for job 328796f08517e67bf7990ad4ac4a8115.
2025-10-23 07:05:53,218 INFO  org.apache.flink.runtime.taskexecutor.TaskExecutor           [] - Offer reserved slots to the leader of job 328796f08517e67bf7990ad4ac4a8115.
2025-10-23 07:05:53,329 INFO  org.apache.flink.runtime.taskexecutor.slot.TaskSlotTableImpl [] - Activate slot 1aed4e434110ba92b6bea619a50a1b62.
2025-10-23 07:05:53,382 INFO  org.apache.flink.runtime.state.changelog.StateChangelogStorageLoader [] - Creating a changelog storage with name 'memory'.
2025-10-23 07:05:53,405 INFO  org.apache.flink.runtime.state.TaskExecutorChannelStateExecutorFactoryManager [] - Creating the channel state executor factory for job id 328796f08517e67bf7990ad4ac4a8115
2025-10-23 07:05:53,467 INFO  org.apache.flink.runtime.taskexecutor.TaskExecutor           [] - Received task Source: Collection Source -> _stream_key_by_map_operator (1/1)#0 (15adbeefb8ac3e7a8b6cbb60814500bd_cbc357ccb763df2852fee8c4fc7d55f2_0_0), deploy into slot with allocation id 1aed4e434110ba92b6bea619a50a1b62.
2025-10-23 07:05:53,468 INFO  org.apache.flink.runtime.taskmanager.Task                    [] - Source: Collection Source -> _stream_key_by_map_operator (1/1)#0 (15adbeefb8ac3e7a8b6cbb60814500bd_cbc357ccb763df2852fee8c4fc7d55f2_0_0) switched from CREATED to DEPLOYING.
2025-10-23 07:05:53,471 INFO  org.apache.flink.runtime.taskexecutor.slot.TaskSlotTableImpl [] - Activate slot 1aed4e434110ba92b6bea619a50a1b62.
2025-10-23 07:05:53,484 INFO  org.apache.flink.runtime.taskmanager.Task                    [] - Loading JAR files for task Source: Collection Source -> _stream_key_by_map_operator (1/1)#0 (15adbeefb8ac3e7a8b6cbb60814500bd_cbc357ccb763df2852fee8c4fc7d55f2_0_0) [DEPLOYING].
2025-10-23 07:05:53,489 INFO  org.apache.flink.runtime.blob.BlobClient                     [] - Downloading 328796f08517e67bf7990ad4ac4a8115/p-eb2d28ac31e2c97dd63a6894758ee2d5f438b095-5c7701c5e4b15f6695d51cfef0aa4c8e from c538e3929a3c/172.17.0.2:6124
2025-10-23 07:05:53,528 INFO  org.apache.flink.runtime.taskexecutor.TaskExecutor           [] - Received task KEYED PROCESS -> Sink: Print to Std. Out (1/1)#0 (15adbeefb8ac3e7a8b6cbb60814500bd_90bea66de1c231edf33913ecd54406c1_0_0), deploy into slot with allocation id 1aed4e434110ba92b6bea619a50a1b62.
2025-10-23 07:05:53,529 INFO  org.apache.flink.runtime.taskexecutor.slot.TaskSlotTableImpl [] - Activate slot 1aed4e434110ba92b6bea619a50a1b62.
2025-10-23 07:05:53,530 INFO  org.apache.flink.runtime.taskmanager.Task                    [] - KEYED PROCESS -> Sink: Print to Std. Out (1/1)#0 (15adbeefb8ac3e7a8b6cbb60814500bd_90bea66de1c231edf33913ecd54406c1_0_0) switched from CREATED to DEPLOYING.
2025-10-23 07:05:53,532 INFO  org.apache.flink.runtime.taskmanager.Task                    [] - Loading JAR files for task KEYED PROCESS -> Sink: Print to Std. Out (1/1)#0 (15adbeefb8ac3e7a8b6cbb60814500bd_90bea66de1c231edf33913ecd54406c1_0_0) [DEPLOYING].
2025-10-23 07:05:53,706 INFO  org.apache.flink.streaming.runtime.tasks.StreamTask          [] - Loading state backend via factory org.apache.flink.state.rocksdb.EmbeddedRocksDBStateBackendFactory
2025-10-23 07:05:53,723 INFO  org.apache.flink.state.rocksdb.EmbeddedRocksDBStateBackend   [] - Using predefined options: DEFAULT.
2025-10-23 07:05:53,726 INFO  org.apache.flink.streaming.runtime.tasks.StreamTask          [] - Loading state backend via factory org.apache.flink.state.rocksdb.EmbeddedRocksDBStateBackendFactory
2025-10-23 07:05:53,727 INFO  org.apache.flink.state.rocksdb.EmbeddedRocksDBStateBackend   [] - Using predefined options: DEFAULT.
2025-10-23 07:05:53,733 INFO  org.apache.flink.runtime.state.StateBackendLoader            [] - State backend loader loads the state backend as EmbeddedRocksDBStateBackend
2025-10-23 07:05:53,733 INFO  org.apache.flink.runtime.state.StateBackendLoader            [] - State backend loader loads the state backend as EmbeddedRocksDBStateBackend
2025-10-23 07:05:53,737 INFO  org.apache.flink.streaming.runtime.tasks.StreamTask          [] - Checkpoint storage is set to 'filesystem': (checkpoints "file:/tmp/flink-checkpoints")
2025-10-23 07:05:53,739 INFO  org.apache.flink.streaming.runtime.tasks.StreamTask          [] - Checkpoint storage is set to 'filesystem': (checkpoints "file:/tmp/flink-checkpoints")
2025-10-23 07:05:53,748 INFO  org.apache.flink.runtime.taskmanager.Task                    [] - KEYED PROCESS -> Sink: Print to Std. Out (1/1)#0 (15adbeefb8ac3e7a8b6cbb60814500bd_90bea66de1c231edf33913ecd54406c1_0_0) switched from DEPLOYING to INITIALIZING.
2025-10-23 07:05:53,751 INFO  org.apache.flink.runtime.taskmanager.Task                    [] - Source: Collection Source -> _stream_key_by_map_operator (1/1)#0 (15adbeefb8ac3e7a8b6cbb60814500bd_cbc357ccb763df2852fee8c4fc7d55f2_0_0) switched from DEPLOYING to INITIALIZING.
2025-10-23 07:05:53,924 INFO  org.apache.flink.runtime.state.StateBackendLoader            [] - Loading state backend via factory org.apache.flink.state.rocksdb.EmbeddedRocksDBStateBackendFactory
2025-10-23 07:05:53,924 INFO  org.apache.flink.state.rocksdb.EmbeddedRocksDBStateBackend   [] - Using predefined options: DEFAULT.
2025-10-23 07:05:53,933 INFO  org.apache.flink.runtime.state.StateBackendLoader            [] - Loading state backend via factory org.apache.flink.state.rocksdb.EmbeddedRocksDBStateBackendFactory
2025-10-23 07:05:53,935 INFO  org.apache.flink.state.rocksdb.EmbeddedRocksDBStateBackend   [] - Using predefined options: DEFAULT.
2025-10-23 07:05:53,975 INFO  org.apache.flink.runtime.state.StateBackendLoader            [] - Loading state backend via factory org.apache.flink.state.rocksdb.EmbeddedRocksDBStateBackendFactory
2025-10-23 07:05:53,975 INFO  org.apache.flink.state.rocksdb.EmbeddedRocksDBStateBackend   [] - Using predefined options: DEFAULT.
2025-10-23 07:05:53,986 INFO  org.apache.flink.state.rocksdb.EmbeddedRocksDBStateBackend   [] - Attempting to load RocksDB native library and store it under '/tmp/tm_127.0.0.1:43219-51af8f/tmp'
2025-10-23 07:05:54,004 INFO  org.apache.flink.streaming.api.operators.AbstractStreamOperator [] - The maximum bundle size is configured to 1000.
2025-10-23 07:05:54,005 INFO  org.apache.flink.streaming.api.operators.AbstractStreamOperator [] - The maximum bundle time is configured to 1000 milliseconds.
2025-10-23 07:05:54,263 INFO  org.apache.flink.state.rocksdb.EmbeddedRocksDBStateBackend   [] - Successfully loaded RocksDB native library
2025-10-23 07:05:54,277 INFO  org.apache.flink.state.rocksdb.EmbeddedRocksDBStateBackend   [] - Getting shared memory for RocksDB: shareScope=SLOT, managed=false
2025-10-23 07:05:54,286 INFO  org.apache.flink.state.rocksdb.EmbeddedRocksDBStateBackend   [] - Obtained shared RocksDB cache of size 375809644 bytes
2025-10-23 07:05:54,400 INFO  org.apache.flink.state.rocksdb.sstmerge.RocksDBManualCompactionManager [] - Creating RocksDBManualCompactionManager with settings: RocksDBManualCompactionConfig{minInterval=0, maxManualCompactions=5, maxFileSizeToCompact=50 kb, minFilesToCompact=5, maxFilesToCompact=30, maxOutputFileSize=64 mb, maxAutoCompactions=30}
2025-10-23 07:05:54,401 INFO  org.apache.flink.state.rocksdb.RocksDBKeyedStateBackendBuilder [] - Finished building RocksDB keyed state-backend at /tmp/rocksdb/job_328796f08517e67bf7990ad4ac4a8115_op_ExternalPythonKeyedProcessOperator_90bea66de1c231edf33913ecd54406c1__1_1__uuid_a608817c-a07a-49ef-b1bf-5938fe103110.
2025-10-23 07:05:54,410 INFO  org.apache.flink.configuration.GlobalConfiguration           [] - Using standard YAML parser to load flink configuration file from /opt/flink/conf/config.yaml.
2025-10-23 07:05:54,424 INFO  org.apache.flink.configuration.GlobalConfiguration           [] - Loading configuration property: blob.server.port, 6124
2025-10-23 07:05:54,428 INFO  org.apache.flink.configuration.GlobalConfiguration           [] - Loading configuration property: taskmanager.memory.process.size, 1728m
2025-10-23 07:05:54,428 INFO  org.apache.flink.configuration.GlobalConfiguration           [] - Loading configuration property: taskmanager.bind-host, 0.0.0.0
2025-10-23 07:05:54,428 INFO  org.apache.flink.configuration.GlobalConfiguration           [] - Loading configuration property: jobmanager.execution.failover-strategy, region
2025-10-23 07:05:54,429 INFO  org.apache.flink.configuration.GlobalConfiguration           [] - Loading configuration property: jobmanager.rpc.address, c538e3929a3c
2025-10-23 07:05:54,429 INFO  org.apache.flink.configuration.GlobalConfiguration           [] - Loading configuration property: execution.checkpointing.incremental, false
2025-10-23 07:05:54,429 INFO  org.apache.flink.configuration.GlobalConfiguration           [] - Loading configuration property: state.backend.rocksdb.localdir, /tmp/rocksdb
2025-10-23 07:05:54,429 INFO  org.apache.flink.configuration.GlobalConfiguration           [] - Loading configuration property: execution.target, remote
2025-10-23 07:05:54,429 INFO  org.apache.flink.configuration.GlobalConfiguration           [] - Loading configuration property: jobmanager.memory.process.size, 1600m
2025-10-23 07:05:54,429 INFO  org.apache.flink.configuration.GlobalConfiguration           [] - Loading configuration property: jobmanager.rpc.port, 6123
2025-10-23 07:05:54,430 INFO  org.apache.flink.configuration.GlobalConfiguration           [] - Loading configuration property: query.server.port, 6125
2025-10-23 07:05:54,430 INFO  org.apache.flink.configuration.GlobalConfiguration           [] - Loading configuration property: rest.bind-address, 0.0.0.0
2025-10-23 07:05:54,430 INFO  org.apache.flink.configuration.GlobalConfiguration           [] - Loading configuration property: jobmanager.bind-host, 0.0.0.0
2025-10-23 07:05:54,430 INFO  org.apache.flink.configuration.GlobalConfiguration           [] - Loading configuration property: execution.checkpointing.savepoint-dir, file:///tmp/flink-checkpoints
2025-10-23 07:05:54,430 INFO  org.apache.flink.configuration.GlobalConfiguration           [] - Loading configuration property: taskmanager.host, 127.0.0.1
2025-10-23 07:05:54,431 INFO  org.apache.flink.configuration.GlobalConfiguration           [] - Loading configuration property: execution.checkpointing.externalized-checkpoint-retention, RETAIN_ON_CANCELLATION
2025-10-23 07:05:54,431 INFO  org.apache.flink.configuration.GlobalConfiguration           [] - Loading configuration property: parallelism.default, 1
2025-10-23 07:05:54,431 INFO  org.apache.flink.configuration.GlobalConfiguration           [] - Loading configuration property: taskmanager.numberOfTaskSlots, 1
2025-10-23 07:05:54,432 INFO  org.apache.flink.configuration.GlobalConfiguration           [] - Loading configuration property: execution.checkpointing.local-backup.enabled, true
2025-10-23 07:05:54,432 INFO  org.apache.flink.configuration.GlobalConfiguration           [] - Loading configuration property: rest.address, 127.0.0.1
2025-10-23 07:05:54,432 INFO  org.apache.flink.configuration.GlobalConfiguration           [] - Loading configuration property: execution.state-recovery.ignore-unclaimed-state, true
2025-10-23 07:05:54,432 INFO  org.apache.flink.configuration.GlobalConfiguration           [] - Loading configuration property: execution.checkpointing.dir, file:///tmp/flink-checkpoints
2025-10-23 07:05:54,432 INFO  org.apache.flink.configuration.GlobalConfiguration           [] - Loading configuration property: env.java.opts.all, --add-exports=java.rmi/sun.rmi.registry=ALL-UNNAMED --add-exports=java.security.jgss/sun.security.krb5=ALL-UNNAMED --add-opens=java.base/java.lang=ALL-UNNAMED --add-opens=java.base/java.net=ALL-UNNAMED --add-opens=java.base/java.io=ALL-UNNAMED --add-opens=java.base/java.nio=ALL-UNNAMED --add-opens=java.base/sun.nio.ch=ALL-UNNAMED --add-opens=java.base/java.lang.reflect=ALL-UNNAMED --add-opens=java.base/java.text=ALL-UNNAMED --add-opens=java.base/java.time=ALL-UNNAMED --add-opens=java.base/java.util=ALL-UNNAMED --add-opens=java.base/java.util.concurrent=ALL-UNNAMED --add-opens=java.base/java.util.concurrent.atomic=ALL-UNNAMED --add-opens=java.base/java.util.concurrent.locks=ALL-UNNAMED
2025-10-23 07:05:54,432 INFO  org.apache.flink.configuration.GlobalConfiguration           [] - Loading configuration property: state.backend.type, rocksdb
2025-10-23 07:05:54,445 INFO  org.apache.flink.runtime.state.StateBackendLoader            [] - Loading state backend via factory org.apache.flink.state.rocksdb.EmbeddedRocksDBStateBackendFactory
2025-10-23 07:05:54,446 INFO  org.apache.flink.state.rocksdb.EmbeddedRocksDBStateBackend   [] - Using predefined options: DEFAULT.
2025-10-23 07:05:54,482 INFO  org.apache.flink.streaming.api.operators.AbstractStreamOperator [] - The maximum bundle size is configured to 1000.
2025-10-23 07:05:54,484 INFO  org.apache.flink.streaming.api.operators.AbstractStreamOperator [] - The maximum bundle time is configured to 1000 milliseconds.
2025-10-23 07:05:54,490 INFO  org.apache.flink.runtime.state.StateBackendLoader            [] - Loading state backend via factory org.apache.flink.state.rocksdb.EmbeddedRocksDBStateBackendFactory
2025-10-23 07:05:54,492 INFO  org.apache.flink.state.rocksdb.EmbeddedRocksDBStateBackend   [] - Using predefined options: DEFAULT.
2025-10-23 07:05:54,536 INFO  org.apache.flink.python.env.AbstractPythonEnvironmentManager [] - PYTHONPATH of python worker: null
2025-10-23 07:05:54,536 INFO  org.apache.flink.python.env.AbstractPythonEnvironmentManager [] - Python interpreter path: /app/.venv/bin/python
2025-10-23 07:05:55,685 INFO  org.apache.flink.streaming.api.runners.python.beam.BeamPythonFunctionRunner [] - Obtained shared Python process of size 161061276 bytes
2025-10-23 07:05:55,686 INFO  org.apache.flink.streaming.api.runners.python.beam.BeamPythonFunctionRunner [] - Obtained shared Python process of size 161061276 bytes
2025-10-23 07:05:59,290 INFO  org.apache.beam.runners.fnexecution.logging.GrpcLoggingService [] - Beam Fn Logging client connected.
2025-10-23 07:05:59,299 INFO  /app/.venv/lib/python3.9/site-packages/apache_beam/runners/worker/sdk_worker_main.py:84 [] - Logging handler created.
2025-10-23 07:05:59,302 INFO  /app/.venv/lib/python3.9/site-packages/apache_beam/runners/worker/sdk_worker_main.py:110 [] - semi_persistent_directory: /tmp
2025-10-23 07:05:59,302 WARN  /app/.venv/lib/python3.9/site-packages/apache_beam/runners/worker/sdk_worker_main.py:356 [] - No session file found: /tmp/staged/pickled_main_session. Functions defined in __main__ (interactive session) may fail. 
2025-10-23 07:05:59,303 WARN  /app/.venv/lib/python3.9/site-packages/apache_beam/options/pipeline_options.py:394 [] - Discarding unparseable args: ['--app_name=BeamPythonFunctionRunner', '--options_id=0.0'] 
2025-10-23 07:05:59,303 INFO  /app/.venv/lib/python3.9/site-packages/apache_beam/runners/worker/sdk_worker_main.py:134 [] - Pipeline_options: {'experiments': ['state_cache_size=1000']}
2025-10-23 07:05:59,308 INFO  /app/.venv/lib/python3.9/site-packages/apache_beam/runners/worker/statecache.py:214 [] - Creating state cache with size 1000
2025-10-23 07:05:59,308 INFO  /app/.venv/lib/python3.9/site-packages/apache_beam/runners/worker/sdk_worker.py:189 [] - Creating insecure control channel for localhost:42975.
2025-10-23 07:05:59,310 INFO  /app/.venv/lib/python3.9/site-packages/apache_beam/runners/worker/sdk_worker.py:197 [] - Control channel established.
2025-10-23 07:05:59,315 INFO  /app/.venv/lib/python3.9/site-packages/apache_beam/runners/worker/sdk_worker.py:247 [] - Initializing SDKHarness with unbounded number of workers.
2025-10-23 07:05:59,322 INFO  /app/.venv/lib/python3.9/site-packages/apache_beam/runners/worker/sdk_worker_main.py:211 [] - Python sdk harness starting.
2025-10-23 07:05:59,324 INFO  org.apache.beam.runners.fnexecution.control.FnApiControlClientPoolService [] - Beam Fn Control client connected with id 1-1
2025-10-23 07:05:59,391 INFO  org.apache.flink.runtime.state.StateBackendLoader            [] - Loading state backend via factory org.apache.flink.state.rocksdb.EmbeddedRocksDBStateBackendFactory
2025-10-23 07:05:59,391 INFO  org.apache.flink.state.rocksdb.EmbeddedRocksDBStateBackend   [] - Using predefined options: DEFAULT.
2025-10-23 07:05:59,406 INFO  org.apache.flink.runtime.taskmanager.Task                    [] - KEYED PROCESS -> Sink: Print to Std. Out (1/1)#0 (15adbeefb8ac3e7a8b6cbb60814500bd_90bea66de1c231edf33913ecd54406c1_0_0) switched from INITIALIZING to RUNNING.
2025-10-23 07:05:59,417 INFO  org.apache.flink.runtime.taskmanager.Task                    [] - Source: Collection Source -> _stream_key_by_map_operator (1/1)#0 (15adbeefb8ac3e7a8b6cbb60814500bd_cbc357ccb763df2852fee8c4fc7d55f2_0_0) switched from INITIALIZING to RUNNING.
2025-10-23 07:05:59,469 INFO  org.apache.beam.runners.fnexecution.control.FnApiControlClientPoolService [] - getProcessBundleDescriptor request with id 1-3
2025-10-23 07:05:59,477 INFO  /app/.venv/lib/python3.9/site-packages/apache_beam/runners/worker/sdk_worker.py:919 [] - Creating insecure state channel for localhost:36845.
2025-10-23 07:05:59,479 INFO  /app/.venv/lib/python3.9/site-packages/apache_beam/runners/worker/sdk_worker.py:926 [] - State channel established.
2025-10-23 07:05:59,492 INFO  /app/.venv/lib/python3.9/site-packages/apache_beam/runners/worker/data_plane.py:822 [] - Creating client data channel for localhost:46527
2025-10-23 07:05:59,496 INFO  org.apache.beam.runners.fnexecution.data.GrpcDataService     [] - Beam Fn Data client connected.
2025-10-23 07:05:59,681 INFO  org.apache.beam.runners.fnexecution.control.FnApiControlClientPoolService [] - getProcessBundleDescriptor request with id 1-2
2025-10-23 07:06:31,782 INFO  org.apache.flink.runtime.taskmanager.Task                    [] - Source: Collection Source -> _stream_key_by_map_operator (1/1)#0 (15adbeefb8ac3e7a8b6cbb60814500bd_cbc357ccb763df2852fee8c4fc7d55f2_0_0) switched from RUNNING to FINISHED.
2025-10-23 07:06:31,784 INFO  org.apache.flink.runtime.taskmanager.Task                    [] - Freeing task resources for Source: Collection Source -> _stream_key_by_map_operator (1/1)#0 (15adbeefb8ac3e7a8b6cbb60814500bd_cbc357ccb763df2852fee8c4fc7d55f2_0_0).
2025-10-23 07:06:31,790 INFO  org.apache.flink.runtime.taskexecutor.TaskExecutor           [] - Un-registering task and sending final execution state FINISHED to JobManager for task Source: Collection Source -> _stream_key_by_map_operator (1/1)#0 15adbeefb8ac3e7a8b6cbb60814500bd_cbc357ccb763df2852fee8c4fc7d55f2_0_0.
2025-10-23 07:06:31,822 INFO  org.apache.beam.runners.fnexecution.control.DefaultJobBundleFactory [] - Closing environment urn: "beam:env:process:v1"
payload: "\032H/app/.venv/lib/python3.9/site-packages/pyflink/bin/pyflink-udf-runner.sh\"Z\n\rFLINK_TGZ_URL\022Ihttps://dlcdn.apache.org/flink/flink-2.1.0/flink-2.1.0-bin-scala_2.12.tgz\"i\n\004PATH\022a/opt/flink/bin:/opt/java/openjdk/bin:/usr/local/sbin:/usr/local/bin:/usr/sbin:/usr/bin:/sbin:/bin\"&\n\bJAVA_RUN\022\032/opt/java/openjdk/bin/java\" \n\025TABLE_LOCAL_TIME_ZONE\022\aEtc/UTC\"\026\n\016ROOT_LOG_LEVEL\022\004INFO\"\036\n\tJAVA_HOME\022\021/opt/java/openjdk\"$\n\031PYFLINK_CLIENT_EXECUTABLE\022\apython3\"\021\n\tCHECK_GPG\022\004true\"\'\n\021FLINK_PLUGINS_DIR\022\022/opt/flink/plugins\"3\n\aGPG_KEY\022(7A14EF9AD986EF0D56B2E73F6AF817E6C59EC690\"\023\n\004LANG\022\ven_US.UTF-8\"E\n\fBOOT_LOG_DIR\0225/tmp/python-dist-a1b60771-f2ca-4303-b9b9-866363fff79b\"!\n\016FLINK_CONF_DIR\022\017/opt/flink/conf\"\356\005\n\023FLINK_ENV_JAVA_OPTS\022\326\005-XX:+IgnoreUnrecognizedVMOptions --add-exports=java.rmi/sun.rmi.registry=ALL-UNNAMED --add-exports=java.security.jgss/sun.security.krb5=ALL-UNNAMED --add-opens=java.base/java.lang=ALL-UNNAMED --add-opens=java.base/java.net=ALL-UNNAMED --add-opens=java.base/java.io=ALL-UNNAMED --add-opens=java.base/java.nio=ALL-UNNAMED --add-opens=java.base/sun.nio.ch=ALL-UNNAMED --add-opens=java.base/java.lang.reflect=ALL-UNNAMED --add-opens=java.base/java.text=ALL-UNNAMED --add-opens=java.base/java.time=ALL-UNNAMED --add-opens=java.base/java.util=ALL-UNNAMED --add-opens=java.base/java.util.concurrent=ALL-UNNAMED --add-opens=java.base/java.util.concurrent.atomic=ALL-UNNAMED --add-opens=java.base/java.util.concurrent.locks=ALL-UNNAMED\"(\n\033_PYTHON_WORKER_MEMORY_LIMIT\022\t161061276\"b\n\rFLINK_ASC_URL\022Qhttps://downloads.apache.org/flink/flink-2.1.0/flink-2.1.0-bin-scala_2.12.tgz.asc\"\035\n\fJAVA_VERSION\022\rjdk-17.0.16+8\"\v\n\003PWD\022\004/app\"\037\n\001_\022\032/opt/java/openjdk/bin/java\"\024\n\bLANGUAGE\022\ben_US:en\"\037\n\rFLINK_OPT_DIR\022\016/opt/flink/opt\"\037\n\006python\022\025/app/.venv/bin/python\"\035\n\rXDG_DATA_HOME\022\f/opt/uv/data\"\030\n\nFLINK_HOME\022\n/opt/flink\" \n\030PYFLINK_GATEWAY_DISABLED\022\004true\"\031\n\023MAX_LOG_FILE_NUMBER\022\00210\"\037\n\rFLINK_LIB_DIR\022\016/opt/flink/lib\"\025\n\020PIP_NO_CACHE_DIR\022\0011\"\333\004\n\022DYNAMIC_PARAMETERS\022\304\004-D taskmanager.memory.network.min=134217730b -D taskmanager.cpu.cores=1.0 -D taskmanager.memory.task.off-heap.size=0b -D taskmanager.memory.jvm-metaspace.size=268435456b -D external-resources=none -D taskmanager.memory.jvm-overhead.min=201326592b -D taskmanager.memory.framework.off-heap.size=134217728b -D taskmanager.memory.network.max=134217730b -D taskmanager.memory.framework.heap.size=134217728b -D taskmanager.memory.managed.size=536870920b -D taskmanager.memory.task.heap.size=402653174b -D taskmanager.numberOfTaskSlots=1 -D taskmanager.memory.jvm-overhead.max=201326592b\"\034\n\027PYTHONDONTWRITEBYTECODE\022\0011\"\246$\n\024FLINK_INHERITED_LOGS\022\215$\n\n\nRESOURCE_PARAMS extraction logs:\njvm_params: -Xmx536870902 -Xms536870902 -XX:MaxDirectMemorySize=268435458 -XX:MaxMetaspaceSize=268435456\ndynamic_configs: -D taskmanager.memory.network.min=134217730b -D taskmanager.cpu.cores=1.0 -D taskmanager.memory.task.off-heap.size=0b -D taskmanager.memory.jvm-metaspace.size=268435456b -D external-resources=none -D taskmanager.memory.jvm-overhead.min=201326592b -D taskmanager.memory.framework.off-heap.size=134217728b -D taskmanager.memory.network.max=134217730b -D taskmanager.memory.framework.heap.size=134217728b -D taskmanager.memory.managed.size=536870920b -D taskmanager.memory.task.heap.size=402653174b -D taskmanager.numberOfTaskSlots=1 -D taskmanager.memory.jvm-overhead.max=201326592b\nlogs: INFO  [] - Using standard YAML parser to load flink configuration file from /opt/flink/conf/config.yaml.\nINFO  [] - Loading configuration property: blob.server.port, 6124\nINFO  [] - Loading configuration property: taskmanager.memory.process.size, 1728m\nINFO  [] - Loading configuration property: taskmanager.bind-host, 0.0.0.0\nINFO  [] - Loading configuration property: jobmanager.execution.failover-strategy, region\nINFO  [] - Loading configuration property: jobmanager.rpc.address, c538e3929a3c\nINFO  [] - Loading configuration property: execution.checkpointing.incremental, false\nINFO  [] - Loading configuration property: state.backend.rocksdb.localdir, /tmp/rocksdb\nINFO  [] - Loading configuration property: execution.target, remote\nINFO  [] - Loading configuration property: jobmanager.memory.process.size, 1600m\nINFO  [] - Loading configuration property: jobmanager.rpc.port, 6123\nINFO  [] - Loading configuration property: query.server.port, 6125\nINFO  [] - Loading configuration property: rest.bind-address, 0.0.0.0\nINFO  [] - Loading configuration property: jobmanager.bind-host, 0.0.0.0\nINFO  [] - Loading configuration property: execution.checkpointing.savepoint-dir, file:///tmp/flink-checkpoints\nINFO  [] - Loading configuration property: taskmanager.host, 127.0.0.1\nINFO  [] - Loading configuration property: execution.checkpointing.externalized-checkpoint-retention, RETAIN_ON_CANCELLATION\nINFO  [] - Loading configuration property: parallelism.default, 1\nINFO  [] - Loading configuration property: taskmanager.numberOfTaskSlots, 1\nINFO  [] - Loading configuration property: execution.checkpointing.local-backup.enabled, true\nINFO  [] - Loading configuration property: rest.address, 127.0.0.1\nINFO  [] - Loading configuration property: execution.state-recovery.ignore-unclaimed-state, true\nINFO  [] - Loading configuration property: execution.checkpointing.dir, file:///tmp/flink-checkpoints\nINFO  [] - Loading configuration property: env.java.opts.all, --add-exports=java.rmi/sun.rmi.registry=ALL-UNNAMED --add-exports=java.security.jgss/sun.security.krb5=ALL-UNNAMED --add-opens=java.base/java.lang=ALL-UNNAMED --add-opens=java.base/java.net=ALL-UNNAMED --add-opens=java.base/java.io=ALL-UNNAMED --add-opens=java.base/java.nio=ALL-UNNAMED --add-opens=java.base/sun.nio.ch=ALL-UNNAMED --add-opens=java.base/java.lang.reflect=ALL-UNNAMED --add-opens=java.base/java.text=ALL-UNNAMED --add-opens=java.base/java.time=ALL-UNNAMED --add-opens=java.base/java.util=ALL-UNNAMED --add-opens=java.base/java.util.concurrent=ALL-UNNAMED --add-opens=java.base/java.util.concurrent.atomic=ALL-UNNAMED --add-opens=java.base/java.util.concurrent.locks=ALL-UNNAMED\nINFO  [] - Loading configuration property: state.backend.type, rocksdb\nINFO  [] - The derived from fraction jvm overhead memory (172.800mb (181193935 bytes)) is less than its min value 192.000mb (201326592 bytes), min value will be used instead\nINFO  [] - Final TaskExecutor Memory configuration:\nINFO  [] -   Total Process Memory:          1.688gb (1811939328 bytes)\nINFO  [] -     Total Flink Memory:          1.250gb (1342177280 bytes)\nINFO  [] -       Total JVM Heap Memory:     512.000mb (536870902 bytes)\nINFO  [] -         Framework:               128.000mb (134217728 bytes)\nINFO  [] -         Task:                    384.000mb (402653174 bytes)\nINFO  [] -       Total Off-heap Memory:     768.000mb (805306378 bytes)\nINFO  [] -         Managed:                 512.000mb (536870920 bytes)\nINFO  [] -         Total JVM Direct Memory: 256.000mb (268435458 bytes)\nINFO  [] -           Framework:             128.000mb (134217728 bytes)\nINFO  [] -           Task:                  0 bytes\nINFO  [] -           Network:               128.000mb (134217730 bytes)\nINFO  [] -     JVM Metaspace:               256.000mb (268435456 bytes)\nINFO  [] -     JVM Overhead:                192.000mb (201326592 bytes)\n\"\024\n\fGOSU_VERSION\022\0041.11\"\025\n\020PYTHONUNBUFFERED\022\0011\"\030\n\bHOSTNAME\022\fc538e3929a3c\"\025\n\006LC_ALL\022\ven_US.UTF-8\"i\n\bJVM_ARGS\022] -Xmx536870902 -Xms536870902 -XX:MaxDirectMemorySize=268435458 -XX:MaxMetaspaceSize=268435456\"7\n\nLD_PRELOAD\022):/usr/lib/x86_64-linux-gnu/libjemalloc.so\"\n\n\005SHLVL\022\0013\"\022\n\004HOME\022\n/opt/flink\"\037\n\rFLINK_BIN_DIR\022\016/opt/flink/bin"

2025-10-23 07:06:31,828 INFO  org.apache.beam.runners.fnexecution.logging.GrpcLoggingService [] - 1 Beam Fn Logging clients still connected during shutdown.
2025-10-23 07:06:31,857 INFO  org.apache.beam.sdk.fn.data.BeamFnDataGrpcMultiplexer        [] - Hanged up for unknown endpoint.
2025-10-23 07:06:31,865 INFO  org.apache.beam.sdk.fn.data.BeamFnDataGrpcMultiplexer        [] - Hanged up for unknown endpoint.
2025-10-23 07:06:31,929 WARN  org.apache.beam.runners.fnexecution.control.DefaultJobBundleFactory [] - Error cleaning up servers urn: "beam:env:process:v1"
payload: "\032H/app/.venv/lib/python3.9/site-packages/pyflink/bin/pyflink-udf-runner.sh\"Z\n\rFLINK_TGZ_URL\022Ihttps://dlcdn.apache.org/flink/flink-2.1.0/flink-2.1.0-bin-scala_2.12.tgz\"i\n\004PATH\022a/opt/flink/bin:/opt/java/openjdk/bin:/usr/local/sbin:/usr/local/bin:/usr/sbin:/usr/bin:/sbin:/bin\"&\n\bJAVA_RUN\022\032/opt/java/openjdk/bin/java\" \n\025TABLE_LOCAL_TIME_ZONE\022\aEtc/UTC\"\026\n\016ROOT_LOG_LEVEL\022\004INFO\"\036\n\tJAVA_HOME\022\021/opt/java/openjdk\"$\n\031PYFLINK_CLIENT_EXECUTABLE\022\apython3\"\021\n\tCHECK_GPG\022\004true\"\'\n\021FLINK_PLUGINS_DIR\022\022/opt/flink/plugins\"3\n\aGPG_KEY\022(7A14EF9AD986EF0D56B2E73F6AF817E6C59EC690\"\023\n\004LANG\022\ven_US.UTF-8\"E\n\fBOOT_LOG_DIR\0225/tmp/python-dist-a1b60771-f2ca-4303-b9b9-866363fff79b\"!\n\016FLINK_CONF_DIR\022\017/opt/flink/conf\"\356\005\n\023FLINK_ENV_JAVA_OPTS\022\326\005-XX:+IgnoreUnrecognizedVMOptions --add-exports=java.rmi/sun.rmi.registry=ALL-UNNAMED --add-exports=java.security.jgss/sun.security.krb5=ALL-UNNAMED --add-opens=java.base/java.lang=ALL-UNNAMED --add-opens=java.base/java.net=ALL-UNNAMED --add-opens=java.base/java.io=ALL-UNNAMED --add-opens=java.base/java.nio=ALL-UNNAMED --add-opens=java.base/sun.nio.ch=ALL-UNNAMED --add-opens=java.base/java.lang.reflect=ALL-UNNAMED --add-opens=java.base/java.text=ALL-UNNAMED --add-opens=java.base/java.time=ALL-UNNAMED --add-opens=java.base/java.util=ALL-UNNAMED --add-opens=java.base/java.util.concurrent=ALL-UNNAMED --add-opens=java.base/java.util.concurrent.atomic=ALL-UNNAMED --add-opens=java.base/java.util.concurrent.locks=ALL-UNNAMED\"(\n\033_PYTHON_WORKER_MEMORY_LIMIT\022\t161061276\"b\n\rFLINK_ASC_URL\022Qhttps://downloads.apache.org/flink/flink-2.1.0/flink-2.1.0-bin-scala_2.12.tgz.asc\"\035\n\fJAVA_VERSION\022\rjdk-17.0.16+8\"\v\n\003PWD\022\004/app\"\037\n\001_\022\032/opt/java/openjdk/bin/java\"\024\n\bLANGUAGE\022\ben_US:en\"\037\n\rFLINK_OPT_DIR\022\016/opt/flink/opt\"\037\n\006python\022\025/app/.venv/bin/python\"\035\n\rXDG_DATA_HOME\022\f/opt/uv/data\"\030\n\nFLINK_HOME\022\n/opt/flink\" \n\030PYFLINK_GATEWAY_DISABLED\022\004true\"\031\n\023MAX_LOG_FILE_NUMBER\022\00210\"\037\n\rFLINK_LIB_DIR\022\016/opt/flink/lib\"\025\n\020PIP_NO_CACHE_DIR\022\0011\"\333\004\n\022DYNAMIC_PARAMETERS\022\304\004-D taskmanager.memory.network.min=134217730b -D taskmanager.cpu.cores=1.0 -D taskmanager.memory.task.off-heap.size=0b -D taskmanager.memory.jvm-metaspace.size=268435456b -D external-resources=none -D taskmanager.memory.jvm-overhead.min=201326592b -D taskmanager.memory.framework.off-heap.size=134217728b -D taskmanager.memory.network.max=134217730b -D taskmanager.memory.framework.heap.size=134217728b -D taskmanager.memory.managed.size=536870920b -D taskmanager.memory.task.heap.size=402653174b -D taskmanager.numberOfTaskSlots=1 -D taskmanager.memory.jvm-overhead.max=201326592b\"\034\n\027PYTHONDONTWRITEBYTECODE\022\0011\"\246$\n\024FLINK_INHERITED_LOGS\022\215$\n\n\nRESOURCE_PARAMS extraction logs:\njvm_params: -Xmx536870902 -Xms536870902 -XX:MaxDirectMemorySize=268435458 -XX:MaxMetaspaceSize=268435456\ndynamic_configs: -D taskmanager.memory.network.min=134217730b -D taskmanager.cpu.cores=1.0 -D taskmanager.memory.task.off-heap.size=0b -D taskmanager.memory.jvm-metaspace.size=268435456b -D external-resources=none -D taskmanager.memory.jvm-overhead.min=201326592b -D taskmanager.memory.framework.off-heap.size=134217728b -D taskmanager.memory.network.max=134217730b -D taskmanager.memory.framework.heap.size=134217728b -D taskmanager.memory.managed.size=536870920b -D taskmanager.memory.task.heap.size=402653174b -D taskmanager.numberOfTaskSlots=1 -D taskmanager.memory.jvm-overhead.max=201326592b\nlogs: INFO  [] - Using standard YAML parser to load flink configuration file from /opt/flink/conf/config.yaml.\nINFO  [] - Loading configuration property: blob.server.port, 6124\nINFO  [] - Loading configuration property: taskmanager.memory.process.size, 1728m\nINFO  [] - Loading configuration property: taskmanager.bind-host, 0.0.0.0\nINFO  [] - Loading configuration property: jobmanager.execution.failover-strategy, region\nINFO  [] - Loading configuration property: jobmanager.rpc.address, c538e3929a3c\nINFO  [] - Loading configuration property: execution.checkpointing.incremental, false\nINFO  [] - Loading configuration property: state.backend.rocksdb.localdir, /tmp/rocksdb\nINFO  [] - Loading configuration property: execution.target, remote\nINFO  [] - Loading configuration property: jobmanager.memory.process.size, 1600m\nINFO  [] - Loading configuration property: jobmanager.rpc.port, 6123\nINFO  [] - Loading configuration property: query.server.port, 6125\nINFO  [] - Loading configuration property: rest.bind-address, 0.0.0.0\nINFO  [] - Loading configuration property: jobmanager.bind-host, 0.0.0.0\nINFO  [] - Loading configuration property: execution.checkpointing.savepoint-dir, file:///tmp/flink-checkpoints\nINFO  [] - Loading configuration property: taskmanager.host, 127.0.0.1\nINFO  [] - Loading configuration property: execution.checkpointing.externalized-checkpoint-retention, RETAIN_ON_CANCELLATION\nINFO  [] - Loading configuration property: parallelism.default, 1\nINFO  [] - Loading configuration property: taskmanager.numberOfTaskSlots, 1\nINFO  [] - Loading configuration property: execution.checkpointing.local-backup.enabled, true\nINFO  [] - Loading configuration property: rest.address, 127.0.0.1\nINFO  [] - Loading configuration property: execution.state-recovery.ignore-unclaimed-state, true\nINFO  [] - Loading configuration property: execution.checkpointing.dir, file:///tmp/flink-checkpoints\nINFO  [] - Loading configuration property: env.java.opts.all, --add-exports=java.rmi/sun.rmi.registry=ALL-UNNAMED --add-exports=java.security.jgss/sun.security.krb5=ALL-UNNAMED --add-opens=java.base/java.lang=ALL-UNNAMED --add-opens=java.base/java.net=ALL-UNNAMED --add-opens=java.base/java.io=ALL-UNNAMED --add-opens=java.base/java.nio=ALL-UNNAMED --add-opens=java.base/sun.nio.ch=ALL-UNNAMED --add-opens=java.base/java.lang.reflect=ALL-UNNAMED --add-opens=java.base/java.text=ALL-UNNAMED --add-opens=java.base/java.time=ALL-UNNAMED --add-opens=java.base/java.util=ALL-UNNAMED --add-opens=java.base/java.util.concurrent=ALL-UNNAMED --add-opens=java.base/java.util.concurrent.atomic=ALL-UNNAMED --add-opens=java.base/java.util.concurrent.locks=ALL-UNNAMED\nINFO  [] - Loading configuration property: state.backend.type, rocksdb\nINFO  [] - The derived from fraction jvm overhead memory (172.800mb (181193935 bytes)) is less than its min value 192.000mb (201326592 bytes), min value will be used instead\nINFO  [] - Final TaskExecutor Memory configuration:\nINFO  [] -   Total Process Memory:          1.688gb (1811939328 bytes)\nINFO  [] -     Total Flink Memory:          1.250gb (1342177280 bytes)\nINFO  [] -       Total JVM Heap Memory:     512.000mb (536870902 bytes)\nINFO  [] -         Framework:               128.000mb (134217728 bytes)\nINFO  [] -         Task:                    384.000mb (402653174 bytes)\nINFO  [] -       Total Off-heap Memory:     768.000mb (805306378 bytes)\nINFO  [] -         Managed:                 512.000mb (536870920 bytes)\nINFO  [] -         Total JVM Direct Memory: 256.000mb (268435458 bytes)\nINFO  [] -           Framework:             128.000mb (134217728 bytes)\nINFO  [] -           Task:                  0 bytes\nINFO  [] -           Network:               128.000mb (134217730 bytes)\nINFO  [] -     JVM Metaspace:               256.000mb (268435456 bytes)\nINFO  [] -     JVM Overhead:                192.000mb (201326592 bytes)\n\"\024\n\fGOSU_VERSION\022\0041.11\"\025\n\020PYTHONUNBUFFERED\022\0011\"\030\n\bHOSTNAME\022\fc538e3929a3c\"\025\n\006LC_ALL\022\ven_US.UTF-8\"i\n\bJVM_ARGS\022] -Xmx536870902 -Xms536870902 -XX:MaxDirectMemorySize=268435458 -XX:MaxMetaspaceSize=268435456\"7\n\nLD_PRELOAD\022):/usr/lib/x86_64-linux-gnu/libjemalloc.so\"\n\n\005SHLVL\022\0013\"\022\n\004HOME\022\n/opt/flink\"\037\n\rFLINK_BIN_DIR\022\016/opt/flink/bin"

java.lang.IllegalStateException: call already closed
	at org.apache.beam.vendor.grpc.v1p60p1.com.google.common.base.Preconditions.checkState(Preconditions.java:512) ~[blob_p-eb2d28ac31e2c97dd63a6894758ee2d5f438b095-5c7701c5e4b15f6695d51cfef0aa4c8e:2.1.0]
	at org.apache.beam.vendor.grpc.v1p60p1.io.grpc.internal.ServerCallImpl.closeInternal(ServerCallImpl.java:213) ~[blob_p-eb2d28ac31e2c97dd63a6894758ee2d5f438b095-5c7701c5e4b15f6695d51cfef0aa4c8e:2.1.0]
	at org.apache.beam.vendor.grpc.v1p60p1.io.grpc.internal.ServerCallImpl.close(ServerCallImpl.java:208) ~[blob_p-eb2d28ac31e2c97dd63a6894758ee2d5f438b095-5c7701c5e4b15f6695d51cfef0aa4c8e:2.1.0]
	at org.apache.beam.vendor.grpc.v1p60p1.io.grpc.stub.ServerCalls$ServerCallStreamObserverImpl.onCompleted(ServerCalls.java:395) ~[blob_p-eb2d28ac31e2c97dd63a6894758ee2d5f438b095-5c7701c5e4b15f6695d51cfef0aa4c8e:2.1.0]
	at org.apache.beam.runners.fnexecution.state.GrpcStateService.close(GrpcStateService.java:64) ~[blob_p-eb2d28ac31e2c97dd63a6894758ee2d5f438b095-5c7701c5e4b15f6695d51cfef0aa4c8e:2.1.0]
	at org.apache.beam.sdk.fn.server.GrpcFnServer.close(GrpcFnServer.java:156) ~[blob_p-eb2d28ac31e2c97dd63a6894758ee2d5f438b095-5c7701c5e4b15f6695d51cfef0aa4c8e:2.1.0]
	at org.apache.beam.runners.fnexecution.control.DefaultJobBundleFactory$WrappedSdkHarnessClient.close(DefaultJobBundleFactory.java:699) ~[blob_p-eb2d28ac31e2c97dd63a6894758ee2d5f438b095-5c7701c5e4b15f6695d51cfef0aa4c8e:2.1.0]
	at org.apache.beam.runners.fnexecution.control.DefaultJobBundleFactory$WrappedSdkHarnessClient.unref(DefaultJobBundleFactory.java:715) ~[blob_p-eb2d28ac31e2c97dd63a6894758ee2d5f438b095-5c7701c5e4b15f6695d51cfef0aa4c8e:2.1.0]
	at org.apache.beam.runners.fnexecution.control.DefaultJobBundleFactory.lambda$createEnvironmentCaches$3(DefaultJobBundleFactory.java:222) ~[blob_p-eb2d28ac31e2c97dd63a6894758ee2d5f438b095-5c7701c5e4b15f6695d51cfef0aa4c8e:2.1.0]
	at org.apache.beam.vendor.guava.v32_1_2_jre.com.google.common.cache.LocalCache.processPendingNotifications(LocalCache.java:1850) ~[blob_p-eb2d28ac31e2c97dd63a6894758ee2d5f438b095-5c7701c5e4b15f6695d51cfef0aa4c8e:2.1.0]
	at org.apache.beam.vendor.guava.v32_1_2_jre.com.google.common.cache.LocalCache$Segment.runUnlockedCleanup(LocalCache.java:3503) ~[blob_p-eb2d28ac31e2c97dd63a6894758ee2d5f438b095-5c7701c5e4b15f6695d51cfef0aa4c8e:2.1.0]
	at org.apache.beam.vendor.guava.v32_1_2_jre.com.google.common.cache.LocalCache$Segment.postWriteCleanup(LocalCache.java:3479) ~[blob_p-eb2d28ac31e2c97dd63a6894758ee2d5f438b095-5c7701c5e4b15f6695d51cfef0aa4c8e:2.1.0]
	at org.apache.beam.vendor.guava.v32_1_2_jre.com.google.common.cache.LocalCache$Segment.clear(LocalCache.java:3252) ~[blob_p-eb2d28ac31e2c97dd63a6894758ee2d5f438b095-5c7701c5e4b15f6695d51cfef0aa4c8e:2.1.0]
	at org.apache.beam.vendor.guava.v32_1_2_jre.com.google.common.cache.LocalCache.clear(LocalCache.java:4343) ~[blob_p-eb2d28ac31e2c97dd63a6894758ee2d5f438b095-5c7701c5e4b15f6695d51cfef0aa4c8e:2.1.0]
	at org.apache.beam.vendor.guava.v32_1_2_jre.com.google.common.cache.LocalCache$LocalManualCache.invalidateAll(LocalCache.java:4960) ~[blob_p-eb2d28ac31e2c97dd63a6894758ee2d5f438b095-5c7701c5e4b15f6695d51cfef0aa4c8e:2.1.0]
	at org.apache.beam.runners.fnexecution.control.DefaultJobBundleFactory.close(DefaultJobBundleFactory.java:359) ~[blob_p-eb2d28ac31e2c97dd63a6894758ee2d5f438b095-5c7701c5e4b15f6695d51cfef0aa4c8e:2.1.0]
	at org.apache.flink.streaming.api.runners.python.beam.PythonSharedResources.close(PythonSharedResources.java:67) ~[blob_p-eb2d28ac31e2c97dd63a6894758ee2d5f438b095-5c7701c5e4b15f6695d51cfef0aa4c8e:2.1.0]
	at org.apache.flink.runtime.memory.SharedResources$LeasedResource.dispose(SharedResources.java:180) ~[flink-dist-2.1.0.jar:2.1.0]
	at org.apache.flink.runtime.memory.SharedResources.release(SharedResources.java:108) ~[flink-dist-2.1.0.jar:2.1.0]
	at org.apache.flink.runtime.memory.MemoryManager.lambda$getSharedMemoryResourceForManagedMemory$7(MemoryManager.java:566) ~[flink-dist-2.1.0.jar:2.1.0]
	at org.apache.flink.runtime.memory.OpaqueMemoryResource.close(OpaqueMemoryResource.java:65) ~[flink-dist-2.1.0.jar:2.1.0]
	at org.apache.flink.streaming.api.runners.python.beam.BeamPythonFunctionRunner.close(BeamPythonFunctionRunner.java:329) ~[blob_p-eb2d28ac31e2c97dd63a6894758ee2d5f438b095-5c7701c5e4b15f6695d51cfef0aa4c8e:2.1.0]
	at org.apache.flink.streaming.api.operators.python.process.AbstractExternalPythonFunctionOperator.close(AbstractExternalPythonFunctionOperator.java:65) ~[blob_p-eb2d28ac31e2c97dd63a6894758ee2d5f438b095-5c7701c5e4b15f6695d51cfef0aa4c8e:2.1.0]
	at org.apache.flink.streaming.runtime.tasks.StreamOperatorWrapper.close(StreamOperatorWrapper.java:163) ~[flink-dist-2.1.0.jar:2.1.0]
	at org.apache.flink.streaming.runtime.tasks.RegularOperatorChain.closeAllOperators(RegularOperatorChain.java:125) ~[flink-dist-2.1.0.jar:2.1.0]
	at org.apache.flink.streaming.runtime.tasks.StreamTask.closeAllOperators(StreamTask.java:1188) ~[flink-dist-2.1.0.jar:2.1.0]
	at org.apache.flink.streaming.runtime.tasks.StreamTask.afterInvoke(StreamTask.java:1052) ~[flink-dist-2.1.0.jar:2.1.0]
	at org.apache.flink.streaming.runtime.tasks.StreamTask.invoke(StreamTask.java:923) ~[flink-dist-2.1.0.jar:2.1.0]
	at org.apache.flink.runtime.taskmanager.Task.runWithSystemExitMonitoring(Task.java:963) [flink-dist-2.1.0.jar:2.1.0]
	at org.apache.flink.runtime.taskmanager.Task.restoreAndInvoke(Task.java:942) [flink-dist-2.1.0.jar:2.1.0]
	at org.apache.flink.runtime.taskmanager.Task.doRun(Task.java:756) [flink-dist-2.1.0.jar:2.1.0]
	at org.apache.flink.runtime.taskmanager.Task.run(Task.java:568) [flink-dist-2.1.0.jar:2.1.0]
	at java.base/java.lang.Thread.run(Unknown Source) [?:?]
2025-10-23 07:06:32,023 INFO  org.apache.flink.state.rocksdb.RocksDBResourceContainer      [] - Cleaning up relocated RocksDB logs: /opt/flink/log.
2025-10-23 07:06:32,039 INFO  org.apache.flink.state.rocksdb.RocksDBKeyedStateBackend      [] - Closed RocksDB State Backend. Cleaning up RocksDB working directory /tmp/rocksdb/job_328796f08517e67bf7990ad4ac4a8115_op_ExternalPythonKeyedProcessOperator_90bea66de1c231edf33913ecd54406c1__1_1__uuid_a608817c-a07a-49ef-b1bf-5938fe103110.
2025-10-23 07:06:32,054 INFO  org.apache.flink.runtime.taskmanager.Task                    [] - KEYED PROCESS -> Sink: Print to Std. Out (1/1)#0 (15adbeefb8ac3e7a8b6cbb60814500bd_90bea66de1c231edf33913ecd54406c1_0_0) switched from RUNNING to FINISHED.
2025-10-23 07:06:32,055 INFO  org.apache.flink.runtime.taskmanager.Task                    [] - Freeing task resources for KEYED PROCESS -> Sink: Print to Std. Out (1/1)#0 (15adbeefb8ac3e7a8b6cbb60814500bd_90bea66de1c231edf33913ecd54406c1_0_0).
2025-10-23 07:06:32,059 INFO  org.apache.flink.runtime.taskexecutor.TaskExecutor           [] - Un-registering task and sending final execution state FINISHED to JobManager for task KEYED PROCESS -> Sink: Print to Std. Out (1/1)#0 15adbeefb8ac3e7a8b6cbb60814500bd_90bea66de1c231edf33913ecd54406c1_0_0.
2025-10-23 07:06:32,418 INFO  org.apache.flink.runtime.taskexecutor.slot.TaskSlotTableImpl [] - Free slot TaskSlot(index:1, state:ACTIVE, resource profile: ResourceProfile{cpuCores=1, taskHeapMemory=384.000mb (402653174 bytes), taskOffHeapMemory=0 bytes, managedMemory=512.000mb (536870920 bytes), networkMemory=128.000mb (134217730 bytes)}, allocationId: 1aed4e434110ba92b6bea619a50a1b62, jobId: 328796f08517e67bf7990ad4ac4a8115).
2025-10-23 07:06:32,428 INFO  org.apache.flink.runtime.taskexecutor.DefaultJobLeaderService [] - Remove job 328796f08517e67bf7990ad4ac4a8115 from job leader monitoring.
2025-10-23 07:06:32,435 INFO  org.apache.flink.runtime.taskexecutor.TaskExecutor           [] - Close JobManager connection for job 328796f08517e67bf7990ad4ac4a8115.
2025-10-23 07:06:38,359 INFO  org.apache.flink.runtime.taskexecutor.TaskExecutor           [] - Receive slot request fe0b76149e067feb531f4759d0e5c76a for job 1f10a45d0c769ee5b36caaa1e7ed2279 from resource manager with leader id 00000000000000000000000000000000.
2025-10-23 07:06:38,360 INFO  org.apache.flink.runtime.taskexecutor.slot.TaskSlotTableImpl [] - Allocated slot for fe0b76149e067feb531f4759d0e5c76a with resources ResourceProfile{cpuCores=1, taskHeapMemory=384.000mb (402653174 bytes), taskOffHeapMemory=0 bytes, managedMemory=512.000mb (536870920 bytes), networkMemory=128.000mb (134217730 bytes)}.
2025-10-23 07:06:38,360 INFO  org.apache.flink.runtime.taskexecutor.DefaultJobLeaderService [] - Add job 1f10a45d0c769ee5b36caaa1e7ed2279 for job leader monitoring.
2025-10-23 07:06:38,361 INFO  org.apache.flink.runtime.taskexecutor.DefaultJobLeaderService [] - Try to register at job manager pekko.tcp://flink@c538e3929a3c:6123/user/rpc/jobmanager_3 with leader id 00000000-0000-0000-0000-000000000000.
2025-10-23 07:06:38,377 INFO  org.apache.flink.runtime.taskexecutor.DefaultJobLeaderService [] - Resolved JobManager address, beginning registration
2025-10-23 07:06:38,402 INFO  org.apache.flink.runtime.taskexecutor.DefaultJobLeaderService [] - Successful registration at job manager pekko.tcp://flink@c538e3929a3c:6123/user/rpc/jobmanager_3 for job 1f10a45d0c769ee5b36caaa1e7ed2279.
2025-10-23 07:06:38,402 INFO  org.apache.flink.runtime.taskexecutor.TaskExecutor           [] - Establish JobManager connection for job 1f10a45d0c769ee5b36caaa1e7ed2279.
2025-10-23 07:06:38,402 INFO  org.apache.flink.runtime.taskexecutor.TaskExecutor           [] - Offer reserved slots to the leader of job 1f10a45d0c769ee5b36caaa1e7ed2279.
2025-10-23 07:06:38,422 INFO  org.apache.flink.runtime.taskexecutor.slot.TaskSlotTableImpl [] - Activate slot fe0b76149e067feb531f4759d0e5c76a.
2025-10-23 07:06:38,428 INFO  org.apache.flink.runtime.state.changelog.StateChangelogStorageLoader [] - Creating a changelog storage with name 'memory'.
2025-10-23 07:06:38,431 INFO  org.apache.flink.runtime.state.TaskExecutorChannelStateExecutorFactoryManager [] - Creating the channel state executor factory for job id 1f10a45d0c769ee5b36caaa1e7ed2279
2025-10-23 07:06:38,432 INFO  org.apache.flink.runtime.taskexecutor.TaskExecutor           [] - Received task Source: Collection Source -> _stream_key_by_map_operator (1/1)#0 (17a9751bbc4fabe466dcbe6ff4ccd9c0_cbc357ccb763df2852fee8c4fc7d55f2_0_0), deploy into slot with allocation id fe0b76149e067feb531f4759d0e5c76a.
2025-10-23 07:06:38,438 INFO  org.apache.flink.runtime.taskexecutor.slot.TaskSlotTableImpl [] - Activate slot fe0b76149e067feb531f4759d0e5c76a.
2025-10-23 07:06:38,440 INFO  org.apache.flink.runtime.taskmanager.Task                    [] - Source: Collection Source -> _stream_key_by_map_operator (1/1)#0 (17a9751bbc4fabe466dcbe6ff4ccd9c0_cbc357ccb763df2852fee8c4fc7d55f2_0_0) switched from CREATED to DEPLOYING.
2025-10-23 07:06:38,441 INFO  org.apache.flink.runtime.taskmanager.Task                    [] - Loading JAR files for task Source: Collection Source -> _stream_key_by_map_operator (1/1)#0 (17a9751bbc4fabe466dcbe6ff4ccd9c0_cbc357ccb763df2852fee8c4fc7d55f2_0_0) [DEPLOYING].
2025-10-23 07:06:38,442 INFO  org.apache.flink.runtime.blob.BlobClient                     [] - Downloading 1f10a45d0c769ee5b36caaa1e7ed2279/p-eb2d28ac31e2c97dd63a6894758ee2d5f438b095-415365f769d29866a0162e3dddbb3057 from c538e3929a3c/172.17.0.2:6124
2025-10-23 07:06:38,451 INFO  org.apache.flink.runtime.taskexecutor.TaskExecutor           [] - Received task KEYED PROCESS -> Sink: Print to Std. Out (1/1)#0 (17a9751bbc4fabe466dcbe6ff4ccd9c0_90bea66de1c231edf33913ecd54406c1_0_0), deploy into slot with allocation id fe0b76149e067feb531f4759d0e5c76a.
2025-10-23 07:06:38,455 INFO  org.apache.flink.runtime.taskexecutor.slot.TaskSlotTableImpl [] - Activate slot fe0b76149e067feb531f4759d0e5c76a.
2025-10-23 07:06:38,455 INFO  org.apache.flink.runtime.taskmanager.Task                    [] - KEYED PROCESS -> Sink: Print to Std. Out (1/1)#0 (17a9751bbc4fabe466dcbe6ff4ccd9c0_90bea66de1c231edf33913ecd54406c1_0_0) switched from CREATED to DEPLOYING.
2025-10-23 07:06:38,456 INFO  org.apache.flink.runtime.taskmanager.Task                    [] - Loading JAR files for task KEYED PROCESS -> Sink: Print to Std. Out (1/1)#0 (17a9751bbc4fabe466dcbe6ff4ccd9c0_90bea66de1c231edf33913ecd54406c1_0_0) [DEPLOYING].
2025-10-23 07:06:38,586 INFO  org.apache.flink.streaming.runtime.tasks.StreamTask          [] - Loading state backend via factory org.apache.flink.state.rocksdb.EmbeddedRocksDBStateBackendFactory
2025-10-23 07:06:38,587 INFO  org.apache.flink.state.rocksdb.EmbeddedRocksDBStateBackend   [] - Using predefined options: DEFAULT.
2025-10-23 07:06:38,589 INFO  org.apache.flink.runtime.state.StateBackendLoader            [] - State backend loader loads the state backend as EmbeddedRocksDBStateBackend
2025-10-23 07:06:38,591 INFO  org.apache.flink.streaming.runtime.tasks.StreamTask          [] - Checkpoint storage is set to 'filesystem': (checkpoints "file:/tmp/flink-checkpoints")
2025-10-23 07:06:38,593 INFO  org.apache.flink.runtime.taskmanager.Task                    [] - KEYED PROCESS -> Sink: Print to Std. Out (1/1)#0 (17a9751bbc4fabe466dcbe6ff4ccd9c0_90bea66de1c231edf33913ecd54406c1_0_0) switched from DEPLOYING to INITIALIZING.
2025-10-23 07:06:38,614 INFO  org.apache.flink.streaming.runtime.tasks.StreamTask          [] - Loading state backend via factory org.apache.flink.state.rocksdb.EmbeddedRocksDBStateBackendFactory
2025-10-23 07:06:38,614 INFO  org.apache.flink.state.rocksdb.EmbeddedRocksDBStateBackend   [] - Using predefined options: DEFAULT.
2025-10-23 07:06:38,615 INFO  org.apache.flink.runtime.state.StateBackendLoader            [] - State backend loader loads the state backend as EmbeddedRocksDBStateBackend
2025-10-23 07:06:38,615 INFO  org.apache.flink.streaming.runtime.tasks.StreamTask          [] - Checkpoint storage is set to 'filesystem': (checkpoints "file:/tmp/flink-checkpoints")
2025-10-23 07:06:38,617 INFO  org.apache.flink.runtime.taskmanager.Task                    [] - Source: Collection Source -> _stream_key_by_map_operator (1/1)#0 (17a9751bbc4fabe466dcbe6ff4ccd9c0_cbc357ccb763df2852fee8c4fc7d55f2_0_0) switched from DEPLOYING to INITIALIZING.
2025-10-23 07:06:38,637 INFO  org.apache.flink.runtime.state.StateBackendLoader            [] - Loading state backend via factory org.apache.flink.state.rocksdb.EmbeddedRocksDBStateBackendFactory
2025-10-23 07:06:38,638 INFO  org.apache.flink.state.rocksdb.EmbeddedRocksDBStateBackend   [] - Using predefined options: DEFAULT.
2025-10-23 07:06:38,644 INFO  org.apache.flink.runtime.state.StateBackendLoader            [] - Loading state backend via factory org.apache.flink.state.rocksdb.EmbeddedRocksDBStateBackendFactory
2025-10-23 07:06:38,644 INFO  org.apache.flink.state.rocksdb.EmbeddedRocksDBStateBackend   [] - Using predefined options: DEFAULT.
2025-10-23 07:06:38,648 INFO  org.apache.flink.runtime.state.StateBackendLoader            [] - Loading state backend via factory org.apache.flink.state.rocksdb.EmbeddedRocksDBStateBackendFactory
2025-10-23 07:06:38,648 INFO  org.apache.flink.state.rocksdb.EmbeddedRocksDBStateBackend   [] - Using predefined options: DEFAULT.
2025-10-23 07:06:38,653 INFO  org.apache.flink.streaming.api.operators.AbstractStreamOperator [] - The maximum bundle size is configured to 1000.
2025-10-23 07:06:38,654 INFO  org.apache.flink.streaming.api.operators.AbstractStreamOperator [] - The maximum bundle time is configured to 1000 milliseconds.
2025-10-23 07:06:38,655 INFO  org.apache.flink.state.rocksdb.EmbeddedRocksDBStateBackend   [] - Getting shared memory for RocksDB: shareScope=SLOT, managed=false
2025-10-23 07:06:38,655 INFO  org.apache.flink.state.rocksdb.EmbeddedRocksDBStateBackend   [] - Obtained shared RocksDB cache of size 375809644 bytes
2025-10-23 07:06:38,679 INFO  org.apache.flink.state.rocksdb.restore.RocksDBIncrementalRestoreOperation [] - Starting RocksDB incremental recovery in operator ExternalPythonKeyedProcessOperator_90bea66de1c231edf33913ecd54406c1_(1/1) target key-group range [0, 127]. Use IngestDB=false, Use AsyncCompaction=false, State Handles=[IncrementalRemoteKeyedStateHandle{privateState=[HandleAndLocalPath{handle=ByteStreamStateHandle{handleName='file:/tmp/flink-checkpoints/savepoint-328796-e7f39702cc12/04641281-15c6-45e2-be9d-68851d18d0c6', dataBytes=640}, localPath='MANIFEST-000005'}, HandleAndLocalPath{handle=ByteStreamStateHandle{handleName='file:/tmp/flink-checkpoints/savepoint-328796-e7f39702cc12/62ef9e48-121e-4df7-bb0b-350e8035626d', dataBytes=16}, localPath='CURRENT'}, HandleAndLocalPath{handle=RelativeFileStateHandle State: file:/tmp/flink-checkpoints/savepoint-328796-e7f39702cc12/a7fc8e07-b020-4785-893a-c8b60e5f799f, a7fc8e07-b020-4785-893a-c8b60e5f799f [21296 bytes], localPath='OPTIONS-000013'}, HandleAndLocalPath{handle=RelativeFileStateHandle State: file:/tmp/flink-checkpoints/savepoint-328796-e7f39702cc12/70180c25-95ac-4db6-a36e-b4aa308b66f4, 70180c25-95ac-4db6-a36e-b4aa308b66f4 [68659 bytes], localPath='000015.sst'}, HandleAndLocalPath{handle=RelativeFileStateHandle State: file:/tmp/flink-checkpoints/savepoint-328796-e7f39702cc12/5b288b17-8aa9-44e5-82a5-909f6a228c00, 5b288b17-8aa9-44e5-82a5-909f6a228c00 [114372 bytes], localPath='000014.sst'}], persistedSizeOfThisCheckpoint=206580, registered=false} AbstractIncrementalStateHandle{checkpointId=2, backendIdentifier=7ea35929-3659-432e-8311-06d150aa44bf, keyGroupRange=KeyGroupRange{startKeyGroup=0, endKeyGroup=127}, sharedState=[], metaStateHandle=ByteStreamStateHandle{handleName='file:/tmp/flink-checkpoints/savepoint-328796-e7f39702cc12/d9724904-b657-4e36-991b-87d814bff8b7', dataBytes=1597}, stateHandleId=e7f4f9dc-3e91-4437-8e81-e98c17796047}]
2025-10-23 07:06:38,686 INFO  org.apache.flink.state.rocksdb.restore.RocksDBIncrementalRestoreOperation [] - Start downloading remote state to local directory in operator ExternalPythonKeyedProcessOperator_90bea66de1c231edf33913ecd54406c1_(1/1) for target key-group range [0, 127].
2025-10-23 07:06:38,696 INFO  org.apache.flink.state.rocksdb.restore.RocksDBIncrementalRestoreOperation [] - Finished downloading remote state to local directory in operator ExternalPythonKeyedProcessOperator_90bea66de1c231edf33913ecd54406c1_(1/1) for target key-group range [0, 127].
2025-10-23 07:06:38,697 INFO  org.apache.flink.state.rocksdb.restore.RocksDBIncrementalRestoreOperation [] - Starting opening base RocksDB instance in operator ExternalPythonKeyedProcessOperator_90bea66de1c231edf33913ecd54406c1_(1/1) with target key-group range [0, 127] from state handle IncrementalLocalKeyedStateHandle{directoryStateHandle=DirectoryStateHandle{directory='/tmp/rocksdb/job_1f10a45d0c769ee5b36caaa1e7ed2279_op_ExternalPythonKeyedProcessOperator_90bea66de1c231edf33913ecd54406c1__1_1__uuid_9580409c-7ae9-47e5-b424-b56a5ab332f3/097f999d-6cfa-4a13-a1af-35e34b466e13', directorySize=206580}} AbstractIncrementalStateHandle{checkpointId=2, backendIdentifier=7ea35929-3659-432e-8311-06d150aa44bf, keyGroupRange=KeyGroupRange{startKeyGroup=0, endKeyGroup=127}, sharedState=[], metaStateHandle=ByteStreamStateHandle{handleName='file:/tmp/flink-checkpoints/savepoint-328796-e7f39702cc12/d9724904-b657-4e36-991b-87d814bff8b7', dataBytes=1597}, stateHandleId=c4c0f7df-5e54-49d6-89a4-12343a5e635d}.
