2025-10-22 10:50:32,130 INFO  org.apache.flink.client.cli.CliFrontend                      [] - --------------------------------------------------------------------------------
2025-10-22 10:50:32,205 INFO  org.apache.flink.client.cli.CliFrontend                      [] -  Starting Command Line Client (Version: 2.1.0, Scala: 2.12, Rev:4cb6bd3, Date:2025-07-21T13:23:51+02:00)
2025-10-22 10:50:32,212 INFO  org.apache.flink.client.cli.CliFrontend                      [] -  OS current user: flink
2025-10-22 10:50:32,222 INFO  org.apache.flink.client.cli.CliFrontend                      [] -  Current Hadoop/Kerberos user: <no hadoop dependency found>
2025-10-22 10:50:32,225 INFO  org.apache.flink.client.cli.CliFrontend                      [] -  JVM: OpenJDK 64-Bit Server VM - Eclipse Adoptium - 17/17.0.16+8
2025-10-22 10:50:32,227 INFO  org.apache.flink.client.cli.CliFrontend                      [] -  Arch: amd64
2025-10-22 10:50:32,244 INFO  org.apache.flink.client.cli.CliFrontend                      [] -  Maximum heap size: 1986 MiBytes
2025-10-22 10:50:32,255 INFO  org.apache.flink.client.cli.CliFrontend                      [] -  JAVA_HOME: /opt/java/openjdk
2025-10-22 10:50:32,257 INFO  org.apache.flink.client.cli.CliFrontend                      [] -  No Hadoop Dependency available
2025-10-22 10:50:32,259 INFO  org.apache.flink.client.cli.CliFrontend                      [] -  JVM Options:
2025-10-22 10:50:32,259 INFO  org.apache.flink.client.cli.CliFrontend                      [] -     -XX:+IgnoreUnrecognizedVMOptions
2025-10-22 10:50:32,260 INFO  org.apache.flink.client.cli.CliFrontend                      [] -     --add-exports=java.rmi/sun.rmi.registry=ALL-UNNAMED
2025-10-22 10:50:32,261 INFO  org.apache.flink.client.cli.CliFrontend                      [] -     --add-exports=java.security.jgss/sun.security.krb5=ALL-UNNAMED
2025-10-22 10:50:32,262 INFO  org.apache.flink.client.cli.CliFrontend                      [] -     --add-opens=java.base/java.lang=ALL-UNNAMED
2025-10-22 10:50:32,262 INFO  org.apache.flink.client.cli.CliFrontend                      [] -     --add-opens=java.base/java.net=ALL-UNNAMED
2025-10-22 10:50:32,263 INFO  org.apache.flink.client.cli.CliFrontend                      [] -     --add-opens=java.base/java.io=ALL-UNNAMED
2025-10-22 10:50:32,263 INFO  org.apache.flink.client.cli.CliFrontend                      [] -     --add-opens=java.base/java.nio=ALL-UNNAMED
2025-10-22 10:50:32,264 INFO  org.apache.flink.client.cli.CliFrontend                      [] -     --add-opens=java.base/sun.nio.ch=ALL-UNNAMED
2025-10-22 10:50:32,266 INFO  org.apache.flink.client.cli.CliFrontend                      [] -     --add-opens=java.base/java.lang.reflect=ALL-UNNAMED
2025-10-22 10:50:32,266 INFO  org.apache.flink.client.cli.CliFrontend                      [] -     --add-opens=java.base/java.text=ALL-UNNAMED
2025-10-22 10:50:32,267 INFO  org.apache.flink.client.cli.CliFrontend                      [] -     --add-opens=java.base/java.time=ALL-UNNAMED
2025-10-22 10:50:32,269 INFO  org.apache.flink.client.cli.CliFrontend                      [] -     --add-opens=java.base/java.util=ALL-UNNAMED
2025-10-22 10:50:32,269 INFO  org.apache.flink.client.cli.CliFrontend                      [] -     --add-opens=java.base/java.util.concurrent=ALL-UNNAMED
2025-10-22 10:50:32,269 INFO  org.apache.flink.client.cli.CliFrontend                      [] -     --add-opens=java.base/java.util.concurrent.atomic=ALL-UNNAMED
2025-10-22 10:50:32,269 INFO  org.apache.flink.client.cli.CliFrontend                      [] -     --add-opens=java.base/java.util.concurrent.locks=ALL-UNNAMED
2025-10-22 10:50:32,269 INFO  org.apache.flink.client.cli.CliFrontend                      [] -     -Dlog.file=/opt/flink/log/flink--client-b6bf90f762aa.log
2025-10-22 10:50:32,269 INFO  org.apache.flink.client.cli.CliFrontend                      [] -     -Dlog4j.configuration=file:/opt/flink/conf/log4j-cli.properties
2025-10-22 10:50:32,270 INFO  org.apache.flink.client.cli.CliFrontend                      [] -     -Dlog4j.configurationFile=file:/opt/flink/conf/log4j-cli.properties
2025-10-22 10:50:32,270 INFO  org.apache.flink.client.cli.CliFrontend                      [] -     -Dlogback.configurationFile=file:/opt/flink/conf/logback.xml
2025-10-22 10:50:32,270 INFO  org.apache.flink.client.cli.CliFrontend                      [] -  Program Arguments:
2025-10-22 10:50:32,281 INFO  org.apache.flink.client.cli.CliFrontend                      [] -     savepoint
2025-10-22 10:50:32,283 INFO  org.apache.flink.client.cli.CliFrontend                      [] -     394939d019a3b2c3a178f6aa5c45dc52
2025-10-22 10:50:32,283 INFO  org.apache.flink.client.cli.CliFrontend                      [] -     --type
2025-10-22 10:50:32,284 INFO  org.apache.flink.client.cli.CliFrontend                      [] -     native
2025-10-22 10:50:32,289 INFO  org.apache.flink.client.cli.CliFrontend                      [] -  Classpath: /opt/flink/lib/flink-cep-2.1.0.jar:/opt/flink/lib/flink-connector-files-2.1.0.jar:/opt/flink/lib/flink-csv-2.1.0.jar:/opt/flink/lib/flink-json-2.1.0.jar:/opt/flink/lib/flink-scala_2.12-2.1.0.jar:/opt/flink/lib/flink-table-api-java-uber-2.1.0.jar:/opt/flink/lib/flink-table-planner-loader-2.1.0.jar:/opt/flink/lib/flink-table-runtime-2.1.0.jar:/opt/flink/lib/log4j-1.2-api-2.24.3.jar:/opt/flink/lib/log4j-api-2.24.3.jar:/opt/flink/lib/log4j-core-2.24.3.jar:/opt/flink/lib/log4j-layout-template-json-2.24.3.jar:/opt/flink/lib/log4j-slf4j-impl-2.24.3.jar:/opt/flink/lib/flink-dist-2.1.0.jar:::
2025-10-22 10:50:32,298 INFO  org.apache.flink.client.cli.CliFrontend                      [] - --------------------------------------------------------------------------------
2025-10-22 10:50:32,309 INFO  org.apache.flink.configuration.GlobalConfiguration           [] - Using standard YAML parser to load flink configuration file from /opt/flink/conf/config.yaml.
2025-10-22 10:50:32,807 INFO  org.apache.flink.configuration.GlobalConfiguration           [] - Loading configuration property: blob.server.port, 6124
2025-10-22 10:50:32,809 INFO  org.apache.flink.configuration.GlobalConfiguration           [] - Loading configuration property: taskmanager.memory.process.size, 1728m
2025-10-22 10:50:32,809 INFO  org.apache.flink.configuration.GlobalConfiguration           [] - Loading configuration property: taskmanager.bind-host, 0.0.0.0
2025-10-22 10:50:32,809 INFO  org.apache.flink.configuration.GlobalConfiguration           [] - Loading configuration property: jobmanager.execution.failover-strategy, region
2025-10-22 10:50:32,813 INFO  org.apache.flink.configuration.GlobalConfiguration           [] - Loading configuration property: jobmanager.rpc.address, b6bf90f762aa
2025-10-22 10:50:32,817 INFO  org.apache.flink.configuration.GlobalConfiguration           [] - Loading configuration property: execution.checkpointing.incremental, false
2025-10-22 10:50:32,819 INFO  org.apache.flink.configuration.GlobalConfiguration           [] - Loading configuration property: state.backend.rocksdb.localdir, /tmp/rocksdb
2025-10-22 10:50:32,819 INFO  org.apache.flink.configuration.GlobalConfiguration           [] - Loading configuration property: execution.target, remote
2025-10-22 10:50:32,824 INFO  org.apache.flink.configuration.GlobalConfiguration           [] - Loading configuration property: jobmanager.memory.process.size, 1600m
2025-10-22 10:50:32,824 INFO  org.apache.flink.configuration.GlobalConfiguration           [] - Loading configuration property: jobmanager.rpc.port, 6123
2025-10-22 10:50:32,824 INFO  org.apache.flink.configuration.GlobalConfiguration           [] - Loading configuration property: query.server.port, 6125
2025-10-22 10:50:32,826 INFO  org.apache.flink.configuration.GlobalConfiguration           [] - Loading configuration property: rest.bind-address, 0.0.0.0
2025-10-22 10:50:32,826 INFO  org.apache.flink.configuration.GlobalConfiguration           [] - Loading configuration property: jobmanager.bind-host, 0.0.0.0
2025-10-22 10:50:32,826 INFO  org.apache.flink.configuration.GlobalConfiguration           [] - Loading configuration property: execution.checkpointing.savepoint-dir, file:///tmp/flink-checkpoints
2025-10-22 10:50:32,826 INFO  org.apache.flink.configuration.GlobalConfiguration           [] - Loading configuration property: taskmanager.host, 127.0.0.1
2025-10-22 10:50:32,830 INFO  org.apache.flink.configuration.GlobalConfiguration           [] - Loading configuration property: execution.checkpointing.externalized-checkpoint-retention, RETAIN_ON_CANCELLATION
2025-10-22 10:50:32,830 INFO  org.apache.flink.configuration.GlobalConfiguration           [] - Loading configuration property: parallelism.default, 1
2025-10-22 10:50:32,830 INFO  org.apache.flink.configuration.GlobalConfiguration           [] - Loading configuration property: taskmanager.numberOfTaskSlots, 1
2025-10-22 10:50:32,830 INFO  org.apache.flink.configuration.GlobalConfiguration           [] - Loading configuration property: execution.checkpointing.local-backup.enabled, true
2025-10-22 10:50:32,831 INFO  org.apache.flink.configuration.GlobalConfiguration           [] - Loading configuration property: rest.address, 127.0.0.1
2025-10-22 10:50:32,831 INFO  org.apache.flink.configuration.GlobalConfiguration           [] - Loading configuration property: execution.state-recovery.ignore-unclaimed-state, true
2025-10-22 10:50:32,831 INFO  org.apache.flink.configuration.GlobalConfiguration           [] - Loading configuration property: execution.checkpointing.dir, file:///tmp/flink-checkpoints
2025-10-22 10:50:32,831 INFO  org.apache.flink.configuration.GlobalConfiguration           [] - Loading configuration property: env.java.opts.all, --add-exports=java.rmi/sun.rmi.registry=ALL-UNNAMED --add-exports=java.security.jgss/sun.security.krb5=ALL-UNNAMED --add-opens=java.base/java.lang=ALL-UNNAMED --add-opens=java.base/java.net=ALL-UNNAMED --add-opens=java.base/java.io=ALL-UNNAMED --add-opens=java.base/java.nio=ALL-UNNAMED --add-opens=java.base/sun.nio.ch=ALL-UNNAMED --add-opens=java.base/java.lang.reflect=ALL-UNNAMED --add-opens=java.base/java.text=ALL-UNNAMED --add-opens=java.base/java.time=ALL-UNNAMED --add-opens=java.base/java.util=ALL-UNNAMED --add-opens=java.base/java.util.concurrent=ALL-UNNAMED --add-opens=java.base/java.util.concurrent.atomic=ALL-UNNAMED --add-opens=java.base/java.util.concurrent.locks=ALL-UNNAMED
2025-10-22 10:50:32,845 INFO  org.apache.flink.configuration.GlobalConfiguration           [] - Loading configuration property: state.backend.type, rocksdb
2025-10-22 10:50:33,272 INFO  org.apache.flink.client.cli.CliFrontend                      [] - Loading FallbackYarnSessionCli
2025-10-22 10:50:33,469 INFO  org.apache.flink.core.fs.FileSystem                          [] - Hadoop is not in the classpath/dependencies. The extended set of supported File Systems via Hadoop is not available.
2025-10-22 10:50:33,641 INFO  org.apache.flink.core.plugin.DefaultPluginManager            [] - Plugin loader with ID not found, creating it: metrics-statsd
2025-10-22 10:50:33,699 INFO  org.apache.flink.core.plugin.DefaultPluginManager            [] - Plugin loader with ID not found, creating it: metrics-jmx
2025-10-22 10:50:33,699 INFO  org.apache.flink.core.plugin.DefaultPluginManager            [] - Plugin loader with ID not found, creating it: metrics-prometheus
2025-10-22 10:50:33,700 INFO  org.apache.flink.core.plugin.DefaultPluginManager            [] - Plugin loader with ID not found, creating it: metrics-influx
2025-10-22 10:50:33,700 INFO  org.apache.flink.core.plugin.DefaultPluginManager            [] - Plugin loader with ID not found, creating it: metrics-slf4j
2025-10-22 10:50:33,707 INFO  org.apache.flink.core.plugin.DefaultPluginManager            [] - Plugin loader with ID not found, creating it: metrics-otel
2025-10-22 10:50:33,707 INFO  org.apache.flink.core.plugin.DefaultPluginManager            [] - Plugin loader with ID not found, creating it: metrics-datadog
2025-10-22 10:50:33,713 INFO  org.apache.flink.core.plugin.DefaultPluginManager            [] - Plugin loader with ID not found, creating it: metrics-graphite
2025-10-22 10:50:33,713 INFO  org.apache.flink.core.plugin.DefaultPluginManager            [] - Plugin loader with ID not found, creating it: external-resource-gpu
2025-10-22 10:50:34,012 INFO  org.apache.flink.runtime.security.modules.HadoopModuleFactory [] - Cannot create Hadoop Security Module because Hadoop cannot be found in the Classpath.
2025-10-22 10:50:34,241 INFO  org.apache.flink.runtime.security.modules.JaasModule         [] - Jaas file will be created as /tmp/jaas-10003006690396627184.conf.
2025-10-22 10:50:34,259 INFO  org.apache.flink.runtime.security.contexts.HadoopSecurityContextFactory [] - Cannot install HadoopSecurityContext because Hadoop cannot be found in the Classpath.
2025-10-22 10:50:34,261 INFO  org.apache.flink.client.cli.CliFrontend                      [] - Running 'savepoint' command.
2025-10-22 10:50:34,290 INFO  org.apache.flink.client.deployment.DefaultClusterClientServiceLoader [] - Could not load factory due to missing dependencies.
2025-10-22 10:50:36,004 INFO  org.apache.flink.client.cli.CliFrontend                      [] - Triggering savepoint for job 394939d019a3b2c3a178f6aa5c45dc52.
2025-10-22 10:50:37,244 INFO  org.apache.flink.client.cli.CliFrontend                      [] - Waiting for response...
2025-10-22 10:50:38,837 ERROR org.apache.flink.client.cli.CliFrontend                      [] - Error while running the command.
org.apache.flink.util.FlinkException: Failed to trigger a savepoint for the job 394939d019a3b2c3a178f6aa5c45dc52.
	at org.apache.flink.client.cli.CliFrontend.triggerSavepoint(CliFrontend.java:876) ~[flink-dist-2.1.0.jar:2.1.0]
	at org.apache.flink.client.cli.CliFrontend.lambda$savepoint$9(CliFrontend.java:790) ~[flink-dist-2.1.0.jar:2.1.0]
	at org.apache.flink.client.cli.CliFrontend.runClusterAction(CliFrontend.java:1207) ~[flink-dist-2.1.0.jar:2.1.0]
	at org.apache.flink.client.cli.CliFrontend.savepoint(CliFrontend.java:775) ~[flink-dist-2.1.0.jar:2.1.0]
	at org.apache.flink.client.cli.CliFrontend.parseAndRun(CliFrontend.java:1276) ~[flink-dist-2.1.0.jar:2.1.0]
	at org.apache.flink.client.cli.CliFrontend.lambda$mainInternal$11(CliFrontend.java:1355) ~[flink-dist-2.1.0.jar:2.1.0]
	at org.apache.flink.runtime.security.contexts.NoOpSecurityContext.runSecured(NoOpSecurityContext.java:28) [flink-dist-2.1.0.jar:2.1.0]
	at org.apache.flink.client.cli.CliFrontend.mainInternal(CliFrontend.java:1355) [flink-dist-2.1.0.jar:2.1.0]
	at org.apache.flink.client.cli.CliFrontend.main(CliFrontend.java:1323) [flink-dist-2.1.0.jar:2.1.0]
Caused by: org.apache.flink.util.SerializedThrowable: java.util.concurrent.CompletionException: org.apache.flink.runtime.checkpoint.CheckpointException: Checkpoint triggering task Source: Collection Source -> _stream_key_by_map_operator (1/1) of job 394939d019a3b2c3a178f6aa5c45dc52 is not being executed at the moment. Aborting checkpoint. Failure reason: Not all required tasks are currently running.
	at java.base/java.util.concurrent.CompletableFuture.encodeRelay(Unknown Source) ~[?:?]
	at java.base/java.util.concurrent.CompletableFuture.completeRelay(Unknown Source) ~[?:?]
	at java.base/java.util.concurrent.CompletableFuture$UniRelay.tryFire(Unknown Source) ~[?:?]
	at java.base/java.util.concurrent.CompletableFuture.postComplete(Unknown Source) ~[?:?]
	at java.base/java.util.concurrent.CompletableFuture.completeExceptionally(Unknown Source) ~[?:?]
	at org.apache.flink.runtime.rpc.pekko.PekkoInvocationHandler.lambda$invokeRpc$1(PekkoInvocationHandler.java:261) ~[?:?]
	at java.base/java.util.concurrent.CompletableFuture.uniWhenComplete(Unknown Source) ~[?:?]
	at java.base/java.util.concurrent.CompletableFuture$UniWhenComplete.tryFire(Unknown Source) ~[?:?]
	at java.base/java.util.concurrent.CompletableFuture.postComplete(Unknown Source) ~[?:?]
	at java.base/java.util.concurrent.CompletableFuture.completeExceptionally(Unknown Source) ~[?:?]
	at org.apache.flink.util.concurrent.FutureUtils.doForward(FutureUtils.java:1315) ~[flink-dist-2.1.0.jar:2.1.0]
	at org.apache.flink.runtime.concurrent.ClassLoadingUtils.lambda$guardCompletionWithContextClassLoader$1(ClassLoadingUtils.java:93) ~[flink-dist-2.1.0.jar:2.1.0]
	at org.apache.flink.runtime.concurrent.ClassLoadingUtils.runWithContextClassLoader(ClassLoadingUtils.java:68) ~[flink-dist-2.1.0.jar:2.1.0]
	at org.apache.flink.runtime.concurrent.ClassLoadingUtils.lambda$guardCompletionWithContextClassLoader$2(ClassLoadingUtils.java:92) ~[flink-dist-2.1.0.jar:2.1.0]
	at java.base/java.util.concurrent.CompletableFuture.uniWhenComplete(Unknown Source) ~[?:?]
	at java.base/java.util.concurrent.CompletableFuture$UniWhenComplete.tryFire(Unknown Source) ~[?:?]
	at java.base/java.util.concurrent.CompletableFuture.postComplete(Unknown Source) ~[?:?]
	at java.base/java.util.concurrent.CompletableFuture.completeExceptionally(Unknown Source) ~[?:?]
	at org.apache.flink.runtime.concurrent.pekko.ScalaFutureUtils$1.onComplete(ScalaFutureUtils.java:45) ~[?:?]
	at org.apache.pekko.dispatch.OnComplete.internal(Future.scala:309) ~[?:?]
	at org.apache.pekko.dispatch.OnComplete.internal(Future.scala:307) ~[?:?]
	at org.apache.pekko.dispatch.japi$CallbackBridge.apply(Future.scala:234) ~[?:?]
	at org.apache.pekko.dispatch.japi$CallbackBridge.apply(Future.scala:231) ~[?:?]
	at scala.concurrent.impl.CallbackRunnable.run(Promise.scala:74) ~[flink-scala_2.12-2.1.0.jar:2.1.0]
	at org.apache.flink.runtime.concurrent.pekko.ScalaFutureUtils$DirectExecutionContext.execute(ScalaFutureUtils.java:65) ~[?:?]
	at scala.concurrent.impl.CallbackRunnable.executeWithValue(Promise.scala:82) ~[flink-scala_2.12-2.1.0.jar:2.1.0]
	at scala.concurrent.impl.Promise$DefaultPromise.$anonfun$tryComplete$1(Promise.scala:298) ~[flink-scala_2.12-2.1.0.jar:2.1.0]
	at scala.concurrent.impl.Promise$DefaultPromise.$anonfun$tryComplete$1$adapted(Promise.scala:298) ~[flink-scala_2.12-2.1.0.jar:2.1.0]
	at scala.concurrent.impl.Promise$DefaultPromise.tryComplete(Promise.scala:298) ~[flink-scala_2.12-2.1.0.jar:2.1.0]
	at org.apache.pekko.pattern.PromiseActorRef.$bang(AskSupport.scala:624) ~[?:?]
	at org.apache.pekko.pattern.PipeToSupport$PipeableFuture$$anonfun$pipeTo$1.applyOrElse(PipeToSupport.scala:34) ~[?:?]
	at scala.concurrent.Future.$anonfun$andThen$1(Future.scala:536) ~[flink-scala_2.12-2.1.0.jar:2.1.0]
	at scala.concurrent.impl.Promise.$anonfun$transform$1(Promise.scala:42) ~[flink-scala_2.12-2.1.0.jar:2.1.0]
	at scala.concurrent.impl.CallbackRunnable.run(Promise.scala:74) ~[flink-scala_2.12-2.1.0.jar:2.1.0]
	at org.apache.pekko.dispatch.BatchingExecutor$AbstractBatch.processBatch(BatchingExecutor.scala:73) ~[?:?]
	at org.apache.pekko.dispatch.BatchingExecutor$BlockableBatch.$anonfun$run$1(BatchingExecutor.scala:110) ~[?:?]
	at scala.runtime.java8.JFunction0$mcV$sp.apply(JFunction0$mcV$sp.java:23) ~[flink-scala_2.12-2.1.0.jar:2.1.0]
	at scala.concurrent.BlockContext$.withBlockContext(BlockContext.scala:85) ~[flink-scala_2.12-2.1.0.jar:2.1.0]
	at org.apache.pekko.dispatch.BatchingExecutor$BlockableBatch.run(BatchingExecutor.scala:110) ~[?:?]
	at org.apache.pekko.dispatch.TaskInvocation.run(AbstractDispatcher.scala:59) ~[?:?]
	at org.apache.pekko.dispatch.ForkJoinExecutorConfigurator$PekkoForkJoinTask.exec(ForkJoinExecutorConfigurator.scala:61) ~[?:?]
	at java.base/java.util.concurrent.ForkJoinTask.doExec(Unknown Source) ~[?:?]
	at java.base/java.util.concurrent.ForkJoinPool$WorkQueue.topLevelExec(Unknown Source) ~[?:?]
	at java.base/java.util.concurrent.ForkJoinPool.scan(Unknown Source) ~[?:?]
	at java.base/java.util.concurrent.ForkJoinPool.runWorker(Unknown Source) ~[?:?]
	at java.base/java.util.concurrent.ForkJoinWorkerThread.run(Unknown Source) ~[?:?]
Caused by: org.apache.flink.util.SerializedThrowable: org.apache.flink.runtime.checkpoint.CheckpointException: Checkpoint triggering task Source: Collection Source -> _stream_key_by_map_operator (1/1) of job 394939d019a3b2c3a178f6aa5c45dc52 is not being executed at the moment. Aborting checkpoint. Failure reason: Not all required tasks are currently running.
	at org.apache.flink.runtime.checkpoint.DefaultCheckpointPlanCalculator.checkTasksStarted(DefaultCheckpointPlanCalculator.java:143) ~[flink-dist-2.1.0.jar:2.1.0]
	at org.apache.flink.runtime.checkpoint.DefaultCheckpointPlanCalculator.lambda$calculateCheckpointPlan$1(DefaultCheckpointPlanCalculator.java:105) ~[flink-dist-2.1.0.jar:2.1.0]
	at java.base/java.util.concurrent.CompletableFuture$AsyncSupply.run(Unknown Source) ~[?:?]
	at org.apache.flink.runtime.rpc.pekko.PekkoRpcActor.lambda$handleRunAsync$4(PekkoRpcActor.java:460) ~[?:?]
	at org.apache.flink.runtime.concurrent.ClassLoadingUtils.runWithContextClassLoader(ClassLoadingUtils.java:68) ~[flink-dist-2.1.0.jar:2.1.0]
	at org.apache.flink.runtime.rpc.pekko.PekkoRpcActor.handleRunAsync(PekkoRpcActor.java:460) ~[?:?]
	at org.apache.flink.runtime.rpc.pekko.PekkoRpcActor.handleRpcMessage(PekkoRpcActor.java:225) ~[?:?]
	at org.apache.flink.runtime.rpc.pekko.FencedPekkoRpcActor.handleRpcMessage(FencedPekkoRpcActor.java:88) ~[?:?]
	at org.apache.flink.runtime.rpc.pekko.PekkoRpcActor.handleMessage(PekkoRpcActor.java:174) ~[?:?]
	at org.apache.pekko.japi.pf.UnitCaseStatement.apply(CaseStatements.scala:33) ~[?:?]
	at org.apache.pekko.japi.pf.UnitCaseStatement.apply(CaseStatements.scala:29) ~[?:?]
	at scala.PartialFunction.applyOrElse(PartialFunction.scala:127) ~[flink-scala_2.12-2.1.0.jar:2.1.0]
	at scala.PartialFunction.applyOrElse$(PartialFunction.scala:126) ~[flink-scala_2.12-2.1.0.jar:2.1.0]
	at org.apache.pekko.japi.pf.UnitCaseStatement.applyOrElse(CaseStatements.scala:29) ~[?:?]
	at scala.PartialFunction$OrElse.applyOrElse(PartialFunction.scala:175) ~[flink-scala_2.12-2.1.0.jar:2.1.0]
	at scala.PartialFunction$OrElse.applyOrElse(PartialFunction.scala:176) ~[flink-scala_2.12-2.1.0.jar:2.1.0]
	at scala.PartialFunction$OrElse.applyOrElse(PartialFunction.scala:176) ~[flink-scala_2.12-2.1.0.jar:2.1.0]
	at org.apache.pekko.actor.Actor.aroundReceive(Actor.scala:547) ~[?:?]
	at org.apache.pekko.actor.Actor.aroundReceive$(Actor.scala:545) ~[?:?]
	at org.apache.pekko.actor.AbstractActor.aroundReceive(AbstractActor.scala:229) ~[?:?]
	at org.apache.pekko.actor.ActorCell.receiveMessage(ActorCell.scala:590) ~[?:?]
	at org.apache.pekko.actor.ActorCell.invoke(ActorCell.scala:557) ~[?:?]
	at org.apache.pekko.dispatch.Mailbox.processMailbox(Mailbox.scala:272) ~[?:?]
	at org.apache.pekko.dispatch.Mailbox.run(Mailbox.scala:233) ~[?:?]
	at org.apache.pekko.dispatch.Mailbox.exec(Mailbox.scala:245) ~[?:?]
	at java.base/java.util.concurrent.ForkJoinTask.doExec(Unknown Source) ~[?:?]
	at java.base/java.util.concurrent.ForkJoinPool$WorkQueue.topLevelExec(Unknown Source) ~[?:?]
	at java.base/java.util.concurrent.ForkJoinPool.scan(Unknown Source) ~[?:?]
	at java.base/java.util.concurrent.ForkJoinPool.runWorker(Unknown Source) ~[?:?]
	at java.base/java.util.concurrent.ForkJoinWorkerThread.run(Unknown Source) ~[?:?]
