2025-10-22 18:47:54,497 INFO  org.apache.flink.runtime.taskexecutor.TaskManagerRunner      [] - --------------------------------------------------------------------------------
2025-10-22 18:47:54,501 INFO  org.apache.flink.runtime.taskexecutor.TaskManagerRunner      [] -  Preconfiguration: 
2025-10-22 18:47:54,501 INFO  org.apache.flink.runtime.taskexecutor.TaskManagerRunner      [] - 


RESOURCE_PARAMS extraction logs:
jvm_params: -Xmx536870902 -Xms536870902 -XX:MaxDirectMemorySize=268435458 -XX:MaxMetaspaceSize=268435456
dynamic_configs: -D taskmanager.memory.network.min=134217730b -D taskmanager.cpu.cores=1.0 -D taskmanager.memory.task.off-heap.size=0b -D taskmanager.memory.jvm-metaspace.size=268435456b -D external-resources=none -D taskmanager.memory.jvm-overhead.min=201326592b -D taskmanager.memory.framework.off-heap.size=134217728b -D taskmanager.memory.network.max=134217730b -D taskmanager.memory.framework.heap.size=134217728b -D taskmanager.memory.managed.size=536870920b -D taskmanager.memory.task.heap.size=402653174b -D taskmanager.numberOfTaskSlots=1 -D taskmanager.memory.jvm-overhead.max=201326592b
logs: INFO  [] - Using standard YAML parser to load flink configuration file from /opt/flink/conf/config.yaml.
INFO  [] - Loading configuration property: blob.server.port, 6124
INFO  [] - Loading configuration property: taskmanager.memory.process.size, 1728m
INFO  [] - Loading configuration property: taskmanager.bind-host, 0.0.0.0
INFO  [] - Loading configuration property: jobmanager.execution.failover-strategy, region
INFO  [] - Loading configuration property: jobmanager.rpc.address, 2561c762aa33
INFO  [] - Loading configuration property: execution.checkpointing.incremental, false
INFO  [] - Loading configuration property: state.backend.rocksdb.localdir, /tmp/rocksdb
INFO  [] - Loading configuration property: execution.target, remote
INFO  [] - Loading configuration property: jobmanager.memory.process.size, 1600m
INFO  [] - Loading configuration property: jobmanager.rpc.port, 6123
INFO  [] - Loading configuration property: query.server.port, 6125
INFO  [] - Loading configuration property: rest.bind-address, 0.0.0.0
INFO  [] - Loading configuration property: jobmanager.bind-host, 0.0.0.0
INFO  [] - Loading configuration property: execution.checkpointing.savepoint-dir, file:///tmp/flink-checkpoints
INFO  [] - Loading configuration property: taskmanager.host, 127.0.0.1
INFO  [] - Loading configuration property: execution.checkpointing.externalized-checkpoint-retention, RETAIN_ON_CANCELLATION
INFO  [] - Loading configuration property: parallelism.default, 1
INFO  [] - Loading configuration property: taskmanager.numberOfTaskSlots, 1
INFO  [] - Loading configuration property: execution.checkpointing.local-backup.enabled, true
INFO  [] - Loading configuration property: rest.address, 127.0.0.1
INFO  [] - Loading configuration property: execution.state-recovery.ignore-unclaimed-state, true
INFO  [] - Loading configuration property: execution.checkpointing.dir, file:///tmp/flink-checkpoints
INFO  [] - Loading configuration property: env.java.opts.all, --add-exports=java.rmi/sun.rmi.registry=ALL-UNNAMED --add-exports=java.security.jgss/sun.security.krb5=ALL-UNNAMED --add-opens=java.base/java.lang=ALL-UNNAMED --add-opens=java.base/java.net=ALL-UNNAMED --add-opens=java.base/java.io=ALL-UNNAMED --add-opens=java.base/java.nio=ALL-UNNAMED --add-opens=java.base/sun.nio.ch=ALL-UNNAMED --add-opens=java.base/java.lang.reflect=ALL-UNNAMED --add-opens=java.base/java.text=ALL-UNNAMED --add-opens=java.base/java.time=ALL-UNNAMED --add-opens=java.base/java.util=ALL-UNNAMED --add-opens=java.base/java.util.concurrent=ALL-UNNAMED --add-opens=java.base/java.util.concurrent.atomic=ALL-UNNAMED --add-opens=java.base/java.util.concurrent.locks=ALL-UNNAMED
INFO  [] - Loading configuration property: state.backend.type, rocksdb
INFO  [] - The derived from fraction jvm overhead memory (172.800mb (181193935 bytes)) is less than its min value 192.000mb (201326592 bytes), min value will be used instead
INFO  [] - Final TaskExecutor Memory configuration:
INFO  [] -   Total Process Memory:          1.688gb (1811939328 bytes)
INFO  [] -     Total Flink Memory:          1.250gb (1342177280 bytes)
INFO  [] -       Total JVM Heap Memory:     512.000mb (536870902 bytes)
INFO  [] -         Framework:               128.000mb (134217728 bytes)
INFO  [] -         Task:                    384.000mb (402653174 bytes)
INFO  [] -       Total Off-heap Memory:     768.000mb (805306378 bytes)
INFO  [] -         Managed:                 512.000mb (536870920 bytes)
INFO  [] -         Total JVM Direct Memory: 256.000mb (268435458 bytes)
INFO  [] -           Framework:             128.000mb (134217728 bytes)
INFO  [] -           Task:                  0 bytes
INFO  [] -           Network:               128.000mb (134217730 bytes)
INFO  [] -     JVM Metaspace:               256.000mb (268435456 bytes)
INFO  [] -     JVM Overhead:                192.000mb (201326592 bytes)

2025-10-22 18:47:54,502 INFO  org.apache.flink.runtime.taskexecutor.TaskManagerRunner      [] - --------------------------------------------------------------------------------
2025-10-22 18:47:54,514 INFO  org.apache.flink.runtime.taskexecutor.TaskManagerRunner      [] -  Starting TaskManager (Version: 2.1.0, Scala: 2.12, Rev:4cb6bd3, Date:2025-07-21T13:23:51+02:00)
2025-10-22 18:47:54,514 INFO  org.apache.flink.runtime.taskexecutor.TaskManagerRunner      [] -  OS current user: flink
2025-10-22 18:47:54,515 INFO  org.apache.flink.runtime.taskexecutor.TaskManagerRunner      [] -  Current Hadoop/Kerberos user: <no hadoop dependency found>
2025-10-22 18:47:54,515 INFO  org.apache.flink.runtime.taskexecutor.TaskManagerRunner      [] -  JVM: OpenJDK 64-Bit Server VM - Eclipse Adoptium - 17/17.0.16+8
2025-10-22 18:47:54,515 INFO  org.apache.flink.runtime.taskexecutor.TaskManagerRunner      [] -  Arch: amd64
2025-10-22 18:47:54,520 INFO  org.apache.flink.runtime.taskexecutor.TaskManagerRunner      [] -  Maximum heap size: 512 MiBytes
2025-10-22 18:47:54,521 INFO  org.apache.flink.runtime.taskexecutor.TaskManagerRunner      [] -  JAVA_HOME: /opt/java/openjdk
2025-10-22 18:47:54,521 INFO  org.apache.flink.runtime.taskexecutor.TaskManagerRunner      [] -  No Hadoop Dependency available
2025-10-22 18:47:54,521 INFO  org.apache.flink.runtime.taskexecutor.TaskManagerRunner      [] -  JVM Options:
2025-10-22 18:47:54,521 INFO  org.apache.flink.runtime.taskexecutor.TaskManagerRunner      [] -     -Xmx536870902
2025-10-22 18:47:54,522 INFO  org.apache.flink.runtime.taskexecutor.TaskManagerRunner      [] -     -Xms536870902
2025-10-22 18:47:54,522 INFO  org.apache.flink.runtime.taskexecutor.TaskManagerRunner      [] -     -XX:MaxDirectMemorySize=268435458
2025-10-22 18:47:54,522 INFO  org.apache.flink.runtime.taskexecutor.TaskManagerRunner      [] -     -XX:MaxMetaspaceSize=268435456
2025-10-22 18:47:54,522 INFO  org.apache.flink.runtime.taskexecutor.TaskManagerRunner      [] -     -XX:+IgnoreUnrecognizedVMOptions
2025-10-22 18:47:54,523 INFO  org.apache.flink.runtime.taskexecutor.TaskManagerRunner      [] -     --add-exports=java.rmi/sun.rmi.registry=ALL-UNNAMED
2025-10-22 18:47:54,523 INFO  org.apache.flink.runtime.taskexecutor.TaskManagerRunner      [] -     --add-exports=java.security.jgss/sun.security.krb5=ALL-UNNAMED
2025-10-22 18:47:54,523 INFO  org.apache.flink.runtime.taskexecutor.TaskManagerRunner      [] -     --add-opens=java.base/java.lang=ALL-UNNAMED
2025-10-22 18:47:54,523 INFO  org.apache.flink.runtime.taskexecutor.TaskManagerRunner      [] -     --add-opens=java.base/java.net=ALL-UNNAMED
2025-10-22 18:47:54,523 INFO  org.apache.flink.runtime.taskexecutor.TaskManagerRunner      [] -     --add-opens=java.base/java.io=ALL-UNNAMED
2025-10-22 18:47:54,524 INFO  org.apache.flink.runtime.taskexecutor.TaskManagerRunner      [] -     --add-opens=java.base/java.nio=ALL-UNNAMED
2025-10-22 18:47:54,524 INFO  org.apache.flink.runtime.taskexecutor.TaskManagerRunner      [] -     --add-opens=java.base/sun.nio.ch=ALL-UNNAMED
2025-10-22 18:47:54,524 INFO  org.apache.flink.runtime.taskexecutor.TaskManagerRunner      [] -     --add-opens=java.base/java.lang.reflect=ALL-UNNAMED
2025-10-22 18:47:54,525 INFO  org.apache.flink.runtime.taskexecutor.TaskManagerRunner      [] -     --add-opens=java.base/java.text=ALL-UNNAMED
2025-10-22 18:47:54,525 INFO  org.apache.flink.runtime.taskexecutor.TaskManagerRunner      [] -     --add-opens=java.base/java.time=ALL-UNNAMED
2025-10-22 18:47:54,525 INFO  org.apache.flink.runtime.taskexecutor.TaskManagerRunner      [] -     --add-opens=java.base/java.util=ALL-UNNAMED
2025-10-22 18:47:54,525 INFO  org.apache.flink.runtime.taskexecutor.TaskManagerRunner      [] -     --add-opens=java.base/java.util.concurrent=ALL-UNNAMED
2025-10-22 18:47:54,525 INFO  org.apache.flink.runtime.taskexecutor.TaskManagerRunner      [] -     --add-opens=java.base/java.util.concurrent.atomic=ALL-UNNAMED
2025-10-22 18:47:54,525 INFO  org.apache.flink.runtime.taskexecutor.TaskManagerRunner      [] -     --add-opens=java.base/java.util.concurrent.locks=ALL-UNNAMED
2025-10-22 18:47:54,526 INFO  org.apache.flink.runtime.taskexecutor.TaskManagerRunner      [] -     -Dlog.file=/opt/flink/log/flink--taskexecutor-0-2561c762aa33.log
2025-10-22 18:47:54,526 INFO  org.apache.flink.runtime.taskexecutor.TaskManagerRunner      [] -     -Dlog4j.configuration=file:/opt/flink/conf/log4j.properties
2025-10-22 18:47:54,526 INFO  org.apache.flink.runtime.taskexecutor.TaskManagerRunner      [] -     -Dlog4j.configurationFile=file:/opt/flink/conf/log4j.properties
2025-10-22 18:47:54,526 INFO  org.apache.flink.runtime.taskexecutor.TaskManagerRunner      [] -     -Dlogback.configurationFile=file:/opt/flink/conf/logback.xml
2025-10-22 18:47:54,526 INFO  org.apache.flink.runtime.taskexecutor.TaskManagerRunner      [] -  Program Arguments:
2025-10-22 18:47:54,528 INFO  org.apache.flink.runtime.taskexecutor.TaskManagerRunner      [] -     --configDir
2025-10-22 18:47:54,528 INFO  org.apache.flink.runtime.taskexecutor.TaskManagerRunner      [] -     /opt/flink/conf
2025-10-22 18:47:54,529 INFO  org.apache.flink.runtime.taskexecutor.TaskManagerRunner      [] -     -D
2025-10-22 18:47:54,529 INFO  org.apache.flink.runtime.taskexecutor.TaskManagerRunner      [] -     taskmanager.memory.network.min=134217730b
2025-10-22 18:47:54,529 INFO  org.apache.flink.runtime.taskexecutor.TaskManagerRunner      [] -     -D
2025-10-22 18:47:54,529 INFO  org.apache.flink.runtime.taskexecutor.TaskManagerRunner      [] -     taskmanager.cpu.cores=1.0
2025-10-22 18:47:54,529 INFO  org.apache.flink.runtime.taskexecutor.TaskManagerRunner      [] -     -D
2025-10-22 18:47:54,530 INFO  org.apache.flink.runtime.taskexecutor.TaskManagerRunner      [] -     taskmanager.memory.task.off-heap.size=0b
2025-10-22 18:47:54,530 INFO  org.apache.flink.runtime.taskexecutor.TaskManagerRunner      [] -     -D
2025-10-22 18:47:54,530 INFO  org.apache.flink.runtime.taskexecutor.TaskManagerRunner      [] -     taskmanager.memory.jvm-metaspace.size=268435456b
2025-10-22 18:47:54,531 INFO  org.apache.flink.runtime.taskexecutor.TaskManagerRunner      [] -     -D
2025-10-22 18:47:54,531 INFO  org.apache.flink.runtime.taskexecutor.TaskManagerRunner      [] -     external-resources=none
2025-10-22 18:47:54,531 INFO  org.apache.flink.runtime.taskexecutor.TaskManagerRunner      [] -     -D
2025-10-22 18:47:54,531 INFO  org.apache.flink.runtime.taskexecutor.TaskManagerRunner      [] -     taskmanager.memory.jvm-overhead.min=201326592b
2025-10-22 18:47:54,532 INFO  org.apache.flink.runtime.taskexecutor.TaskManagerRunner      [] -     -D
2025-10-22 18:47:54,532 INFO  org.apache.flink.runtime.taskexecutor.TaskManagerRunner      [] -     taskmanager.memory.framework.off-heap.size=134217728b
2025-10-22 18:47:54,532 INFO  org.apache.flink.runtime.taskexecutor.TaskManagerRunner      [] -     -D
2025-10-22 18:47:54,532 INFO  org.apache.flink.runtime.taskexecutor.TaskManagerRunner      [] -     taskmanager.memory.network.max=134217730b
2025-10-22 18:47:54,532 INFO  org.apache.flink.runtime.taskexecutor.TaskManagerRunner      [] -     -D
2025-10-22 18:47:54,533 INFO  org.apache.flink.runtime.taskexecutor.TaskManagerRunner      [] -     taskmanager.memory.framework.heap.size=134217728b
2025-10-22 18:47:54,533 INFO  org.apache.flink.runtime.taskexecutor.TaskManagerRunner      [] -     -D
2025-10-22 18:47:54,533 INFO  org.apache.flink.runtime.taskexecutor.TaskManagerRunner      [] -     taskmanager.memory.managed.size=536870920b
2025-10-22 18:47:54,533 INFO  org.apache.flink.runtime.taskexecutor.TaskManagerRunner      [] -     -D
2025-10-22 18:47:54,534 INFO  org.apache.flink.runtime.taskexecutor.TaskManagerRunner      [] -     taskmanager.memory.task.heap.size=402653174b
2025-10-22 18:47:54,534 INFO  org.apache.flink.runtime.taskexecutor.TaskManagerRunner      [] -     -D
2025-10-22 18:47:54,534 INFO  org.apache.flink.runtime.taskexecutor.TaskManagerRunner      [] -     taskmanager.numberOfTaskSlots=1
2025-10-22 18:47:54,534 INFO  org.apache.flink.runtime.taskexecutor.TaskManagerRunner      [] -     -D
2025-10-22 18:47:54,534 INFO  org.apache.flink.runtime.taskexecutor.TaskManagerRunner      [] -     taskmanager.memory.jvm-overhead.max=201326592b
2025-10-22 18:47:54,535 INFO  org.apache.flink.runtime.taskexecutor.TaskManagerRunner      [] -  Classpath: /opt/flink/lib/flink-cep-2.1.0.jar:/opt/flink/lib/flink-connector-files-2.1.0.jar:/opt/flink/lib/flink-csv-2.1.0.jar:/opt/flink/lib/flink-json-2.1.0.jar:/opt/flink/lib/flink-scala_2.12-2.1.0.jar:/opt/flink/lib/flink-table-api-java-uber-2.1.0.jar:/opt/flink/lib/flink-table-planner-loader-2.1.0.jar:/opt/flink/lib/flink-table-runtime-2.1.0.jar:/opt/flink/lib/log4j-1.2-api-2.24.3.jar:/opt/flink/lib/log4j-api-2.24.3.jar:/opt/flink/lib/log4j-core-2.24.3.jar:/opt/flink/lib/log4j-layout-template-json-2.24.3.jar:/opt/flink/lib/log4j-slf4j-impl-2.24.3.jar:/opt/flink/lib/flink-dist-2.1.0.jar::::
2025-10-22 18:47:54,536 INFO  org.apache.flink.runtime.taskexecutor.TaskManagerRunner      [] - --------------------------------------------------------------------------------
2025-10-22 18:47:54,537 INFO  org.apache.flink.runtime.taskexecutor.TaskManagerRunner      [] - Registered UNIX signal handlers for [TERM, HUP, INT]
2025-10-22 18:47:54,554 INFO  org.apache.flink.runtime.taskexecutor.TaskManagerRunner      [] - Maximum number of open file descriptors is 1048576.
2025-10-22 18:47:54,559 INFO  org.apache.flink.configuration.GlobalConfiguration           [] - Using standard YAML parser to load flink configuration file from /opt/flink/conf/config.yaml.
2025-10-22 18:47:54,618 INFO  org.apache.flink.configuration.GlobalConfiguration           [] - Loading configuration property: blob.server.port, 6124
2025-10-22 18:47:54,621 INFO  org.apache.flink.configuration.GlobalConfiguration           [] - Loading configuration property: taskmanager.memory.process.size, 1728m
2025-10-22 18:47:54,621 INFO  org.apache.flink.configuration.GlobalConfiguration           [] - Loading configuration property: taskmanager.bind-host, 0.0.0.0
2025-10-22 18:47:54,621 INFO  org.apache.flink.configuration.GlobalConfiguration           [] - Loading configuration property: jobmanager.execution.failover-strategy, region
2025-10-22 18:47:54,622 INFO  org.apache.flink.configuration.GlobalConfiguration           [] - Loading configuration property: jobmanager.rpc.address, 2561c762aa33
2025-10-22 18:47:54,622 INFO  org.apache.flink.configuration.GlobalConfiguration           [] - Loading configuration property: execution.checkpointing.incremental, false
2025-10-22 18:47:54,622 INFO  org.apache.flink.configuration.GlobalConfiguration           [] - Loading configuration property: state.backend.rocksdb.localdir, /tmp/rocksdb
2025-10-22 18:47:54,622 INFO  org.apache.flink.configuration.GlobalConfiguration           [] - Loading configuration property: execution.target, remote
2025-10-22 18:47:54,625 INFO  org.apache.flink.configuration.GlobalConfiguration           [] - Loading configuration property: jobmanager.memory.process.size, 1600m
2025-10-22 18:47:54,625 INFO  org.apache.flink.configuration.GlobalConfiguration           [] - Loading configuration property: jobmanager.rpc.port, 6123
2025-10-22 18:47:54,625 INFO  org.apache.flink.configuration.GlobalConfiguration           [] - Loading configuration property: query.server.port, 6125
2025-10-22 18:47:54,625 INFO  org.apache.flink.configuration.GlobalConfiguration           [] - Loading configuration property: rest.bind-address, 0.0.0.0
2025-10-22 18:47:54,625 INFO  org.apache.flink.configuration.GlobalConfiguration           [] - Loading configuration property: jobmanager.bind-host, 0.0.0.0
2025-10-22 18:47:54,625 INFO  org.apache.flink.configuration.GlobalConfiguration           [] - Loading configuration property: execution.checkpointing.savepoint-dir, file:///tmp/flink-checkpoints
2025-10-22 18:47:54,625 INFO  org.apache.flink.configuration.GlobalConfiguration           [] - Loading configuration property: taskmanager.host, 127.0.0.1
2025-10-22 18:47:54,625 INFO  org.apache.flink.configuration.GlobalConfiguration           [] - Loading configuration property: execution.checkpointing.externalized-checkpoint-retention, RETAIN_ON_CANCELLATION
2025-10-22 18:47:54,626 INFO  org.apache.flink.configuration.GlobalConfiguration           [] - Loading configuration property: parallelism.default, 1
2025-10-22 18:47:54,626 INFO  org.apache.flink.configuration.GlobalConfiguration           [] - Loading configuration property: taskmanager.numberOfTaskSlots, 1
2025-10-22 18:47:54,626 INFO  org.apache.flink.configuration.GlobalConfiguration           [] - Loading configuration property: execution.checkpointing.local-backup.enabled, true
2025-10-22 18:47:54,626 INFO  org.apache.flink.configuration.GlobalConfiguration           [] - Loading configuration property: rest.address, 127.0.0.1
2025-10-22 18:47:54,627 INFO  org.apache.flink.configuration.GlobalConfiguration           [] - Loading configuration property: execution.state-recovery.ignore-unclaimed-state, true
2025-10-22 18:47:54,627 INFO  org.apache.flink.configuration.GlobalConfiguration           [] - Loading configuration property: execution.checkpointing.dir, file:///tmp/flink-checkpoints
2025-10-22 18:47:54,627 INFO  org.apache.flink.configuration.GlobalConfiguration           [] - Loading configuration property: env.java.opts.all, --add-exports=java.rmi/sun.rmi.registry=ALL-UNNAMED --add-exports=java.security.jgss/sun.security.krb5=ALL-UNNAMED --add-opens=java.base/java.lang=ALL-UNNAMED --add-opens=java.base/java.net=ALL-UNNAMED --add-opens=java.base/java.io=ALL-UNNAMED --add-opens=java.base/java.nio=ALL-UNNAMED --add-opens=java.base/sun.nio.ch=ALL-UNNAMED --add-opens=java.base/java.lang.reflect=ALL-UNNAMED --add-opens=java.base/java.text=ALL-UNNAMED --add-opens=java.base/java.time=ALL-UNNAMED --add-opens=java.base/java.util=ALL-UNNAMED --add-opens=java.base/java.util.concurrent=ALL-UNNAMED --add-opens=java.base/java.util.concurrent.atomic=ALL-UNNAMED --add-opens=java.base/java.util.concurrent.locks=ALL-UNNAMED
2025-10-22 18:47:54,640 INFO  org.apache.flink.configuration.GlobalConfiguration           [] - Loading configuration property: state.backend.type, rocksdb
2025-10-22 18:47:54,640 INFO  org.apache.flink.configuration.GlobalConfiguration           [] - Loading dynamic configuration property: taskmanager.memory.network.min, 134217730b
2025-10-22 18:47:54,640 INFO  org.apache.flink.configuration.GlobalConfiguration           [] - Loading dynamic configuration property: taskmanager.memory.jvm-metaspace.size, 268435456b
2025-10-22 18:47:54,643 INFO  org.apache.flink.configuration.GlobalConfiguration           [] - Loading dynamic configuration property: taskmanager.memory.task.off-heap.size, 0b
2025-10-22 18:47:54,643 INFO  org.apache.flink.configuration.GlobalConfiguration           [] - Loading dynamic configuration property: taskmanager.cpu.cores, 1.0
2025-10-22 18:47:54,643 INFO  org.apache.flink.configuration.GlobalConfiguration           [] - Loading dynamic configuration property: external-resources, none
2025-10-22 18:47:54,643 INFO  org.apache.flink.configuration.GlobalConfiguration           [] - Loading dynamic configuration property: taskmanager.memory.jvm-overhead.min, 201326592b
2025-10-22 18:47:54,644 INFO  org.apache.flink.configuration.GlobalConfiguration           [] - Loading dynamic configuration property: taskmanager.memory.framework.off-heap.size, 134217728b
2025-10-22 18:47:54,644 INFO  org.apache.flink.configuration.GlobalConfiguration           [] - Loading dynamic configuration property: taskmanager.memory.network.max, 134217730b
2025-10-22 18:47:54,644 INFO  org.apache.flink.configuration.GlobalConfiguration           [] - Loading dynamic configuration property: taskmanager.memory.framework.heap.size, 134217728b
2025-10-22 18:47:54,644 INFO  org.apache.flink.configuration.GlobalConfiguration           [] - Loading dynamic configuration property: taskmanager.memory.managed.size, 536870920b
2025-10-22 18:47:54,644 INFO  org.apache.flink.configuration.GlobalConfiguration           [] - Loading dynamic configuration property: taskmanager.memory.task.heap.size, 402653174b
2025-10-22 18:47:54,645 INFO  org.apache.flink.configuration.GlobalConfiguration           [] - Loading dynamic configuration property: taskmanager.numberOfTaskSlots, 1
2025-10-22 18:47:54,645 INFO  org.apache.flink.configuration.GlobalConfiguration           [] - Loading dynamic configuration property: taskmanager.memory.jvm-overhead.max, 201326592b
2025-10-22 18:47:54,707 INFO  org.apache.flink.core.fs.FileSystem                          [] - Hadoop is not in the classpath/dependencies. The extended set of supported File Systems via Hadoop is not available.
2025-10-22 18:47:54,718 INFO  org.apache.flink.core.plugin.DefaultPluginManager            [] - Plugin loader with ID not found, creating it: metrics-statsd
2025-10-22 18:47:54,723 INFO  org.apache.flink.core.plugin.DefaultPluginManager            [] - Plugin loader with ID not found, creating it: metrics-jmx
2025-10-22 18:47:54,723 INFO  org.apache.flink.core.plugin.DefaultPluginManager            [] - Plugin loader with ID not found, creating it: metrics-prometheus
2025-10-22 18:47:54,723 INFO  org.apache.flink.core.plugin.DefaultPluginManager            [] - Plugin loader with ID not found, creating it: metrics-influx
2025-10-22 18:47:54,724 INFO  org.apache.flink.core.plugin.DefaultPluginManager            [] - Plugin loader with ID not found, creating it: metrics-slf4j
2025-10-22 18:47:54,724 INFO  org.apache.flink.core.plugin.DefaultPluginManager            [] - Plugin loader with ID not found, creating it: metrics-otel
2025-10-22 18:47:54,724 INFO  org.apache.flink.core.plugin.DefaultPluginManager            [] - Plugin loader with ID not found, creating it: metrics-datadog
2025-10-22 18:47:54,724 INFO  org.apache.flink.core.plugin.DefaultPluginManager            [] - Plugin loader with ID not found, creating it: metrics-graphite
2025-10-22 18:47:54,724 INFO  org.apache.flink.core.plugin.DefaultPluginManager            [] - Plugin loader with ID not found, creating it: external-resource-gpu
2025-10-22 18:47:54,745 INFO  org.apache.flink.runtime.state.changelog.StateChangelogStorageLoader [] - StateChangelogStorageLoader initialized with shortcut names {memory,filesystem}.
2025-10-22 18:47:54,745 INFO  org.apache.flink.core.plugin.DefaultPluginManager            [] - Plugin loader with ID found, reusing it: metrics-statsd
2025-10-22 18:47:54,745 INFO  org.apache.flink.core.plugin.DefaultPluginManager            [] - Plugin loader with ID found, reusing it: metrics-jmx
2025-10-22 18:47:54,745 INFO  org.apache.flink.core.plugin.DefaultPluginManager            [] - Plugin loader with ID found, reusing it: metrics-prometheus
2025-10-22 18:47:54,746 INFO  org.apache.flink.core.plugin.DefaultPluginManager            [] - Plugin loader with ID found, reusing it: metrics-influx
2025-10-22 18:47:54,746 INFO  org.apache.flink.core.plugin.DefaultPluginManager            [] - Plugin loader with ID found, reusing it: metrics-slf4j
2025-10-22 18:47:54,746 INFO  org.apache.flink.core.plugin.DefaultPluginManager            [] - Plugin loader with ID found, reusing it: metrics-otel
2025-10-22 18:47:54,746 INFO  org.apache.flink.core.plugin.DefaultPluginManager            [] - Plugin loader with ID found, reusing it: metrics-datadog
2025-10-22 18:47:54,746 INFO  org.apache.flink.core.plugin.DefaultPluginManager            [] - Plugin loader with ID found, reusing it: metrics-graphite
2025-10-22 18:47:54,747 INFO  org.apache.flink.core.plugin.DefaultPluginManager            [] - Plugin loader with ID found, reusing it: external-resource-gpu
2025-10-22 18:47:54,748 INFO  org.apache.flink.runtime.state.changelog.StateChangelogStorageLoader [] - StateChangelogStorageLoader initialized with shortcut names {memory,filesystem}.
2025-10-22 18:47:54,760 INFO  org.apache.flink.runtime.security.modules.HadoopModuleFactory [] - Cannot create Hadoop Security Module because Hadoop cannot be found in the Classpath.
2025-10-22 18:47:54,776 INFO  org.apache.flink.runtime.security.modules.JaasModule         [] - Jaas file will be created as /tmp/jaas-12650221351352097369.conf.
2025-10-22 18:47:54,781 INFO  org.apache.flink.runtime.security.contexts.HadoopSecurityContextFactory [] - Cannot install HadoopSecurityContext because Hadoop cannot be found in the Classpath.
2025-10-22 18:47:54,987 INFO  org.apache.flink.runtime.taskexecutor.TaskManagerRunner      [] - Using configured hostname/address for TaskManager: 127.0.0.1.
2025-10-22 18:47:55,038 INFO  org.apache.flink.runtime.rpc.pekko.PekkoRpcServiceUtils      [] - Trying to start actor system, external address 127.0.0.1:0, bind address 0.0.0.0:0.
2025-10-22 18:47:55,782 INFO  org.apache.pekko.event.slf4j.Slf4jLogger                     [] - Slf4jLogger started
2025-10-22 18:47:55,803 INFO  org.apache.pekko.remote.RemoteActorRefProvider               [] - Pekko Cluster not in use - enabling unsafe features anyway because `pekko.remote.use-unsafe-remote-features-outside-cluster` has been enabled.
2025-10-22 18:47:55,806 INFO  org.apache.pekko.remote.Remoting                             [] - Starting remoting
2025-10-22 18:47:56,039 INFO  org.apache.pekko.remote.Remoting                             [] - Remoting started; listening on addresses :[pekko.tcp://flink@127.0.0.1:42699]
2025-10-22 18:47:56,179 INFO  org.apache.flink.runtime.rpc.pekko.PekkoRpcServiceUtils      [] - Actor system started at pekko.tcp://flink@127.0.0.1:42699
2025-10-22 18:47:56,205 INFO  org.apache.flink.runtime.taskexecutor.TaskManagerRunner      [] - Using working directory: WorkingDirectory(/tmp/tm_127.0.0.1:42699-3b8a4a)
2025-10-22 18:47:56,243 INFO  org.apache.flink.runtime.metrics.MetricRegistryImpl          [] - No metrics reporter configured, no metrics will be exposed/reported.
2025-10-22 18:47:56,243 INFO  org.apache.flink.runtime.metrics.MetricRegistryImpl          [] - No trace reporter configured, no traces will be exposed/reported.
2025-10-22 18:47:56,243 INFO  org.apache.flink.runtime.metrics.MetricRegistryImpl          [] - No event reporter configured, no events will be exposed/reported.
2025-10-22 18:47:56,251 INFO  org.apache.flink.runtime.rpc.pekko.PekkoRpcServiceUtils      [] - Trying to start actor system, external address 127.0.0.1:0, bind address 0.0.0.0:0.
2025-10-22 18:47:56,287 INFO  org.apache.pekko.event.slf4j.Slf4jLogger                     [] - Slf4jLogger started
2025-10-22 18:47:56,291 INFO  org.apache.pekko.remote.RemoteActorRefProvider               [] - Pekko Cluster not in use - enabling unsafe features anyway because `pekko.remote.use-unsafe-remote-features-outside-cluster` has been enabled.
2025-10-22 18:47:56,292 INFO  org.apache.pekko.remote.Remoting                             [] - Starting remoting
2025-10-22 18:47:56,321 INFO  org.apache.pekko.remote.Remoting                             [] - Remoting started; listening on addresses :[pekko.tcp://flink-metrics@127.0.0.1:34997]
2025-10-22 18:47:56,344 INFO  org.apache.flink.runtime.rpc.pekko.PekkoRpcServiceUtils      [] - Actor system started at pekko.tcp://flink-metrics@127.0.0.1:34997
2025-10-22 18:47:56,376 INFO  org.apache.flink.runtime.rpc.pekko.PekkoRpcService           [] - Starting RPC endpoint for org.apache.flink.runtime.metrics.dump.MetricQueryService at pekko://flink-metrics/user/rpc/MetricQueryService_127.0.0.1:42699-3b8a4a .
2025-10-22 18:47:56,393 INFO  org.apache.flink.runtime.blob.PermanentBlobCache             [] - Created BLOB cache storage directory /tmp/tm_127.0.0.1:42699-3b8a4a/blobStorage
2025-10-22 18:47:56,397 INFO  org.apache.flink.runtime.blob.TransientBlobCache             [] - Created BLOB cache storage directory /tmp/tm_127.0.0.1:42699-3b8a4a/blobStorage
2025-10-22 18:47:56,400 INFO  org.apache.flink.runtime.externalresource.ExternalResourceUtils [] - Enabled external resources: []
2025-10-22 18:47:56,400 INFO  org.apache.flink.runtime.security.token.DelegationTokenReceiverRepository [] - Loading delegation token receivers
2025-10-22 18:47:56,403 INFO  org.apache.flink.runtime.security.token.DelegationTokenReceiverRepository [] - Delegation token receiver hadoopfs loaded and initialized
2025-10-22 18:47:56,404 INFO  org.apache.flink.runtime.security.token.DelegationTokenReceiverRepository [] - Delegation token receiver hbase loaded and initialized
2025-10-22 18:47:56,404 INFO  org.apache.flink.core.plugin.DefaultPluginManager            [] - Plugin loader with ID found, reusing it: metrics-statsd
2025-10-22 18:47:56,404 INFO  org.apache.flink.core.plugin.DefaultPluginManager            [] - Plugin loader with ID found, reusing it: metrics-jmx
2025-10-22 18:47:56,404 INFO  org.apache.flink.core.plugin.DefaultPluginManager            [] - Plugin loader with ID found, reusing it: metrics-prometheus
2025-10-22 18:47:56,404 INFO  org.apache.flink.core.plugin.DefaultPluginManager            [] - Plugin loader with ID found, reusing it: metrics-influx
2025-10-22 18:47:56,405 INFO  org.apache.flink.core.plugin.DefaultPluginManager            [] - Plugin loader with ID found, reusing it: metrics-slf4j
2025-10-22 18:47:56,405 INFO  org.apache.flink.core.plugin.DefaultPluginManager            [] - Plugin loader with ID found, reusing it: metrics-otel
2025-10-22 18:47:56,405 INFO  org.apache.flink.core.plugin.DefaultPluginManager            [] - Plugin loader with ID found, reusing it: metrics-datadog
2025-10-22 18:47:56,405 INFO  org.apache.flink.core.plugin.DefaultPluginManager            [] - Plugin loader with ID found, reusing it: metrics-graphite
2025-10-22 18:47:56,405 INFO  org.apache.flink.core.plugin.DefaultPluginManager            [] - Plugin loader with ID found, reusing it: external-resource-gpu
2025-10-22 18:47:56,405 INFO  org.apache.flink.runtime.security.token.DelegationTokenReceiverRepository [] - Delegation token receivers loaded successfully
2025-10-22 18:47:56,405 INFO  org.apache.flink.runtime.taskexecutor.TaskManagerRunner      [] - Starting TaskManager with ResourceID: 127.0.0.1:42699-3b8a4a
2025-10-22 18:47:56,507 INFO  org.apache.flink.runtime.taskexecutor.TaskManagerServices    [] - Temporary file directory '/tmp': total 31 GB, usable 15 GB (48.39% usable)
2025-10-22 18:47:56,511 INFO  org.apache.flink.runtime.io.disk.iomanager.IOManager         [] - Created a new FileChannelManager for spilling of task related data to disk (joins, sorting, ...). Used directories:
	/tmp/flink-io-001e4c30-0094-45ff-8a71-6152ff64429e
2025-10-22 18:47:56,519 INFO  org.apache.flink.runtime.io.network.netty.NettyConfig        [] - NettyConfig [server address: /0.0.0.0, server port range: 0, ssl enabled: false, memory segment size (bytes): 32768, number of server threads: 1 (manual), number of client threads: 1 (manual), server connect backlog: 0 (use Netty's default), client connect timeout (sec): 120, send/receive buffer size (bytes): 0 (use Netty's default)]
2025-10-22 18:47:56,531 INFO  org.apache.flink.runtime.io.network.NettyShuffleServiceFactory [] - Created a new FileChannelManager for storing result partitions of BLOCKING shuffles. Used directories:
	/tmp/flink-netty-shuffle-6663039a-8f1f-46f1-ad7a-33ace49f6083
2025-10-22 18:47:56,607 INFO  org.apache.flink.runtime.io.network.buffer.NetworkBufferPool [] - Allocated 128 MB for network buffer pool (number of memory segments: 4096, bytes per segment: 32768).
2025-10-22 18:47:56,622 INFO  org.apache.flink.runtime.io.network.NettyShuffleEnvironment  [] - Starting the network environment and its components.
2025-10-22 18:47:56,658 INFO  org.apache.flink.runtime.io.network.netty.NettyClient        [] - Transport type 'auto': using EPOLL.
2025-10-22 18:47:56,659 INFO  org.apache.flink.runtime.io.network.netty.NettyClient        [] - Successful initialization (took 35 ms).
2025-10-22 18:47:56,665 INFO  org.apache.flink.runtime.io.network.netty.NettyServer        [] - Transport type 'auto': using EPOLL.
2025-10-22 18:47:56,670 INFO  org.apache.flink.runtime.io.network.netty.NettyServer        [] - Successful initialization (took 10 ms). Listening on SocketAddress /[0:0:0:0:0:0:0:0%0]:42099.
2025-10-22 18:47:56,670 INFO  org.apache.flink.runtime.taskexecutor.TaskManagerServices    [] - TaskManager data connection initialized successfully; listening internally on port: 42099
2025-10-22 18:47:56,672 INFO  org.apache.flink.runtime.taskexecutor.KvStateService         [] - Starting the kvState service and its components.
2025-10-22 18:47:56,728 INFO  org.apache.flink.runtime.rpc.pekko.PekkoRpcService           [] - Starting RPC endpoint for org.apache.flink.runtime.taskexecutor.TaskExecutor at pekko://flink/user/rpc/taskmanager_0 .
2025-10-22 18:47:56,752 INFO  org.apache.flink.runtime.taskexecutor.DefaultJobLeaderService [] - Start job leader service.
2025-10-22 18:47:56,754 INFO  org.apache.flink.runtime.filecache.FileCache                 [] - User file cache uses directory /tmp/flink-dist-cache-b22a1c7a-38b5-4df7-a27e-1ba866506f31
2025-10-22 18:47:56,758 INFO  org.apache.flink.runtime.taskexecutor.TaskExecutor           [] - Connecting to ResourceManager pekko.tcp://flink@2561c762aa33:6123/user/rpc/resourcemanager_*(00000000000000000000000000000000).
2025-10-22 18:47:57,214 INFO  org.apache.flink.runtime.taskexecutor.TaskExecutor           [] - Resolved ResourceManager address, beginning registration
2025-10-22 18:47:57,320 INFO  org.apache.flink.runtime.taskexecutor.TaskExecutor           [] - Successful registration at resource manager pekko.tcp://flink@2561c762aa33:6123/user/rpc/resourcemanager_* under registration id dc166a6fddddb6c3bf1dcb9a70779123.
2025-10-22 18:48:07,160 INFO  org.apache.flink.runtime.taskexecutor.TaskExecutor           [] - Receive slot request c0055203c84135e892151ec59bb3ada4 for job 9ff37524c83fc0c2f16127cec47fd362 from resource manager with leader id 00000000000000000000000000000000.
2025-10-22 18:48:07,165 INFO  org.apache.flink.runtime.taskexecutor.slot.TaskSlotTableImpl [] - Allocated slot for c0055203c84135e892151ec59bb3ada4 with resources ResourceProfile{cpuCores=1, taskHeapMemory=384.000mb (402653174 bytes), taskOffHeapMemory=0 bytes, managedMemory=512.000mb (536870920 bytes), networkMemory=128.000mb (134217730 bytes)}.
2025-10-22 18:48:07,171 INFO  org.apache.flink.runtime.taskexecutor.DefaultJobLeaderService [] - Add job 9ff37524c83fc0c2f16127cec47fd362 for job leader monitoring.
2025-10-22 18:48:07,173 INFO  org.apache.flink.runtime.taskexecutor.DefaultJobLeaderService [] - Try to register at job manager pekko.tcp://flink@2561c762aa33:6123/user/rpc/jobmanager_2 with leader id 00000000-0000-0000-0000-000000000000.
2025-10-22 18:48:07,209 INFO  org.apache.flink.runtime.taskexecutor.DefaultJobLeaderService [] - Resolved JobManager address, beginning registration
2025-10-22 18:48:07,303 INFO  org.apache.flink.runtime.taskexecutor.DefaultJobLeaderService [] - Successful registration at job manager pekko.tcp://flink@2561c762aa33:6123/user/rpc/jobmanager_2 for job 9ff37524c83fc0c2f16127cec47fd362.
2025-10-22 18:48:07,305 INFO  org.apache.flink.runtime.taskexecutor.TaskExecutor           [] - Establish JobManager connection for job 9ff37524c83fc0c2f16127cec47fd362.
2025-10-22 18:48:07,311 INFO  org.apache.flink.runtime.taskexecutor.TaskExecutor           [] - Offer reserved slots to the leader of job 9ff37524c83fc0c2f16127cec47fd362.
2025-10-22 18:48:07,414 INFO  org.apache.flink.runtime.taskexecutor.slot.TaskSlotTableImpl [] - Activate slot c0055203c84135e892151ec59bb3ada4.
2025-10-22 18:48:07,455 INFO  org.apache.flink.runtime.state.changelog.StateChangelogStorageLoader [] - Creating a changelog storage with name 'memory'.
2025-10-22 18:48:07,475 INFO  org.apache.flink.runtime.state.TaskExecutorChannelStateExecutorFactoryManager [] - Creating the channel state executor factory for job id 9ff37524c83fc0c2f16127cec47fd362
2025-10-22 18:48:07,535 INFO  org.apache.flink.runtime.taskexecutor.TaskExecutor           [] - Received task Source: Collection Source -> _stream_key_by_map_operator (1/1)#0 (41d06843d6e68db5931fa259aad44ad0_cbc357ccb763df2852fee8c4fc7d55f2_0_0), deploy into slot with allocation id c0055203c84135e892151ec59bb3ada4.
2025-10-22 18:48:07,542 INFO  org.apache.flink.runtime.taskmanager.Task                    [] - Source: Collection Source -> _stream_key_by_map_operator (1/1)#0 (41d06843d6e68db5931fa259aad44ad0_cbc357ccb763df2852fee8c4fc7d55f2_0_0) switched from CREATED to DEPLOYING.
2025-10-22 18:48:07,551 INFO  org.apache.flink.runtime.taskexecutor.slot.TaskSlotTableImpl [] - Activate slot c0055203c84135e892151ec59bb3ada4.
2025-10-22 18:48:07,552 INFO  org.apache.flink.runtime.taskmanager.Task                    [] - Loading JAR files for task Source: Collection Source -> _stream_key_by_map_operator (1/1)#0 (41d06843d6e68db5931fa259aad44ad0_cbc357ccb763df2852fee8c4fc7d55f2_0_0) [DEPLOYING].
2025-10-22 18:48:07,560 INFO  org.apache.flink.runtime.blob.BlobClient                     [] - Downloading 9ff37524c83fc0c2f16127cec47fd362/p-eb2d28ac31e2c97dd63a6894758ee2d5f438b095-0a7ae0befd08fa1691fdaede5ff3e3cb from 2561c762aa33/172.17.0.2:6124
2025-10-22 18:48:07,616 INFO  org.apache.flink.runtime.taskexecutor.TaskExecutor           [] - Received task KEYED PROCESS -> Sink: Print to Std. Out (1/1)#0 (41d06843d6e68db5931fa259aad44ad0_90bea66de1c231edf33913ecd54406c1_0_0), deploy into slot with allocation id c0055203c84135e892151ec59bb3ada4.
2025-10-22 18:48:07,619 INFO  org.apache.flink.runtime.taskexecutor.slot.TaskSlotTableImpl [] - Activate slot c0055203c84135e892151ec59bb3ada4.
2025-10-22 18:48:07,620 INFO  org.apache.flink.runtime.taskmanager.Task                    [] - KEYED PROCESS -> Sink: Print to Std. Out (1/1)#0 (41d06843d6e68db5931fa259aad44ad0_90bea66de1c231edf33913ecd54406c1_0_0) switched from CREATED to DEPLOYING.
2025-10-22 18:48:07,621 INFO  org.apache.flink.runtime.taskmanager.Task                    [] - Loading JAR files for task KEYED PROCESS -> Sink: Print to Std. Out (1/1)#0 (41d06843d6e68db5931fa259aad44ad0_90bea66de1c231edf33913ecd54406c1_0_0) [DEPLOYING].
2025-10-22 18:48:07,891 INFO  org.apache.flink.streaming.runtime.tasks.StreamTask          [] - Loading state backend via factory org.apache.flink.state.rocksdb.EmbeddedRocksDBStateBackendFactory
2025-10-22 18:48:07,906 INFO  org.apache.flink.state.rocksdb.EmbeddedRocksDBStateBackend   [] - Using predefined options: DEFAULT.
2025-10-22 18:48:07,912 INFO  org.apache.flink.streaming.runtime.tasks.StreamTask          [] - Loading state backend via factory org.apache.flink.state.rocksdb.EmbeddedRocksDBStateBackendFactory
2025-10-22 18:48:07,914 INFO  org.apache.flink.state.rocksdb.EmbeddedRocksDBStateBackend   [] - Using predefined options: DEFAULT.
2025-10-22 18:48:07,919 INFO  org.apache.flink.runtime.state.StateBackendLoader            [] - State backend loader loads the state backend as EmbeddedRocksDBStateBackend
2025-10-22 18:48:07,920 INFO  org.apache.flink.runtime.state.StateBackendLoader            [] - State backend loader loads the state backend as EmbeddedRocksDBStateBackend
2025-10-22 18:48:07,922 INFO  org.apache.flink.streaming.runtime.tasks.StreamTask          [] - Checkpoint storage is set to 'filesystem': (checkpoints "file:/tmp/flink-checkpoints")
2025-10-22 18:48:07,923 INFO  org.apache.flink.streaming.runtime.tasks.StreamTask          [] - Checkpoint storage is set to 'filesystem': (checkpoints "file:/tmp/flink-checkpoints")
2025-10-22 18:48:07,935 INFO  org.apache.flink.runtime.taskmanager.Task                    [] - KEYED PROCESS -> Sink: Print to Std. Out (1/1)#0 (41d06843d6e68db5931fa259aad44ad0_90bea66de1c231edf33913ecd54406c1_0_0) switched from DEPLOYING to INITIALIZING.
2025-10-22 18:48:07,939 INFO  org.apache.flink.runtime.taskmanager.Task                    [] - Source: Collection Source -> _stream_key_by_map_operator (1/1)#0 (41d06843d6e68db5931fa259aad44ad0_cbc357ccb763df2852fee8c4fc7d55f2_0_0) switched from DEPLOYING to INITIALIZING.
2025-10-22 18:48:08,111 INFO  org.apache.flink.runtime.state.StateBackendLoader            [] - Loading state backend via factory org.apache.flink.state.rocksdb.EmbeddedRocksDBStateBackendFactory
2025-10-22 18:48:08,112 INFO  org.apache.flink.state.rocksdb.EmbeddedRocksDBStateBackend   [] - Using predefined options: DEFAULT.
2025-10-22 18:48:08,133 INFO  org.apache.flink.runtime.state.StateBackendLoader            [] - Loading state backend via factory org.apache.flink.state.rocksdb.EmbeddedRocksDBStateBackendFactory
2025-10-22 18:48:08,133 INFO  org.apache.flink.state.rocksdb.EmbeddedRocksDBStateBackend   [] - Using predefined options: DEFAULT.
2025-10-22 18:48:08,160 INFO  org.apache.flink.runtime.state.StateBackendLoader            [] - Loading state backend via factory org.apache.flink.state.rocksdb.EmbeddedRocksDBStateBackendFactory
2025-10-22 18:48:08,163 INFO  org.apache.flink.state.rocksdb.EmbeddedRocksDBStateBackend   [] - Using predefined options: DEFAULT.
2025-10-22 18:48:08,170 INFO  org.apache.flink.state.rocksdb.EmbeddedRocksDBStateBackend   [] - Attempting to load RocksDB native library and store it under '/tmp/tm_127.0.0.1:42699-3b8a4a/tmp'
2025-10-22 18:48:08,193 INFO  org.apache.flink.streaming.api.operators.AbstractStreamOperator [] - The maximum bundle size is configured to 1000.
2025-10-22 18:48:08,194 INFO  org.apache.flink.streaming.api.operators.AbstractStreamOperator [] - The maximum bundle time is configured to 1000 milliseconds.
2025-10-22 18:48:08,433 INFO  org.apache.flink.state.rocksdb.EmbeddedRocksDBStateBackend   [] - Successfully loaded RocksDB native library
2025-10-22 18:48:08,438 INFO  org.apache.flink.state.rocksdb.EmbeddedRocksDBStateBackend   [] - Getting shared memory for RocksDB: shareScope=SLOT, managed=false
2025-10-22 18:48:08,445 INFO  org.apache.flink.state.rocksdb.EmbeddedRocksDBStateBackend   [] - Obtained shared RocksDB cache of size 375809644 bytes
2025-10-22 18:48:08,540 INFO  org.apache.flink.state.rocksdb.sstmerge.RocksDBManualCompactionManager [] - Creating RocksDBManualCompactionManager with settings: RocksDBManualCompactionConfig{minInterval=0, maxManualCompactions=5, maxFileSizeToCompact=50 kb, minFilesToCompact=5, maxFilesToCompact=30, maxOutputFileSize=64 mb, maxAutoCompactions=30}
2025-10-22 18:48:08,547 INFO  org.apache.flink.state.rocksdb.RocksDBKeyedStateBackendBuilder [] - Finished building RocksDB keyed state-backend at /tmp/rocksdb/job_9ff37524c83fc0c2f16127cec47fd362_op_ExternalPythonKeyedProcessOperator_90bea66de1c231edf33913ecd54406c1__1_1__uuid_7eeed408-73ab-4ee3-9d40-c100dc42df4c.
2025-10-22 18:48:08,560 INFO  org.apache.flink.configuration.GlobalConfiguration           [] - Using standard YAML parser to load flink configuration file from /opt/flink/conf/config.yaml.
2025-10-22 18:48:08,572 INFO  org.apache.flink.configuration.GlobalConfiguration           [] - Loading configuration property: blob.server.port, 6124
2025-10-22 18:48:08,573 INFO  org.apache.flink.configuration.GlobalConfiguration           [] - Loading configuration property: taskmanager.memory.process.size, 1728m
2025-10-22 18:48:08,574 INFO  org.apache.flink.configuration.GlobalConfiguration           [] - Loading configuration property: taskmanager.bind-host, 0.0.0.0
2025-10-22 18:48:08,574 INFO  org.apache.flink.configuration.GlobalConfiguration           [] - Loading configuration property: jobmanager.execution.failover-strategy, region
2025-10-22 18:48:08,574 INFO  org.apache.flink.configuration.GlobalConfiguration           [] - Loading configuration property: jobmanager.rpc.address, 2561c762aa33
2025-10-22 18:48:08,574 INFO  org.apache.flink.configuration.GlobalConfiguration           [] - Loading configuration property: execution.checkpointing.incremental, false
2025-10-22 18:48:08,574 INFO  org.apache.flink.configuration.GlobalConfiguration           [] - Loading configuration property: state.backend.rocksdb.localdir, /tmp/rocksdb
2025-10-22 18:48:08,575 INFO  org.apache.flink.configuration.GlobalConfiguration           [] - Loading configuration property: execution.target, remote
2025-10-22 18:48:08,576 INFO  org.apache.flink.configuration.GlobalConfiguration           [] - Loading configuration property: jobmanager.memory.process.size, 1600m
2025-10-22 18:48:08,576 INFO  org.apache.flink.configuration.GlobalConfiguration           [] - Loading configuration property: jobmanager.rpc.port, 6123
2025-10-22 18:48:08,576 INFO  org.apache.flink.configuration.GlobalConfiguration           [] - Loading configuration property: query.server.port, 6125
2025-10-22 18:48:08,576 INFO  org.apache.flink.configuration.GlobalConfiguration           [] - Loading configuration property: rest.bind-address, 0.0.0.0
2025-10-22 18:48:08,576 INFO  org.apache.flink.configuration.GlobalConfiguration           [] - Loading configuration property: jobmanager.bind-host, 0.0.0.0
2025-10-22 18:48:08,577 INFO  org.apache.flink.configuration.GlobalConfiguration           [] - Loading configuration property: execution.checkpointing.savepoint-dir, file:///tmp/flink-checkpoints
2025-10-22 18:48:08,577 INFO  org.apache.flink.configuration.GlobalConfiguration           [] - Loading configuration property: taskmanager.host, 127.0.0.1
2025-10-22 18:48:08,577 INFO  org.apache.flink.configuration.GlobalConfiguration           [] - Loading configuration property: execution.checkpointing.externalized-checkpoint-retention, RETAIN_ON_CANCELLATION
2025-10-22 18:48:08,577 INFO  org.apache.flink.configuration.GlobalConfiguration           [] - Loading configuration property: parallelism.default, 1
2025-10-22 18:48:08,577 INFO  org.apache.flink.configuration.GlobalConfiguration           [] - Loading configuration property: taskmanager.numberOfTaskSlots, 1
2025-10-22 18:48:08,577 INFO  org.apache.flink.configuration.GlobalConfiguration           [] - Loading configuration property: execution.checkpointing.local-backup.enabled, true
2025-10-22 18:48:08,578 INFO  org.apache.flink.configuration.GlobalConfiguration           [] - Loading configuration property: rest.address, 127.0.0.1
2025-10-22 18:48:08,578 INFO  org.apache.flink.configuration.GlobalConfiguration           [] - Loading configuration property: execution.state-recovery.ignore-unclaimed-state, true
2025-10-22 18:48:08,578 INFO  org.apache.flink.configuration.GlobalConfiguration           [] - Loading configuration property: execution.checkpointing.dir, file:///tmp/flink-checkpoints
2025-10-22 18:48:08,578 INFO  org.apache.flink.configuration.GlobalConfiguration           [] - Loading configuration property: env.java.opts.all, --add-exports=java.rmi/sun.rmi.registry=ALL-UNNAMED --add-exports=java.security.jgss/sun.security.krb5=ALL-UNNAMED --add-opens=java.base/java.lang=ALL-UNNAMED --add-opens=java.base/java.net=ALL-UNNAMED --add-opens=java.base/java.io=ALL-UNNAMED --add-opens=java.base/java.nio=ALL-UNNAMED --add-opens=java.base/sun.nio.ch=ALL-UNNAMED --add-opens=java.base/java.lang.reflect=ALL-UNNAMED --add-opens=java.base/java.text=ALL-UNNAMED --add-opens=java.base/java.time=ALL-UNNAMED --add-opens=java.base/java.util=ALL-UNNAMED --add-opens=java.base/java.util.concurrent=ALL-UNNAMED --add-opens=java.base/java.util.concurrent.atomic=ALL-UNNAMED --add-opens=java.base/java.util.concurrent.locks=ALL-UNNAMED
2025-10-22 18:48:08,578 INFO  org.apache.flink.configuration.GlobalConfiguration           [] - Loading configuration property: state.backend.type, rocksdb
2025-10-22 18:48:08,585 INFO  org.apache.flink.runtime.state.StateBackendLoader            [] - Loading state backend via factory org.apache.flink.state.rocksdb.EmbeddedRocksDBStateBackendFactory
2025-10-22 18:48:08,585 INFO  org.apache.flink.state.rocksdb.EmbeddedRocksDBStateBackend   [] - Using predefined options: DEFAULT.
2025-10-22 18:48:08,612 INFO  org.apache.flink.streaming.api.operators.AbstractStreamOperator [] - The maximum bundle size is configured to 1000.
2025-10-22 18:48:08,612 INFO  org.apache.flink.streaming.api.operators.AbstractStreamOperator [] - The maximum bundle time is configured to 1000 milliseconds.
2025-10-22 18:48:08,616 INFO  org.apache.flink.runtime.state.StateBackendLoader            [] - Loading state backend via factory org.apache.flink.state.rocksdb.EmbeddedRocksDBStateBackendFactory
2025-10-22 18:48:08,617 INFO  org.apache.flink.state.rocksdb.EmbeddedRocksDBStateBackend   [] - Using predefined options: DEFAULT.
2025-10-22 18:48:08,648 INFO  org.apache.flink.python.env.AbstractPythonEnvironmentManager [] - PYTHONPATH of python worker: null
2025-10-22 18:48:08,649 INFO  org.apache.flink.python.env.AbstractPythonEnvironmentManager [] - Python interpreter path: /app/.venv/bin/python
2025-10-22 18:48:09,802 INFO  org.apache.flink.streaming.api.runners.python.beam.BeamPythonFunctionRunner [] - Obtained shared Python process of size 161061276 bytes
2025-10-22 18:48:09,803 INFO  org.apache.flink.streaming.api.runners.python.beam.BeamPythonFunctionRunner [] - Obtained shared Python process of size 161061276 bytes
2025-10-22 18:48:13,141 INFO  org.apache.beam.runners.fnexecution.logging.GrpcLoggingService [] - Beam Fn Logging client connected.
2025-10-22 18:48:13,155 INFO  /app/.venv/lib/python3.9/site-packages/apache_beam/runners/worker/sdk_worker_main.py:84 [] - Logging handler created.
2025-10-22 18:48:13,156 INFO  /app/.venv/lib/python3.9/site-packages/apache_beam/runners/worker/sdk_worker_main.py:110 [] - semi_persistent_directory: /tmp
2025-10-22 18:48:13,156 WARN  /app/.venv/lib/python3.9/site-packages/apache_beam/runners/worker/sdk_worker_main.py:356 [] - No session file found: /tmp/staged/pickled_main_session. Functions defined in __main__ (interactive session) may fail. 
2025-10-22 18:48:13,156 WARN  /app/.venv/lib/python3.9/site-packages/apache_beam/options/pipeline_options.py:394 [] - Discarding unparseable args: ['--app_name=BeamPythonFunctionRunner', '--options_id=0.0'] 
2025-10-22 18:48:13,156 INFO  /app/.venv/lib/python3.9/site-packages/apache_beam/runners/worker/sdk_worker_main.py:134 [] - Pipeline_options: {'experiments': ['state_cache_size=1000']}
2025-10-22 18:48:13,157 INFO  /app/.venv/lib/python3.9/site-packages/apache_beam/runners/worker/statecache.py:214 [] - Creating state cache with size 1000
2025-10-22 18:48:13,158 INFO  /app/.venv/lib/python3.9/site-packages/apache_beam/runners/worker/sdk_worker.py:189 [] - Creating insecure control channel for localhost:37793.
2025-10-22 18:48:13,158 INFO  /app/.venv/lib/python3.9/site-packages/apache_beam/runners/worker/sdk_worker.py:197 [] - Control channel established.
2025-10-22 18:48:13,162 INFO  /app/.venv/lib/python3.9/site-packages/apache_beam/runners/worker/sdk_worker.py:247 [] - Initializing SDKHarness with unbounded number of workers.
2025-10-22 18:48:13,163 INFO  org.apache.beam.runners.fnexecution.control.FnApiControlClientPoolService [] - Beam Fn Control client connected with id 1-1
2025-10-22 18:48:13,163 INFO  /app/.venv/lib/python3.9/site-packages/apache_beam/runners/worker/sdk_worker_main.py:211 [] - Python sdk harness starting.
2025-10-22 18:48:13,229 INFO  org.apache.flink.runtime.state.StateBackendLoader            [] - Loading state backend via factory org.apache.flink.state.rocksdb.EmbeddedRocksDBStateBackendFactory
2025-10-22 18:48:13,229 INFO  org.apache.flink.state.rocksdb.EmbeddedRocksDBStateBackend   [] - Using predefined options: DEFAULT.
2025-10-22 18:48:13,233 INFO  org.apache.flink.runtime.taskmanager.Task                    [] - KEYED PROCESS -> Sink: Print to Std. Out (1/1)#0 (41d06843d6e68db5931fa259aad44ad0_90bea66de1c231edf33913ecd54406c1_0_0) switched from INITIALIZING to RUNNING.
2025-10-22 18:48:13,244 INFO  org.apache.flink.runtime.taskmanager.Task                    [] - Source: Collection Source -> _stream_key_by_map_operator (1/1)#0 (41d06843d6e68db5931fa259aad44ad0_cbc357ccb763df2852fee8c4fc7d55f2_0_0) switched from INITIALIZING to RUNNING.
2025-10-22 18:48:13,284 INFO  org.apache.beam.runners.fnexecution.control.FnApiControlClientPoolService [] - getProcessBundleDescriptor request with id 1-3
2025-10-22 18:48:13,294 INFO  /app/.venv/lib/python3.9/site-packages/apache_beam/runners/worker/sdk_worker.py:919 [] - Creating insecure state channel for localhost:33729.
2025-10-22 18:48:13,295 INFO  /app/.venv/lib/python3.9/site-packages/apache_beam/runners/worker/sdk_worker.py:926 [] - State channel established.
2025-10-22 18:48:13,306 INFO  /app/.venv/lib/python3.9/site-packages/apache_beam/runners/worker/data_plane.py:822 [] - Creating client data channel for localhost:41669
2025-10-22 18:48:13,307 INFO  org.apache.beam.runners.fnexecution.data.GrpcDataService     [] - Beam Fn Data client connected.
2025-10-22 18:48:13,452 INFO  org.apache.beam.runners.fnexecution.control.FnApiControlClientPoolService [] - getProcessBundleDescriptor request with id 1-2
2025-10-22 18:48:45,923 INFO  org.apache.flink.runtime.taskmanager.Task                    [] - Source: Collection Source -> _stream_key_by_map_operator (1/1)#0 (41d06843d6e68db5931fa259aad44ad0_cbc357ccb763df2852fee8c4fc7d55f2_0_0) switched from RUNNING to FINISHED.
2025-10-22 18:48:45,925 INFO  org.apache.flink.runtime.taskmanager.Task                    [] - Freeing task resources for Source: Collection Source -> _stream_key_by_map_operator (1/1)#0 (41d06843d6e68db5931fa259aad44ad0_cbc357ccb763df2852fee8c4fc7d55f2_0_0).
2025-10-22 18:48:45,929 INFO  org.apache.flink.runtime.taskexecutor.TaskExecutor           [] - Un-registering task and sending final execution state FINISHED to JobManager for task Source: Collection Source -> _stream_key_by_map_operator (1/1)#0 41d06843d6e68db5931fa259aad44ad0_cbc357ccb763df2852fee8c4fc7d55f2_0_0.
2025-10-22 18:48:45,967 INFO  org.apache.beam.runners.fnexecution.control.DefaultJobBundleFactory [] - Closing environment urn: "beam:env:process:v1"
payload: "\032H/app/.venv/lib/python3.9/site-packages/pyflink/bin/pyflink-udf-runner.sh\"Z\n\rFLINK_TGZ_URL\022Ihttps://dlcdn.apache.org/flink/flink-2.1.0/flink-2.1.0-bin-scala_2.12.tgz\"i\n\004PATH\022a/opt/flink/bin:/opt/java/openjdk/bin:/usr/local/sbin:/usr/local/bin:/usr/sbin:/usr/bin:/sbin:/bin\"&\n\bJAVA_RUN\022\032/opt/java/openjdk/bin/java\" \n\025TABLE_LOCAL_TIME_ZONE\022\aEtc/UTC\"\026\n\016ROOT_LOG_LEVEL\022\004INFO\"\036\n\tJAVA_HOME\022\021/opt/java/openjdk\"$\n\031PYFLINK_CLIENT_EXECUTABLE\022\apython3\"\021\n\tCHECK_GPG\022\004true\"\'\n\021FLINK_PLUGINS_DIR\022\022/opt/flink/plugins\"3\n\aGPG_KEY\022(7A14EF9AD986EF0D56B2E73F6AF817E6C59EC690\"\023\n\004LANG\022\ven_US.UTF-8\"E\n\fBOOT_LOG_DIR\0225/tmp/python-dist-18dbb9ce-6256-4432-8e75-2b2d9ccbcf2d\"!\n\016FLINK_CONF_DIR\022\017/opt/flink/conf\"\356\005\n\023FLINK_ENV_JAVA_OPTS\022\326\005-XX:+IgnoreUnrecognizedVMOptions --add-exports=java.rmi/sun.rmi.registry=ALL-UNNAMED --add-exports=java.security.jgss/sun.security.krb5=ALL-UNNAMED --add-opens=java.base/java.lang=ALL-UNNAMED --add-opens=java.base/java.net=ALL-UNNAMED --add-opens=java.base/java.io=ALL-UNNAMED --add-opens=java.base/java.nio=ALL-UNNAMED --add-opens=java.base/sun.nio.ch=ALL-UNNAMED --add-opens=java.base/java.lang.reflect=ALL-UNNAMED --add-opens=java.base/java.text=ALL-UNNAMED --add-opens=java.base/java.time=ALL-UNNAMED --add-opens=java.base/java.util=ALL-UNNAMED --add-opens=java.base/java.util.concurrent=ALL-UNNAMED --add-opens=java.base/java.util.concurrent.atomic=ALL-UNNAMED --add-opens=java.base/java.util.concurrent.locks=ALL-UNNAMED\"(\n\033_PYTHON_WORKER_MEMORY_LIMIT\022\t161061276\"b\n\rFLINK_ASC_URL\022Qhttps://downloads.apache.org/flink/flink-2.1.0/flink-2.1.0-bin-scala_2.12.tgz.asc\"\035\n\fJAVA_VERSION\022\rjdk-17.0.16+8\"\v\n\003PWD\022\004/app\"\037\n\001_\022\032/opt/java/openjdk/bin/java\"\024\n\bLANGUAGE\022\ben_US:en\"\037\n\rFLINK_OPT_DIR\022\016/opt/flink/opt\"\037\n\006python\022\025/app/.venv/bin/python\"\035\n\rXDG_DATA_HOME\022\f/opt/uv/data\"\030\n\nFLINK_HOME\022\n/opt/flink\" \n\030PYFLINK_GATEWAY_DISABLED\022\004true\"\031\n\023MAX_LOG_FILE_NUMBER\022\00210\"\037\n\rFLINK_LIB_DIR\022\016/opt/flink/lib\"\025\n\020PIP_NO_CACHE_DIR\022\0011\"\333\004\n\022DYNAMIC_PARAMETERS\022\304\004-D taskmanager.memory.network.min=134217730b -D taskmanager.cpu.cores=1.0 -D taskmanager.memory.task.off-heap.size=0b -D taskmanager.memory.jvm-metaspace.size=268435456b -D external-resources=none -D taskmanager.memory.jvm-overhead.min=201326592b -D taskmanager.memory.framework.off-heap.size=134217728b -D taskmanager.memory.network.max=134217730b -D taskmanager.memory.framework.heap.size=134217728b -D taskmanager.memory.managed.size=536870920b -D taskmanager.memory.task.heap.size=402653174b -D taskmanager.numberOfTaskSlots=1 -D taskmanager.memory.jvm-overhead.max=201326592b\"\034\n\027PYTHONDONTWRITEBYTECODE\022\0011\"\246$\n\024FLINK_INHERITED_LOGS\022\215$\n\n\nRESOURCE_PARAMS extraction logs:\njvm_params: -Xmx536870902 -Xms536870902 -XX:MaxDirectMemorySize=268435458 -XX:MaxMetaspaceSize=268435456\ndynamic_configs: -D taskmanager.memory.network.min=134217730b -D taskmanager.cpu.cores=1.0 -D taskmanager.memory.task.off-heap.size=0b -D taskmanager.memory.jvm-metaspace.size=268435456b -D external-resources=none -D taskmanager.memory.jvm-overhead.min=201326592b -D taskmanager.memory.framework.off-heap.size=134217728b -D taskmanager.memory.network.max=134217730b -D taskmanager.memory.framework.heap.size=134217728b -D taskmanager.memory.managed.size=536870920b -D taskmanager.memory.task.heap.size=402653174b -D taskmanager.numberOfTaskSlots=1 -D taskmanager.memory.jvm-overhead.max=201326592b\nlogs: INFO  [] - Using standard YAML parser to load flink configuration file from /opt/flink/conf/config.yaml.\nINFO  [] - Loading configuration property: blob.server.port, 6124\nINFO  [] - Loading configuration property: taskmanager.memory.process.size, 1728m\nINFO  [] - Loading configuration property: taskmanager.bind-host, 0.0.0.0\nINFO  [] - Loading configuration property: jobmanager.execution.failover-strategy, region\nINFO  [] - Loading configuration property: jobmanager.rpc.address, 2561c762aa33\nINFO  [] - Loading configuration property: execution.checkpointing.incremental, false\nINFO  [] - Loading configuration property: state.backend.rocksdb.localdir, /tmp/rocksdb\nINFO  [] - Loading configuration property: execution.target, remote\nINFO  [] - Loading configuration property: jobmanager.memory.process.size, 1600m\nINFO  [] - Loading configuration property: jobmanager.rpc.port, 6123\nINFO  [] - Loading configuration property: query.server.port, 6125\nINFO  [] - Loading configuration property: rest.bind-address, 0.0.0.0\nINFO  [] - Loading configuration property: jobmanager.bind-host, 0.0.0.0\nINFO  [] - Loading configuration property: execution.checkpointing.savepoint-dir, file:///tmp/flink-checkpoints\nINFO  [] - Loading configuration property: taskmanager.host, 127.0.0.1\nINFO  [] - Loading configuration property: execution.checkpointing.externalized-checkpoint-retention, RETAIN_ON_CANCELLATION\nINFO  [] - Loading configuration property: parallelism.default, 1\nINFO  [] - Loading configuration property: taskmanager.numberOfTaskSlots, 1\nINFO  [] - Loading configuration property: execution.checkpointing.local-backup.enabled, true\nINFO  [] - Loading configuration property: rest.address, 127.0.0.1\nINFO  [] - Loading configuration property: execution.state-recovery.ignore-unclaimed-state, true\nINFO  [] - Loading configuration property: execution.checkpointing.dir, file:///tmp/flink-checkpoints\nINFO  [] - Loading configuration property: env.java.opts.all, --add-exports=java.rmi/sun.rmi.registry=ALL-UNNAMED --add-exports=java.security.jgss/sun.security.krb5=ALL-UNNAMED --add-opens=java.base/java.lang=ALL-UNNAMED --add-opens=java.base/java.net=ALL-UNNAMED --add-opens=java.base/java.io=ALL-UNNAMED --add-opens=java.base/java.nio=ALL-UNNAMED --add-opens=java.base/sun.nio.ch=ALL-UNNAMED --add-opens=java.base/java.lang.reflect=ALL-UNNAMED --add-opens=java.base/java.text=ALL-UNNAMED --add-opens=java.base/java.time=ALL-UNNAMED --add-opens=java.base/java.util=ALL-UNNAMED --add-opens=java.base/java.util.concurrent=ALL-UNNAMED --add-opens=java.base/java.util.concurrent.atomic=ALL-UNNAMED --add-opens=java.base/java.util.concurrent.locks=ALL-UNNAMED\nINFO  [] - Loading configuration property: state.backend.type, rocksdb\nINFO  [] - The derived from fraction jvm overhead memory (172.800mb (181193935 bytes)) is less than its min value 192.000mb (201326592 bytes), min value will be used instead\nINFO  [] - Final TaskExecutor Memory configuration:\nINFO  [] -   Total Process Memory:          1.688gb (1811939328 bytes)\nINFO  [] -     Total Flink Memory:          1.250gb (1342177280 bytes)\nINFO  [] -       Total JVM Heap Memory:     512.000mb (536870902 bytes)\nINFO  [] -         Framework:               128.000mb (134217728 bytes)\nINFO  [] -         Task:                    384.000mb (402653174 bytes)\nINFO  [] -       Total Off-heap Memory:     768.000mb (805306378 bytes)\nINFO  [] -         Managed:                 512.000mb (536870920 bytes)\nINFO  [] -         Total JVM Direct Memory: 256.000mb (268435458 bytes)\nINFO  [] -           Framework:             128.000mb (134217728 bytes)\nINFO  [] -           Task:                  0 bytes\nINFO  [] -           Network:               128.000mb (134217730 bytes)\nINFO  [] -     JVM Metaspace:               256.000mb (268435456 bytes)\nINFO  [] -     JVM Overhead:                192.000mb (201326592 bytes)\n\"\024\n\fGOSU_VERSION\022\0041.11\"\025\n\020PYTHONUNBUFFERED\022\0011\"\030\n\bHOSTNAME\022\f2561c762aa33\"\025\n\006LC_ALL\022\ven_US.UTF-8\"i\n\bJVM_ARGS\022] -Xmx536870902 -Xms536870902 -XX:MaxDirectMemorySize=268435458 -XX:MaxMetaspaceSize=268435456\"7\n\nLD_PRELOAD\022):/usr/lib/x86_64-linux-gnu/libjemalloc.so\"\n\n\005SHLVL\022\0013\"\022\n\004HOME\022\n/opt/flink\"\037\n\rFLINK_BIN_DIR\022\016/opt/flink/bin"

2025-10-22 18:48:45,970 INFO  org.apache.beam.runners.fnexecution.logging.GrpcLoggingService [] - 1 Beam Fn Logging clients still connected during shutdown.
2025-10-22 18:48:45,997 INFO  org.apache.beam.sdk.fn.data.BeamFnDataGrpcMultiplexer        [] - Hanged up for unknown endpoint.
2025-10-22 18:48:45,998 INFO  org.apache.beam.sdk.fn.data.BeamFnDataGrpcMultiplexer        [] - Hanged up for unknown endpoint.
2025-10-22 18:48:46,075 WARN  org.apache.beam.runners.fnexecution.control.DefaultJobBundleFactory [] - Error cleaning up servers urn: "beam:env:process:v1"
payload: "\032H/app/.venv/lib/python3.9/site-packages/pyflink/bin/pyflink-udf-runner.sh\"Z\n\rFLINK_TGZ_URL\022Ihttps://dlcdn.apache.org/flink/flink-2.1.0/flink-2.1.0-bin-scala_2.12.tgz\"i\n\004PATH\022a/opt/flink/bin:/opt/java/openjdk/bin:/usr/local/sbin:/usr/local/bin:/usr/sbin:/usr/bin:/sbin:/bin\"&\n\bJAVA_RUN\022\032/opt/java/openjdk/bin/java\" \n\025TABLE_LOCAL_TIME_ZONE\022\aEtc/UTC\"\026\n\016ROOT_LOG_LEVEL\022\004INFO\"\036\n\tJAVA_HOME\022\021/opt/java/openjdk\"$\n\031PYFLINK_CLIENT_EXECUTABLE\022\apython3\"\021\n\tCHECK_GPG\022\004true\"\'\n\021FLINK_PLUGINS_DIR\022\022/opt/flink/plugins\"3\n\aGPG_KEY\022(7A14EF9AD986EF0D56B2E73F6AF817E6C59EC690\"\023\n\004LANG\022\ven_US.UTF-8\"E\n\fBOOT_LOG_DIR\0225/tmp/python-dist-18dbb9ce-6256-4432-8e75-2b2d9ccbcf2d\"!\n\016FLINK_CONF_DIR\022\017/opt/flink/conf\"\356\005\n\023FLINK_ENV_JAVA_OPTS\022\326\005-XX:+IgnoreUnrecognizedVMOptions --add-exports=java.rmi/sun.rmi.registry=ALL-UNNAMED --add-exports=java.security.jgss/sun.security.krb5=ALL-UNNAMED --add-opens=java.base/java.lang=ALL-UNNAMED --add-opens=java.base/java.net=ALL-UNNAMED --add-opens=java.base/java.io=ALL-UNNAMED --add-opens=java.base/java.nio=ALL-UNNAMED --add-opens=java.base/sun.nio.ch=ALL-UNNAMED --add-opens=java.base/java.lang.reflect=ALL-UNNAMED --add-opens=java.base/java.text=ALL-UNNAMED --add-opens=java.base/java.time=ALL-UNNAMED --add-opens=java.base/java.util=ALL-UNNAMED --add-opens=java.base/java.util.concurrent=ALL-UNNAMED --add-opens=java.base/java.util.concurrent.atomic=ALL-UNNAMED --add-opens=java.base/java.util.concurrent.locks=ALL-UNNAMED\"(\n\033_PYTHON_WORKER_MEMORY_LIMIT\022\t161061276\"b\n\rFLINK_ASC_URL\022Qhttps://downloads.apache.org/flink/flink-2.1.0/flink-2.1.0-bin-scala_2.12.tgz.asc\"\035\n\fJAVA_VERSION\022\rjdk-17.0.16+8\"\v\n\003PWD\022\004/app\"\037\n\001_\022\032/opt/java/openjdk/bin/java\"\024\n\bLANGUAGE\022\ben_US:en\"\037\n\rFLINK_OPT_DIR\022\016/opt/flink/opt\"\037\n\006python\022\025/app/.venv/bin/python\"\035\n\rXDG_DATA_HOME\022\f/opt/uv/data\"\030\n\nFLINK_HOME\022\n/opt/flink\" \n\030PYFLINK_GATEWAY_DISABLED\022\004true\"\031\n\023MAX_LOG_FILE_NUMBER\022\00210\"\037\n\rFLINK_LIB_DIR\022\016/opt/flink/lib\"\025\n\020PIP_NO_CACHE_DIR\022\0011\"\333\004\n\022DYNAMIC_PARAMETERS\022\304\004-D taskmanager.memory.network.min=134217730b -D taskmanager.cpu.cores=1.0 -D taskmanager.memory.task.off-heap.size=0b -D taskmanager.memory.jvm-metaspace.size=268435456b -D external-resources=none -D taskmanager.memory.jvm-overhead.min=201326592b -D taskmanager.memory.framework.off-heap.size=134217728b -D taskmanager.memory.network.max=134217730b -D taskmanager.memory.framework.heap.size=134217728b -D taskmanager.memory.managed.size=536870920b -D taskmanager.memory.task.heap.size=402653174b -D taskmanager.numberOfTaskSlots=1 -D taskmanager.memory.jvm-overhead.max=201326592b\"\034\n\027PYTHONDONTWRITEBYTECODE\022\0011\"\246$\n\024FLINK_INHERITED_LOGS\022\215$\n\n\nRESOURCE_PARAMS extraction logs:\njvm_params: -Xmx536870902 -Xms536870902 -XX:MaxDirectMemorySize=268435458 -XX:MaxMetaspaceSize=268435456\ndynamic_configs: -D taskmanager.memory.network.min=134217730b -D taskmanager.cpu.cores=1.0 -D taskmanager.memory.task.off-heap.size=0b -D taskmanager.memory.jvm-metaspace.size=268435456b -D external-resources=none -D taskmanager.memory.jvm-overhead.min=201326592b -D taskmanager.memory.framework.off-heap.size=134217728b -D taskmanager.memory.network.max=134217730b -D taskmanager.memory.framework.heap.size=134217728b -D taskmanager.memory.managed.size=536870920b -D taskmanager.memory.task.heap.size=402653174b -D taskmanager.numberOfTaskSlots=1 -D taskmanager.memory.jvm-overhead.max=201326592b\nlogs: INFO  [] - Using standard YAML parser to load flink configuration file from /opt/flink/conf/config.yaml.\nINFO  [] - Loading configuration property: blob.server.port, 6124\nINFO  [] - Loading configuration property: taskmanager.memory.process.size, 1728m\nINFO  [] - Loading configuration property: taskmanager.bind-host, 0.0.0.0\nINFO  [] - Loading configuration property: jobmanager.execution.failover-strategy, region\nINFO  [] - Loading configuration property: jobmanager.rpc.address, 2561c762aa33\nINFO  [] - Loading configuration property: execution.checkpointing.incremental, false\nINFO  [] - Loading configuration property: state.backend.rocksdb.localdir, /tmp/rocksdb\nINFO  [] - Loading configuration property: execution.target, remote\nINFO  [] - Loading configuration property: jobmanager.memory.process.size, 1600m\nINFO  [] - Loading configuration property: jobmanager.rpc.port, 6123\nINFO  [] - Loading configuration property: query.server.port, 6125\nINFO  [] - Loading configuration property: rest.bind-address, 0.0.0.0\nINFO  [] - Loading configuration property: jobmanager.bind-host, 0.0.0.0\nINFO  [] - Loading configuration property: execution.checkpointing.savepoint-dir, file:///tmp/flink-checkpoints\nINFO  [] - Loading configuration property: taskmanager.host, 127.0.0.1\nINFO  [] - Loading configuration property: execution.checkpointing.externalized-checkpoint-retention, RETAIN_ON_CANCELLATION\nINFO  [] - Loading configuration property: parallelism.default, 1\nINFO  [] - Loading configuration property: taskmanager.numberOfTaskSlots, 1\nINFO  [] - Loading configuration property: execution.checkpointing.local-backup.enabled, true\nINFO  [] - Loading configuration property: rest.address, 127.0.0.1\nINFO  [] - Loading configuration property: execution.state-recovery.ignore-unclaimed-state, true\nINFO  [] - Loading configuration property: execution.checkpointing.dir, file:///tmp/flink-checkpoints\nINFO  [] - Loading configuration property: env.java.opts.all, --add-exports=java.rmi/sun.rmi.registry=ALL-UNNAMED --add-exports=java.security.jgss/sun.security.krb5=ALL-UNNAMED --add-opens=java.base/java.lang=ALL-UNNAMED --add-opens=java.base/java.net=ALL-UNNAMED --add-opens=java.base/java.io=ALL-UNNAMED --add-opens=java.base/java.nio=ALL-UNNAMED --add-opens=java.base/sun.nio.ch=ALL-UNNAMED --add-opens=java.base/java.lang.reflect=ALL-UNNAMED --add-opens=java.base/java.text=ALL-UNNAMED --add-opens=java.base/java.time=ALL-UNNAMED --add-opens=java.base/java.util=ALL-UNNAMED --add-opens=java.base/java.util.concurrent=ALL-UNNAMED --add-opens=java.base/java.util.concurrent.atomic=ALL-UNNAMED --add-opens=java.base/java.util.concurrent.locks=ALL-UNNAMED\nINFO  [] - Loading configuration property: state.backend.type, rocksdb\nINFO  [] - The derived from fraction jvm overhead memory (172.800mb (181193935 bytes)) is less than its min value 192.000mb (201326592 bytes), min value will be used instead\nINFO  [] - Final TaskExecutor Memory configuration:\nINFO  [] -   Total Process Memory:          1.688gb (1811939328 bytes)\nINFO  [] -     Total Flink Memory:          1.250gb (1342177280 bytes)\nINFO  [] -       Total JVM Heap Memory:     512.000mb (536870902 bytes)\nINFO  [] -         Framework:               128.000mb (134217728 bytes)\nINFO  [] -         Task:                    384.000mb (402653174 bytes)\nINFO  [] -       Total Off-heap Memory:     768.000mb (805306378 bytes)\nINFO  [] -         Managed:                 512.000mb (536870920 bytes)\nINFO  [] -         Total JVM Direct Memory: 256.000mb (268435458 bytes)\nINFO  [] -           Framework:             128.000mb (134217728 bytes)\nINFO  [] -           Task:                  0 bytes\nINFO  [] -           Network:               128.000mb (134217730 bytes)\nINFO  [] -     JVM Metaspace:               256.000mb (268435456 bytes)\nINFO  [] -     JVM Overhead:                192.000mb (201326592 bytes)\n\"\024\n\fGOSU_VERSION\022\0041.11\"\025\n\020PYTHONUNBUFFERED\022\0011\"\030\n\bHOSTNAME\022\f2561c762aa33\"\025\n\006LC_ALL\022\ven_US.UTF-8\"i\n\bJVM_ARGS\022] -Xmx536870902 -Xms536870902 -XX:MaxDirectMemorySize=268435458 -XX:MaxMetaspaceSize=268435456\"7\n\nLD_PRELOAD\022):/usr/lib/x86_64-linux-gnu/libjemalloc.so\"\n\n\005SHLVL\022\0013\"\022\n\004HOME\022\n/opt/flink\"\037\n\rFLINK_BIN_DIR\022\016/opt/flink/bin"

java.lang.IllegalStateException: call already closed
	at org.apache.beam.vendor.grpc.v1p60p1.com.google.common.base.Preconditions.checkState(Preconditions.java:512) ~[blob_p-eb2d28ac31e2c97dd63a6894758ee2d5f438b095-0a7ae0befd08fa1691fdaede5ff3e3cb:2.1.0]
	at org.apache.beam.vendor.grpc.v1p60p1.io.grpc.internal.ServerCallImpl.closeInternal(ServerCallImpl.java:213) ~[blob_p-eb2d28ac31e2c97dd63a6894758ee2d5f438b095-0a7ae0befd08fa1691fdaede5ff3e3cb:2.1.0]
	at org.apache.beam.vendor.grpc.v1p60p1.io.grpc.internal.ServerCallImpl.close(ServerCallImpl.java:208) ~[blob_p-eb2d28ac31e2c97dd63a6894758ee2d5f438b095-0a7ae0befd08fa1691fdaede5ff3e3cb:2.1.0]
	at org.apache.beam.vendor.grpc.v1p60p1.io.grpc.stub.ServerCalls$ServerCallStreamObserverImpl.onCompleted(ServerCalls.java:395) ~[blob_p-eb2d28ac31e2c97dd63a6894758ee2d5f438b095-0a7ae0befd08fa1691fdaede5ff3e3cb:2.1.0]
	at org.apache.beam.runners.fnexecution.state.GrpcStateService.close(GrpcStateService.java:64) ~[blob_p-eb2d28ac31e2c97dd63a6894758ee2d5f438b095-0a7ae0befd08fa1691fdaede5ff3e3cb:2.1.0]
	at org.apache.beam.sdk.fn.server.GrpcFnServer.close(GrpcFnServer.java:156) ~[blob_p-eb2d28ac31e2c97dd63a6894758ee2d5f438b095-0a7ae0befd08fa1691fdaede5ff3e3cb:2.1.0]
	at org.apache.beam.runners.fnexecution.control.DefaultJobBundleFactory$WrappedSdkHarnessClient.close(DefaultJobBundleFactory.java:699) ~[blob_p-eb2d28ac31e2c97dd63a6894758ee2d5f438b095-0a7ae0befd08fa1691fdaede5ff3e3cb:2.1.0]
	at org.apache.beam.runners.fnexecution.control.DefaultJobBundleFactory$WrappedSdkHarnessClient.unref(DefaultJobBundleFactory.java:715) ~[blob_p-eb2d28ac31e2c97dd63a6894758ee2d5f438b095-0a7ae0befd08fa1691fdaede5ff3e3cb:2.1.0]
	at org.apache.beam.runners.fnexecution.control.DefaultJobBundleFactory.lambda$createEnvironmentCaches$3(DefaultJobBundleFactory.java:222) ~[blob_p-eb2d28ac31e2c97dd63a6894758ee2d5f438b095-0a7ae0befd08fa1691fdaede5ff3e3cb:2.1.0]
	at org.apache.beam.vendor.guava.v32_1_2_jre.com.google.common.cache.LocalCache.processPendingNotifications(LocalCache.java:1850) ~[blob_p-eb2d28ac31e2c97dd63a6894758ee2d5f438b095-0a7ae0befd08fa1691fdaede5ff3e3cb:2.1.0]
	at org.apache.beam.vendor.guava.v32_1_2_jre.com.google.common.cache.LocalCache$Segment.runUnlockedCleanup(LocalCache.java:3503) ~[blob_p-eb2d28ac31e2c97dd63a6894758ee2d5f438b095-0a7ae0befd08fa1691fdaede5ff3e3cb:2.1.0]
	at org.apache.beam.vendor.guava.v32_1_2_jre.com.google.common.cache.LocalCache$Segment.postWriteCleanup(LocalCache.java:3479) ~[blob_p-eb2d28ac31e2c97dd63a6894758ee2d5f438b095-0a7ae0befd08fa1691fdaede5ff3e3cb:2.1.0]
	at org.apache.beam.vendor.guava.v32_1_2_jre.com.google.common.cache.LocalCache$Segment.clear(LocalCache.java:3252) ~[blob_p-eb2d28ac31e2c97dd63a6894758ee2d5f438b095-0a7ae0befd08fa1691fdaede5ff3e3cb:2.1.0]
	at org.apache.beam.vendor.guava.v32_1_2_jre.com.google.common.cache.LocalCache.clear(LocalCache.java:4343) ~[blob_p-eb2d28ac31e2c97dd63a6894758ee2d5f438b095-0a7ae0befd08fa1691fdaede5ff3e3cb:2.1.0]
	at org.apache.beam.vendor.guava.v32_1_2_jre.com.google.common.cache.LocalCache$LocalManualCache.invalidateAll(LocalCache.java:4960) ~[blob_p-eb2d28ac31e2c97dd63a6894758ee2d5f438b095-0a7ae0befd08fa1691fdaede5ff3e3cb:2.1.0]
	at org.apache.beam.runners.fnexecution.control.DefaultJobBundleFactory.close(DefaultJobBundleFactory.java:359) ~[blob_p-eb2d28ac31e2c97dd63a6894758ee2d5f438b095-0a7ae0befd08fa1691fdaede5ff3e3cb:2.1.0]
	at org.apache.flink.streaming.api.runners.python.beam.PythonSharedResources.close(PythonSharedResources.java:67) ~[blob_p-eb2d28ac31e2c97dd63a6894758ee2d5f438b095-0a7ae0befd08fa1691fdaede5ff3e3cb:2.1.0]
	at org.apache.flink.runtime.memory.SharedResources$LeasedResource.dispose(SharedResources.java:180) ~[flink-dist-2.1.0.jar:2.1.0]
	at org.apache.flink.runtime.memory.SharedResources.release(SharedResources.java:108) ~[flink-dist-2.1.0.jar:2.1.0]
	at org.apache.flink.runtime.memory.MemoryManager.lambda$getSharedMemoryResourceForManagedMemory$7(MemoryManager.java:566) ~[flink-dist-2.1.0.jar:2.1.0]
	at org.apache.flink.runtime.memory.OpaqueMemoryResource.close(OpaqueMemoryResource.java:65) ~[flink-dist-2.1.0.jar:2.1.0]
	at org.apache.flink.streaming.api.runners.python.beam.BeamPythonFunctionRunner.close(BeamPythonFunctionRunner.java:329) ~[blob_p-eb2d28ac31e2c97dd63a6894758ee2d5f438b095-0a7ae0befd08fa1691fdaede5ff3e3cb:2.1.0]
	at org.apache.flink.streaming.api.operators.python.process.AbstractExternalPythonFunctionOperator.close(AbstractExternalPythonFunctionOperator.java:65) ~[blob_p-eb2d28ac31e2c97dd63a6894758ee2d5f438b095-0a7ae0befd08fa1691fdaede5ff3e3cb:2.1.0]
	at org.apache.flink.streaming.runtime.tasks.StreamOperatorWrapper.close(StreamOperatorWrapper.java:163) ~[flink-dist-2.1.0.jar:2.1.0]
	at org.apache.flink.streaming.runtime.tasks.RegularOperatorChain.closeAllOperators(RegularOperatorChain.java:125) ~[flink-dist-2.1.0.jar:2.1.0]
	at org.apache.flink.streaming.runtime.tasks.StreamTask.closeAllOperators(StreamTask.java:1188) ~[flink-dist-2.1.0.jar:2.1.0]
	at org.apache.flink.streaming.runtime.tasks.StreamTask.afterInvoke(StreamTask.java:1052) ~[flink-dist-2.1.0.jar:2.1.0]
	at org.apache.flink.streaming.runtime.tasks.StreamTask.invoke(StreamTask.java:923) ~[flink-dist-2.1.0.jar:2.1.0]
	at org.apache.flink.runtime.taskmanager.Task.runWithSystemExitMonitoring(Task.java:963) [flink-dist-2.1.0.jar:2.1.0]
	at org.apache.flink.runtime.taskmanager.Task.restoreAndInvoke(Task.java:942) [flink-dist-2.1.0.jar:2.1.0]
	at org.apache.flink.runtime.taskmanager.Task.doRun(Task.java:756) [flink-dist-2.1.0.jar:2.1.0]
	at org.apache.flink.runtime.taskmanager.Task.run(Task.java:568) [flink-dist-2.1.0.jar:2.1.0]
	at java.base/java.lang.Thread.run(Unknown Source) [?:?]
2025-10-22 18:48:46,109 INFO  org.apache.flink.state.rocksdb.RocksDBResourceContainer      [] - Cleaning up relocated RocksDB logs: /opt/flink/log.
2025-10-22 18:48:46,115 INFO  org.apache.flink.state.rocksdb.RocksDBKeyedStateBackend      [] - Closed RocksDB State Backend. Cleaning up RocksDB working directory /tmp/rocksdb/job_9ff37524c83fc0c2f16127cec47fd362_op_ExternalPythonKeyedProcessOperator_90bea66de1c231edf33913ecd54406c1__1_1__uuid_7eeed408-73ab-4ee3-9d40-c100dc42df4c.
2025-10-22 18:48:46,128 INFO  org.apache.flink.runtime.taskmanager.Task                    [] - KEYED PROCESS -> Sink: Print to Std. Out (1/1)#0 (41d06843d6e68db5931fa259aad44ad0_90bea66de1c231edf33913ecd54406c1_0_0) switched from RUNNING to FINISHED.
2025-10-22 18:48:46,128 INFO  org.apache.flink.runtime.taskmanager.Task                    [] - Freeing task resources for KEYED PROCESS -> Sink: Print to Std. Out (1/1)#0 (41d06843d6e68db5931fa259aad44ad0_90bea66de1c231edf33913ecd54406c1_0_0).
2025-10-22 18:48:46,131 INFO  org.apache.flink.runtime.taskexecutor.TaskExecutor           [] - Un-registering task and sending final execution state FINISHED to JobManager for task KEYED PROCESS -> Sink: Print to Std. Out (1/1)#0 41d06843d6e68db5931fa259aad44ad0_90bea66de1c231edf33913ecd54406c1_0_0.
2025-10-22 18:48:46,384 INFO  org.apache.flink.runtime.taskexecutor.slot.TaskSlotTableImpl [] - Free slot TaskSlot(index:1, state:ACTIVE, resource profile: ResourceProfile{cpuCores=1, taskHeapMemory=384.000mb (402653174 bytes), taskOffHeapMemory=0 bytes, managedMemory=512.000mb (536870920 bytes), networkMemory=128.000mb (134217730 bytes)}, allocationId: c0055203c84135e892151ec59bb3ada4, jobId: 9ff37524c83fc0c2f16127cec47fd362).
2025-10-22 18:48:46,396 INFO  org.apache.flink.runtime.taskexecutor.DefaultJobLeaderService [] - Remove job 9ff37524c83fc0c2f16127cec47fd362 from job leader monitoring.
2025-10-22 18:48:46,397 INFO  org.apache.flink.runtime.taskexecutor.TaskExecutor           [] - Close JobManager connection for job 9ff37524c83fc0c2f16127cec47fd362.
2025-10-22 18:48:48,594 INFO  org.apache.flink.runtime.taskexecutor.TaskExecutor           [] - Receive slot request 044a9df6844dfe84ad7ac7dd0c8c9def for job 9a2e6cad9fedc67690339cfc9e93ec34 from resource manager with leader id 00000000000000000000000000000000.
2025-10-22 18:48:48,595 INFO  org.apache.flink.runtime.taskexecutor.slot.TaskSlotTableImpl [] - Allocated slot for 044a9df6844dfe84ad7ac7dd0c8c9def with resources ResourceProfile{cpuCores=1, taskHeapMemory=384.000mb (402653174 bytes), taskOffHeapMemory=0 bytes, managedMemory=512.000mb (536870920 bytes), networkMemory=128.000mb (134217730 bytes)}.
2025-10-22 18:48:48,596 INFO  org.apache.flink.runtime.taskexecutor.DefaultJobLeaderService [] - Add job 9a2e6cad9fedc67690339cfc9e93ec34 for job leader monitoring.
2025-10-22 18:48:48,598 INFO  org.apache.flink.runtime.taskexecutor.DefaultJobLeaderService [] - Try to register at job manager pekko.tcp://flink@2561c762aa33:6123/user/rpc/jobmanager_3 with leader id 00000000-0000-0000-0000-000000000000.
2025-10-22 18:48:48,607 INFO  org.apache.flink.runtime.taskexecutor.DefaultJobLeaderService [] - Resolved JobManager address, beginning registration
2025-10-22 18:48:48,628 INFO  org.apache.flink.runtime.taskexecutor.DefaultJobLeaderService [] - Successful registration at job manager pekko.tcp://flink@2561c762aa33:6123/user/rpc/jobmanager_3 for job 9a2e6cad9fedc67690339cfc9e93ec34.
2025-10-22 18:48:48,628 INFO  org.apache.flink.runtime.taskexecutor.TaskExecutor           [] - Establish JobManager connection for job 9a2e6cad9fedc67690339cfc9e93ec34.
2025-10-22 18:48:48,628 INFO  org.apache.flink.runtime.taskexecutor.TaskExecutor           [] - Offer reserved slots to the leader of job 9a2e6cad9fedc67690339cfc9e93ec34.
2025-10-22 18:48:48,643 INFO  org.apache.flink.runtime.taskexecutor.slot.TaskSlotTableImpl [] - Activate slot 044a9df6844dfe84ad7ac7dd0c8c9def.
2025-10-22 18:48:48,646 INFO  org.apache.flink.runtime.state.changelog.StateChangelogStorageLoader [] - Creating a changelog storage with name 'memory'.
2025-10-22 18:48:48,646 INFO  org.apache.flink.runtime.state.TaskExecutorChannelStateExecutorFactoryManager [] - Creating the channel state executor factory for job id 9a2e6cad9fedc67690339cfc9e93ec34
2025-10-22 18:48:48,648 INFO  org.apache.flink.runtime.taskexecutor.TaskExecutor           [] - Received task Source: Collection Source -> _stream_key_by_map_operator (1/1)#0 (560ecdfadb78373592cf569cacb19130_cbc357ccb763df2852fee8c4fc7d55f2_0_0), deploy into slot with allocation id 044a9df6844dfe84ad7ac7dd0c8c9def.
2025-10-22 18:48:48,649 INFO  org.apache.flink.runtime.taskexecutor.slot.TaskSlotTableImpl [] - Activate slot 044a9df6844dfe84ad7ac7dd0c8c9def.
2025-10-22 18:48:48,649 INFO  org.apache.flink.runtime.taskmanager.Task                    [] - Source: Collection Source -> _stream_key_by_map_operator (1/1)#0 (560ecdfadb78373592cf569cacb19130_cbc357ccb763df2852fee8c4fc7d55f2_0_0) switched from CREATED to DEPLOYING.
2025-10-22 18:48:48,652 INFO  org.apache.flink.runtime.taskmanager.Task                    [] - Loading JAR files for task Source: Collection Source -> _stream_key_by_map_operator (1/1)#0 (560ecdfadb78373592cf569cacb19130_cbc357ccb763df2852fee8c4fc7d55f2_0_0) [DEPLOYING].
2025-10-22 18:48:48,653 INFO  org.apache.flink.runtime.blob.BlobClient                     [] - Downloading 9a2e6cad9fedc67690339cfc9e93ec34/p-eb2d28ac31e2c97dd63a6894758ee2d5f438b095-fd432786791b528e0d8dddb979cded68 from 2561c762aa33/172.17.0.2:6124
2025-10-22 18:48:48,662 INFO  org.apache.flink.runtime.taskexecutor.slot.TaskSlotTableImpl [] - Activate slot 044a9df6844dfe84ad7ac7dd0c8c9def.
2025-10-22 18:48:48,669 INFO  org.apache.flink.runtime.taskexecutor.TaskExecutor           [] - Received task KEYED PROCESS -> Sink: Print to Std. Out (1/1)#0 (560ecdfadb78373592cf569cacb19130_90bea66de1c231edf33913ecd54406c1_0_0), deploy into slot with allocation id 044a9df6844dfe84ad7ac7dd0c8c9def.
2025-10-22 18:48:48,671 INFO  org.apache.flink.runtime.taskmanager.Task                    [] - KEYED PROCESS -> Sink: Print to Std. Out (1/1)#0 (560ecdfadb78373592cf569cacb19130_90bea66de1c231edf33913ecd54406c1_0_0) switched from CREATED to DEPLOYING.
2025-10-22 18:48:48,672 INFO  org.apache.flink.runtime.taskmanager.Task                    [] - Loading JAR files for task KEYED PROCESS -> Sink: Print to Std. Out (1/1)#0 (560ecdfadb78373592cf569cacb19130_90bea66de1c231edf33913ecd54406c1_0_0) [DEPLOYING].
2025-10-22 18:48:48,758 INFO  org.apache.flink.streaming.runtime.tasks.StreamTask          [] - Loading state backend via factory org.apache.flink.state.rocksdb.EmbeddedRocksDBStateBackendFactory
2025-10-22 18:48:48,760 INFO  org.apache.flink.state.rocksdb.EmbeddedRocksDBStateBackend   [] - Using predefined options: DEFAULT.
2025-10-22 18:48:48,762 INFO  org.apache.flink.runtime.state.StateBackendLoader            [] - State backend loader loads the state backend as EmbeddedRocksDBStateBackend
2025-10-22 18:48:48,765 INFO  org.apache.flink.streaming.runtime.tasks.StreamTask          [] - Checkpoint storage is set to 'filesystem': (checkpoints "file:/tmp/flink-checkpoints")
2025-10-22 18:48:48,765 INFO  org.apache.flink.runtime.taskmanager.Task                    [] - KEYED PROCESS -> Sink: Print to Std. Out (1/1)#0 (560ecdfadb78373592cf569cacb19130_90bea66de1c231edf33913ecd54406c1_0_0) switched from DEPLOYING to INITIALIZING.
2025-10-22 18:48:48,796 INFO  org.apache.flink.streaming.runtime.tasks.StreamTask          [] - Loading state backend via factory org.apache.flink.state.rocksdb.EmbeddedRocksDBStateBackendFactory
2025-10-22 18:48:48,796 INFO  org.apache.flink.state.rocksdb.EmbeddedRocksDBStateBackend   [] - Using predefined options: DEFAULT.
2025-10-22 18:48:48,797 INFO  org.apache.flink.runtime.state.StateBackendLoader            [] - State backend loader loads the state backend as EmbeddedRocksDBStateBackend
2025-10-22 18:48:48,802 INFO  org.apache.flink.streaming.runtime.tasks.StreamTask          [] - Checkpoint storage is set to 'filesystem': (checkpoints "file:/tmp/flink-checkpoints")
2025-10-22 18:48:48,805 INFO  org.apache.flink.runtime.taskmanager.Task                    [] - Source: Collection Source -> _stream_key_by_map_operator (1/1)#0 (560ecdfadb78373592cf569cacb19130_cbc357ccb763df2852fee8c4fc7d55f2_0_0) switched from DEPLOYING to INITIALIZING.
2025-10-22 18:48:48,833 INFO  org.apache.flink.runtime.state.StateBackendLoader            [] - Loading state backend via factory org.apache.flink.state.rocksdb.EmbeddedRocksDBStateBackendFactory
2025-10-22 18:48:48,834 INFO  org.apache.flink.state.rocksdb.EmbeddedRocksDBStateBackend   [] - Using predefined options: DEFAULT.
2025-10-22 18:48:48,841 INFO  org.apache.flink.runtime.state.StateBackendLoader            [] - Loading state backend via factory org.apache.flink.state.rocksdb.EmbeddedRocksDBStateBackendFactory
2025-10-22 18:48:48,842 INFO  org.apache.flink.state.rocksdb.EmbeddedRocksDBStateBackend   [] - Using predefined options: DEFAULT.
2025-10-22 18:48:48,847 INFO  org.apache.flink.streaming.api.operators.AbstractStreamOperator [] - The maximum bundle size is configured to 1000.
2025-10-22 18:48:48,849 INFO  org.apache.flink.streaming.api.operators.AbstractStreamOperator [] - The maximum bundle time is configured to 1000 milliseconds.
2025-10-22 18:48:48,850 INFO  org.apache.flink.runtime.state.StateBackendLoader            [] - Loading state backend via factory org.apache.flink.state.rocksdb.EmbeddedRocksDBStateBackendFactory
2025-10-22 18:48:48,851 INFO  org.apache.flink.state.rocksdb.EmbeddedRocksDBStateBackend   [] - Using predefined options: DEFAULT.
2025-10-22 18:48:48,860 INFO  org.apache.flink.state.rocksdb.EmbeddedRocksDBStateBackend   [] - Getting shared memory for RocksDB: shareScope=SLOT, managed=false
2025-10-22 18:48:48,860 INFO  org.apache.flink.state.rocksdb.EmbeddedRocksDBStateBackend   [] - Obtained shared RocksDB cache of size 375809644 bytes
2025-10-22 18:48:48,886 INFO  org.apache.flink.state.rocksdb.restore.RocksDBIncrementalRestoreOperation [] - Starting RocksDB incremental recovery in operator ExternalPythonKeyedProcessOperator_90bea66de1c231edf33913ecd54406c1_(1/1) target key-group range [0, 127]. Use IngestDB=false, Use AsyncCompaction=false, State Handles=[IncrementalRemoteKeyedStateHandle{privateState=[HandleAndLocalPath{handle=ByteStreamStateHandle{handleName='file:/tmp/flink-checkpoints/savepoint-9ff375-962c2399cfbb/d0c68ced-3da8-467d-b5e1-b654019d359d', dataBytes=640}, localPath='MANIFEST-000005'}, HandleAndLocalPath{handle=ByteStreamStateHandle{handleName='file:/tmp/flink-checkpoints/savepoint-9ff375-962c2399cfbb/cef911e9-10ee-48c6-ae69-2649f41f66e5', dataBytes=16}, localPath='CURRENT'}, HandleAndLocalPath{handle=RelativeFileStateHandle State: file:/tmp/flink-checkpoints/savepoint-9ff375-962c2399cfbb/4aabb45a-816d-4f92-8b95-59adaf39f81f, 4aabb45a-816d-4f92-8b95-59adaf39f81f [21296 bytes], localPath='OPTIONS-000013'}, HandleAndLocalPath{handle=RelativeFileStateHandle State: file:/tmp/flink-checkpoints/savepoint-9ff375-962c2399cfbb/cefe6c91-bfe6-461d-a714-4869a280fb19, cefe6c91-bfe6-461d-a714-4869a280fb19 [49264 bytes], localPath='000015.sst'}, HandleAndLocalPath{handle=RelativeFileStateHandle State: file:/tmp/flink-checkpoints/savepoint-9ff375-962c2399cfbb/9ec94c08-e2ab-4aa7-9fb8-485d557dbcb4, 9ec94c08-e2ab-4aa7-9fb8-485d557dbcb4 [114964 bytes], localPath='000014.sst'}], persistedSizeOfThisCheckpoint=187777, registered=false} AbstractIncrementalStateHandle{checkpointId=2, backendIdentifier=b943acf7-dcd1-4560-8c41-d392ba540440, keyGroupRange=KeyGroupRange{startKeyGroup=0, endKeyGroup=127}, sharedState=[], metaStateHandle=ByteStreamStateHandle{handleName='file:/tmp/flink-checkpoints/savepoint-9ff375-962c2399cfbb/89e72c32-1c99-4ed5-9971-f3a9d3bf15dd', dataBytes=1597}, stateHandleId=e713aaba-ff89-41c1-bfbf-a42cb4a9102b}]
2025-10-22 18:48:48,891 INFO  org.apache.flink.state.rocksdb.restore.RocksDBIncrementalRestoreOperation [] - Start downloading remote state to local directory in operator ExternalPythonKeyedProcessOperator_90bea66de1c231edf33913ecd54406c1_(1/1) for target key-group range [0, 127].
2025-10-22 18:48:48,903 INFO  org.apache.flink.state.rocksdb.restore.RocksDBIncrementalRestoreOperation [] - Finished downloading remote state to local directory in operator ExternalPythonKeyedProcessOperator_90bea66de1c231edf33913ecd54406c1_(1/1) for target key-group range [0, 127].
2025-10-22 18:48:48,903 INFO  org.apache.flink.state.rocksdb.restore.RocksDBIncrementalRestoreOperation [] - Starting opening base RocksDB instance in operator ExternalPythonKeyedProcessOperator_90bea66de1c231edf33913ecd54406c1_(1/1) with target key-group range [0, 127] from state handle IncrementalLocalKeyedStateHandle{directoryStateHandle=DirectoryStateHandle{directory='/tmp/rocksdb/job_9a2e6cad9fedc67690339cfc9e93ec34_op_ExternalPythonKeyedProcessOperator_90bea66de1c231edf33913ecd54406c1__1_1__uuid_0723ee2e-0445-4594-bd2e-1d11e8fcf11c/5cd5fe7c-ca37-472b-a35b-5328332e8c48', directorySize=187777}} AbstractIncrementalStateHandle{checkpointId=2, backendIdentifier=b943acf7-dcd1-4560-8c41-d392ba540440, keyGroupRange=KeyGroupRange{startKeyGroup=0, endKeyGroup=127}, sharedState=[], metaStateHandle=ByteStreamStateHandle{handleName='file:/tmp/flink-checkpoints/savepoint-9ff375-962c2399cfbb/89e72c32-1c99-4ed5-9971-f3a9d3bf15dd', dataBytes=1597}, stateHandleId=2bec7b3d-f35f-4082-a772-cb09ea1d4625}.
2025-10-22 18:48:48,907 INFO  org.apache.flink.configuration.GlobalConfiguration           [] - Using standard YAML parser to load flink configuration file from /opt/flink/conf/config.yaml.
2025-10-22 18:48:48,919 INFO  org.apache.flink.configuration.GlobalConfiguration           [] - Loading configuration property: blob.server.port, 6124
2025-10-22 18:48:48,921 INFO  org.apache.flink.configuration.GlobalConfiguration           [] - Loading configuration property: taskmanager.memory.process.size, 1728m
2025-10-22 18:48:48,921 INFO  org.apache.flink.configuration.GlobalConfiguration           [] - Loading configuration property: taskmanager.bind-host, 0.0.0.0
2025-10-22 18:48:48,921 INFO  org.apache.flink.configuration.GlobalConfiguration           [] - Loading configuration property: jobmanager.execution.failover-strategy, region
2025-10-22 18:48:48,921 INFO  org.apache.flink.configuration.GlobalConfiguration           [] - Loading configuration property: jobmanager.rpc.address, 2561c762aa33
2025-10-22 18:48:48,921 INFO  org.apache.flink.configuration.GlobalConfiguration           [] - Loading configuration property: execution.checkpointing.incremental, false
2025-10-22 18:48:48,921 INFO  org.apache.flink.configuration.GlobalConfiguration           [] - Loading configuration property: state.backend.rocksdb.localdir, /tmp/rocksdb
2025-10-22 18:48:48,921 INFO  org.apache.flink.configuration.GlobalConfiguration           [] - Loading configuration property: execution.target, remote
2025-10-22 18:48:48,923 INFO  org.apache.flink.configuration.GlobalConfiguration           [] - Loading configuration property: jobmanager.memory.process.size, 1600m
2025-10-22 18:48:48,923 INFO  org.apache.flink.configuration.GlobalConfiguration           [] - Loading configuration property: jobmanager.rpc.port, 6123
2025-10-22 18:48:48,923 INFO  org.apache.flink.configuration.GlobalConfiguration           [] - Loading configuration property: query.server.port, 6125
2025-10-22 18:48:48,923 INFO  org.apache.flink.configuration.GlobalConfiguration           [] - Loading configuration property: rest.bind-address, 0.0.0.0
2025-10-22 18:48:48,923 INFO  org.apache.flink.configuration.GlobalConfiguration           [] - Loading configuration property: jobmanager.bind-host, 0.0.0.0
2025-10-22 18:48:48,923 INFO  org.apache.flink.configuration.GlobalConfiguration           [] - Loading configuration property: execution.checkpointing.savepoint-dir, file:///tmp/flink-checkpoints
2025-10-22 18:48:48,923 INFO  org.apache.flink.configuration.GlobalConfiguration           [] - Loading configuration property: taskmanager.host, 127.0.0.1
2025-10-22 18:48:48,923 INFO  org.apache.flink.configuration.GlobalConfiguration           [] - Loading configuration property: execution.checkpointing.externalized-checkpoint-retention, RETAIN_ON_CANCELLATION
2025-10-22 18:48:48,923 INFO  org.apache.flink.configuration.GlobalConfiguration           [] - Loading configuration property: parallelism.default, 1
2025-10-22 18:48:48,923 INFO  org.apache.flink.configuration.GlobalConfiguration           [] - Loading configuration property: taskmanager.numberOfTaskSlots, 1
2025-10-22 18:48:48,923 INFO  org.apache.flink.configuration.GlobalConfiguration           [] - Loading configuration property: execution.checkpointing.local-backup.enabled, true
2025-10-22 18:48:48,923 INFO  org.apache.flink.configuration.GlobalConfiguration           [] - Loading configuration property: rest.address, 127.0.0.1
2025-10-22 18:48:48,923 INFO  org.apache.flink.configuration.GlobalConfiguration           [] - Loading configuration property: execution.state-recovery.ignore-unclaimed-state, true
2025-10-22 18:48:48,923 INFO  org.apache.flink.configuration.GlobalConfiguration           [] - Loading configuration property: execution.checkpointing.dir, file:///tmp/flink-checkpoints
2025-10-22 18:48:48,923 INFO  org.apache.flink.configuration.GlobalConfiguration           [] - Loading configuration property: env.java.opts.all, --add-exports=java.rmi/sun.rmi.registry=ALL-UNNAMED --add-exports=java.security.jgss/sun.security.krb5=ALL-UNNAMED --add-opens=java.base/java.lang=ALL-UNNAMED --add-opens=java.base/java.net=ALL-UNNAMED --add-opens=java.base/java.io=ALL-UNNAMED --add-opens=java.base/java.nio=ALL-UNNAMED --add-opens=java.base/sun.nio.ch=ALL-UNNAMED --add-opens=java.base/java.lang.reflect=ALL-UNNAMED --add-opens=java.base/java.text=ALL-UNNAMED --add-opens=java.base/java.time=ALL-UNNAMED --add-opens=java.base/java.util=ALL-UNNAMED --add-opens=java.base/java.util.concurrent=ALL-UNNAMED --add-opens=java.base/java.util.concurrent.atomic=ALL-UNNAMED --add-opens=java.base/java.util.concurrent.locks=ALL-UNNAMED
2025-10-22 18:48:48,923 INFO  org.apache.flink.configuration.GlobalConfiguration           [] - Loading configuration property: state.backend.type, rocksdb
