(HrX,1)
(oOZ,1)
(ASs,1)
(ABO,1)
(ghW,1)
(AUg,1)
(bQW,1)
(lmh,1)
(LTA,1)
(cru,1)
(hHI,1)
(hIT,1)
(dZk,1)
(FXN,1)
(RTc,1)
(FbY,1)
(Bcc,1)
(BdE,1)
(ZSQ,1)
(OPL,1)
(fdM,1)
(aeG,1)
(MGn,1)
(PdA,1)
(aCf,1)
(VwY,1)
(cxs,1)
(jhH,1)
(ZCt,1)
(sAq,1)
(pAW,1)
(rOz,1)
(Wkd,1)
(asz,1)
(RHq,1)
(TaZ,1)
(SoD,1)
(QQa,1)
(zBc,1)
(KfW,1)
(vQA,1)
(ytS,1)
(lEw,1)
(wje,1)
(xMn,1)
(Mya,1)
(rgI,1)
(aal,1)
(WnS,1)
(PvH,1)
(DWm,1)
(RAt,1)
(Pdx,1)
(TYM,1)
(Tce,1)
(ZwE,1)
(got,1)
(FUU,1)
(wDW,1)
(Iit,1)
(NoI,1)
(ngF,1)
(nXT,1)
(fKQ,1)
(mfX,1)
(tjq,1)
(GDy,1)
(FMi,1)
(NFA,1)
(EFx,1)
(ljC,1)
(mlz,1)
(Puk,1)
(gqF,1)
(Dla,1)
(Fxm,1)
(itv,1)
(SCp,1)
(JqH,1)
(oIw,1)
(Hzb,1)
(CVZ,1)
(sZn,1)
(hdt,1)
(Vrl,1)
(pZk,1)
(FpI,1)
(OmH,1)
(QFp,1)
(LKC,1)
(waA,1)
(Oas,1)
(MJg,1)
(qDV,1)
(UYB,1)
(unf,1)
(NnG,1)
(hfv,1)
(lSF,1)
(oUG,1)
