2025-10-05 15:56:04,778 INFO  org.apache.flink.runtime.entrypoint.ClusterEntrypoint        [] - --------------------------------------------------------------------------------
2025-10-05 15:56:04,784 INFO  org.apache.flink.runtime.entrypoint.ClusterEntrypoint        [] -  Preconfiguration: 
2025-10-05 15:56:04,784 INFO  org.apache.flink.runtime.entrypoint.ClusterEntrypoint        [] - 


RESOURCE_PARAMS extraction logs:
jvm_params: -Xmx1073741824 -Xms1073741824 -XX:MaxMetaspaceSize=268435456
dynamic_configs: -D jobmanager.memory.off-heap.size=134217728b -D jobmanager.memory.jvm-overhead.min=201326592b -D jobmanager.memory.jvm-metaspace.size=268435456b -D jobmanager.memory.heap.size=1073741824b -D jobmanager.memory.jvm-overhead.max=201326592b
logs: INFO  [] - Using standard YAML parser to load flink configuration file from /opt/flink/conf/config.yaml.
INFO  [] - Loading configuration property: blob.server.port, 6124
INFO  [] - Loading configuration property: taskmanager.memory.process.size, 1728m
INFO  [] - Loading configuration property: taskmanager.bind-host, 0.0.0.0
INFO  [] - Loading configuration property: jobmanager.execution.failover-strategy, region
INFO  [] - Loading configuration property: jobmanager.rpc.address, 29d13d714d9e
INFO  [] - Loading configuration property: execution.checkpointing.incremental, false
INFO  [] - Loading configuration property: state.backend.rocksdb.localdir, /tmp/rocksdb
INFO  [] - Loading configuration property: execution.target, remote
INFO  [] - Loading configuration property: jobmanager.memory.process.size, 1600m
INFO  [] - Loading configuration property: jobmanager.rpc.port, 6123
INFO  [] - Loading configuration property: query.server.port, 6125
INFO  [] - Loading configuration property: rest.bind-address, 0.0.0.0
INFO  [] - Loading configuration property: jobmanager.bind-host, 0.0.0.0
INFO  [] - Loading configuration property: execution.checkpointing.savepoint-dir, file:///tmp/flink-checkpoints
INFO  [] - Loading configuration property: taskmanager.host, 127.0.0.1
INFO  [] - Loading configuration property: execution.checkpointing.externalized-checkpoint-retention, RETAIN_ON_CANCELLATION
INFO  [] - Loading configuration property: parallelism.default, 1
INFO  [] - Loading configuration property: taskmanager.numberOfTaskSlots, 1
INFO  [] - Loading configuration property: execution.checkpointing.local-backup.enabled, true
INFO  [] - Loading configuration property: rest.address, 127.0.0.1
INFO  [] - Loading configuration property: execution.checkpointing.dir, file:///tmp/flink-checkpoints
INFO  [] - Loading configuration property: env.java.opts.all, --add-exports=java.rmi/sun.rmi.registry=ALL-UNNAMED --add-exports=java.security.jgss/sun.security.krb5=ALL-UNNAMED --add-opens=java.base/java.lang=ALL-UNNAMED --add-opens=java.base/java.net=ALL-UNNAMED --add-opens=java.base/java.io=ALL-UNNAMED --add-opens=java.base/java.nio=ALL-UNNAMED --add-opens=java.base/sun.nio.ch=ALL-UNNAMED --add-opens=java.base/java.lang.reflect=ALL-UNNAMED --add-opens=java.base/java.text=ALL-UNNAMED --add-opens=java.base/java.time=ALL-UNNAMED --add-opens=java.base/java.util=ALL-UNNAMED --add-opens=java.base/java.util.concurrent=ALL-UNNAMED --add-opens=java.base/java.util.concurrent.atomic=ALL-UNNAMED --add-opens=java.base/java.util.concurrent.locks=ALL-UNNAMED
INFO  [] - Loading configuration property: state.backend.type, rocksdb
INFO  [] - The derived from fraction jvm overhead memory (160.000mb (167772162 bytes)) is less than its min value 192.000mb (201326592 bytes), min value will be used instead
INFO  [] - Final Master Memory configuration:
INFO  [] -   Total Process Memory: 1.563gb (1677721600 bytes)
INFO  [] -     Total Flink Memory: 1.125gb (1207959552 bytes)
INFO  [] -       JVM Heap:         1024.000mb (1073741824 bytes)
INFO  [] -       Off-heap:         128.000mb (134217728 bytes)
INFO  [] -     JVM Metaspace:      256.000mb (268435456 bytes)
INFO  [] -     JVM Overhead:       192.000mb (201326592 bytes)

2025-10-05 15:56:04,784 INFO  org.apache.flink.runtime.entrypoint.ClusterEntrypoint        [] - --------------------------------------------------------------------------------
2025-10-05 15:56:04,801 INFO  org.apache.flink.runtime.entrypoint.ClusterEntrypoint        [] -  Starting StandaloneSessionClusterEntrypoint (Version: 2.1.0, Scala: 2.12, Rev:4cb6bd3, Date:2025-07-21T13:23:51+02:00)
2025-10-05 15:56:04,803 INFO  org.apache.flink.runtime.entrypoint.ClusterEntrypoint        [] -  OS current user: flink
2025-10-05 15:56:04,805 INFO  org.apache.flink.runtime.entrypoint.ClusterEntrypoint        [] -  Current Hadoop/Kerberos user: <no hadoop dependency found>
2025-10-05 15:56:04,805 INFO  org.apache.flink.runtime.entrypoint.ClusterEntrypoint        [] -  JVM: OpenJDK 64-Bit Server VM - Eclipse Adoptium - 17/17.0.16+8
2025-10-05 15:56:04,805 INFO  org.apache.flink.runtime.entrypoint.ClusterEntrypoint        [] -  Arch: amd64
2025-10-05 15:56:04,810 INFO  org.apache.flink.runtime.entrypoint.ClusterEntrypoint        [] -  Maximum heap size: 1024 MiBytes
2025-10-05 15:56:04,811 INFO  org.apache.flink.runtime.entrypoint.ClusterEntrypoint        [] -  JAVA_HOME: /opt/java/openjdk
2025-10-05 15:56:04,811 INFO  org.apache.flink.runtime.entrypoint.ClusterEntrypoint        [] -  No Hadoop Dependency available
2025-10-05 15:56:04,811 INFO  org.apache.flink.runtime.entrypoint.ClusterEntrypoint        [] -  JVM Options:
2025-10-05 15:56:04,811 INFO  org.apache.flink.runtime.entrypoint.ClusterEntrypoint        [] -     -Xmx1073741824
2025-10-05 15:56:04,811 INFO  org.apache.flink.runtime.entrypoint.ClusterEntrypoint        [] -     -Xms1073741824
2025-10-05 15:56:04,811 INFO  org.apache.flink.runtime.entrypoint.ClusterEntrypoint        [] -     -XX:MaxMetaspaceSize=268435456
2025-10-05 15:56:04,811 INFO  org.apache.flink.runtime.entrypoint.ClusterEntrypoint        [] -     -XX:+IgnoreUnrecognizedVMOptions
2025-10-05 15:56:04,812 INFO  org.apache.flink.runtime.entrypoint.ClusterEntrypoint        [] -     --add-exports=java.rmi/sun.rmi.registry=ALL-UNNAMED
2025-10-05 15:56:04,812 INFO  org.apache.flink.runtime.entrypoint.ClusterEntrypoint        [] -     --add-exports=java.security.jgss/sun.security.krb5=ALL-UNNAMED
2025-10-05 15:56:04,813 INFO  org.apache.flink.runtime.entrypoint.ClusterEntrypoint        [] -     --add-opens=java.base/java.lang=ALL-UNNAMED
2025-10-05 15:56:04,815 INFO  org.apache.flink.runtime.entrypoint.ClusterEntrypoint        [] -     --add-opens=java.base/java.net=ALL-UNNAMED
2025-10-05 15:56:04,815 INFO  org.apache.flink.runtime.entrypoint.ClusterEntrypoint        [] -     --add-opens=java.base/java.io=ALL-UNNAMED
2025-10-05 15:56:04,815 INFO  org.apache.flink.runtime.entrypoint.ClusterEntrypoint        [] -     --add-opens=java.base/java.nio=ALL-UNNAMED
2025-10-05 15:56:04,815 INFO  org.apache.flink.runtime.entrypoint.ClusterEntrypoint        [] -     --add-opens=java.base/sun.nio.ch=ALL-UNNAMED
2025-10-05 15:56:04,815 INFO  org.apache.flink.runtime.entrypoint.ClusterEntrypoint        [] -     --add-opens=java.base/java.lang.reflect=ALL-UNNAMED
2025-10-05 15:56:04,815 INFO  org.apache.flink.runtime.entrypoint.ClusterEntrypoint        [] -     --add-opens=java.base/java.text=ALL-UNNAMED
2025-10-05 15:56:04,815 INFO  org.apache.flink.runtime.entrypoint.ClusterEntrypoint        [] -     --add-opens=java.base/java.time=ALL-UNNAMED
2025-10-05 15:56:04,815 INFO  org.apache.flink.runtime.entrypoint.ClusterEntrypoint        [] -     --add-opens=java.base/java.util=ALL-UNNAMED
2025-10-05 15:56:04,815 INFO  org.apache.flink.runtime.entrypoint.ClusterEntrypoint        [] -     --add-opens=java.base/java.util.concurrent=ALL-UNNAMED
2025-10-05 15:56:04,815 INFO  org.apache.flink.runtime.entrypoint.ClusterEntrypoint        [] -     --add-opens=java.base/java.util.concurrent.atomic=ALL-UNNAMED
2025-10-05 15:56:04,815 INFO  org.apache.flink.runtime.entrypoint.ClusterEntrypoint        [] -     --add-opens=java.base/java.util.concurrent.locks=ALL-UNNAMED
2025-10-05 15:56:04,816 INFO  org.apache.flink.runtime.entrypoint.ClusterEntrypoint        [] -     -Dlog.file=/opt/flink/log/flink--standalonesession-0-29d13d714d9e.log
2025-10-05 15:56:04,816 INFO  org.apache.flink.runtime.entrypoint.ClusterEntrypoint        [] -     -Dlog4j.configuration=file:/opt/flink/conf/log4j.properties
2025-10-05 15:56:04,816 INFO  org.apache.flink.runtime.entrypoint.ClusterEntrypoint        [] -     -Dlog4j.configurationFile=file:/opt/flink/conf/log4j.properties
2025-10-05 15:56:04,816 INFO  org.apache.flink.runtime.entrypoint.ClusterEntrypoint        [] -     -Dlogback.configurationFile=file:/opt/flink/conf/logback.xml
2025-10-05 15:56:04,816 INFO  org.apache.flink.runtime.entrypoint.ClusterEntrypoint        [] -  Program Arguments:
2025-10-05 15:56:04,817 INFO  org.apache.flink.runtime.entrypoint.ClusterEntrypoint        [] -     -D
2025-10-05 15:56:04,818 INFO  org.apache.flink.runtime.entrypoint.ClusterEntrypoint        [] -     jobmanager.memory.off-heap.size=134217728b
2025-10-05 15:56:04,818 INFO  org.apache.flink.runtime.entrypoint.ClusterEntrypoint        [] -     -D
2025-10-05 15:56:04,818 INFO  org.apache.flink.runtime.entrypoint.ClusterEntrypoint        [] -     jobmanager.memory.jvm-overhead.min=201326592b
2025-10-05 15:56:04,819 INFO  org.apache.flink.runtime.entrypoint.ClusterEntrypoint        [] -     -D
2025-10-05 15:56:04,819 INFO  org.apache.flink.runtime.entrypoint.ClusterEntrypoint        [] -     jobmanager.memory.jvm-metaspace.size=268435456b
2025-10-05 15:56:04,819 INFO  org.apache.flink.runtime.entrypoint.ClusterEntrypoint        [] -     -D
2025-10-05 15:56:04,819 INFO  org.apache.flink.runtime.entrypoint.ClusterEntrypoint        [] -     jobmanager.memory.heap.size=1073741824b
2025-10-05 15:56:04,819 INFO  org.apache.flink.runtime.entrypoint.ClusterEntrypoint        [] -     -D
2025-10-05 15:56:04,819 INFO  org.apache.flink.runtime.entrypoint.ClusterEntrypoint        [] -     jobmanager.memory.jvm-overhead.max=201326592b
2025-10-05 15:56:04,819 INFO  org.apache.flink.runtime.entrypoint.ClusterEntrypoint        [] -     --configDir
2025-10-05 15:56:04,819 INFO  org.apache.flink.runtime.entrypoint.ClusterEntrypoint        [] -     /opt/flink/conf
2025-10-05 15:56:04,821 INFO  org.apache.flink.runtime.entrypoint.ClusterEntrypoint        [] -  Classpath: /opt/flink/lib/flink-cep-2.1.0.jar:/opt/flink/lib/flink-connector-files-2.1.0.jar:/opt/flink/lib/flink-csv-2.1.0.jar:/opt/flink/lib/flink-json-2.1.0.jar:/opt/flink/lib/flink-scala_2.12-2.1.0.jar:/opt/flink/lib/flink-table-api-java-uber-2.1.0.jar:/opt/flink/lib/flink-table-planner-loader-2.1.0.jar:/opt/flink/lib/flink-table-runtime-2.1.0.jar:/opt/flink/lib/log4j-1.2-api-2.24.3.jar:/opt/flink/lib/log4j-api-2.24.3.jar:/opt/flink/lib/log4j-core-2.24.3.jar:/opt/flink/lib/log4j-layout-template-json-2.24.3.jar:/opt/flink/lib/log4j-slf4j-impl-2.24.3.jar:/opt/flink/lib/flink-dist-2.1.0.jar::::
2025-10-05 15:56:04,821 INFO  org.apache.flink.runtime.entrypoint.ClusterEntrypoint        [] - --------------------------------------------------------------------------------
2025-10-05 15:56:04,829 INFO  org.apache.flink.runtime.entrypoint.ClusterEntrypoint        [] - Registered UNIX signal handlers for [TERM, HUP, INT]
2025-10-05 15:56:04,848 INFO  org.apache.flink.configuration.GlobalConfiguration           [] - Using standard YAML parser to load flink configuration file from /opt/flink/conf/config.yaml.
2025-10-05 15:56:04,943 INFO  org.apache.flink.configuration.GlobalConfiguration           [] - Loading configuration property: blob.server.port, 6124
2025-10-05 15:56:04,944 INFO  org.apache.flink.configuration.GlobalConfiguration           [] - Loading configuration property: taskmanager.memory.process.size, 1728m
2025-10-05 15:56:04,944 INFO  org.apache.flink.configuration.GlobalConfiguration           [] - Loading configuration property: taskmanager.bind-host, 0.0.0.0
2025-10-05 15:56:04,944 INFO  org.apache.flink.configuration.GlobalConfiguration           [] - Loading configuration property: jobmanager.execution.failover-strategy, region
2025-10-05 15:56:04,945 INFO  org.apache.flink.configuration.GlobalConfiguration           [] - Loading configuration property: jobmanager.rpc.address, 29d13d714d9e
2025-10-05 15:56:04,945 INFO  org.apache.flink.configuration.GlobalConfiguration           [] - Loading configuration property: execution.checkpointing.incremental, false
2025-10-05 15:56:04,945 INFO  org.apache.flink.configuration.GlobalConfiguration           [] - Loading configuration property: state.backend.rocksdb.localdir, /tmp/rocksdb
2025-10-05 15:56:04,945 INFO  org.apache.flink.configuration.GlobalConfiguration           [] - Loading configuration property: execution.target, remote
2025-10-05 15:56:04,945 INFO  org.apache.flink.configuration.GlobalConfiguration           [] - Loading configuration property: jobmanager.memory.process.size, 1600m
2025-10-05 15:56:04,945 INFO  org.apache.flink.configuration.GlobalConfiguration           [] - Loading configuration property: jobmanager.rpc.port, 6123
2025-10-05 15:56:04,945 INFO  org.apache.flink.configuration.GlobalConfiguration           [] - Loading configuration property: query.server.port, 6125
2025-10-05 15:56:04,946 INFO  org.apache.flink.configuration.GlobalConfiguration           [] - Loading configuration property: rest.bind-address, 0.0.0.0
2025-10-05 15:56:04,946 INFO  org.apache.flink.configuration.GlobalConfiguration           [] - Loading configuration property: jobmanager.bind-host, 0.0.0.0
2025-10-05 15:56:04,946 INFO  org.apache.flink.configuration.GlobalConfiguration           [] - Loading configuration property: execution.checkpointing.savepoint-dir, file:///tmp/flink-checkpoints
2025-10-05 15:56:04,947 INFO  org.apache.flink.configuration.GlobalConfiguration           [] - Loading configuration property: taskmanager.host, 127.0.0.1
2025-10-05 15:56:04,947 INFO  org.apache.flink.configuration.GlobalConfiguration           [] - Loading configuration property: execution.checkpointing.externalized-checkpoint-retention, RETAIN_ON_CANCELLATION
2025-10-05 15:56:04,947 INFO  org.apache.flink.configuration.GlobalConfiguration           [] - Loading configuration property: parallelism.default, 1
2025-10-05 15:56:04,947 INFO  org.apache.flink.configuration.GlobalConfiguration           [] - Loading configuration property: taskmanager.numberOfTaskSlots, 1
2025-10-05 15:56:04,947 INFO  org.apache.flink.configuration.GlobalConfiguration           [] - Loading configuration property: execution.checkpointing.local-backup.enabled, true
2025-10-05 15:56:04,947 INFO  org.apache.flink.configuration.GlobalConfiguration           [] - Loading configuration property: rest.address, 127.0.0.1
2025-10-05 15:56:04,947 INFO  org.apache.flink.configuration.GlobalConfiguration           [] - Loading configuration property: execution.checkpointing.dir, file:///tmp/flink-checkpoints
2025-10-05 15:56:04,948 INFO  org.apache.flink.configuration.GlobalConfiguration           [] - Loading configuration property: env.java.opts.all, --add-exports=java.rmi/sun.rmi.registry=ALL-UNNAMED --add-exports=java.security.jgss/sun.security.krb5=ALL-UNNAMED --add-opens=java.base/java.lang=ALL-UNNAMED --add-opens=java.base/java.net=ALL-UNNAMED --add-opens=java.base/java.io=ALL-UNNAMED --add-opens=java.base/java.nio=ALL-UNNAMED --add-opens=java.base/sun.nio.ch=ALL-UNNAMED --add-opens=java.base/java.lang.reflect=ALL-UNNAMED --add-opens=java.base/java.text=ALL-UNNAMED --add-opens=java.base/java.time=ALL-UNNAMED --add-opens=java.base/java.util=ALL-UNNAMED --add-opens=java.base/java.util.concurrent=ALL-UNNAMED --add-opens=java.base/java.util.concurrent.atomic=ALL-UNNAMED --add-opens=java.base/java.util.concurrent.locks=ALL-UNNAMED
2025-10-05 15:56:04,948 INFO  org.apache.flink.configuration.GlobalConfiguration           [] - Loading configuration property: state.backend.type, rocksdb
2025-10-05 15:56:04,948 INFO  org.apache.flink.configuration.GlobalConfiguration           [] - Loading dynamic configuration property: jobmanager.memory.off-heap.size, 134217728b
2025-10-05 15:56:04,948 INFO  org.apache.flink.configuration.GlobalConfiguration           [] - Loading dynamic configuration property: jobmanager.memory.jvm-overhead.min, 201326592b
2025-10-05 15:56:04,948 INFO  org.apache.flink.configuration.GlobalConfiguration           [] - Loading dynamic configuration property: jobmanager.memory.jvm-metaspace.size, 268435456b
2025-10-05 15:56:04,948 INFO  org.apache.flink.configuration.GlobalConfiguration           [] - Loading dynamic configuration property: jobmanager.memory.heap.size, 1073741824b
2025-10-05 15:56:04,948 INFO  org.apache.flink.configuration.GlobalConfiguration           [] - Loading dynamic configuration property: jobmanager.memory.jvm-overhead.max, 201326592b
2025-10-05 15:56:05,029 INFO  org.apache.flink.runtime.entrypoint.ClusterEntrypoint        [] - Starting StandaloneSessionClusterEntrypoint.
2025-10-05 15:56:05,136 INFO  org.apache.flink.runtime.entrypoint.ClusterEntrypoint        [] - Install default filesystem.
2025-10-05 15:56:05,153 INFO  org.apache.flink.core.fs.FileSystem                          [] - Hadoop is not in the classpath/dependencies. The extended set of supported File Systems via Hadoop is not available.
2025-10-05 15:56:05,182 INFO  org.apache.flink.core.plugin.DefaultPluginManager            [] - Plugin loader with ID not found, creating it: metrics-statsd
2025-10-05 15:56:05,192 INFO  org.apache.flink.core.plugin.DefaultPluginManager            [] - Plugin loader with ID not found, creating it: metrics-jmx
2025-10-05 15:56:05,193 INFO  org.apache.flink.core.plugin.DefaultPluginManager            [] - Plugin loader with ID not found, creating it: metrics-prometheus
2025-10-05 15:56:05,193 INFO  org.apache.flink.core.plugin.DefaultPluginManager            [] - Plugin loader with ID not found, creating it: metrics-influx
2025-10-05 15:56:05,195 INFO  org.apache.flink.core.plugin.DefaultPluginManager            [] - Plugin loader with ID not found, creating it: metrics-slf4j
2025-10-05 15:56:05,195 INFO  org.apache.flink.core.plugin.DefaultPluginManager            [] - Plugin loader with ID not found, creating it: metrics-otel
2025-10-05 15:56:05,195 INFO  org.apache.flink.core.plugin.DefaultPluginManager            [] - Plugin loader with ID not found, creating it: metrics-datadog
2025-10-05 15:56:05,196 INFO  org.apache.flink.core.plugin.DefaultPluginManager            [] - Plugin loader with ID not found, creating it: metrics-graphite
2025-10-05 15:56:05,196 INFO  org.apache.flink.core.plugin.DefaultPluginManager            [] - Plugin loader with ID not found, creating it: external-resource-gpu
2025-10-05 15:56:05,312 INFO  org.apache.flink.runtime.entrypoint.ClusterEntrypoint        [] - Install security context.
2025-10-05 15:56:05,355 INFO  org.apache.flink.runtime.security.modules.HadoopModuleFactory [] - Cannot create Hadoop Security Module because Hadoop cannot be found in the Classpath.
2025-10-05 15:56:05,373 INFO  org.apache.flink.runtime.security.modules.JaasModule         [] - Jaas file will be created as /tmp/jaas-9085397442881677587.conf.
2025-10-05 15:56:05,388 INFO  org.apache.flink.runtime.security.contexts.HadoopSecurityContextFactory [] - Cannot install HadoopSecurityContext because Hadoop cannot be found in the Classpath.
2025-10-05 15:56:05,391 INFO  org.apache.flink.runtime.entrypoint.ClusterEntrypoint        [] - Initializing cluster services.
2025-10-05 15:56:05,407 INFO  org.apache.flink.runtime.entrypoint.ClusterEntrypoint        [] - Using working directory: WorkingDirectory(/tmp/jm_cc2422ecffd206b58bb6ed7ade52861c).
2025-10-05 15:56:06,173 INFO  org.apache.flink.runtime.rpc.pekko.PekkoRpcServiceUtils      [] - Trying to start actor system, external address 29d13d714d9e:6123, bind address 0.0.0.0:6123.
2025-10-05 15:56:07,338 INFO  org.apache.pekko.event.slf4j.Slf4jLogger                     [] - Slf4jLogger started
2025-10-05 15:56:07,437 INFO  org.apache.pekko.remote.RemoteActorRefProvider               [] - Pekko Cluster not in use - enabling unsafe features anyway because `pekko.remote.use-unsafe-remote-features-outside-cluster` has been enabled.
2025-10-05 15:56:07,445 INFO  org.apache.pekko.remote.Remoting                             [] - Starting remoting
2025-10-05 15:56:07,996 INFO  org.apache.pekko.remote.Remoting                             [] - Remoting started; listening on addresses :[pekko.tcp://flink@29d13d714d9e:6123]
2025-10-05 15:56:08,257 INFO  org.apache.flink.runtime.rpc.pekko.PekkoRpcServiceUtils      [] - Actor system started at pekko.tcp://flink@29d13d714d9e:6123
2025-10-05 15:56:08,278 INFO  org.apache.flink.runtime.security.token.DefaultDelegationTokenManager [] - Loading delegation token providers
2025-10-05 15:56:08,286 INFO  org.apache.flink.runtime.security.token.hadoop.HadoopFSDelegationTokenProvider [] - Hadoop FS is not available (not packaged with this application): NoClassDefFoundError : "org/apache/hadoop/conf/Configuration".
2025-10-05 15:56:08,286 INFO  org.apache.flink.runtime.security.token.DefaultDelegationTokenManager [] - Delegation token provider hadoopfs loaded and initialized
2025-10-05 15:56:08,290 INFO  org.apache.flink.runtime.security.token.DefaultDelegationTokenManager [] - Delegation token provider hbase loaded and initialized
2025-10-05 15:56:08,290 INFO  org.apache.flink.core.plugin.DefaultPluginManager            [] - Plugin loader with ID found, reusing it: metrics-statsd
2025-10-05 15:56:08,290 INFO  org.apache.flink.core.plugin.DefaultPluginManager            [] - Plugin loader with ID found, reusing it: metrics-jmx
2025-10-05 15:56:08,291 INFO  org.apache.flink.core.plugin.DefaultPluginManager            [] - Plugin loader with ID found, reusing it: metrics-prometheus
2025-10-05 15:56:08,291 INFO  org.apache.flink.core.plugin.DefaultPluginManager            [] - Plugin loader with ID found, reusing it: metrics-influx
2025-10-05 15:56:08,291 INFO  org.apache.flink.core.plugin.DefaultPluginManager            [] - Plugin loader with ID found, reusing it: metrics-slf4j
2025-10-05 15:56:08,291 INFO  org.apache.flink.core.plugin.DefaultPluginManager            [] - Plugin loader with ID found, reusing it: metrics-otel
2025-10-05 15:56:08,292 INFO  org.apache.flink.core.plugin.DefaultPluginManager            [] - Plugin loader with ID found, reusing it: metrics-datadog
2025-10-05 15:56:08,292 INFO  org.apache.flink.core.plugin.DefaultPluginManager            [] - Plugin loader with ID found, reusing it: metrics-graphite
2025-10-05 15:56:08,292 INFO  org.apache.flink.core.plugin.DefaultPluginManager            [] - Plugin loader with ID found, reusing it: external-resource-gpu
2025-10-05 15:56:08,293 INFO  org.apache.flink.runtime.security.token.DefaultDelegationTokenManager [] - Delegation token providers loaded successfully
2025-10-05 15:56:08,294 INFO  org.apache.flink.runtime.security.token.DelegationTokenReceiverRepository [] - Loading delegation token receivers
2025-10-05 15:56:08,297 INFO  org.apache.flink.runtime.security.token.DelegationTokenReceiverRepository [] - Delegation token receiver hadoopfs loaded and initialized
2025-10-05 15:56:08,299 INFO  org.apache.flink.runtime.security.token.DelegationTokenReceiverRepository [] - Delegation token receiver hbase loaded and initialized
2025-10-05 15:56:08,299 INFO  org.apache.flink.core.plugin.DefaultPluginManager            [] - Plugin loader with ID found, reusing it: metrics-statsd
2025-10-05 15:56:08,300 INFO  org.apache.flink.core.plugin.DefaultPluginManager            [] - Plugin loader with ID found, reusing it: metrics-jmx
2025-10-05 15:56:08,300 INFO  org.apache.flink.core.plugin.DefaultPluginManager            [] - Plugin loader with ID found, reusing it: metrics-prometheus
2025-10-05 15:56:08,300 INFO  org.apache.flink.core.plugin.DefaultPluginManager            [] - Plugin loader with ID found, reusing it: metrics-influx
2025-10-05 15:56:08,300 INFO  org.apache.flink.core.plugin.DefaultPluginManager            [] - Plugin loader with ID found, reusing it: metrics-slf4j
2025-10-05 15:56:08,300 INFO  org.apache.flink.core.plugin.DefaultPluginManager            [] - Plugin loader with ID found, reusing it: metrics-otel
2025-10-05 15:56:08,301 INFO  org.apache.flink.core.plugin.DefaultPluginManager            [] - Plugin loader with ID found, reusing it: metrics-datadog
2025-10-05 15:56:08,301 INFO  org.apache.flink.core.plugin.DefaultPluginManager            [] - Plugin loader with ID found, reusing it: metrics-graphite
2025-10-05 15:56:08,301 INFO  org.apache.flink.core.plugin.DefaultPluginManager            [] - Plugin loader with ID found, reusing it: external-resource-gpu
2025-10-05 15:56:08,301 INFO  org.apache.flink.runtime.security.token.DelegationTokenReceiverRepository [] - Delegation token receivers loaded successfully
2025-10-05 15:56:08,302 INFO  org.apache.flink.runtime.security.token.DefaultDelegationTokenManager [] - Checking provider and receiver instances consistency
2025-10-05 15:56:08,302 INFO  org.apache.flink.runtime.security.token.DefaultDelegationTokenManager [] - Provider and receiver instances are consistent
2025-10-05 15:56:08,302 INFO  org.apache.flink.runtime.security.token.DefaultDelegationTokenManager [] - Obtaining delegation tokens
2025-10-05 15:56:08,307 INFO  org.apache.flink.runtime.security.token.DefaultDelegationTokenManager [] - Delegation tokens obtained successfully
2025-10-05 15:56:08,307 WARN  org.apache.flink.runtime.security.token.DefaultDelegationTokenManager [] - No tokens obtained so skipping notifications
2025-10-05 15:56:08,346 INFO  org.apache.flink.runtime.blob.BlobServer                     [] - Created BLOB server storage directory /tmp/jm_cc2422ecffd206b58bb6ed7ade52861c/blobStorage
2025-10-05 15:56:08,357 INFO  org.apache.flink.runtime.blob.BlobServer                     [] - Started BLOB server at 0.0.0.0:6124 - max concurrent requests: 50 - max backlog: 1000
2025-10-05 15:56:08,406 INFO  org.apache.flink.runtime.metrics.MetricRegistryImpl          [] - No metrics reporter configured, no metrics will be exposed/reported.
2025-10-05 15:56:08,408 INFO  org.apache.flink.runtime.metrics.MetricRegistryImpl          [] - No trace reporter configured, no traces will be exposed/reported.
2025-10-05 15:56:08,408 INFO  org.apache.flink.runtime.metrics.MetricRegistryImpl          [] - No event reporter configured, no events will be exposed/reported.
2025-10-05 15:56:08,417 INFO  org.apache.flink.runtime.rpc.pekko.PekkoRpcServiceUtils      [] - Trying to start actor system, external address 29d13d714d9e:0, bind address 0.0.0.0:0.
2025-10-05 15:56:08,450 INFO  org.apache.pekko.event.slf4j.Slf4jLogger                     [] - Slf4jLogger started
2025-10-05 15:56:08,462 INFO  org.apache.pekko.remote.RemoteActorRefProvider               [] - Pekko Cluster not in use - enabling unsafe features anyway because `pekko.remote.use-unsafe-remote-features-outside-cluster` has been enabled.
2025-10-05 15:56:08,463 INFO  org.apache.pekko.remote.Remoting                             [] - Starting remoting
2025-10-05 15:56:08,485 INFO  org.apache.pekko.remote.Remoting                             [] - Remoting started; listening on addresses :[pekko.tcp://flink-metrics@29d13d714d9e:42575]
2025-10-05 15:56:08,503 INFO  org.apache.flink.runtime.rpc.pekko.PekkoRpcServiceUtils      [] - Actor system started at pekko.tcp://flink-metrics@29d13d714d9e:42575
2025-10-05 15:56:08,535 INFO  org.apache.flink.runtime.rpc.pekko.PekkoRpcService           [] - Starting RPC endpoint for org.apache.flink.runtime.metrics.dump.MetricQueryService at pekko://flink-metrics/user/rpc/MetricQueryService .
2025-10-05 15:56:08,816 INFO  org.apache.flink.runtime.dispatcher.FileExecutionGraphInfoStore [] - Initializing FileExecutionGraphInfoStore: Storage directory /tmp/executionGraphStore-3d4512e2-31e7-41ca-8b41-87f3631387ad, expiration time 3600000, maximum cache size 52428800 bytes.
2025-10-05 15:56:08,958 INFO  org.apache.flink.runtime.dispatcher.DispatcherRestEndpoint   [] - Upload directory /tmp/flink-web-668a27d6-0771-49cf-90bc-9cb24541a929/flink-web-upload does not exist. 
2025-10-05 15:56:08,962 INFO  org.apache.flink.runtime.dispatcher.DispatcherRestEndpoint   [] - Created directory /tmp/flink-web-668a27d6-0771-49cf-90bc-9cb24541a929/flink-web-upload for file uploads.
2025-10-05 15:56:08,969 INFO  org.apache.flink.runtime.dispatcher.DispatcherRestEndpoint   [] - Starting rest endpoint.
2025-10-05 15:56:09,683 INFO  org.apache.flink.runtime.webmonitor.WebMonitorUtils          [] - Determined location of main cluster component log file: /opt/flink/log/flink--standalonesession-0-29d13d714d9e.log
2025-10-05 15:56:09,689 INFO  org.apache.flink.runtime.webmonitor.WebMonitorUtils          [] - Determined location of main cluster component stdout file: /opt/flink/log/flink--standalonesession-0-29d13d714d9e.out
2025-10-05 15:56:09,848 INFO  org.apache.flink.runtime.dispatcher.DispatcherRestEndpoint   [] - Rest endpoint listening at 127.0.0.1:8081
2025-10-05 15:56:09,854 INFO  org.apache.flink.runtime.dispatcher.DispatcherRestEndpoint   [] - http://127.0.0.1:8081 was granted leadership with leaderSessionID=00000000-0000-0000-0000-000000000000
2025-10-05 15:56:09,858 INFO  org.apache.flink.runtime.dispatcher.DispatcherRestEndpoint   [] - Web frontend listening at http://127.0.0.1:8081.
2025-10-05 15:56:09,945 INFO  org.apache.flink.runtime.dispatcher.runner.DefaultDispatcherRunner [] - DefaultDispatcherRunner was granted leadership with leader id 00000000-0000-0000-0000-000000000000. Creating new DispatcherLeaderProcess.
2025-10-05 15:56:09,957 INFO  org.apache.flink.runtime.dispatcher.runner.SessionDispatcherLeaderProcess [] - Start SessionDispatcherLeaderProcess.
2025-10-05 15:56:09,960 INFO  org.apache.flink.runtime.resourcemanager.ResourceManagerServiceImpl [] - Starting resource manager service.
2025-10-05 15:56:09,970 INFO  org.apache.flink.runtime.resourcemanager.ResourceManagerServiceImpl [] - Resource manager service is granted leadership with session id 00000000-0000-0000-0000-000000000000.
2025-10-05 15:56:09,968 INFO  org.apache.flink.runtime.dispatcher.runner.SessionDispatcherLeaderProcess [] - Recover all persisted job graphs that are not finished, yet.
2025-10-05 15:56:09,976 INFO  org.apache.flink.runtime.dispatcher.runner.SessionDispatcherLeaderProcess [] - Successfully recovered 0 persisted job graphs.
2025-10-05 15:56:10,035 INFO  org.apache.flink.runtime.rpc.pekko.PekkoRpcService           [] - Starting RPC endpoint for org.apache.flink.runtime.resourcemanager.StandaloneResourceManager at pekko://flink/user/rpc/resourcemanager_1 .
2025-10-05 15:56:10,038 INFO  org.apache.flink.runtime.rpc.pekko.PekkoRpcService           [] - Starting RPC endpoint for org.apache.flink.runtime.dispatcher.StandaloneDispatcher at pekko://flink/user/rpc/dispatcher_0 .
2025-10-05 15:56:10,077 INFO  org.apache.flink.runtime.resourcemanager.StandaloneResourceManager [] - Starting the resource manager.
2025-10-05 15:56:10,099 INFO  org.apache.flink.runtime.resourcemanager.slotmanager.FineGrainedSlotManager [] - Starting the slot manager.
2025-10-05 15:56:10,102 INFO  org.apache.flink.runtime.security.token.DefaultDelegationTokenManager [] - Starting tokens update task
2025-10-05 15:56:10,102 WARN  org.apache.flink.runtime.security.token.DefaultDelegationTokenManager [] - No tokens obtained so skipping notifications
2025-10-05 15:56:10,102 WARN  org.apache.flink.runtime.security.token.DefaultDelegationTokenManager [] - Tokens update task not started because either no tokens obtained or none of the tokens specified its renewal date
2025-10-05 15:56:12,569 INFO  org.apache.flink.runtime.resourcemanager.StandaloneResourceManager [] - Registering TaskManager with ResourceID 127.0.0.1:39023-4b307d (pekko.tcp://flink@127.0.0.1:39023/user/rpc/taskmanager_0) at ResourceManager
2025-10-05 15:56:12,599 INFO  org.apache.flink.runtime.resourcemanager.slotmanager.FineGrainedSlotManager [] - Unregistering task executor bf7a6a5d7b1aa7f02ae4d91351809a19 from the slot manager.
2025-10-05 15:56:12,599 INFO  org.apache.flink.runtime.resourcemanager.StandaloneResourceManager [] - Registering TaskManager with ResourceID 127.0.0.1:39023-4b307d (pekko.tcp://flink@127.0.0.1:39023/user/rpc/taskmanager_0) at ResourceManager
2025-10-05 15:56:12,619 INFO  org.apache.flink.runtime.resourcemanager.slotmanager.FineGrainedSlotManager [] - Registering task executor 127.0.0.1:39023-4b307d under db295e69706db179d201c552e9493601 at the slot manager.
2025-10-05 15:56:23,014 INFO  org.apache.flink.runtime.dispatcher.StandaloneDispatcher     [] - Received job submission 'Word Counter' (709f6c2ea93f9a0847b32b6d544d8450).
2025-10-05 15:56:23,015 INFO  org.apache.flink.runtime.dispatcher.StandaloneDispatcher     [] - Submitting job 'Word Counter' (709f6c2ea93f9a0847b32b6d544d8450).
2025-10-05 15:56:23,175 INFO  org.apache.flink.runtime.jobmaster.JobMasterServiceLeadershipRunner [] - JobMasterServiceLeadershipRunner for job 709f6c2ea93f9a0847b32b6d544d8450 was granted leadership with leader id 00000000-0000-0000-0000-000000000000. Creating new JobMasterServiceProcess.
2025-10-05 15:56:23,189 INFO  org.apache.flink.runtime.rpc.pekko.PekkoRpcService           [] - Starting RPC endpoint for org.apache.flink.runtime.jobmaster.JobMaster at pekko://flink/user/rpc/jobmanager_2 .
2025-10-05 15:56:23,204 INFO  org.apache.flink.runtime.jobmaster.JobMaster                 [] - Initializing job 'Word Counter' (709f6c2ea93f9a0847b32b6d544d8450).
2025-10-05 15:56:23,516 INFO  org.apache.flink.runtime.jobmaster.JobMaster                 [] - Using restart back off time strategy ExponentialDelayRestartBackoffTimeStrategy(initialBackoffMS=1000, maxBackoffMS=60000, backoffMultiplier=1.5, resetBackoffThresholdMS=3600000, jitterFactor=0.1, attemptsBeforeResetBackoff=2147483647, currentRestartAttempt=0, nextRestartTimestamp=-2147483648) for Word Counter (709f6c2ea93f9a0847b32b6d544d8450).
2025-10-05 15:56:23,581 INFO  org.apache.flink.runtime.executiongraph.ExecutionGraph       [] - Created execution graph c0185d9e02e2def031afeaf337d0c532 for job 709f6c2ea93f9a0847b32b6d544d8450.
2025-10-05 15:56:23,605 INFO  org.apache.flink.runtime.jobmaster.JobMaster                 [] - Running initialization on master for job Word Counter (709f6c2ea93f9a0847b32b6d544d8450).
2025-10-05 15:56:23,629 INFO  org.apache.flink.runtime.jobmaster.JobMaster                 [] - Successfully ran initialization on master in 23 ms.
2025-10-05 15:56:23,658 INFO  org.apache.flink.runtime.scheduler.adapter.DefaultExecutionTopology [] - Built 1 new pipelined regions in 1 ms, total 1 pipelined regions currently.
2025-10-05 15:56:23,660 INFO  org.apache.flink.runtime.jobmaster.JobMaster                 [] - Loading state backend via factory org.apache.flink.state.rocksdb.EmbeddedRocksDBStateBackendFactory
2025-10-05 15:56:23,677 INFO  org.apache.flink.state.rocksdb.EmbeddedRocksDBStateBackend   [] - Using predefined options: DEFAULT.
2025-10-05 15:56:23,682 INFO  org.apache.flink.runtime.state.StateBackendLoader            [] - State backend loader loads the state backend as EmbeddedRocksDBStateBackend
2025-10-05 15:56:23,685 INFO  org.apache.flink.runtime.jobmaster.JobMaster                 [] - Checkpoint storage is set to 'filesystem': (checkpoints "file:/tmp/flink-checkpoints")
2025-10-05 15:56:23,698 INFO  org.apache.flink.runtime.checkpoint.CheckpointCoordinator    [] - No checkpoint found during restore.
2025-10-05 15:56:23,704 INFO  org.apache.flink.runtime.jobmaster.JobMaster                 [] - Using failover strategy org.apache.flink.runtime.executiongraph.failover.RestartPipelinedRegionFailoverStrategy@60512f88 for Word Counter (709f6c2ea93f9a0847b32b6d544d8450).
2025-10-05 15:56:23,718 INFO  org.apache.flink.runtime.jobmaster.JobMaster                 [] - Starting execution of job 'Word Counter' (709f6c2ea93f9a0847b32b6d544d8450) under job master id 00000000000000000000000000000000.
2025-10-05 15:56:23,724 INFO  org.apache.flink.runtime.jobmaster.JobMaster                 [] - Starting scheduling with scheduling strategy [org.apache.flink.runtime.scheduler.strategy.PipelinedRegionSchedulingStrategy]
2025-10-05 15:56:23,724 INFO  org.apache.flink.runtime.executiongraph.ExecutionGraph       [] - Job Word Counter (709f6c2ea93f9a0847b32b6d544d8450) switched from state CREATED to RUNNING.
2025-10-05 15:56:23,728 INFO  org.apache.flink.runtime.executiongraph.ExecutionGraph       [] - Source: Collection Source -> _stream_key_by_map_operator (1/1) (c0185d9e02e2def031afeaf337d0c532_cbc357ccb763df2852fee8c4fc7d55f2_0_0) switched from CREATED to SCHEDULED.
2025-10-05 15:56:23,728 INFO  org.apache.flink.runtime.executiongraph.ExecutionGraph       [] - KEYED PROCESS -> Sink: Print to Std. Out (1/1) (c0185d9e02e2def031afeaf337d0c532_90bea66de1c231edf33913ecd54406c1_0_0) switched from CREATED to SCHEDULED.
2025-10-05 15:56:23,754 INFO  org.apache.flink.runtime.jobmaster.JobMaster                 [] - Connecting to ResourceManager pekko.tcp://flink@29d13d714d9e:6123/user/rpc/resourcemanager_*(00000000000000000000000000000000)
2025-10-05 15:56:23,759 INFO  org.apache.flink.runtime.jobmaster.JobMaster                 [] - Resolved ResourceManager address, beginning registration
2025-10-05 15:56:23,761 INFO  org.apache.flink.runtime.resourcemanager.StandaloneResourceManager [] - Registering job manager 00000000000000000000000000000000@pekko.tcp://flink@29d13d714d9e:6123/user/rpc/jobmanager_2 for job 709f6c2ea93f9a0847b32b6d544d8450.
2025-10-05 15:56:23,774 INFO  org.apache.flink.runtime.resourcemanager.StandaloneResourceManager [] - Registered job manager 00000000000000000000000000000000@pekko.tcp://flink@29d13d714d9e:6123/user/rpc/jobmanager_2 for job 709f6c2ea93f9a0847b32b6d544d8450.
2025-10-05 15:56:23,779 INFO  org.apache.flink.runtime.jobmaster.JobMaster                 [] - JobManager successfully registered at ResourceManager, leader id: 00000000000000000000000000000000.
2025-10-05 15:56:23,782 INFO  org.apache.flink.runtime.resourcemanager.slotmanager.FineGrainedSlotManager [] - Received resource requirements from job 709f6c2ea93f9a0847b32b6d544d8450: [ResourceRequirement{resourceProfile=ResourceProfile{UNKNOWN}, numberOfRequiredSlots=1}]
2025-10-05 15:56:23,856 INFO  org.apache.flink.runtime.resourcemanager.slotmanager.FineGrainedSlotManager [] - Matching resource requirements against available resources.
Missing resources:
	 Job 709f6c2ea93f9a0847b32b6d544d8450
		ResourceRequirement{resourceProfile=ResourceProfile{UNKNOWN}, numberOfRequiredSlots=1}
Current resources:
	TaskManager 127.0.0.1:39023-4b307d
		Available: ResourceProfile{cpuCores=1, taskHeapMemory=384.000mb (402653174 bytes), taskOffHeapMemory=0 bytes, managedMemory=512.000mb (536870920 bytes), networkMemory=128.000mb (134217730 bytes)}
		Total:     ResourceProfile{cpuCores=1, taskHeapMemory=384.000mb (402653174 bytes), taskOffHeapMemory=0 bytes, managedMemory=512.000mb (536870920 bytes), networkMemory=128.000mb (134217730 bytes)}
2025-10-05 15:56:23,867 INFO  org.apache.flink.runtime.resourcemanager.slotmanager.DefaultSlotStatusSyncer [] - Starting allocation of slot 5444a759d421f327059649d61279eb5b from 127.0.0.1:39023-4b307d for job 709f6c2ea93f9a0847b32b6d544d8450 with resource profile ResourceProfile{cpuCores=1, taskHeapMemory=384.000mb (402653174 bytes), taskOffHeapMemory=0 bytes, managedMemory=512.000mb (536870920 bytes), networkMemory=128.000mb (134217730 bytes)}.
2025-10-05 15:56:23,982 INFO  org.apache.flink.runtime.checkpoint.CheckpointFailureManager [] - Failed to trigger checkpoint for job 709f6c2ea93f9a0847b32b6d544d8450 since Checkpoint triggering task Source: Collection Source -> _stream_key_by_map_operator (1/1) of job 709f6c2ea93f9a0847b32b6d544d8450 is not being executed at the moment. Aborting checkpoint. Failure reason: Not all required tasks are currently running..
2025-10-05 15:56:24,137 INFO  org.apache.flink.runtime.executiongraph.ExecutionGraph       [] - Source: Collection Source -> _stream_key_by_map_operator (1/1) (c0185d9e02e2def031afeaf337d0c532_cbc357ccb763df2852fee8c4fc7d55f2_0_0) switched from SCHEDULED to DEPLOYING.
2025-10-05 15:56:24,139 INFO  org.apache.flink.runtime.executiongraph.ExecutionGraph       [] - Deploying Source: Collection Source -> _stream_key_by_map_operator (1/1) (attempt #0) with attempt id c0185d9e02e2def031afeaf337d0c532_cbc357ccb763df2852fee8c4fc7d55f2_0_0 and vertex id cbc357ccb763df2852fee8c4fc7d55f2_0 to 127.0.0.1:39023-4b307d @ localhost (dataPort=35377) with allocation id 5444a759d421f327059649d61279eb5b
2025-10-05 15:56:24,155 INFO  org.apache.flink.runtime.executiongraph.ExecutionGraph       [] - KEYED PROCESS -> Sink: Print to Std. Out (1/1) (c0185d9e02e2def031afeaf337d0c532_90bea66de1c231edf33913ecd54406c1_0_0) switched from SCHEDULED to DEPLOYING.
2025-10-05 15:56:24,159 INFO  org.apache.flink.runtime.executiongraph.ExecutionGraph       [] - Deploying KEYED PROCESS -> Sink: Print to Std. Out (1/1) (attempt #0) with attempt id c0185d9e02e2def031afeaf337d0c532_90bea66de1c231edf33913ecd54406c1_0_0 and vertex id 90bea66de1c231edf33913ecd54406c1_0 to 127.0.0.1:39023-4b307d @ localhost (dataPort=35377) with allocation id 5444a759d421f327059649d61279eb5b
2025-10-05 15:56:24,457 INFO  org.apache.flink.runtime.checkpoint.CheckpointFailureManager [] - Failed to trigger checkpoint for job 709f6c2ea93f9a0847b32b6d544d8450 since Checkpoint triggering task Source: Collection Source -> _stream_key_by_map_operator (1/1) of job 709f6c2ea93f9a0847b32b6d544d8450 is not being executed at the moment. Aborting checkpoint. Failure reason: Not all required tasks are currently running..
2025-10-05 15:56:24,947 INFO  org.apache.flink.runtime.checkpoint.CheckpointFailureManager [] - Failed to trigger checkpoint for job 709f6c2ea93f9a0847b32b6d544d8450 since Checkpoint triggering task Source: Collection Source -> _stream_key_by_map_operator (1/1) of job 709f6c2ea93f9a0847b32b6d544d8450 is not being executed at the moment. Aborting checkpoint. Failure reason: Not all required tasks are currently running..
2025-10-05 15:56:24,989 INFO  org.apache.flink.runtime.executiongraph.ExecutionGraph       [] - KEYED PROCESS -> Sink: Print to Std. Out (1/1) (c0185d9e02e2def031afeaf337d0c532_90bea66de1c231edf33913ecd54406c1_0_0) switched from DEPLOYING to INITIALIZING.
2025-10-05 15:56:24,990 INFO  org.apache.flink.runtime.executiongraph.ExecutionGraph       [] - Source: Collection Source -> _stream_key_by_map_operator (1/1) (c0185d9e02e2def031afeaf337d0c532_cbc357ccb763df2852fee8c4fc7d55f2_0_0) switched from DEPLOYING to INITIALIZING.
2025-10-05 15:56:25,448 INFO  org.apache.flink.runtime.checkpoint.CheckpointFailureManager [] - Failed to trigger checkpoint for job 709f6c2ea93f9a0847b32b6d544d8450 since Checkpoint triggering task Source: Collection Source -> _stream_key_by_map_operator (1/1) of job 709f6c2ea93f9a0847b32b6d544d8450 is not being executed at the moment. Aborting checkpoint. Failure reason: Not all required tasks are currently running..
2025-10-05 15:56:25,949 INFO  org.apache.flink.runtime.checkpoint.CheckpointFailureManager [] - Failed to trigger checkpoint for job 709f6c2ea93f9a0847b32b6d544d8450 since Checkpoint triggering task Source: Collection Source -> _stream_key_by_map_operator (1/1) of job 709f6c2ea93f9a0847b32b6d544d8450 is not being executed at the moment. Aborting checkpoint. Failure reason: Not all required tasks are currently running..
2025-10-05 15:56:26,447 INFO  org.apache.flink.runtime.checkpoint.CheckpointFailureManager [] - Failed to trigger checkpoint for job 709f6c2ea93f9a0847b32b6d544d8450 since Checkpoint triggering task Source: Collection Source -> _stream_key_by_map_operator (1/1) of job 709f6c2ea93f9a0847b32b6d544d8450 is not being executed at the moment. Aborting checkpoint. Failure reason: Not all required tasks are currently running..
2025-10-05 15:56:26,949 INFO  org.apache.flink.runtime.checkpoint.CheckpointFailureManager [] - Failed to trigger checkpoint for job 709f6c2ea93f9a0847b32b6d544d8450 since Checkpoint triggering task Source: Collection Source -> _stream_key_by_map_operator (1/1) of job 709f6c2ea93f9a0847b32b6d544d8450 is not being executed at the moment. Aborting checkpoint. Failure reason: Not all required tasks are currently running..
2025-10-05 15:56:27,450 INFO  org.apache.flink.runtime.checkpoint.CheckpointFailureManager [] - Failed to trigger checkpoint for job 709f6c2ea93f9a0847b32b6d544d8450 since Checkpoint triggering task Source: Collection Source -> _stream_key_by_map_operator (1/1) of job 709f6c2ea93f9a0847b32b6d544d8450 is not being executed at the moment. Aborting checkpoint. Failure reason: Not all required tasks are currently running..
2025-10-05 15:56:27,947 INFO  org.apache.flink.runtime.checkpoint.CheckpointFailureManager [] - Failed to trigger checkpoint for job 709f6c2ea93f9a0847b32b6d544d8450 since Checkpoint triggering task Source: Collection Source -> _stream_key_by_map_operator (1/1) of job 709f6c2ea93f9a0847b32b6d544d8450 is not being executed at the moment. Aborting checkpoint. Failure reason: Not all required tasks are currently running..
2025-10-05 15:56:28,447 INFO  org.apache.flink.runtime.checkpoint.CheckpointFailureManager [] - Failed to trigger checkpoint for job 709f6c2ea93f9a0847b32b6d544d8450 since Checkpoint triggering task Source: Collection Source -> _stream_key_by_map_operator (1/1) of job 709f6c2ea93f9a0847b32b6d544d8450 is not being executed at the moment. Aborting checkpoint. Failure reason: Not all required tasks are currently running..
2025-10-05 15:56:28,948 INFO  org.apache.flink.runtime.checkpoint.CheckpointFailureManager [] - Failed to trigger checkpoint for job 709f6c2ea93f9a0847b32b6d544d8450 since Checkpoint triggering task Source: Collection Source -> _stream_key_by_map_operator (1/1) of job 709f6c2ea93f9a0847b32b6d544d8450 is not being executed at the moment. Aborting checkpoint. Failure reason: Not all required tasks are currently running..
2025-10-05 15:56:29,448 INFO  org.apache.flink.runtime.checkpoint.CheckpointFailureManager [] - Failed to trigger checkpoint for job 709f6c2ea93f9a0847b32b6d544d8450 since Checkpoint triggering task Source: Collection Source -> _stream_key_by_map_operator (1/1) of job 709f6c2ea93f9a0847b32b6d544d8450 is not being executed at the moment. Aborting checkpoint. Failure reason: Not all required tasks are currently running..
2025-10-05 15:56:29,949 INFO  org.apache.flink.runtime.checkpoint.CheckpointFailureManager [] - Failed to trigger checkpoint for job 709f6c2ea93f9a0847b32b6d544d8450 since Checkpoint triggering task Source: Collection Source -> _stream_key_by_map_operator (1/1) of job 709f6c2ea93f9a0847b32b6d544d8450 is not being executed at the moment. Aborting checkpoint. Failure reason: Not all required tasks are currently running..
2025-10-05 15:56:30,446 INFO  org.apache.flink.runtime.checkpoint.CheckpointFailureManager [] - Failed to trigger checkpoint for job 709f6c2ea93f9a0847b32b6d544d8450 since Checkpoint triggering task Source: Collection Source -> _stream_key_by_map_operator (1/1) of job 709f6c2ea93f9a0847b32b6d544d8450 is not being executed at the moment. Aborting checkpoint. Failure reason: Not all required tasks are currently running..
2025-10-05 15:56:30,957 INFO  org.apache.flink.runtime.checkpoint.CheckpointFailureManager [] - Failed to trigger checkpoint for job 709f6c2ea93f9a0847b32b6d544d8450 since Checkpoint triggering task Source: Collection Source -> _stream_key_by_map_operator (1/1) of job 709f6c2ea93f9a0847b32b6d544d8450 is not being executed at the moment. Aborting checkpoint. Failure reason: Not all required tasks are currently running..
2025-10-05 15:56:31,447 INFO  org.apache.flink.runtime.checkpoint.CheckpointFailureManager [] - Failed to trigger checkpoint for job 709f6c2ea93f9a0847b32b6d544d8450 since Checkpoint triggering task Source: Collection Source -> _stream_key_by_map_operator (1/1) of job 709f6c2ea93f9a0847b32b6d544d8450 is not being executed at the moment. Aborting checkpoint. Failure reason: Not all required tasks are currently running..
2025-10-05 15:56:31,949 INFO  org.apache.flink.runtime.checkpoint.CheckpointFailureManager [] - Failed to trigger checkpoint for job 709f6c2ea93f9a0847b32b6d544d8450 since Checkpoint triggering task Source: Collection Source -> _stream_key_by_map_operator (1/1) of job 709f6c2ea93f9a0847b32b6d544d8450 is not being executed at the moment. Aborting checkpoint. Failure reason: Not all required tasks are currently running..
2025-10-05 15:56:32,450 INFO  org.apache.flink.runtime.checkpoint.CheckpointFailureManager [] - Failed to trigger checkpoint for job 709f6c2ea93f9a0847b32b6d544d8450 since Checkpoint triggering task Source: Collection Source -> _stream_key_by_map_operator (1/1) of job 709f6c2ea93f9a0847b32b6d544d8450 is not being executed at the moment. Aborting checkpoint. Failure reason: Not all required tasks are currently running..
2025-10-05 15:56:32,948 INFO  org.apache.flink.runtime.checkpoint.CheckpointFailureManager [] - Failed to trigger checkpoint for job 709f6c2ea93f9a0847b32b6d544d8450 since Checkpoint triggering task Source: Collection Source -> _stream_key_by_map_operator (1/1) of job 709f6c2ea93f9a0847b32b6d544d8450 is not being executed at the moment. Aborting checkpoint. Failure reason: Not all required tasks are currently running..
2025-10-05 15:56:33,449 INFO  org.apache.flink.runtime.checkpoint.CheckpointFailureManager [] - Failed to trigger checkpoint for job 709f6c2ea93f9a0847b32b6d544d8450 since Checkpoint triggering task Source: Collection Source -> _stream_key_by_map_operator (1/1) of job 709f6c2ea93f9a0847b32b6d544d8450 is not being executed at the moment. Aborting checkpoint. Failure reason: Not all required tasks are currently running..
2025-10-05 15:56:33,947 INFO  org.apache.flink.runtime.checkpoint.CheckpointFailureManager [] - Failed to trigger checkpoint for job 709f6c2ea93f9a0847b32b6d544d8450 since Checkpoint triggering task Source: Collection Source -> _stream_key_by_map_operator (1/1) of job 709f6c2ea93f9a0847b32b6d544d8450 is not being executed at the moment. Aborting checkpoint. Failure reason: Not all required tasks are currently running..
2025-10-05 15:56:34,183 INFO  org.apache.flink.runtime.executiongraph.ExecutionGraph       [] - KEYED PROCESS -> Sink: Print to Std. Out (1/1) (c0185d9e02e2def031afeaf337d0c532_90bea66de1c231edf33913ecd54406c1_0_0) switched from INITIALIZING to RUNNING.
2025-10-05 15:56:34,193 INFO  org.apache.flink.runtime.executiongraph.ExecutionGraph       [] - Source: Collection Source -> _stream_key_by_map_operator (1/1) (c0185d9e02e2def031afeaf337d0c532_cbc357ccb763df2852fee8c4fc7d55f2_0_0) switched from INITIALIZING to RUNNING.
2025-10-05 15:56:34,470 INFO  org.apache.flink.runtime.checkpoint.CheckpointCoordinator    [] - Triggering checkpoint 1 (type=CheckpointType{name='Checkpoint', sharingFilesStrategy=FORWARD_BACKWARD}) @ 1759679794447 for job 709f6c2ea93f9a0847b32b6d544d8450.
2025-10-05 15:56:43,194 INFO  org.apache.flink.runtime.checkpoint.CheckpointCoordinator    [] - Completed checkpoint 1 for job 709f6c2ea93f9a0847b32b6d544d8450 (77032 bytes, checkpointDuration=8739 ms, finalizationTime=8 ms).
2025-10-05 15:56:43,206 INFO  org.apache.flink.runtime.checkpoint.CheckpointRequestDecider [] - checkpoint request time in queue: 8256
2025-10-05 15:56:43,214 INFO  org.apache.flink.runtime.checkpoint.CheckpointCoordinator    [] - Triggering checkpoint 2 (type=CheckpointType{name='Checkpoint', sharingFilesStrategy=FORWARD_BACKWARD}) @ 1759679803206 for job 709f6c2ea93f9a0847b32b6d544d8450.
2025-10-05 15:56:58,182 INFO  org.apache.flink.runtime.checkpoint.CheckpointCoordinator    [] - Completed checkpoint 2 for job 709f6c2ea93f9a0847b32b6d544d8450 (243113 bytes, checkpointDuration=14966 ms, finalizationTime=10 ms).
2025-10-05 15:56:58,184 INFO  org.apache.flink.runtime.checkpoint.CheckpointRequestDecider [] - checkpoint request time in queue: 22738
2025-10-05 15:56:58,187 INFO  org.apache.flink.runtime.checkpoint.CheckpointCoordinator    [] - Triggering checkpoint 3 (type=CheckpointType{name='Checkpoint', sharingFilesStrategy=FORWARD_BACKWARD}) @ 1759679818184 for job 709f6c2ea93f9a0847b32b6d544d8450.
2025-10-05 15:57:03,155 INFO  org.apache.flink.runtime.jobmaster.JobMaster                 [] - Triggering a manual checkpoint for job 709f6c2ea93f9a0847b32b6d544d8450.
2025-10-05 15:57:03,192 INFO  org.apache.flink.runtime.checkpoint.CheckpointCoordinator    [] - Completed checkpoint 3 for job 709f6c2ea93f9a0847b32b6d544d8450 (297367 bytes, checkpointDuration=5006 ms, finalizationTime=2 ms).
2025-10-05 15:57:03,194 INFO  org.apache.flink.runtime.checkpoint.CheckpointCoordinator    [] - Triggering checkpoint 4 (type=CheckpointType{name='Checkpoint', sharingFilesStrategy=FORWARD_BACKWARD}) @ 1759679823193 for job 709f6c2ea93f9a0847b32b6d544d8450.
2025-10-05 15:57:03,331 INFO  org.apache.flink.runtime.executiongraph.ExecutionGraph       [] - Source: Collection Source -> _stream_key_by_map_operator (1/1) (c0185d9e02e2def031afeaf337d0c532_cbc357ccb763df2852fee8c4fc7d55f2_0_0) switched from RUNNING to FINISHED.
2025-10-05 15:57:03,317 INFO  org.apache.flink.runtime.checkpoint.CheckpointCoordinator    [] - Decline checkpoint 4 by task c0185d9e02e2def031afeaf337d0c532_cbc357ccb763df2852fee8c4fc7d55f2_0_0 of job 709f6c2ea93f9a0847b32b6d544d8450 at 127.0.0.1:39023-4b307d @ localhost (dataPort=35377).
org.apache.flink.util.SerializedThrowable: org.apache.flink.runtime.checkpoint.CheckpointException: Task name with subtask : Source: Collection Source -> _stream_key_by_map_operator (1/1)#0 Failure reason: Checkpoint was declined (task is closing)
	at org.apache.flink.runtime.taskmanager.Task.declineCheckpoint(Task.java:1425) ~[flink-dist-2.1.0.jar:2.1.0]
	at org.apache.flink.runtime.taskmanager.Task.declineCheckpoint(Task.java:1418) ~[flink-dist-2.1.0.jar:2.1.0]
	at org.apache.flink.runtime.taskmanager.Task.triggerCheckpointBarrier(Task.java:1384) ~[flink-dist-2.1.0.jar:2.1.0]
	at org.apache.flink.runtime.taskexecutor.TaskExecutor.triggerCheckpoint(TaskExecutor.java:1097) ~[flink-dist-2.1.0.jar:2.1.0]
	at java.base/jdk.internal.reflect.NativeMethodAccessorImpl.invoke0(Native Method) ~[?:?]
	at java.base/jdk.internal.reflect.NativeMethodAccessorImpl.invoke(Unknown Source) ~[?:?]
	at java.base/jdk.internal.reflect.DelegatingMethodAccessorImpl.invoke(Unknown Source) ~[?:?]
	at java.base/java.lang.reflect.Method.invoke(Unknown Source) ~[?:?]
	at org.apache.flink.runtime.rpc.pekko.PekkoRpcActor.lambda$handleRpcInvocation$1(PekkoRpcActor.java:318) ~[?:?]
	at org.apache.flink.runtime.concurrent.ClassLoadingUtils.runWithContextClassLoader(ClassLoadingUtils.java:83) ~[flink-dist-2.1.0.jar:2.1.0]
	at org.apache.flink.runtime.rpc.pekko.PekkoRpcActor.handleRpcInvocation(PekkoRpcActor.java:316) ~[?:?]
	at org.apache.flink.runtime.rpc.pekko.PekkoRpcActor.handleRpcMessage(PekkoRpcActor.java:229) ~[?:?]
	at org.apache.flink.runtime.rpc.pekko.PekkoRpcActor.handleMessage(PekkoRpcActor.java:174) ~[?:?]
	at org.apache.pekko.japi.pf.UnitCaseStatement.apply(CaseStatements.scala:33) ~[?:?]
	at org.apache.pekko.japi.pf.UnitCaseStatement.apply(CaseStatements.scala:29) ~[?:?]
	at scala.PartialFunction.applyOrElse(PartialFunction.scala:127) ~[flink-scala_2.12-2.1.0.jar:2.1.0]
	at scala.PartialFunction.applyOrElse$(PartialFunction.scala:126) ~[flink-scala_2.12-2.1.0.jar:2.1.0]
	at org.apache.pekko.japi.pf.UnitCaseStatement.applyOrElse(CaseStatements.scala:29) ~[?:?]
	at scala.PartialFunction$OrElse.applyOrElse(PartialFunction.scala:175) ~[flink-scala_2.12-2.1.0.jar:2.1.0]
	at scala.PartialFunction$OrElse.applyOrElse(PartialFunction.scala:176) ~[flink-scala_2.12-2.1.0.jar:2.1.0]
	at scala.PartialFunction$OrElse.applyOrElse(PartialFunction.scala:176) ~[flink-scala_2.12-2.1.0.jar:2.1.0]
	at org.apache.pekko.actor.Actor.aroundReceive(Actor.scala:547) ~[?:?]
	at org.apache.pekko.actor.Actor.aroundReceive$(Actor.scala:545) ~[?:?]
	at org.apache.pekko.actor.AbstractActor.aroundReceive(AbstractActor.scala:229) ~[?:?]
	at org.apache.pekko.actor.ActorCell.receiveMessage(ActorCell.scala:590) ~[?:?]
	at org.apache.pekko.actor.ActorCell.invoke(ActorCell.scala:557) ~[?:?]
	at org.apache.pekko.dispatch.Mailbox.processMailbox(Mailbox.scala:272) ~[?:?]
	at org.apache.pekko.dispatch.Mailbox.run(Mailbox.scala:233) ~[?:?]
	at org.apache.pekko.dispatch.Mailbox.exec(Mailbox.scala:245) ~[?:?]
	at java.base/java.util.concurrent.ForkJoinTask.doExec(Unknown Source) ~[?:?]
	at java.base/java.util.concurrent.ForkJoinPool$WorkQueue.topLevelExec(Unknown Source) ~[?:?]
	at java.base/java.util.concurrent.ForkJoinPool.scan(Unknown Source) ~[?:?]
	at java.base/java.util.concurrent.ForkJoinPool.runWorker(Unknown Source) ~[?:?]
	at java.base/java.util.concurrent.ForkJoinWorkerThread.run(Unknown Source) ~[?:?]
2025-10-05 15:57:03,415 WARN  org.apache.flink.runtime.checkpoint.CheckpointFailureManager [] - Failed to trigger or complete checkpoint 4 for job 709f6c2ea93f9a0847b32b6d544d8450. (0 consecutive failed attempts so far)
org.apache.flink.runtime.checkpoint.CheckpointException: Checkpoint was declined (task is closing)
	at org.apache.flink.runtime.messages.checkpoint.SerializedCheckpointException.unwrap(SerializedCheckpointException.java:51) ~[flink-dist-2.1.0.jar:2.1.0]
	at org.apache.flink.runtime.checkpoint.CheckpointCoordinator.receiveDeclineMessage(CheckpointCoordinator.java:1146) ~[flink-dist-2.1.0.jar:2.1.0]
	at org.apache.flink.runtime.scheduler.ExecutionGraphHandler.lambda$declineCheckpoint$3(ExecutionGraphHandler.java:123) ~[flink-dist-2.1.0.jar:2.1.0]
	at org.apache.flink.runtime.scheduler.ExecutionGraphHandler.lambda$processCheckpointCoordinatorMessage$4(ExecutionGraphHandler.java:139) ~[flink-dist-2.1.0.jar:2.1.0]
	at org.apache.flink.util.MdcUtils.lambda$wrapRunnable$1(MdcUtils.java:70) ~[flink-dist-2.1.0.jar:2.1.0]
	at java.base/java.util.concurrent.ThreadPoolExecutor.runWorker(Unknown Source) [?:?]
	at java.base/java.util.concurrent.ThreadPoolExecutor$Worker.run(Unknown Source) [?:?]
	at java.base/java.lang.Thread.run(Unknown Source) [?:?]
Caused by: org.apache.flink.util.SerializedThrowable: org.apache.flink.runtime.checkpoint.CheckpointException: Task name with subtask : Source: Collection Source -> _stream_key_by_map_operator (1/1)#0 Failure reason: Checkpoint was declined (task is closing)
	at org.apache.flink.runtime.taskmanager.Task.declineCheckpoint(Task.java:1425) ~[flink-dist-2.1.0.jar:2.1.0]
	at org.apache.flink.runtime.taskmanager.Task.declineCheckpoint(Task.java:1418) ~[flink-dist-2.1.0.jar:2.1.0]
	at org.apache.flink.runtime.taskmanager.Task.triggerCheckpointBarrier(Task.java:1384) ~[flink-dist-2.1.0.jar:2.1.0]
	at org.apache.flink.runtime.taskexecutor.TaskExecutor.triggerCheckpoint(TaskExecutor.java:1097) ~[flink-dist-2.1.0.jar:2.1.0]
	at java.base/jdk.internal.reflect.NativeMethodAccessorImpl.invoke0(Native Method) ~[?:?]
	at java.base/jdk.internal.reflect.NativeMethodAccessorImpl.invoke(Unknown Source) ~[?:?]
	at java.base/jdk.internal.reflect.DelegatingMethodAccessorImpl.invoke(Unknown Source) ~[?:?]
	at java.base/java.lang.reflect.Method.invoke(Unknown Source) ~[?:?]
	at org.apache.flink.runtime.rpc.pekko.PekkoRpcActor.lambda$handleRpcInvocation$1(PekkoRpcActor.java:318) ~[?:?]
	at org.apache.flink.runtime.concurrent.ClassLoadingUtils.runWithContextClassLoader(ClassLoadingUtils.java:83) ~[flink-dist-2.1.0.jar:2.1.0]
	at org.apache.flink.runtime.rpc.pekko.PekkoRpcActor.handleRpcInvocation(PekkoRpcActor.java:316) ~[?:?]
	at org.apache.flink.runtime.rpc.pekko.PekkoRpcActor.handleRpcMessage(PekkoRpcActor.java:229) ~[?:?]
	at org.apache.flink.runtime.rpc.pekko.PekkoRpcActor.handleMessage(PekkoRpcActor.java:174) ~[?:?]
	at org.apache.pekko.japi.pf.UnitCaseStatement.apply(CaseStatements.scala:33) ~[?:?]
	at org.apache.pekko.japi.pf.UnitCaseStatement.apply(CaseStatements.scala:29) ~[?:?]
	at scala.PartialFunction.applyOrElse(PartialFunction.scala:127) ~[flink-scala_2.12-2.1.0.jar:2.1.0]
	at scala.PartialFunction.applyOrElse$(PartialFunction.scala:126) ~[flink-scala_2.12-2.1.0.jar:2.1.0]
	at org.apache.pekko.japi.pf.UnitCaseStatement.applyOrElse(CaseStatements.scala:29) ~[?:?]
	at scala.PartialFunction$OrElse.applyOrElse(PartialFunction.scala:175) ~[flink-scala_2.12-2.1.0.jar:2.1.0]
	at scala.PartialFunction$OrElse.applyOrElse(PartialFunction.scala:176) ~[flink-scala_2.12-2.1.0.jar:2.1.0]
	at scala.PartialFunction$OrElse.applyOrElse(PartialFunction.scala:176) ~[flink-scala_2.12-2.1.0.jar:2.1.0]
	at org.apache.pekko.actor.Actor.aroundReceive(Actor.scala:547) ~[?:?]
	at org.apache.pekko.actor.Actor.aroundReceive$(Actor.scala:545) ~[?:?]
	at org.apache.pekko.actor.AbstractActor.aroundReceive(AbstractActor.scala:229) ~[?:?]
	at org.apache.pekko.actor.ActorCell.receiveMessage(ActorCell.scala:590) ~[?:?]
	at org.apache.pekko.actor.ActorCell.invoke(ActorCell.scala:557) ~[?:?]
	at org.apache.pekko.dispatch.Mailbox.processMailbox(Mailbox.scala:272) ~[?:?]
	at org.apache.pekko.dispatch.Mailbox.run(Mailbox.scala:233) ~[?:?]
	at org.apache.pekko.dispatch.Mailbox.exec(Mailbox.scala:245) ~[?:?]
	at java.base/java.util.concurrent.ForkJoinTask.doExec(Unknown Source) ~[?:?]
	at java.base/java.util.concurrent.ForkJoinPool$WorkQueue.topLevelExec(Unknown Source) ~[?:?]
	at java.base/java.util.concurrent.ForkJoinPool.scan(Unknown Source) ~[?:?]
	at java.base/java.util.concurrent.ForkJoinPool.runWorker(Unknown Source) ~[?:?]
	at java.base/java.util.concurrent.ForkJoinWorkerThread.run(Unknown Source) ~[?:?]
2025-10-05 15:57:03,425 INFO  org.apache.flink.runtime.checkpoint.CheckpointRequestDecider [] - checkpoint request time in queue: 27478
2025-10-05 15:57:03,427 INFO  org.apache.flink.runtime.checkpoint.CheckpointCoordinator    [] - Triggering checkpoint 5 (type=CheckpointType{name='Checkpoint', sharingFilesStrategy=FORWARD_BACKWARD}) @ 1759679823425 for job 709f6c2ea93f9a0847b32b6d544d8450.
2025-10-05 15:57:03,453 INFO  org.apache.flink.runtime.checkpoint.CheckpointCoordinator    [] - Decline checkpoint 5 by task c0185d9e02e2def031afeaf337d0c532_90bea66de1c231edf33913ecd54406c1_0_0 of job 709f6c2ea93f9a0847b32b6d544d8450 at 127.0.0.1:39023-4b307d @ localhost (dataPort=35377).
org.apache.flink.util.SerializedThrowable: org.apache.flink.runtime.checkpoint.CheckpointException: Task name with subtask : KEYED PROCESS -> Sink: Print to Std. Out (1/1)#0 Failure reason: Checkpoint was declined (task is closing)
	at org.apache.flink.runtime.taskmanager.Task.declineCheckpoint(Task.java:1425) ~[flink-dist-2.1.0.jar:2.1.0]
	at org.apache.flink.runtime.taskmanager.Task.declineCheckpoint(Task.java:1418) ~[flink-dist-2.1.0.jar:2.1.0]
	at org.apache.flink.runtime.taskmanager.Task.triggerCheckpointBarrier(Task.java:1384) ~[flink-dist-2.1.0.jar:2.1.0]
	at org.apache.flink.runtime.taskexecutor.TaskExecutor.triggerCheckpoint(TaskExecutor.java:1097) ~[flink-dist-2.1.0.jar:2.1.0]
	at java.base/jdk.internal.reflect.NativeMethodAccessorImpl.invoke0(Native Method) ~[?:?]
	at java.base/jdk.internal.reflect.NativeMethodAccessorImpl.invoke(Unknown Source) ~[?:?]
	at java.base/jdk.internal.reflect.DelegatingMethodAccessorImpl.invoke(Unknown Source) ~[?:?]
	at java.base/java.lang.reflect.Method.invoke(Unknown Source) ~[?:?]
	at org.apache.flink.runtime.rpc.pekko.PekkoRpcActor.lambda$handleRpcInvocation$1(PekkoRpcActor.java:318) ~[?:?]
	at org.apache.flink.runtime.concurrent.ClassLoadingUtils.runWithContextClassLoader(ClassLoadingUtils.java:83) ~[flink-dist-2.1.0.jar:2.1.0]
	at org.apache.flink.runtime.rpc.pekko.PekkoRpcActor.handleRpcInvocation(PekkoRpcActor.java:316) ~[?:?]
	at org.apache.flink.runtime.rpc.pekko.PekkoRpcActor.handleRpcMessage(PekkoRpcActor.java:229) ~[?:?]
	at org.apache.flink.runtime.rpc.pekko.PekkoRpcActor.handleMessage(PekkoRpcActor.java:174) ~[?:?]
	at org.apache.pekko.japi.pf.UnitCaseStatement.apply(CaseStatements.scala:33) ~[?:?]
	at org.apache.pekko.japi.pf.UnitCaseStatement.apply(CaseStatements.scala:29) ~[?:?]
	at scala.PartialFunction.applyOrElse(PartialFunction.scala:127) ~[flink-scala_2.12-2.1.0.jar:2.1.0]
	at scala.PartialFunction.applyOrElse$(PartialFunction.scala:126) ~[flink-scala_2.12-2.1.0.jar:2.1.0]
	at org.apache.pekko.japi.pf.UnitCaseStatement.applyOrElse(CaseStatements.scala:29) ~[?:?]
	at scala.PartialFunction$OrElse.applyOrElse(PartialFunction.scala:175) ~[flink-scala_2.12-2.1.0.jar:2.1.0]
	at scala.PartialFunction$OrElse.applyOrElse(PartialFunction.scala:176) ~[flink-scala_2.12-2.1.0.jar:2.1.0]
	at scala.PartialFunction$OrElse.applyOrElse(PartialFunction.scala:176) ~[flink-scala_2.12-2.1.0.jar:2.1.0]
	at org.apache.pekko.actor.Actor.aroundReceive(Actor.scala:547) ~[?:?]
	at org.apache.pekko.actor.Actor.aroundReceive$(Actor.scala:545) ~[?:?]
	at org.apache.pekko.actor.AbstractActor.aroundReceive(AbstractActor.scala:229) ~[?:?]
	at org.apache.pekko.actor.ActorCell.receiveMessage(ActorCell.scala:590) ~[?:?]
	at org.apache.pekko.actor.ActorCell.invoke(ActorCell.scala:557) ~[?:?]
	at org.apache.pekko.dispatch.Mailbox.processMailbox(Mailbox.scala:272) ~[?:?]
	at org.apache.pekko.dispatch.Mailbox.run(Mailbox.scala:233) ~[?:?]
	at org.apache.pekko.dispatch.Mailbox.exec(Mailbox.scala:245) ~[?:?]
	at java.base/java.util.concurrent.ForkJoinTask.doExec(Unknown Source) ~[?:?]
	at java.base/java.util.concurrent.ForkJoinPool$WorkQueue.topLevelExec(Unknown Source) ~[?:?]
	at java.base/java.util.concurrent.ForkJoinPool.scan(Unknown Source) ~[?:?]
	at java.base/java.util.concurrent.ForkJoinPool.runWorker(Unknown Source) ~[?:?]
	at java.base/java.util.concurrent.ForkJoinWorkerThread.run(Unknown Source) ~[?:?]
2025-10-05 15:57:03,460 WARN  org.apache.flink.runtime.checkpoint.CheckpointFailureManager [] - Failed to trigger or complete checkpoint 5 for job 709f6c2ea93f9a0847b32b6d544d8450. (0 consecutive failed attempts so far)
org.apache.flink.runtime.checkpoint.CheckpointException: Checkpoint was declined (task is closing)
	at org.apache.flink.runtime.messages.checkpoint.SerializedCheckpointException.unwrap(SerializedCheckpointException.java:51) ~[flink-dist-2.1.0.jar:2.1.0]
	at org.apache.flink.runtime.checkpoint.CheckpointCoordinator.receiveDeclineMessage(CheckpointCoordinator.java:1146) ~[flink-dist-2.1.0.jar:2.1.0]
	at org.apache.flink.runtime.scheduler.ExecutionGraphHandler.lambda$declineCheckpoint$3(ExecutionGraphHandler.java:123) ~[flink-dist-2.1.0.jar:2.1.0]
	at org.apache.flink.runtime.scheduler.ExecutionGraphHandler.lambda$processCheckpointCoordinatorMessage$4(ExecutionGraphHandler.java:139) ~[flink-dist-2.1.0.jar:2.1.0]
	at org.apache.flink.util.MdcUtils.lambda$wrapRunnable$1(MdcUtils.java:70) ~[flink-dist-2.1.0.jar:2.1.0]
	at java.base/java.util.concurrent.ThreadPoolExecutor.runWorker(Unknown Source) [?:?]
	at java.base/java.util.concurrent.ThreadPoolExecutor$Worker.run(Unknown Source) [?:?]
	at java.base/java.lang.Thread.run(Unknown Source) [?:?]
Caused by: org.apache.flink.util.SerializedThrowable: org.apache.flink.runtime.checkpoint.CheckpointException: Task name with subtask : KEYED PROCESS -> Sink: Print to Std. Out (1/1)#0 Failure reason: Checkpoint was declined (task is closing)
	at org.apache.flink.runtime.taskmanager.Task.declineCheckpoint(Task.java:1425) ~[flink-dist-2.1.0.jar:2.1.0]
	at org.apache.flink.runtime.taskmanager.Task.declineCheckpoint(Task.java:1418) ~[flink-dist-2.1.0.jar:2.1.0]
	at org.apache.flink.runtime.taskmanager.Task.triggerCheckpointBarrier(Task.java:1384) ~[flink-dist-2.1.0.jar:2.1.0]
	at org.apache.flink.runtime.taskexecutor.TaskExecutor.triggerCheckpoint(TaskExecutor.java:1097) ~[flink-dist-2.1.0.jar:2.1.0]
	at java.base/jdk.internal.reflect.NativeMethodAccessorImpl.invoke0(Native Method) ~[?:?]
	at java.base/jdk.internal.reflect.NativeMethodAccessorImpl.invoke(Unknown Source) ~[?:?]
	at java.base/jdk.internal.reflect.DelegatingMethodAccessorImpl.invoke(Unknown Source) ~[?:?]
	at java.base/java.lang.reflect.Method.invoke(Unknown Source) ~[?:?]
	at org.apache.flink.runtime.rpc.pekko.PekkoRpcActor.lambda$handleRpcInvocation$1(PekkoRpcActor.java:318) ~[?:?]
	at org.apache.flink.runtime.concurrent.ClassLoadingUtils.runWithContextClassLoader(ClassLoadingUtils.java:83) ~[flink-dist-2.1.0.jar:2.1.0]
	at org.apache.flink.runtime.rpc.pekko.PekkoRpcActor.handleRpcInvocation(PekkoRpcActor.java:316) ~[?:?]
	at org.apache.flink.runtime.rpc.pekko.PekkoRpcActor.handleRpcMessage(PekkoRpcActor.java:229) ~[?:?]
	at org.apache.flink.runtime.rpc.pekko.PekkoRpcActor.handleMessage(PekkoRpcActor.java:174) ~[?:?]
	at org.apache.pekko.japi.pf.UnitCaseStatement.apply(CaseStatements.scala:33) ~[?:?]
	at org.apache.pekko.japi.pf.UnitCaseStatement.apply(CaseStatements.scala:29) ~[?:?]
	at scala.PartialFunction.applyOrElse(PartialFunction.scala:127) ~[flink-scala_2.12-2.1.0.jar:2.1.0]
	at scala.PartialFunction.applyOrElse$(PartialFunction.scala:126) ~[flink-scala_2.12-2.1.0.jar:2.1.0]
	at org.apache.pekko.japi.pf.UnitCaseStatement.applyOrElse(CaseStatements.scala:29) ~[?:?]
	at scala.PartialFunction$OrElse.applyOrElse(PartialFunction.scala:175) ~[flink-scala_2.12-2.1.0.jar:2.1.0]
	at scala.PartialFunction$OrElse.applyOrElse(PartialFunction.scala:176) ~[flink-scala_2.12-2.1.0.jar:2.1.0]
	at scala.PartialFunction$OrElse.applyOrElse(PartialFunction.scala:176) ~[flink-scala_2.12-2.1.0.jar:2.1.0]
	at org.apache.pekko.actor.Actor.aroundReceive(Actor.scala:547) ~[?:?]
	at org.apache.pekko.actor.Actor.aroundReceive$(Actor.scala:545) ~[?:?]
	at org.apache.pekko.actor.AbstractActor.aroundReceive(AbstractActor.scala:229) ~[?:?]
	at org.apache.pekko.actor.ActorCell.receiveMessage(ActorCell.scala:590) ~[?:?]
	at org.apache.pekko.actor.ActorCell.invoke(ActorCell.scala:557) ~[?:?]
	at org.apache.pekko.dispatch.Mailbox.processMailbox(Mailbox.scala:272) ~[?:?]
	at org.apache.pekko.dispatch.Mailbox.run(Mailbox.scala:233) ~[?:?]
	at org.apache.pekko.dispatch.Mailbox.exec(Mailbox.scala:245) ~[?:?]
	at java.base/java.util.concurrent.ForkJoinTask.doExec(Unknown Source) ~[?:?]
	at java.base/java.util.concurrent.ForkJoinPool$WorkQueue.topLevelExec(Unknown Source) ~[?:?]
	at java.base/java.util.concurrent.ForkJoinPool.scan(Unknown Source) ~[?:?]
	at java.base/java.util.concurrent.ForkJoinPool.runWorker(Unknown Source) ~[?:?]
	at java.base/java.util.concurrent.ForkJoinWorkerThread.run(Unknown Source) ~[?:?]
2025-10-05 15:57:03,475 INFO  org.apache.flink.runtime.checkpoint.CheckpointRequestDecider [] - checkpoint request time in queue: 27029
2025-10-05 15:57:03,477 INFO  org.apache.flink.runtime.checkpoint.CheckpointCoordinator    [] - Triggering checkpoint 6 (type=CheckpointType{name='Checkpoint', sharingFilesStrategy=FORWARD_BACKWARD}) @ 1759679823475 for job 709f6c2ea93f9a0847b32b6d544d8450.
2025-10-05 15:57:03,493 INFO  org.apache.flink.runtime.executiongraph.ExecutionGraph       [] - KEYED PROCESS -> Sink: Print to Std. Out (1/1) (c0185d9e02e2def031afeaf337d0c532_90bea66de1c231edf33913ecd54406c1_0_0) switched from RUNNING to FINISHED.
2025-10-05 15:57:03,495 INFO  org.apache.flink.runtime.checkpoint.CheckpointCoordinator    [] - Decline checkpoint 6 by task c0185d9e02e2def031afeaf337d0c532_90bea66de1c231edf33913ecd54406c1_0_0 of job 709f6c2ea93f9a0847b32b6d544d8450 at 127.0.0.1:39023-4b307d @ localhost (dataPort=35377).
org.apache.flink.util.SerializedThrowable: org.apache.flink.runtime.checkpoint.CheckpointException: Task name with subtask : KEYED PROCESS -> Sink: Print to Std. Out (1/1)#0 Failure reason: Checkpoint was declined (tasks not ready)
	at org.apache.flink.runtime.taskmanager.Task.declineCheckpoint(Task.java:1425) ~[flink-dist-2.1.0.jar:2.1.0]
	at org.apache.flink.runtime.taskmanager.Task.declineCheckpoint(Task.java:1418) ~[flink-dist-2.1.0.jar:2.1.0]
	at org.apache.flink.runtime.taskmanager.Task.triggerCheckpointBarrier(Task.java:1412) ~[flink-dist-2.1.0.jar:2.1.0]
	at org.apache.flink.runtime.taskexecutor.TaskExecutor.triggerCheckpoint(TaskExecutor.java:1097) ~[flink-dist-2.1.0.jar:2.1.0]
	at java.base/jdk.internal.reflect.NativeMethodAccessorImpl.invoke0(Native Method) ~[?:?]
	at java.base/jdk.internal.reflect.NativeMethodAccessorImpl.invoke(Unknown Source) ~[?:?]
	at java.base/jdk.internal.reflect.DelegatingMethodAccessorImpl.invoke(Unknown Source) ~[?:?]
	at java.base/java.lang.reflect.Method.invoke(Unknown Source) ~[?:?]
	at org.apache.flink.runtime.rpc.pekko.PekkoRpcActor.lambda$handleRpcInvocation$1(PekkoRpcActor.java:318) ~[?:?]
	at org.apache.flink.runtime.concurrent.ClassLoadingUtils.runWithContextClassLoader(ClassLoadingUtils.java:83) ~[flink-dist-2.1.0.jar:2.1.0]
	at org.apache.flink.runtime.rpc.pekko.PekkoRpcActor.handleRpcInvocation(PekkoRpcActor.java:316) ~[?:?]
	at org.apache.flink.runtime.rpc.pekko.PekkoRpcActor.handleRpcMessage(PekkoRpcActor.java:229) ~[?:?]
	at org.apache.flink.runtime.rpc.pekko.PekkoRpcActor.handleMessage(PekkoRpcActor.java:174) ~[?:?]
	at org.apache.pekko.japi.pf.UnitCaseStatement.apply(CaseStatements.scala:33) ~[?:?]
	at org.apache.pekko.japi.pf.UnitCaseStatement.apply(CaseStatements.scala:29) ~[?:?]
	at scala.PartialFunction.applyOrElse(PartialFunction.scala:127) ~[flink-scala_2.12-2.1.0.jar:2.1.0]
	at scala.PartialFunction.applyOrElse$(PartialFunction.scala:126) ~[flink-scala_2.12-2.1.0.jar:2.1.0]
	at org.apache.pekko.japi.pf.UnitCaseStatement.applyOrElse(CaseStatements.scala:29) ~[?:?]
	at scala.PartialFunction$OrElse.applyOrElse(PartialFunction.scala:175) ~[flink-scala_2.12-2.1.0.jar:2.1.0]
	at scala.PartialFunction$OrElse.applyOrElse(PartialFunction.scala:176) ~[flink-scala_2.12-2.1.0.jar:2.1.0]
	at scala.PartialFunction$OrElse.applyOrElse(PartialFunction.scala:176) ~[flink-scala_2.12-2.1.0.jar:2.1.0]
	at org.apache.pekko.actor.Actor.aroundReceive(Actor.scala:547) ~[?:?]
	at org.apache.pekko.actor.Actor.aroundReceive$(Actor.scala:545) ~[?:?]
	at org.apache.pekko.actor.AbstractActor.aroundReceive(AbstractActor.scala:229) ~[?:?]
	at org.apache.pekko.actor.ActorCell.receiveMessage(ActorCell.scala:590) ~[?:?]
	at org.apache.pekko.actor.ActorCell.invoke(ActorCell.scala:557) ~[?:?]
	at org.apache.pekko.dispatch.Mailbox.processMailbox(Mailbox.scala:272) ~[?:?]
	at org.apache.pekko.dispatch.Mailbox.run(Mailbox.scala:233) ~[?:?]
	at org.apache.pekko.dispatch.Mailbox.exec(Mailbox.scala:245) ~[?:?]
	at java.base/java.util.concurrent.ForkJoinTask.doExec(Unknown Source) ~[?:?]
	at java.base/java.util.concurrent.ForkJoinPool$WorkQueue.topLevelExec(Unknown Source) ~[?:?]
	at java.base/java.util.concurrent.ForkJoinPool.scan(Unknown Source) ~[?:?]
	at java.base/java.util.concurrent.ForkJoinPool.runWorker(Unknown Source) ~[?:?]
	at java.base/java.util.concurrent.ForkJoinWorkerThread.run(Unknown Source) ~[?:?]
2025-10-05 15:57:03,498 WARN  org.apache.flink.runtime.checkpoint.CheckpointFailureManager [] - Failed to trigger or complete checkpoint 6 for job 709f6c2ea93f9a0847b32b6d544d8450. (0 consecutive failed attempts so far)
org.apache.flink.runtime.checkpoint.CheckpointException: Checkpoint was declined (tasks not ready)
	at org.apache.flink.runtime.messages.checkpoint.SerializedCheckpointException.unwrap(SerializedCheckpointException.java:51) ~[flink-dist-2.1.0.jar:2.1.0]
	at org.apache.flink.runtime.checkpoint.CheckpointCoordinator.receiveDeclineMessage(CheckpointCoordinator.java:1146) ~[flink-dist-2.1.0.jar:2.1.0]
	at org.apache.flink.runtime.scheduler.ExecutionGraphHandler.lambda$declineCheckpoint$3(ExecutionGraphHandler.java:123) ~[flink-dist-2.1.0.jar:2.1.0]
	at org.apache.flink.runtime.scheduler.ExecutionGraphHandler.lambda$processCheckpointCoordinatorMessage$4(ExecutionGraphHandler.java:139) ~[flink-dist-2.1.0.jar:2.1.0]
	at org.apache.flink.util.MdcUtils.lambda$wrapRunnable$1(MdcUtils.java:70) ~[flink-dist-2.1.0.jar:2.1.0]
	at java.base/java.util.concurrent.ThreadPoolExecutor.runWorker(Unknown Source) [?:?]
	at java.base/java.util.concurrent.ThreadPoolExecutor$Worker.run(Unknown Source) [?:?]
	at java.base/java.lang.Thread.run(Unknown Source) [?:?]
Caused by: org.apache.flink.util.SerializedThrowable: org.apache.flink.runtime.checkpoint.CheckpointException: Task name with subtask : KEYED PROCESS -> Sink: Print to Std. Out (1/1)#0 Failure reason: Checkpoint was declined (tasks not ready)
	at org.apache.flink.runtime.taskmanager.Task.declineCheckpoint(Task.java:1425) ~[flink-dist-2.1.0.jar:2.1.0]
	at org.apache.flink.runtime.taskmanager.Task.declineCheckpoint(Task.java:1418) ~[flink-dist-2.1.0.jar:2.1.0]
	at org.apache.flink.runtime.taskmanager.Task.triggerCheckpointBarrier(Task.java:1412) ~[flink-dist-2.1.0.jar:2.1.0]
	at org.apache.flink.runtime.taskexecutor.TaskExecutor.triggerCheckpoint(TaskExecutor.java:1097) ~[flink-dist-2.1.0.jar:2.1.0]
	at java.base/jdk.internal.reflect.NativeMethodAccessorImpl.invoke0(Native Method) ~[?:?]
	at java.base/jdk.internal.reflect.NativeMethodAccessorImpl.invoke(Unknown Source) ~[?:?]
	at java.base/jdk.internal.reflect.DelegatingMethodAccessorImpl.invoke(Unknown Source) ~[?:?]
	at java.base/java.lang.reflect.Method.invoke(Unknown Source) ~[?:?]
	at org.apache.flink.runtime.rpc.pekko.PekkoRpcActor.lambda$handleRpcInvocation$1(PekkoRpcActor.java:318) ~[?:?]
	at org.apache.flink.runtime.concurrent.ClassLoadingUtils.runWithContextClassLoader(ClassLoadingUtils.java:83) ~[flink-dist-2.1.0.jar:2.1.0]
	at org.apache.flink.runtime.rpc.pekko.PekkoRpcActor.handleRpcInvocation(PekkoRpcActor.java:316) ~[?:?]
	at org.apache.flink.runtime.rpc.pekko.PekkoRpcActor.handleRpcMessage(PekkoRpcActor.java:229) ~[?:?]
	at org.apache.flink.runtime.rpc.pekko.PekkoRpcActor.handleMessage(PekkoRpcActor.java:174) ~[?:?]
	at org.apache.pekko.japi.pf.UnitCaseStatement.apply(CaseStatements.scala:33) ~[?:?]
	at org.apache.pekko.japi.pf.UnitCaseStatement.apply(CaseStatements.scala:29) ~[?:?]
	at scala.PartialFunction.applyOrElse(PartialFunction.scala:127) ~[flink-scala_2.12-2.1.0.jar:2.1.0]
	at scala.PartialFunction.applyOrElse$(PartialFunction.scala:126) ~[flink-scala_2.12-2.1.0.jar:2.1.0]
	at org.apache.pekko.japi.pf.UnitCaseStatement.applyOrElse(CaseStatements.scala:29) ~[?:?]
	at scala.PartialFunction$OrElse.applyOrElse(PartialFunction.scala:175) ~[flink-scala_2.12-2.1.0.jar:2.1.0]
	at scala.PartialFunction$OrElse.applyOrElse(PartialFunction.scala:176) ~[flink-scala_2.12-2.1.0.jar:2.1.0]
	at scala.PartialFunction$OrElse.applyOrElse(PartialFunction.scala:176) ~[flink-scala_2.12-2.1.0.jar:2.1.0]
	at org.apache.pekko.actor.Actor.aroundReceive(Actor.scala:547) ~[?:?]
	at org.apache.pekko.actor.Actor.aroundReceive$(Actor.scala:545) ~[?:?]
	at org.apache.pekko.actor.AbstractActor.aroundReceive(AbstractActor.scala:229) ~[?:?]
	at org.apache.pekko.actor.ActorCell.receiveMessage(ActorCell.scala:590) ~[?:?]
	at org.apache.pekko.actor.ActorCell.invoke(ActorCell.scala:557) ~[?:?]
	at org.apache.pekko.dispatch.Mailbox.processMailbox(Mailbox.scala:272) ~[?:?]
	at org.apache.pekko.dispatch.Mailbox.run(Mailbox.scala:233) ~[?:?]
	at org.apache.pekko.dispatch.Mailbox.exec(Mailbox.scala:245) ~[?:?]
	at java.base/java.util.concurrent.ForkJoinTask.doExec(Unknown Source) ~[?:?]
	at java.base/java.util.concurrent.ForkJoinPool$WorkQueue.topLevelExec(Unknown Source) ~[?:?]
	at java.base/java.util.concurrent.ForkJoinPool.scan(Unknown Source) ~[?:?]
	at java.base/java.util.concurrent.ForkJoinPool.runWorker(Unknown Source) ~[?:?]
	at java.base/java.util.concurrent.ForkJoinWorkerThread.run(Unknown Source) ~[?:?]
2025-10-05 15:57:03,503 INFO  org.apache.flink.runtime.checkpoint.CheckpointRequestDecider [] - checkpoint request time in queue: 26556
2025-10-05 15:57:03,518 INFO  org.apache.flink.runtime.executiongraph.ExecutionGraph       [] - Job Word Counter (709f6c2ea93f9a0847b32b6d544d8450) switched from state RUNNING to FINISHED.
2025-10-05 15:57:03,519 INFO  org.apache.flink.runtime.checkpoint.CheckpointCoordinator    [] - Stopping checkpoint coordinator for job 709f6c2ea93f9a0847b32b6d544d8450.
2025-10-05 15:57:03,530 INFO  org.apache.flink.runtime.dispatcher.StandaloneDispatcher     [] - Job 709f6c2ea93f9a0847b32b6d544d8450 reached terminal state FINISHED.
2025-10-05 15:57:03,534 INFO  org.apache.flink.runtime.resourcemanager.slotmanager.FineGrainedSlotManager [] - Clearing resource requirements of job 709f6c2ea93f9a0847b32b6d544d8450
2025-10-05 15:57:03,587 INFO  org.apache.flink.runtime.jobmaster.JobMaster                 [] - Stopping the JobMaster for job 'Word Counter' (709f6c2ea93f9a0847b32b6d544d8450).
2025-10-05 15:57:03,595 INFO  org.apache.flink.runtime.checkpoint.StandaloneCompletedCheckpointStore [] - Shutting down
2025-10-05 15:57:03,599 INFO  org.apache.flink.runtime.jobmaster.slotpool.DefaultDeclarativeSlotPool [] - Releasing slot [5444a759d421f327059649d61279eb5b].
2025-10-05 15:57:03,602 INFO  org.apache.flink.runtime.jobmaster.JobMaster                 [] - Disconnect TaskExecutor 127.0.0.1:39023-4b307d because: Stopping JobMaster for job 'Word Counter' (709f6c2ea93f9a0847b32b6d544d8450).
2025-10-05 15:57:03,603 INFO  org.apache.flink.runtime.jobmaster.JobMaster                 [] - Close ResourceManager connection cc2422ecffd206b58bb6ed7ade52861c: Stopping JobMaster for job 'Word Counter' (709f6c2ea93f9a0847b32b6d544d8450).
2025-10-05 15:57:03,606 INFO  org.apache.flink.runtime.resourcemanager.StandaloneResourceManager [] - Disconnect job manager 00000000000000000000000000000000@pekko.tcp://flink@29d13d714d9e:6123/user/rpc/jobmanager_2 for job 709f6c2ea93f9a0847b32b6d544d8450 from the resource manager.
2025-10-05 15:57:03,656 INFO  org.apache.flink.runtime.resourcemanager.slotmanager.DefaultSlotStatusSyncer [] - Freeing slot 5444a759d421f327059649d61279eb5b.
