2025-10-22 18:45:21,877 INFO  org.apache.flink.runtime.taskexecutor.TaskManagerRunner      [] - --------------------------------------------------------------------------------
2025-10-22 18:45:21,879 INFO  org.apache.flink.runtime.taskexecutor.TaskManagerRunner      [] -  Preconfiguration: 
2025-10-22 18:45:21,879 INFO  org.apache.flink.runtime.taskexecutor.TaskManagerRunner      [] - 


RESOURCE_PARAMS extraction logs:
jvm_params: -Xmx536870902 -Xms536870902 -XX:MaxDirectMemorySize=268435458 -XX:MaxMetaspaceSize=268435456
dynamic_configs: -D taskmanager.memory.network.min=134217730b -D taskmanager.cpu.cores=1.0 -D taskmanager.memory.task.off-heap.size=0b -D taskmanager.memory.jvm-metaspace.size=268435456b -D external-resources=none -D taskmanager.memory.jvm-overhead.min=201326592b -D taskmanager.memory.framework.off-heap.size=134217728b -D taskmanager.memory.network.max=134217730b -D taskmanager.memory.framework.heap.size=134217728b -D taskmanager.memory.managed.size=536870920b -D taskmanager.memory.task.heap.size=402653174b -D taskmanager.numberOfTaskSlots=1 -D taskmanager.memory.jvm-overhead.max=201326592b
logs: INFO  [] - Using standard YAML parser to load flink configuration file from /opt/flink/conf/config.yaml.
INFO  [] - Loading configuration property: blob.server.port, 6124
INFO  [] - Loading configuration property: taskmanager.memory.process.size, 1728m
INFO  [] - Loading configuration property: taskmanager.bind-host, 0.0.0.0
INFO  [] - Loading configuration property: jobmanager.execution.failover-strategy, region
INFO  [] - Loading configuration property: jobmanager.rpc.address, e030d7f5ba55
INFO  [] - Loading configuration property: execution.checkpointing.incremental, false
INFO  [] - Loading configuration property: state.backend.rocksdb.localdir, /tmp/rocksdb
INFO  [] - Loading configuration property: execution.target, remote
INFO  [] - Loading configuration property: jobmanager.memory.process.size, 1600m
INFO  [] - Loading configuration property: jobmanager.rpc.port, 6123
INFO  [] - Loading configuration property: query.server.port, 6125
INFO  [] - Loading configuration property: rest.bind-address, 0.0.0.0
INFO  [] - Loading configuration property: jobmanager.bind-host, 0.0.0.0
INFO  [] - Loading configuration property: execution.checkpointing.savepoint-dir, file:///tmp/flink-checkpoints
INFO  [] - Loading configuration property: taskmanager.host, 127.0.0.1
INFO  [] - Loading configuration property: execution.checkpointing.externalized-checkpoint-retention, RETAIN_ON_CANCELLATION
INFO  [] - Loading configuration property: parallelism.default, 1
INFO  [] - Loading configuration property: taskmanager.numberOfTaskSlots, 1
INFO  [] - Loading configuration property: execution.checkpointing.local-backup.enabled, true
INFO  [] - Loading configuration property: rest.address, 127.0.0.1
INFO  [] - Loading configuration property: execution.state-recovery.ignore-unclaimed-state, true
INFO  [] - Loading configuration property: execution.checkpointing.dir, file:///tmp/flink-checkpoints
INFO  [] - Loading configuration property: env.java.opts.all, --add-exports=java.rmi/sun.rmi.registry=ALL-UNNAMED --add-exports=java.security.jgss/sun.security.krb5=ALL-UNNAMED --add-opens=java.base/java.lang=ALL-UNNAMED --add-opens=java.base/java.net=ALL-UNNAMED --add-opens=java.base/java.io=ALL-UNNAMED --add-opens=java.base/java.nio=ALL-UNNAMED --add-opens=java.base/sun.nio.ch=ALL-UNNAMED --add-opens=java.base/java.lang.reflect=ALL-UNNAMED --add-opens=java.base/java.text=ALL-UNNAMED --add-opens=java.base/java.time=ALL-UNNAMED --add-opens=java.base/java.util=ALL-UNNAMED --add-opens=java.base/java.util.concurrent=ALL-UNNAMED --add-opens=java.base/java.util.concurrent.atomic=ALL-UNNAMED --add-opens=java.base/java.util.concurrent.locks=ALL-UNNAMED
INFO  [] - Loading configuration property: state.backend.type, rocksdb
INFO  [] - The derived from fraction jvm overhead memory (172.800mb (181193935 bytes)) is less than its min value 192.000mb (201326592 bytes), min value will be used instead
INFO  [] - Final TaskExecutor Memory configuration:
INFO  [] -   Total Process Memory:          1.688gb (1811939328 bytes)
INFO  [] -     Total Flink Memory:          1.250gb (1342177280 bytes)
INFO  [] -       Total JVM Heap Memory:     512.000mb (536870902 bytes)
INFO  [] -         Framework:               128.000mb (134217728 bytes)
INFO  [] -         Task:                    384.000mb (402653174 bytes)
INFO  [] -       Total Off-heap Memory:     768.000mb (805306378 bytes)
INFO  [] -         Managed:                 512.000mb (536870920 bytes)
INFO  [] -         Total JVM Direct Memory: 256.000mb (268435458 bytes)
INFO  [] -           Framework:             128.000mb (134217728 bytes)
INFO  [] -           Task:                  0 bytes
INFO  [] -           Network:               128.000mb (134217730 bytes)
INFO  [] -     JVM Metaspace:               256.000mb (268435456 bytes)
INFO  [] -     JVM Overhead:                192.000mb (201326592 bytes)

2025-10-22 18:45:21,880 INFO  org.apache.flink.runtime.taskexecutor.TaskManagerRunner      [] - --------------------------------------------------------------------------------
2025-10-22 18:45:21,887 INFO  org.apache.flink.runtime.taskexecutor.TaskManagerRunner      [] -  Starting TaskManager (Version: 2.1.0, Scala: 2.12, Rev:4cb6bd3, Date:2025-07-21T13:23:51+02:00)
2025-10-22 18:45:21,888 INFO  org.apache.flink.runtime.taskexecutor.TaskManagerRunner      [] -  OS current user: flink
2025-10-22 18:45:21,888 INFO  org.apache.flink.runtime.taskexecutor.TaskManagerRunner      [] -  Current Hadoop/Kerberos user: <no hadoop dependency found>
2025-10-22 18:45:21,888 INFO  org.apache.flink.runtime.taskexecutor.TaskManagerRunner      [] -  JVM: OpenJDK 64-Bit Server VM - Eclipse Adoptium - 17/17.0.16+8
2025-10-22 18:45:21,889 INFO  org.apache.flink.runtime.taskexecutor.TaskManagerRunner      [] -  Arch: amd64
2025-10-22 18:45:21,891 INFO  org.apache.flink.runtime.taskexecutor.TaskManagerRunner      [] -  Maximum heap size: 512 MiBytes
2025-10-22 18:45:21,892 INFO  org.apache.flink.runtime.taskexecutor.TaskManagerRunner      [] -  JAVA_HOME: /opt/java/openjdk
2025-10-22 18:45:21,892 INFO  org.apache.flink.runtime.taskexecutor.TaskManagerRunner      [] -  No Hadoop Dependency available
2025-10-22 18:45:21,892 INFO  org.apache.flink.runtime.taskexecutor.TaskManagerRunner      [] -  JVM Options:
2025-10-22 18:45:21,892 INFO  org.apache.flink.runtime.taskexecutor.TaskManagerRunner      [] -     -Xmx536870902
2025-10-22 18:45:21,893 INFO  org.apache.flink.runtime.taskexecutor.TaskManagerRunner      [] -     -Xms536870902
2025-10-22 18:45:21,893 INFO  org.apache.flink.runtime.taskexecutor.TaskManagerRunner      [] -     -XX:MaxDirectMemorySize=268435458
2025-10-22 18:45:21,893 INFO  org.apache.flink.runtime.taskexecutor.TaskManagerRunner      [] -     -XX:MaxMetaspaceSize=268435456
2025-10-22 18:45:21,893 INFO  org.apache.flink.runtime.taskexecutor.TaskManagerRunner      [] -     -XX:+IgnoreUnrecognizedVMOptions
2025-10-22 18:45:21,893 INFO  org.apache.flink.runtime.taskexecutor.TaskManagerRunner      [] -     --add-exports=java.rmi/sun.rmi.registry=ALL-UNNAMED
2025-10-22 18:45:21,893 INFO  org.apache.flink.runtime.taskexecutor.TaskManagerRunner      [] -     --add-exports=java.security.jgss/sun.security.krb5=ALL-UNNAMED
2025-10-22 18:45:21,894 INFO  org.apache.flink.runtime.taskexecutor.TaskManagerRunner      [] -     --add-opens=java.base/java.lang=ALL-UNNAMED
2025-10-22 18:45:21,894 INFO  org.apache.flink.runtime.taskexecutor.TaskManagerRunner      [] -     --add-opens=java.base/java.net=ALL-UNNAMED
2025-10-22 18:45:21,894 INFO  org.apache.flink.runtime.taskexecutor.TaskManagerRunner      [] -     --add-opens=java.base/java.io=ALL-UNNAMED
2025-10-22 18:45:21,894 INFO  org.apache.flink.runtime.taskexecutor.TaskManagerRunner      [] -     --add-opens=java.base/java.nio=ALL-UNNAMED
2025-10-22 18:45:21,894 INFO  org.apache.flink.runtime.taskexecutor.TaskManagerRunner      [] -     --add-opens=java.base/sun.nio.ch=ALL-UNNAMED
2025-10-22 18:45:21,894 INFO  org.apache.flink.runtime.taskexecutor.TaskManagerRunner      [] -     --add-opens=java.base/java.lang.reflect=ALL-UNNAMED
2025-10-22 18:45:21,895 INFO  org.apache.flink.runtime.taskexecutor.TaskManagerRunner      [] -     --add-opens=java.base/java.text=ALL-UNNAMED
2025-10-22 18:45:21,895 INFO  org.apache.flink.runtime.taskexecutor.TaskManagerRunner      [] -     --add-opens=java.base/java.time=ALL-UNNAMED
2025-10-22 18:45:21,895 INFO  org.apache.flink.runtime.taskexecutor.TaskManagerRunner      [] -     --add-opens=java.base/java.util=ALL-UNNAMED
2025-10-22 18:45:21,895 INFO  org.apache.flink.runtime.taskexecutor.TaskManagerRunner      [] -     --add-opens=java.base/java.util.concurrent=ALL-UNNAMED
2025-10-22 18:45:21,895 INFO  org.apache.flink.runtime.taskexecutor.TaskManagerRunner      [] -     --add-opens=java.base/java.util.concurrent.atomic=ALL-UNNAMED
2025-10-22 18:45:21,895 INFO  org.apache.flink.runtime.taskexecutor.TaskManagerRunner      [] -     --add-opens=java.base/java.util.concurrent.locks=ALL-UNNAMED
2025-10-22 18:45:21,896 INFO  org.apache.flink.runtime.taskexecutor.TaskManagerRunner      [] -     -Dlog.file=/opt/flink/log/flink--taskexecutor-0-e030d7f5ba55.log
2025-10-22 18:45:21,896 INFO  org.apache.flink.runtime.taskexecutor.TaskManagerRunner      [] -     -Dlog4j.configuration=file:/opt/flink/conf/log4j.properties
2025-10-22 18:45:21,896 INFO  org.apache.flink.runtime.taskexecutor.TaskManagerRunner      [] -     -Dlog4j.configurationFile=file:/opt/flink/conf/log4j.properties
2025-10-22 18:45:21,896 INFO  org.apache.flink.runtime.taskexecutor.TaskManagerRunner      [] -     -Dlogback.configurationFile=file:/opt/flink/conf/logback.xml
2025-10-22 18:45:21,896 INFO  org.apache.flink.runtime.taskexecutor.TaskManagerRunner      [] -  Program Arguments:
2025-10-22 18:45:21,897 INFO  org.apache.flink.runtime.taskexecutor.TaskManagerRunner      [] -     --configDir
2025-10-22 18:45:21,898 INFO  org.apache.flink.runtime.taskexecutor.TaskManagerRunner      [] -     /opt/flink/conf
2025-10-22 18:45:21,898 INFO  org.apache.flink.runtime.taskexecutor.TaskManagerRunner      [] -     -D
2025-10-22 18:45:21,898 INFO  org.apache.flink.runtime.taskexecutor.TaskManagerRunner      [] -     taskmanager.memory.network.min=134217730b
2025-10-22 18:45:21,898 INFO  org.apache.flink.runtime.taskexecutor.TaskManagerRunner      [] -     -D
2025-10-22 18:45:21,898 INFO  org.apache.flink.runtime.taskexecutor.TaskManagerRunner      [] -     taskmanager.cpu.cores=1.0
2025-10-22 18:45:21,898 INFO  org.apache.flink.runtime.taskexecutor.TaskManagerRunner      [] -     -D
2025-10-22 18:45:21,899 INFO  org.apache.flink.runtime.taskexecutor.TaskManagerRunner      [] -     taskmanager.memory.task.off-heap.size=0b
2025-10-22 18:45:21,899 INFO  org.apache.flink.runtime.taskexecutor.TaskManagerRunner      [] -     -D
2025-10-22 18:45:21,899 INFO  org.apache.flink.runtime.taskexecutor.TaskManagerRunner      [] -     taskmanager.memory.jvm-metaspace.size=268435456b
2025-10-22 18:45:21,899 INFO  org.apache.flink.runtime.taskexecutor.TaskManagerRunner      [] -     -D
2025-10-22 18:45:21,899 INFO  org.apache.flink.runtime.taskexecutor.TaskManagerRunner      [] -     external-resources=none
2025-10-22 18:45:21,900 INFO  org.apache.flink.runtime.taskexecutor.TaskManagerRunner      [] -     -D
2025-10-22 18:45:21,900 INFO  org.apache.flink.runtime.taskexecutor.TaskManagerRunner      [] -     taskmanager.memory.jvm-overhead.min=201326592b
2025-10-22 18:45:21,900 INFO  org.apache.flink.runtime.taskexecutor.TaskManagerRunner      [] -     -D
2025-10-22 18:45:21,900 INFO  org.apache.flink.runtime.taskexecutor.TaskManagerRunner      [] -     taskmanager.memory.framework.off-heap.size=134217728b
2025-10-22 18:45:21,900 INFO  org.apache.flink.runtime.taskexecutor.TaskManagerRunner      [] -     -D
2025-10-22 18:45:21,900 INFO  org.apache.flink.runtime.taskexecutor.TaskManagerRunner      [] -     taskmanager.memory.network.max=134217730b
2025-10-22 18:45:21,900 INFO  org.apache.flink.runtime.taskexecutor.TaskManagerRunner      [] -     -D
2025-10-22 18:45:21,901 INFO  org.apache.flink.runtime.taskexecutor.TaskManagerRunner      [] -     taskmanager.memory.framework.heap.size=134217728b
2025-10-22 18:45:21,901 INFO  org.apache.flink.runtime.taskexecutor.TaskManagerRunner      [] -     -D
2025-10-22 18:45:21,901 INFO  org.apache.flink.runtime.taskexecutor.TaskManagerRunner      [] -     taskmanager.memory.managed.size=536870920b
2025-10-22 18:45:21,901 INFO  org.apache.flink.runtime.taskexecutor.TaskManagerRunner      [] -     -D
2025-10-22 18:45:21,901 INFO  org.apache.flink.runtime.taskexecutor.TaskManagerRunner      [] -     taskmanager.memory.task.heap.size=402653174b
2025-10-22 18:45:21,901 INFO  org.apache.flink.runtime.taskexecutor.TaskManagerRunner      [] -     -D
2025-10-22 18:45:21,902 INFO  org.apache.flink.runtime.taskexecutor.TaskManagerRunner      [] -     taskmanager.numberOfTaskSlots=1
2025-10-22 18:45:21,902 INFO  org.apache.flink.runtime.taskexecutor.TaskManagerRunner      [] -     -D
2025-10-22 18:45:21,903 INFO  org.apache.flink.runtime.taskexecutor.TaskManagerRunner      [] -     taskmanager.memory.jvm-overhead.max=201326592b
2025-10-22 18:45:21,903 INFO  org.apache.flink.runtime.taskexecutor.TaskManagerRunner      [] -  Classpath: /opt/flink/lib/flink-cep-2.1.0.jar:/opt/flink/lib/flink-connector-files-2.1.0.jar:/opt/flink/lib/flink-csv-2.1.0.jar:/opt/flink/lib/flink-json-2.1.0.jar:/opt/flink/lib/flink-scala_2.12-2.1.0.jar:/opt/flink/lib/flink-table-api-java-uber-2.1.0.jar:/opt/flink/lib/flink-table-planner-loader-2.1.0.jar:/opt/flink/lib/flink-table-runtime-2.1.0.jar:/opt/flink/lib/log4j-1.2-api-2.24.3.jar:/opt/flink/lib/log4j-api-2.24.3.jar:/opt/flink/lib/log4j-core-2.24.3.jar:/opt/flink/lib/log4j-layout-template-json-2.24.3.jar:/opt/flink/lib/log4j-slf4j-impl-2.24.3.jar:/opt/flink/lib/flink-dist-2.1.0.jar::::
2025-10-22 18:45:21,903 INFO  org.apache.flink.runtime.taskexecutor.TaskManagerRunner      [] - --------------------------------------------------------------------------------
2025-10-22 18:45:21,904 INFO  org.apache.flink.runtime.taskexecutor.TaskManagerRunner      [] - Registered UNIX signal handlers for [TERM, HUP, INT]
2025-10-22 18:45:21,921 INFO  org.apache.flink.runtime.taskexecutor.TaskManagerRunner      [] - Maximum number of open file descriptors is 1048576.
2025-10-22 18:45:21,926 INFO  org.apache.flink.configuration.GlobalConfiguration           [] - Using standard YAML parser to load flink configuration file from /opt/flink/conf/config.yaml.
2025-10-22 18:45:21,986 INFO  org.apache.flink.configuration.GlobalConfiguration           [] - Loading configuration property: blob.server.port, 6124
2025-10-22 18:45:21,986 INFO  org.apache.flink.configuration.GlobalConfiguration           [] - Loading configuration property: taskmanager.memory.process.size, 1728m
2025-10-22 18:45:21,986 INFO  org.apache.flink.configuration.GlobalConfiguration           [] - Loading configuration property: taskmanager.bind-host, 0.0.0.0
2025-10-22 18:45:21,986 INFO  org.apache.flink.configuration.GlobalConfiguration           [] - Loading configuration property: jobmanager.execution.failover-strategy, region
2025-10-22 18:45:21,986 INFO  org.apache.flink.configuration.GlobalConfiguration           [] - Loading configuration property: jobmanager.rpc.address, e030d7f5ba55
2025-10-22 18:45:21,986 INFO  org.apache.flink.configuration.GlobalConfiguration           [] - Loading configuration property: execution.checkpointing.incremental, false
2025-10-22 18:45:21,987 INFO  org.apache.flink.configuration.GlobalConfiguration           [] - Loading configuration property: state.backend.rocksdb.localdir, /tmp/rocksdb
2025-10-22 18:45:21,987 INFO  org.apache.flink.configuration.GlobalConfiguration           [] - Loading configuration property: execution.target, remote
2025-10-22 18:45:21,987 INFO  org.apache.flink.configuration.GlobalConfiguration           [] - Loading configuration property: jobmanager.memory.process.size, 1600m
2025-10-22 18:45:21,987 INFO  org.apache.flink.configuration.GlobalConfiguration           [] - Loading configuration property: jobmanager.rpc.port, 6123
2025-10-22 18:45:21,987 INFO  org.apache.flink.configuration.GlobalConfiguration           [] - Loading configuration property: query.server.port, 6125
2025-10-22 18:45:21,987 INFO  org.apache.flink.configuration.GlobalConfiguration           [] - Loading configuration property: rest.bind-address, 0.0.0.0
2025-10-22 18:45:21,987 INFO  org.apache.flink.configuration.GlobalConfiguration           [] - Loading configuration property: jobmanager.bind-host, 0.0.0.0
2025-10-22 18:45:21,987 INFO  org.apache.flink.configuration.GlobalConfiguration           [] - Loading configuration property: execution.checkpointing.savepoint-dir, file:///tmp/flink-checkpoints
2025-10-22 18:45:21,987 INFO  org.apache.flink.configuration.GlobalConfiguration           [] - Loading configuration property: taskmanager.host, 127.0.0.1
2025-10-22 18:45:21,988 INFO  org.apache.flink.configuration.GlobalConfiguration           [] - Loading configuration property: execution.checkpointing.externalized-checkpoint-retention, RETAIN_ON_CANCELLATION
2025-10-22 18:45:21,989 INFO  org.apache.flink.configuration.GlobalConfiguration           [] - Loading configuration property: parallelism.default, 1
2025-10-22 18:45:21,989 INFO  org.apache.flink.configuration.GlobalConfiguration           [] - Loading configuration property: taskmanager.numberOfTaskSlots, 1
2025-10-22 18:45:21,989 INFO  org.apache.flink.configuration.GlobalConfiguration           [] - Loading configuration property: execution.checkpointing.local-backup.enabled, true
2025-10-22 18:45:21,989 INFO  org.apache.flink.configuration.GlobalConfiguration           [] - Loading configuration property: rest.address, 127.0.0.1
2025-10-22 18:45:21,989 INFO  org.apache.flink.configuration.GlobalConfiguration           [] - Loading configuration property: execution.state-recovery.ignore-unclaimed-state, true
2025-10-22 18:45:21,989 INFO  org.apache.flink.configuration.GlobalConfiguration           [] - Loading configuration property: execution.checkpointing.dir, file:///tmp/flink-checkpoints
2025-10-22 18:45:21,989 INFO  org.apache.flink.configuration.GlobalConfiguration           [] - Loading configuration property: env.java.opts.all, --add-exports=java.rmi/sun.rmi.registry=ALL-UNNAMED --add-exports=java.security.jgss/sun.security.krb5=ALL-UNNAMED --add-opens=java.base/java.lang=ALL-UNNAMED --add-opens=java.base/java.net=ALL-UNNAMED --add-opens=java.base/java.io=ALL-UNNAMED --add-opens=java.base/java.nio=ALL-UNNAMED --add-opens=java.base/sun.nio.ch=ALL-UNNAMED --add-opens=java.base/java.lang.reflect=ALL-UNNAMED --add-opens=java.base/java.text=ALL-UNNAMED --add-opens=java.base/java.time=ALL-UNNAMED --add-opens=java.base/java.util=ALL-UNNAMED --add-opens=java.base/java.util.concurrent=ALL-UNNAMED --add-opens=java.base/java.util.concurrent.atomic=ALL-UNNAMED --add-opens=java.base/java.util.concurrent.locks=ALL-UNNAMED
2025-10-22 18:45:21,990 INFO  org.apache.flink.configuration.GlobalConfiguration           [] - Loading configuration property: state.backend.type, rocksdb
2025-10-22 18:45:21,990 INFO  org.apache.flink.configuration.GlobalConfiguration           [] - Loading dynamic configuration property: taskmanager.memory.network.min, 134217730b
2025-10-22 18:45:21,990 INFO  org.apache.flink.configuration.GlobalConfiguration           [] - Loading dynamic configuration property: taskmanager.memory.jvm-metaspace.size, 268435456b
2025-10-22 18:45:21,990 INFO  org.apache.flink.configuration.GlobalConfiguration           [] - Loading dynamic configuration property: taskmanager.memory.task.off-heap.size, 0b
2025-10-22 18:45:21,990 INFO  org.apache.flink.configuration.GlobalConfiguration           [] - Loading dynamic configuration property: taskmanager.cpu.cores, 1.0
2025-10-22 18:45:21,990 INFO  org.apache.flink.configuration.GlobalConfiguration           [] - Loading dynamic configuration property: external-resources, none
2025-10-22 18:45:21,990 INFO  org.apache.flink.configuration.GlobalConfiguration           [] - Loading dynamic configuration property: taskmanager.memory.jvm-overhead.min, 201326592b
2025-10-22 18:45:21,990 INFO  org.apache.flink.configuration.GlobalConfiguration           [] - Loading dynamic configuration property: taskmanager.memory.framework.off-heap.size, 134217728b
2025-10-22 18:45:21,990 INFO  org.apache.flink.configuration.GlobalConfiguration           [] - Loading dynamic configuration property: taskmanager.memory.network.max, 134217730b
2025-10-22 18:45:21,990 INFO  org.apache.flink.configuration.GlobalConfiguration           [] - Loading dynamic configuration property: taskmanager.memory.framework.heap.size, 134217728b
2025-10-22 18:45:21,991 INFO  org.apache.flink.configuration.GlobalConfiguration           [] - Loading dynamic configuration property: taskmanager.memory.managed.size, 536870920b
2025-10-22 18:45:21,991 INFO  org.apache.flink.configuration.GlobalConfiguration           [] - Loading dynamic configuration property: taskmanager.memory.task.heap.size, 402653174b
2025-10-22 18:45:21,992 INFO  org.apache.flink.configuration.GlobalConfiguration           [] - Loading dynamic configuration property: taskmanager.numberOfTaskSlots, 1
2025-10-22 18:45:21,992 INFO  org.apache.flink.configuration.GlobalConfiguration           [] - Loading dynamic configuration property: taskmanager.memory.jvm-overhead.max, 201326592b
2025-10-22 18:45:22,032 INFO  org.apache.flink.core.fs.FileSystem                          [] - Hadoop is not in the classpath/dependencies. The extended set of supported File Systems via Hadoop is not available.
2025-10-22 18:45:22,044 INFO  org.apache.flink.core.plugin.DefaultPluginManager            [] - Plugin loader with ID not found, creating it: metrics-statsd
2025-10-22 18:45:22,047 INFO  org.apache.flink.core.plugin.DefaultPluginManager            [] - Plugin loader with ID not found, creating it: metrics-jmx
2025-10-22 18:45:22,048 INFO  org.apache.flink.core.plugin.DefaultPluginManager            [] - Plugin loader with ID not found, creating it: metrics-prometheus
2025-10-22 18:45:22,048 INFO  org.apache.flink.core.plugin.DefaultPluginManager            [] - Plugin loader with ID not found, creating it: metrics-influx
2025-10-22 18:45:22,048 INFO  org.apache.flink.core.plugin.DefaultPluginManager            [] - Plugin loader with ID not found, creating it: metrics-slf4j
2025-10-22 18:45:22,048 INFO  org.apache.flink.core.plugin.DefaultPluginManager            [] - Plugin loader with ID not found, creating it: metrics-otel
2025-10-22 18:45:22,048 INFO  org.apache.flink.core.plugin.DefaultPluginManager            [] - Plugin loader with ID not found, creating it: metrics-datadog
2025-10-22 18:45:22,049 INFO  org.apache.flink.core.plugin.DefaultPluginManager            [] - Plugin loader with ID not found, creating it: metrics-graphite
2025-10-22 18:45:22,049 INFO  org.apache.flink.core.plugin.DefaultPluginManager            [] - Plugin loader with ID not found, creating it: external-resource-gpu
2025-10-22 18:45:22,068 INFO  org.apache.flink.runtime.state.changelog.StateChangelogStorageLoader [] - StateChangelogStorageLoader initialized with shortcut names {memory,filesystem}.
2025-10-22 18:45:22,068 INFO  org.apache.flink.core.plugin.DefaultPluginManager            [] - Plugin loader with ID found, reusing it: metrics-statsd
2025-10-22 18:45:22,068 INFO  org.apache.flink.core.plugin.DefaultPluginManager            [] - Plugin loader with ID found, reusing it: metrics-jmx
2025-10-22 18:45:22,069 INFO  org.apache.flink.core.plugin.DefaultPluginManager            [] - Plugin loader with ID found, reusing it: metrics-prometheus
2025-10-22 18:45:22,069 INFO  org.apache.flink.core.plugin.DefaultPluginManager            [] - Plugin loader with ID found, reusing it: metrics-influx
2025-10-22 18:45:22,069 INFO  org.apache.flink.core.plugin.DefaultPluginManager            [] - Plugin loader with ID found, reusing it: metrics-slf4j
2025-10-22 18:45:22,069 INFO  org.apache.flink.core.plugin.DefaultPluginManager            [] - Plugin loader with ID found, reusing it: metrics-otel
2025-10-22 18:45:22,069 INFO  org.apache.flink.core.plugin.DefaultPluginManager            [] - Plugin loader with ID found, reusing it: metrics-datadog
2025-10-22 18:45:22,069 INFO  org.apache.flink.core.plugin.DefaultPluginManager            [] - Plugin loader with ID found, reusing it: metrics-graphite
2025-10-22 18:45:22,069 INFO  org.apache.flink.core.plugin.DefaultPluginManager            [] - Plugin loader with ID found, reusing it: external-resource-gpu
2025-10-22 18:45:22,070 INFO  org.apache.flink.runtime.state.changelog.StateChangelogStorageLoader [] - StateChangelogStorageLoader initialized with shortcut names {memory,filesystem}.
2025-10-22 18:45:22,084 INFO  org.apache.flink.runtime.security.modules.HadoopModuleFactory [] - Cannot create Hadoop Security Module because Hadoop cannot be found in the Classpath.
2025-10-22 18:45:22,105 INFO  org.apache.flink.runtime.security.modules.JaasModule         [] - Jaas file will be created as /tmp/jaas-7885222068724435967.conf.
2025-10-22 18:45:22,110 INFO  org.apache.flink.runtime.security.contexts.HadoopSecurityContextFactory [] - Cannot install HadoopSecurityContext because Hadoop cannot be found in the Classpath.
2025-10-22 18:45:22,342 INFO  org.apache.flink.runtime.taskexecutor.TaskManagerRunner      [] - Using configured hostname/address for TaskManager: 127.0.0.1.
2025-10-22 18:45:22,403 INFO  org.apache.flink.runtime.rpc.pekko.PekkoRpcServiceUtils      [] - Trying to start actor system, external address 127.0.0.1:0, bind address 0.0.0.0:0.
2025-10-22 18:45:23,119 INFO  org.apache.pekko.event.slf4j.Slf4jLogger                     [] - Slf4jLogger started
2025-10-22 18:45:23,184 INFO  org.apache.pekko.remote.RemoteActorRefProvider               [] - Pekko Cluster not in use - enabling unsafe features anyway because `pekko.remote.use-unsafe-remote-features-outside-cluster` has been enabled.
2025-10-22 18:45:23,191 INFO  org.apache.pekko.remote.Remoting                             [] - Starting remoting
2025-10-22 18:45:23,537 INFO  org.apache.pekko.remote.Remoting                             [] - Remoting started; listening on addresses :[pekko.tcp://flink@127.0.0.1:36081]
2025-10-22 18:45:23,622 INFO  org.apache.flink.runtime.rpc.pekko.PekkoRpcServiceUtils      [] - Actor system started at pekko.tcp://flink@127.0.0.1:36081
2025-10-22 18:45:23,639 INFO  org.apache.flink.runtime.taskexecutor.TaskManagerRunner      [] - Using working directory: WorkingDirectory(/tmp/tm_127.0.0.1:36081-489642)
2025-10-22 18:45:23,656 INFO  org.apache.flink.runtime.metrics.MetricRegistryImpl          [] - No metrics reporter configured, no metrics will be exposed/reported.
2025-10-22 18:45:23,657 INFO  org.apache.flink.runtime.metrics.MetricRegistryImpl          [] - No trace reporter configured, no traces will be exposed/reported.
2025-10-22 18:45:23,657 INFO  org.apache.flink.runtime.metrics.MetricRegistryImpl          [] - No event reporter configured, no events will be exposed/reported.
2025-10-22 18:45:23,660 INFO  org.apache.flink.runtime.rpc.pekko.PekkoRpcServiceUtils      [] - Trying to start actor system, external address 127.0.0.1:0, bind address 0.0.0.0:0.
2025-10-22 18:45:23,685 INFO  org.apache.pekko.event.slf4j.Slf4jLogger                     [] - Slf4jLogger started
2025-10-22 18:45:23,688 INFO  org.apache.pekko.remote.RemoteActorRefProvider               [] - Pekko Cluster not in use - enabling unsafe features anyway because `pekko.remote.use-unsafe-remote-features-outside-cluster` has been enabled.
2025-10-22 18:45:23,689 INFO  org.apache.pekko.remote.Remoting                             [] - Starting remoting
2025-10-22 18:45:23,703 INFO  org.apache.pekko.remote.Remoting                             [] - Remoting started; listening on addresses :[pekko.tcp://flink-metrics@127.0.0.1:34925]
2025-10-22 18:45:23,711 INFO  org.apache.flink.runtime.rpc.pekko.PekkoRpcServiceUtils      [] - Actor system started at pekko.tcp://flink-metrics@127.0.0.1:34925
2025-10-22 18:45:23,726 INFO  org.apache.flink.runtime.rpc.pekko.PekkoRpcService           [] - Starting RPC endpoint for org.apache.flink.runtime.metrics.dump.MetricQueryService at pekko://flink-metrics/user/rpc/MetricQueryService_127.0.0.1:36081-489642 .
2025-10-22 18:45:23,742 INFO  org.apache.flink.runtime.blob.PermanentBlobCache             [] - Created BLOB cache storage directory /tmp/tm_127.0.0.1:36081-489642/blobStorage
2025-10-22 18:45:23,745 INFO  org.apache.flink.runtime.blob.TransientBlobCache             [] - Created BLOB cache storage directory /tmp/tm_127.0.0.1:36081-489642/blobStorage
2025-10-22 18:45:23,749 INFO  org.apache.flink.runtime.externalresource.ExternalResourceUtils [] - Enabled external resources: []
2025-10-22 18:45:23,750 INFO  org.apache.flink.runtime.security.token.DelegationTokenReceiverRepository [] - Loading delegation token receivers
2025-10-22 18:45:23,753 INFO  org.apache.flink.runtime.security.token.DelegationTokenReceiverRepository [] - Delegation token receiver hadoopfs loaded and initialized
2025-10-22 18:45:23,755 INFO  org.apache.flink.runtime.security.token.DelegationTokenReceiverRepository [] - Delegation token receiver hbase loaded and initialized
2025-10-22 18:45:23,755 INFO  org.apache.flink.core.plugin.DefaultPluginManager            [] - Plugin loader with ID found, reusing it: metrics-statsd
2025-10-22 18:45:23,755 INFO  org.apache.flink.core.plugin.DefaultPluginManager            [] - Plugin loader with ID found, reusing it: metrics-jmx
2025-10-22 18:45:23,756 INFO  org.apache.flink.core.plugin.DefaultPluginManager            [] - Plugin loader with ID found, reusing it: metrics-prometheus
2025-10-22 18:45:23,756 INFO  org.apache.flink.core.plugin.DefaultPluginManager            [] - Plugin loader with ID found, reusing it: metrics-influx
2025-10-22 18:45:23,756 INFO  org.apache.flink.core.plugin.DefaultPluginManager            [] - Plugin loader with ID found, reusing it: metrics-slf4j
2025-10-22 18:45:23,757 INFO  org.apache.flink.core.plugin.DefaultPluginManager            [] - Plugin loader with ID found, reusing it: metrics-otel
2025-10-22 18:45:23,757 INFO  org.apache.flink.core.plugin.DefaultPluginManager            [] - Plugin loader with ID found, reusing it: metrics-datadog
2025-10-22 18:45:23,757 INFO  org.apache.flink.core.plugin.DefaultPluginManager            [] - Plugin loader with ID found, reusing it: metrics-graphite
2025-10-22 18:45:23,757 INFO  org.apache.flink.core.plugin.DefaultPluginManager            [] - Plugin loader with ID found, reusing it: external-resource-gpu
2025-10-22 18:45:23,758 INFO  org.apache.flink.runtime.security.token.DelegationTokenReceiverRepository [] - Delegation token receivers loaded successfully
2025-10-22 18:45:23,759 INFO  org.apache.flink.runtime.taskexecutor.TaskManagerRunner      [] - Starting TaskManager with ResourceID: 127.0.0.1:36081-489642
2025-10-22 18:45:23,840 INFO  org.apache.flink.runtime.taskexecutor.TaskManagerServices    [] - Temporary file directory '/tmp': total 31 GB, usable 15 GB (48.39% usable)
2025-10-22 18:45:23,843 INFO  org.apache.flink.runtime.io.disk.iomanager.IOManager         [] - Created a new FileChannelManager for spilling of task related data to disk (joins, sorting, ...). Used directories:
	/tmp/flink-io-b8c91c6d-6d4b-4607-8884-1fc8b63e7292
2025-10-22 18:45:23,849 INFO  org.apache.flink.runtime.io.network.netty.NettyConfig        [] - NettyConfig [server address: /0.0.0.0, server port range: 0, ssl enabled: false, memory segment size (bytes): 32768, number of server threads: 1 (manual), number of client threads: 1 (manual), server connect backlog: 0 (use Netty's default), client connect timeout (sec): 120, send/receive buffer size (bytes): 0 (use Netty's default)]
2025-10-22 18:45:23,858 INFO  org.apache.flink.runtime.io.network.NettyShuffleServiceFactory [] - Created a new FileChannelManager for storing result partitions of BLOCKING shuffles. Used directories:
	/tmp/flink-netty-shuffle-5160b48f-2dff-4692-8165-34feb73efc82
2025-10-22 18:45:23,905 INFO  org.apache.flink.runtime.io.network.buffer.NetworkBufferPool [] - Allocated 128 MB for network buffer pool (number of memory segments: 4096, bytes per segment: 32768).
2025-10-22 18:45:23,917 INFO  org.apache.flink.runtime.io.network.NettyShuffleEnvironment  [] - Starting the network environment and its components.
2025-10-22 18:45:23,945 INFO  org.apache.flink.runtime.io.network.netty.NettyClient        [] - Transport type 'auto': using EPOLL.
2025-10-22 18:45:23,945 INFO  org.apache.flink.runtime.io.network.netty.NettyClient        [] - Successful initialization (took 27 ms).
2025-10-22 18:45:23,947 INFO  org.apache.flink.runtime.io.network.netty.NettyServer        [] - Transport type 'auto': using EPOLL.
2025-10-22 18:45:23,950 INFO  org.apache.flink.runtime.io.network.netty.NettyServer        [] - Successful initialization (took 4 ms). Listening on SocketAddress /[0:0:0:0:0:0:0:0%0]:40753.
2025-10-22 18:45:23,950 INFO  org.apache.flink.runtime.taskexecutor.TaskManagerServices    [] - TaskManager data connection initialized successfully; listening internally on port: 40753
2025-10-22 18:45:23,951 INFO  org.apache.flink.runtime.taskexecutor.KvStateService         [] - Starting the kvState service and its components.
2025-10-22 18:45:23,982 INFO  org.apache.flink.runtime.rpc.pekko.PekkoRpcService           [] - Starting RPC endpoint for org.apache.flink.runtime.taskexecutor.TaskExecutor at pekko://flink/user/rpc/taskmanager_0 .
2025-10-22 18:45:23,999 INFO  org.apache.flink.runtime.taskexecutor.DefaultJobLeaderService [] - Start job leader service.
2025-10-22 18:45:24,000 INFO  org.apache.flink.runtime.filecache.FileCache                 [] - User file cache uses directory /tmp/flink-dist-cache-d3f4eda6-a175-4a02-8394-037615fcd3a4
2025-10-22 18:45:24,003 INFO  org.apache.flink.runtime.taskexecutor.TaskExecutor           [] - Connecting to ResourceManager pekko.tcp://flink@e030d7f5ba55:6123/user/rpc/resourcemanager_*(00000000000000000000000000000000).
2025-10-22 18:45:24,409 INFO  org.apache.flink.runtime.taskexecutor.TaskExecutor           [] - Resolved ResourceManager address, beginning registration
2025-10-22 18:45:24,518 INFO  org.apache.flink.runtime.taskexecutor.TaskExecutor           [] - Successful registration at resource manager pekko.tcp://flink@e030d7f5ba55:6123/user/rpc/resourcemanager_* under registration id 948bd557898b5691b5f1a2ad67a863e9.
2025-10-22 18:45:35,047 INFO  org.apache.flink.runtime.taskexecutor.TaskExecutor           [] - Receive slot request 315c8f3142838b5026050bd831d69c25 for job e7ceff362cbf0fe70a842b614a0de131 from resource manager with leader id 00000000000000000000000000000000.
2025-10-22 18:45:35,056 INFO  org.apache.flink.runtime.taskexecutor.slot.TaskSlotTableImpl [] - Allocated slot for 315c8f3142838b5026050bd831d69c25 with resources ResourceProfile{cpuCores=1, taskHeapMemory=384.000mb (402653174 bytes), taskOffHeapMemory=0 bytes, managedMemory=512.000mb (536870920 bytes), networkMemory=128.000mb (134217730 bytes)}.
2025-10-22 18:45:35,069 INFO  org.apache.flink.runtime.taskexecutor.DefaultJobLeaderService [] - Add job e7ceff362cbf0fe70a842b614a0de131 for job leader monitoring.
2025-10-22 18:45:35,070 INFO  org.apache.flink.runtime.taskexecutor.DefaultJobLeaderService [] - Try to register at job manager pekko.tcp://flink@e030d7f5ba55:6123/user/rpc/jobmanager_2 with leader id 00000000-0000-0000-0000-000000000000.
2025-10-22 18:45:35,116 INFO  org.apache.flink.runtime.taskexecutor.DefaultJobLeaderService [] - Resolved JobManager address, beginning registration
2025-10-22 18:45:35,173 INFO  org.apache.flink.runtime.taskexecutor.DefaultJobLeaderService [] - Successful registration at job manager pekko.tcp://flink@e030d7f5ba55:6123/user/rpc/jobmanager_2 for job e7ceff362cbf0fe70a842b614a0de131.
2025-10-22 18:45:35,174 INFO  org.apache.flink.runtime.taskexecutor.TaskExecutor           [] - Establish JobManager connection for job e7ceff362cbf0fe70a842b614a0de131.
2025-10-22 18:45:35,180 INFO  org.apache.flink.runtime.taskexecutor.TaskExecutor           [] - Offer reserved slots to the leader of job e7ceff362cbf0fe70a842b614a0de131.
2025-10-22 18:45:35,324 INFO  org.apache.flink.runtime.taskexecutor.slot.TaskSlotTableImpl [] - Activate slot 315c8f3142838b5026050bd831d69c25.
2025-10-22 18:45:35,389 INFO  org.apache.flink.runtime.state.changelog.StateChangelogStorageLoader [] - Creating a changelog storage with name 'memory'.
2025-10-22 18:45:35,396 INFO  org.apache.flink.runtime.state.TaskExecutorChannelStateExecutorFactoryManager [] - Creating the channel state executor factory for job id e7ceff362cbf0fe70a842b614a0de131
2025-10-22 18:45:35,419 INFO  org.apache.flink.runtime.taskexecutor.TaskExecutor           [] - Received task Source: Collection Source -> _stream_key_by_map_operator (1/1)#0 (1b41ebffe542e0c6f2d9006ecf681357_cbc357ccb763df2852fee8c4fc7d55f2_0_0), deploy into slot with allocation id 315c8f3142838b5026050bd831d69c25.
2025-10-22 18:45:35,421 INFO  org.apache.flink.runtime.taskexecutor.slot.TaskSlotTableImpl [] - Activate slot 315c8f3142838b5026050bd831d69c25.
2025-10-22 18:45:35,422 INFO  org.apache.flink.runtime.taskmanager.Task                    [] - Source: Collection Source -> _stream_key_by_map_operator (1/1)#0 (1b41ebffe542e0c6f2d9006ecf681357_cbc357ccb763df2852fee8c4fc7d55f2_0_0) switched from CREATED to DEPLOYING.
2025-10-22 18:45:35,426 INFO  org.apache.flink.runtime.taskexecutor.slot.TaskSlotTableImpl [] - Activate slot 315c8f3142838b5026050bd831d69c25.
2025-10-22 18:45:35,433 INFO  org.apache.flink.runtime.taskmanager.Task                    [] - Loading JAR files for task Source: Collection Source -> _stream_key_by_map_operator (1/1)#0 (1b41ebffe542e0c6f2d9006ecf681357_cbc357ccb763df2852fee8c4fc7d55f2_0_0) [DEPLOYING].
2025-10-22 18:45:35,438 INFO  org.apache.flink.runtime.blob.BlobClient                     [] - Downloading e7ceff362cbf0fe70a842b614a0de131/p-eb2d28ac31e2c97dd63a6894758ee2d5f438b095-dfe9a8fa1090d6553032f00772c9c501 from e030d7f5ba55/172.17.0.2:6124
2025-10-22 18:45:35,470 INFO  org.apache.flink.runtime.taskexecutor.TaskExecutor           [] - Received task KEYED PROCESS -> Sink: Print to Std. Out (1/1)#0 (1b41ebffe542e0c6f2d9006ecf681357_90bea66de1c231edf33913ecd54406c1_0_0), deploy into slot with allocation id 315c8f3142838b5026050bd831d69c25.
2025-10-22 18:45:35,475 INFO  org.apache.flink.runtime.taskmanager.Task                    [] - KEYED PROCESS -> Sink: Print to Std. Out (1/1)#0 (1b41ebffe542e0c6f2d9006ecf681357_90bea66de1c231edf33913ecd54406c1_0_0) switched from CREATED to DEPLOYING.
2025-10-22 18:45:35,475 INFO  org.apache.flink.runtime.taskmanager.Task                    [] - Loading JAR files for task KEYED PROCESS -> Sink: Print to Std. Out (1/1)#0 (1b41ebffe542e0c6f2d9006ecf681357_90bea66de1c231edf33913ecd54406c1_0_0) [DEPLOYING].
2025-10-22 18:45:35,649 INFO  org.apache.flink.streaming.runtime.tasks.StreamTask          [] - Loading state backend via factory org.apache.flink.state.rocksdb.EmbeddedRocksDBStateBackendFactory
2025-10-22 18:45:35,671 INFO  org.apache.flink.streaming.runtime.tasks.StreamTask          [] - Loading state backend via factory org.apache.flink.state.rocksdb.EmbeddedRocksDBStateBackendFactory
2025-10-22 18:45:35,675 INFO  org.apache.flink.state.rocksdb.EmbeddedRocksDBStateBackend   [] - Using predefined options: DEFAULT.
2025-10-22 18:45:35,675 INFO  org.apache.flink.state.rocksdb.EmbeddedRocksDBStateBackend   [] - Using predefined options: DEFAULT.
2025-10-22 18:45:35,689 INFO  org.apache.flink.runtime.state.StateBackendLoader            [] - State backend loader loads the state backend as EmbeddedRocksDBStateBackend
2025-10-22 18:45:35,691 INFO  org.apache.flink.runtime.state.StateBackendLoader            [] - State backend loader loads the state backend as EmbeddedRocksDBStateBackend
2025-10-22 18:45:35,693 INFO  org.apache.flink.streaming.runtime.tasks.StreamTask          [] - Checkpoint storage is set to 'filesystem': (checkpoints "file:/tmp/flink-checkpoints")
2025-10-22 18:45:35,693 INFO  org.apache.flink.streaming.runtime.tasks.StreamTask          [] - Checkpoint storage is set to 'filesystem': (checkpoints "file:/tmp/flink-checkpoints")
2025-10-22 18:45:35,705 INFO  org.apache.flink.runtime.taskmanager.Task                    [] - KEYED PROCESS -> Sink: Print to Std. Out (1/1)#0 (1b41ebffe542e0c6f2d9006ecf681357_90bea66de1c231edf33913ecd54406c1_0_0) switched from DEPLOYING to INITIALIZING.
2025-10-22 18:45:35,705 INFO  org.apache.flink.runtime.taskmanager.Task                    [] - Source: Collection Source -> _stream_key_by_map_operator (1/1)#0 (1b41ebffe542e0c6f2d9006ecf681357_cbc357ccb763df2852fee8c4fc7d55f2_0_0) switched from DEPLOYING to INITIALIZING.
2025-10-22 18:45:35,879 INFO  org.apache.flink.runtime.state.StateBackendLoader            [] - Loading state backend via factory org.apache.flink.state.rocksdb.EmbeddedRocksDBStateBackendFactory
2025-10-22 18:45:35,882 INFO  org.apache.flink.state.rocksdb.EmbeddedRocksDBStateBackend   [] - Using predefined options: DEFAULT.
2025-10-22 18:45:35,892 INFO  org.apache.flink.runtime.state.StateBackendLoader            [] - Loading state backend via factory org.apache.flink.state.rocksdb.EmbeddedRocksDBStateBackendFactory
2025-10-22 18:45:35,893 INFO  org.apache.flink.state.rocksdb.EmbeddedRocksDBStateBackend   [] - Using predefined options: DEFAULT.
2025-10-22 18:45:35,924 INFO  org.apache.flink.runtime.state.StateBackendLoader            [] - Loading state backend via factory org.apache.flink.state.rocksdb.EmbeddedRocksDBStateBackendFactory
2025-10-22 18:45:35,925 INFO  org.apache.flink.state.rocksdb.EmbeddedRocksDBStateBackend   [] - Using predefined options: DEFAULT.
2025-10-22 18:45:35,935 INFO  org.apache.flink.state.rocksdb.EmbeddedRocksDBStateBackend   [] - Attempting to load RocksDB native library and store it under '/tmp/tm_127.0.0.1:36081-489642/tmp'
2025-10-22 18:45:35,941 INFO  org.apache.flink.streaming.api.operators.AbstractStreamOperator [] - The maximum bundle size is configured to 1000.
2025-10-22 18:45:35,941 INFO  org.apache.flink.streaming.api.operators.AbstractStreamOperator [] - The maximum bundle time is configured to 1000 milliseconds.
2025-10-22 18:45:36,169 INFO  org.apache.flink.state.rocksdb.EmbeddedRocksDBStateBackend   [] - Successfully loaded RocksDB native library
2025-10-22 18:45:36,179 INFO  org.apache.flink.state.rocksdb.EmbeddedRocksDBStateBackend   [] - Getting shared memory for RocksDB: shareScope=SLOT, managed=false
2025-10-22 18:45:36,187 INFO  org.apache.flink.state.rocksdb.EmbeddedRocksDBStateBackend   [] - Obtained shared RocksDB cache of size 375809644 bytes
2025-10-22 18:45:36,243 INFO  org.apache.flink.configuration.GlobalConfiguration           [] - Using standard YAML parser to load flink configuration file from /opt/flink/conf/config.yaml.
2025-10-22 18:45:36,260 INFO  org.apache.flink.configuration.GlobalConfiguration           [] - Loading configuration property: blob.server.port, 6124
2025-10-22 18:45:36,260 INFO  org.apache.flink.configuration.GlobalConfiguration           [] - Loading configuration property: taskmanager.memory.process.size, 1728m
2025-10-22 18:45:36,261 INFO  org.apache.flink.configuration.GlobalConfiguration           [] - Loading configuration property: taskmanager.bind-host, 0.0.0.0
2025-10-22 18:45:36,261 INFO  org.apache.flink.configuration.GlobalConfiguration           [] - Loading configuration property: jobmanager.execution.failover-strategy, region
2025-10-22 18:45:36,261 INFO  org.apache.flink.configuration.GlobalConfiguration           [] - Loading configuration property: jobmanager.rpc.address, e030d7f5ba55
2025-10-22 18:45:36,261 INFO  org.apache.flink.configuration.GlobalConfiguration           [] - Loading configuration property: execution.checkpointing.incremental, false
2025-10-22 18:45:36,261 INFO  org.apache.flink.configuration.GlobalConfiguration           [] - Loading configuration property: state.backend.rocksdb.localdir, /tmp/rocksdb
2025-10-22 18:45:36,262 INFO  org.apache.flink.configuration.GlobalConfiguration           [] - Loading configuration property: execution.target, remote
2025-10-22 18:45:36,262 INFO  org.apache.flink.configuration.GlobalConfiguration           [] - Loading configuration property: jobmanager.memory.process.size, 1600m
2025-10-22 18:45:36,264 INFO  org.apache.flink.configuration.GlobalConfiguration           [] - Loading configuration property: jobmanager.rpc.port, 6123
2025-10-22 18:45:36,264 INFO  org.apache.flink.configuration.GlobalConfiguration           [] - Loading configuration property: query.server.port, 6125
2025-10-22 18:45:36,264 INFO  org.apache.flink.configuration.GlobalConfiguration           [] - Loading configuration property: rest.bind-address, 0.0.0.0
2025-10-22 18:45:36,264 INFO  org.apache.flink.configuration.GlobalConfiguration           [] - Loading configuration property: jobmanager.bind-host, 0.0.0.0
2025-10-22 18:45:36,264 INFO  org.apache.flink.configuration.GlobalConfiguration           [] - Loading configuration property: execution.checkpointing.savepoint-dir, file:///tmp/flink-checkpoints
2025-10-22 18:45:36,264 INFO  org.apache.flink.configuration.GlobalConfiguration           [] - Loading configuration property: taskmanager.host, 127.0.0.1
2025-10-22 18:45:36,265 INFO  org.apache.flink.configuration.GlobalConfiguration           [] - Loading configuration property: execution.checkpointing.externalized-checkpoint-retention, RETAIN_ON_CANCELLATION
2025-10-22 18:45:36,265 INFO  org.apache.flink.configuration.GlobalConfiguration           [] - Loading configuration property: parallelism.default, 1
2025-10-22 18:45:36,265 INFO  org.apache.flink.configuration.GlobalConfiguration           [] - Loading configuration property: taskmanager.numberOfTaskSlots, 1
2025-10-22 18:45:36,265 INFO  org.apache.flink.configuration.GlobalConfiguration           [] - Loading configuration property: execution.checkpointing.local-backup.enabled, true
2025-10-22 18:45:36,265 INFO  org.apache.flink.configuration.GlobalConfiguration           [] - Loading configuration property: rest.address, 127.0.0.1
2025-10-22 18:45:36,268 INFO  org.apache.flink.configuration.GlobalConfiguration           [] - Loading configuration property: execution.state-recovery.ignore-unclaimed-state, true
2025-10-22 18:45:36,268 INFO  org.apache.flink.configuration.GlobalConfiguration           [] - Loading configuration property: execution.checkpointing.dir, file:///tmp/flink-checkpoints
2025-10-22 18:45:36,268 INFO  org.apache.flink.configuration.GlobalConfiguration           [] - Loading configuration property: env.java.opts.all, --add-exports=java.rmi/sun.rmi.registry=ALL-UNNAMED --add-exports=java.security.jgss/sun.security.krb5=ALL-UNNAMED --add-opens=java.base/java.lang=ALL-UNNAMED --add-opens=java.base/java.net=ALL-UNNAMED --add-opens=java.base/java.io=ALL-UNNAMED --add-opens=java.base/java.nio=ALL-UNNAMED --add-opens=java.base/sun.nio.ch=ALL-UNNAMED --add-opens=java.base/java.lang.reflect=ALL-UNNAMED --add-opens=java.base/java.text=ALL-UNNAMED --add-opens=java.base/java.time=ALL-UNNAMED --add-opens=java.base/java.util=ALL-UNNAMED --add-opens=java.base/java.util.concurrent=ALL-UNNAMED --add-opens=java.base/java.util.concurrent.atomic=ALL-UNNAMED --add-opens=java.base/java.util.concurrent.locks=ALL-UNNAMED
2025-10-22 18:45:36,268 INFO  org.apache.flink.configuration.GlobalConfiguration           [] - Loading configuration property: state.backend.type, rocksdb
2025-10-22 18:45:36,283 INFO  org.apache.flink.state.rocksdb.sstmerge.RocksDBManualCompactionManager [] - Creating RocksDBManualCompactionManager with settings: RocksDBManualCompactionConfig{minInterval=0, maxManualCompactions=5, maxFileSizeToCompact=50 kb, minFilesToCompact=5, maxFilesToCompact=30, maxOutputFileSize=64 mb, maxAutoCompactions=30}
2025-10-22 18:45:36,284 INFO  org.apache.flink.runtime.state.StateBackendLoader            [] - Loading state backend via factory org.apache.flink.state.rocksdb.EmbeddedRocksDBStateBackendFactory
2025-10-22 18:45:36,285 INFO  org.apache.flink.state.rocksdb.EmbeddedRocksDBStateBackend   [] - Using predefined options: DEFAULT.
2025-10-22 18:45:36,290 INFO  org.apache.flink.state.rocksdb.RocksDBKeyedStateBackendBuilder [] - Finished building RocksDB keyed state-backend at /tmp/rocksdb/job_e7ceff362cbf0fe70a842b614a0de131_op_ExternalPythonKeyedProcessOperator_90bea66de1c231edf33913ecd54406c1__1_1__uuid_08d7df7e-629f-434a-99de-cca579ce3ffb.
2025-10-22 18:45:36,355 INFO  org.apache.flink.streaming.api.operators.AbstractStreamOperator [] - The maximum bundle size is configured to 1000.
2025-10-22 18:45:36,356 INFO  org.apache.flink.streaming.api.operators.AbstractStreamOperator [] - The maximum bundle time is configured to 1000 milliseconds.
2025-10-22 18:45:36,360 INFO  org.apache.flink.runtime.state.StateBackendLoader            [] - Loading state backend via factory org.apache.flink.state.rocksdb.EmbeddedRocksDBStateBackendFactory
2025-10-22 18:45:36,360 INFO  org.apache.flink.state.rocksdb.EmbeddedRocksDBStateBackend   [] - Using predefined options: DEFAULT.
2025-10-22 18:45:36,379 INFO  org.apache.flink.python.env.AbstractPythonEnvironmentManager [] - PYTHONPATH of python worker: null
2025-10-22 18:45:36,379 INFO  org.apache.flink.python.env.AbstractPythonEnvironmentManager [] - Python interpreter path: /app/.venv/bin/python
2025-10-22 18:45:37,512 INFO  org.apache.flink.streaming.api.runners.python.beam.BeamPythonFunctionRunner [] - Obtained shared Python process of size 161061276 bytes
2025-10-22 18:45:37,513 INFO  org.apache.flink.streaming.api.runners.python.beam.BeamPythonFunctionRunner [] - Obtained shared Python process of size 161061276 bytes
2025-10-22 18:45:40,759 INFO  org.apache.beam.runners.fnexecution.logging.GrpcLoggingService [] - Beam Fn Logging client connected.
2025-10-22 18:45:40,768 INFO  /app/.venv/lib/python3.9/site-packages/apache_beam/runners/worker/sdk_worker_main.py:84 [] - Logging handler created.
2025-10-22 18:45:40,769 INFO  /app/.venv/lib/python3.9/site-packages/apache_beam/runners/worker/sdk_worker_main.py:110 [] - semi_persistent_directory: /tmp
2025-10-22 18:45:40,769 WARN  /app/.venv/lib/python3.9/site-packages/apache_beam/runners/worker/sdk_worker_main.py:356 [] - No session file found: /tmp/staged/pickled_main_session. Functions defined in __main__ (interactive session) may fail. 
2025-10-22 18:45:40,770 WARN  /app/.venv/lib/python3.9/site-packages/apache_beam/options/pipeline_options.py:394 [] - Discarding unparseable args: ['--options_id=0.0', '--app_name=BeamPythonFunctionRunner'] 
2025-10-22 18:45:40,771 INFO  /app/.venv/lib/python3.9/site-packages/apache_beam/runners/worker/sdk_worker_main.py:134 [] - Pipeline_options: {'experiments': ['state_cache_size=1000']}
2025-10-22 18:45:40,776 INFO  /app/.venv/lib/python3.9/site-packages/apache_beam/runners/worker/statecache.py:214 [] - Creating state cache with size 1000
2025-10-22 18:45:40,776 INFO  /app/.venv/lib/python3.9/site-packages/apache_beam/runners/worker/sdk_worker.py:189 [] - Creating insecure control channel for localhost:40749.
2025-10-22 18:45:40,779 INFO  /app/.venv/lib/python3.9/site-packages/apache_beam/runners/worker/sdk_worker.py:197 [] - Control channel established.
2025-10-22 18:45:40,781 INFO  /app/.venv/lib/python3.9/site-packages/apache_beam/runners/worker/sdk_worker.py:247 [] - Initializing SDKHarness with unbounded number of workers.
2025-10-22 18:45:40,783 INFO  org.apache.beam.runners.fnexecution.control.FnApiControlClientPoolService [] - Beam Fn Control client connected with id 1-1
2025-10-22 18:45:40,784 INFO  /app/.venv/lib/python3.9/site-packages/apache_beam/runners/worker/sdk_worker_main.py:211 [] - Python sdk harness starting.
2025-10-22 18:45:40,845 INFO  org.apache.flink.runtime.state.StateBackendLoader            [] - Loading state backend via factory org.apache.flink.state.rocksdb.EmbeddedRocksDBStateBackendFactory
2025-10-22 18:45:40,848 INFO  org.apache.flink.state.rocksdb.EmbeddedRocksDBStateBackend   [] - Using predefined options: DEFAULT.
2025-10-22 18:45:40,861 INFO  org.apache.flink.runtime.taskmanager.Task                    [] - KEYED PROCESS -> Sink: Print to Std. Out (1/1)#0 (1b41ebffe542e0c6f2d9006ecf681357_90bea66de1c231edf33913ecd54406c1_0_0) switched from INITIALIZING to RUNNING.
2025-10-22 18:45:40,868 INFO  org.apache.flink.runtime.taskmanager.Task                    [] - Source: Collection Source -> _stream_key_by_map_operator (1/1)#0 (1b41ebffe542e0c6f2d9006ecf681357_cbc357ccb763df2852fee8c4fc7d55f2_0_0) switched from INITIALIZING to RUNNING.
2025-10-22 18:45:40,903 INFO  org.apache.beam.runners.fnexecution.control.FnApiControlClientPoolService [] - getProcessBundleDescriptor request with id 1-2
2025-10-22 18:45:40,913 INFO  /app/.venv/lib/python3.9/site-packages/apache_beam/runners/worker/sdk_worker.py:919 [] - Creating insecure state channel for localhost:36631.
2025-10-22 18:45:40,914 INFO  /app/.venv/lib/python3.9/site-packages/apache_beam/runners/worker/sdk_worker.py:926 [] - State channel established.
2025-10-22 18:45:40,920 INFO  /app/.venv/lib/python3.9/site-packages/apache_beam/runners/worker/data_plane.py:822 [] - Creating client data channel for localhost:44647
2025-10-22 18:45:40,922 INFO  org.apache.beam.runners.fnexecution.data.GrpcDataService     [] - Beam Fn Data client connected.
2025-10-22 18:45:41,109 INFO  org.apache.beam.runners.fnexecution.control.FnApiControlClientPoolService [] - getProcessBundleDescriptor request with id 1-3
2025-10-22 18:46:20,031 INFO  org.apache.flink.runtime.taskmanager.Task                    [] - Source: Collection Source -> _stream_key_by_map_operator (1/1)#0 (1b41ebffe542e0c6f2d9006ecf681357_cbc357ccb763df2852fee8c4fc7d55f2_0_0) switched from RUNNING to FINISHED.
2025-10-22 18:46:20,034 INFO  org.apache.flink.runtime.taskmanager.Task                    [] - Freeing task resources for Source: Collection Source -> _stream_key_by_map_operator (1/1)#0 (1b41ebffe542e0c6f2d9006ecf681357_cbc357ccb763df2852fee8c4fc7d55f2_0_0).
2025-10-22 18:46:20,046 INFO  org.apache.flink.runtime.taskexecutor.TaskExecutor           [] - Un-registering task and sending final execution state FINISHED to JobManager for task Source: Collection Source -> _stream_key_by_map_operator (1/1)#0 1b41ebffe542e0c6f2d9006ecf681357_cbc357ccb763df2852fee8c4fc7d55f2_0_0.
2025-10-22 18:46:20,078 INFO  org.apache.beam.runners.fnexecution.control.DefaultJobBundleFactory [] - Closing environment urn: "beam:env:process:v1"
payload: "\032H/app/.venv/lib/python3.9/site-packages/pyflink/bin/pyflink-udf-runner.sh\"Z\n\rFLINK_TGZ_URL\022Ihttps://dlcdn.apache.org/flink/flink-2.1.0/flink-2.1.0-bin-scala_2.12.tgz\"i\n\004PATH\022a/opt/flink/bin:/opt/java/openjdk/bin:/usr/local/sbin:/usr/local/bin:/usr/sbin:/usr/bin:/sbin:/bin\"&\n\bJAVA_RUN\022\032/opt/java/openjdk/bin/java\" \n\025TABLE_LOCAL_TIME_ZONE\022\aEtc/UTC\"\026\n\016ROOT_LOG_LEVEL\022\004INFO\"\036\n\tJAVA_HOME\022\021/opt/java/openjdk\"$\n\031PYFLINK_CLIENT_EXECUTABLE\022\apython3\"\021\n\tCHECK_GPG\022\004true\"\'\n\021FLINK_PLUGINS_DIR\022\022/opt/flink/plugins\"3\n\aGPG_KEY\022(7A14EF9AD986EF0D56B2E73F6AF817E6C59EC690\"\023\n\004LANG\022\ven_US.UTF-8\"E\n\fBOOT_LOG_DIR\0225/tmp/python-dist-41ba7108-3a89-4ba8-881b-d89fa318ecd3\"!\n\016FLINK_CONF_DIR\022\017/opt/flink/conf\"\356\005\n\023FLINK_ENV_JAVA_OPTS\022\326\005-XX:+IgnoreUnrecognizedVMOptions --add-exports=java.rmi/sun.rmi.registry=ALL-UNNAMED --add-exports=java.security.jgss/sun.security.krb5=ALL-UNNAMED --add-opens=java.base/java.lang=ALL-UNNAMED --add-opens=java.base/java.net=ALL-UNNAMED --add-opens=java.base/java.io=ALL-UNNAMED --add-opens=java.base/java.nio=ALL-UNNAMED --add-opens=java.base/sun.nio.ch=ALL-UNNAMED --add-opens=java.base/java.lang.reflect=ALL-UNNAMED --add-opens=java.base/java.text=ALL-UNNAMED --add-opens=java.base/java.time=ALL-UNNAMED --add-opens=java.base/java.util=ALL-UNNAMED --add-opens=java.base/java.util.concurrent=ALL-UNNAMED --add-opens=java.base/java.util.concurrent.atomic=ALL-UNNAMED --add-opens=java.base/java.util.concurrent.locks=ALL-UNNAMED\"(\n\033_PYTHON_WORKER_MEMORY_LIMIT\022\t161061276\"b\n\rFLINK_ASC_URL\022Qhttps://downloads.apache.org/flink/flink-2.1.0/flink-2.1.0-bin-scala_2.12.tgz.asc\"\035\n\fJAVA_VERSION\022\rjdk-17.0.16+8\"\v\n\003PWD\022\004/app\"\037\n\001_\022\032/opt/java/openjdk/bin/java\"\024\n\bLANGUAGE\022\ben_US:en\"\037\n\rFLINK_OPT_DIR\022\016/opt/flink/opt\"\037\n\006python\022\025/app/.venv/bin/python\"\035\n\rXDG_DATA_HOME\022\f/opt/uv/data\"\030\n\nFLINK_HOME\022\n/opt/flink\" \n\030PYFLINK_GATEWAY_DISABLED\022\004true\"\031\n\023MAX_LOG_FILE_NUMBER\022\00210\"\037\n\rFLINK_LIB_DIR\022\016/opt/flink/lib\"\025\n\020PIP_NO_CACHE_DIR\022\0011\"\333\004\n\022DYNAMIC_PARAMETERS\022\304\004-D taskmanager.memory.network.min=134217730b -D taskmanager.cpu.cores=1.0 -D taskmanager.memory.task.off-heap.size=0b -D taskmanager.memory.jvm-metaspace.size=268435456b -D external-resources=none -D taskmanager.memory.jvm-overhead.min=201326592b -D taskmanager.memory.framework.off-heap.size=134217728b -D taskmanager.memory.network.max=134217730b -D taskmanager.memory.framework.heap.size=134217728b -D taskmanager.memory.managed.size=536870920b -D taskmanager.memory.task.heap.size=402653174b -D taskmanager.numberOfTaskSlots=1 -D taskmanager.memory.jvm-overhead.max=201326592b\"\034\n\027PYTHONDONTWRITEBYTECODE\022\0011\"\246$\n\024FLINK_INHERITED_LOGS\022\215$\n\n\nRESOURCE_PARAMS extraction logs:\njvm_params: -Xmx536870902 -Xms536870902 -XX:MaxDirectMemorySize=268435458 -XX:MaxMetaspaceSize=268435456\ndynamic_configs: -D taskmanager.memory.network.min=134217730b -D taskmanager.cpu.cores=1.0 -D taskmanager.memory.task.off-heap.size=0b -D taskmanager.memory.jvm-metaspace.size=268435456b -D external-resources=none -D taskmanager.memory.jvm-overhead.min=201326592b -D taskmanager.memory.framework.off-heap.size=134217728b -D taskmanager.memory.network.max=134217730b -D taskmanager.memory.framework.heap.size=134217728b -D taskmanager.memory.managed.size=536870920b -D taskmanager.memory.task.heap.size=402653174b -D taskmanager.numberOfTaskSlots=1 -D taskmanager.memory.jvm-overhead.max=201326592b\nlogs: INFO  [] - Using standard YAML parser to load flink configuration file from /opt/flink/conf/config.yaml.\nINFO  [] - Loading configuration property: blob.server.port, 6124\nINFO  [] - Loading configuration property: taskmanager.memory.process.size, 1728m\nINFO  [] - Loading configuration property: taskmanager.bind-host, 0.0.0.0\nINFO  [] - Loading configuration property: jobmanager.execution.failover-strategy, region\nINFO  [] - Loading configuration property: jobmanager.rpc.address, e030d7f5ba55\nINFO  [] - Loading configuration property: execution.checkpointing.incremental, false\nINFO  [] - Loading configuration property: state.backend.rocksdb.localdir, /tmp/rocksdb\nINFO  [] - Loading configuration property: execution.target, remote\nINFO  [] - Loading configuration property: jobmanager.memory.process.size, 1600m\nINFO  [] - Loading configuration property: jobmanager.rpc.port, 6123\nINFO  [] - Loading configuration property: query.server.port, 6125\nINFO  [] - Loading configuration property: rest.bind-address, 0.0.0.0\nINFO  [] - Loading configuration property: jobmanager.bind-host, 0.0.0.0\nINFO  [] - Loading configuration property: execution.checkpointing.savepoint-dir, file:///tmp/flink-checkpoints\nINFO  [] - Loading configuration property: taskmanager.host, 127.0.0.1\nINFO  [] - Loading configuration property: execution.checkpointing.externalized-checkpoint-retention, RETAIN_ON_CANCELLATION\nINFO  [] - Loading configuration property: parallelism.default, 1\nINFO  [] - Loading configuration property: taskmanager.numberOfTaskSlots, 1\nINFO  [] - Loading configuration property: execution.checkpointing.local-backup.enabled, true\nINFO  [] - Loading configuration property: rest.address, 127.0.0.1\nINFO  [] - Loading configuration property: execution.state-recovery.ignore-unclaimed-state, true\nINFO  [] - Loading configuration property: execution.checkpointing.dir, file:///tmp/flink-checkpoints\nINFO  [] - Loading configuration property: env.java.opts.all, --add-exports=java.rmi/sun.rmi.registry=ALL-UNNAMED --add-exports=java.security.jgss/sun.security.krb5=ALL-UNNAMED --add-opens=java.base/java.lang=ALL-UNNAMED --add-opens=java.base/java.net=ALL-UNNAMED --add-opens=java.base/java.io=ALL-UNNAMED --add-opens=java.base/java.nio=ALL-UNNAMED --add-opens=java.base/sun.nio.ch=ALL-UNNAMED --add-opens=java.base/java.lang.reflect=ALL-UNNAMED --add-opens=java.base/java.text=ALL-UNNAMED --add-opens=java.base/java.time=ALL-UNNAMED --add-opens=java.base/java.util=ALL-UNNAMED --add-opens=java.base/java.util.concurrent=ALL-UNNAMED --add-opens=java.base/java.util.concurrent.atomic=ALL-UNNAMED --add-opens=java.base/java.util.concurrent.locks=ALL-UNNAMED\nINFO  [] - Loading configuration property: state.backend.type, rocksdb\nINFO  [] - The derived from fraction jvm overhead memory (172.800mb (181193935 bytes)) is less than its min value 192.000mb (201326592 bytes), min value will be used instead\nINFO  [] - Final TaskExecutor Memory configuration:\nINFO  [] -   Total Process Memory:          1.688gb (1811939328 bytes)\nINFO  [] -     Total Flink Memory:          1.250gb (1342177280 bytes)\nINFO  [] -       Total JVM Heap Memory:     512.000mb (536870902 bytes)\nINFO  [] -         Framework:               128.000mb (134217728 bytes)\nINFO  [] -         Task:                    384.000mb (402653174 bytes)\nINFO  [] -       Total Off-heap Memory:     768.000mb (805306378 bytes)\nINFO  [] -         Managed:                 512.000mb (536870920 bytes)\nINFO  [] -         Total JVM Direct Memory: 256.000mb (268435458 bytes)\nINFO  [] -           Framework:             128.000mb (134217728 bytes)\nINFO  [] -           Task:                  0 bytes\nINFO  [] -           Network:               128.000mb (134217730 bytes)\nINFO  [] -     JVM Metaspace:               256.000mb (268435456 bytes)\nINFO  [] -     JVM Overhead:                192.000mb (201326592 bytes)\n\"\024\n\fGOSU_VERSION\022\0041.11\"\025\n\020PYTHONUNBUFFERED\022\0011\"\030\n\bHOSTNAME\022\fe030d7f5ba55\"\025\n\006LC_ALL\022\ven_US.UTF-8\"i\n\bJVM_ARGS\022] -Xmx536870902 -Xms536870902 -XX:MaxDirectMemorySize=268435458 -XX:MaxMetaspaceSize=268435456\"7\n\nLD_PRELOAD\022):/usr/lib/x86_64-linux-gnu/libjemalloc.so\"\n\n\005SHLVL\022\0013\"\022\n\004HOME\022\n/opt/flink\"\037\n\rFLINK_BIN_DIR\022\016/opt/flink/bin"

2025-10-22 18:46:20,091 INFO  org.apache.beam.runners.fnexecution.logging.GrpcLoggingService [] - 1 Beam Fn Logging clients still connected during shutdown.
2025-10-22 18:46:20,115 INFO  org.apache.beam.sdk.fn.data.BeamFnDataGrpcMultiplexer        [] - Hanged up for unknown endpoint.
2025-10-22 18:46:20,117 INFO  org.apache.beam.sdk.fn.data.BeamFnDataGrpcMultiplexer        [] - Hanged up for unknown endpoint.
2025-10-22 18:46:20,199 INFO  org.apache.flink.state.rocksdb.RocksDBResourceContainer      [] - Cleaning up relocated RocksDB logs: /opt/flink/log.
2025-10-22 18:46:20,215 INFO  org.apache.flink.state.rocksdb.RocksDBKeyedStateBackend      [] - Closed RocksDB State Backend. Cleaning up RocksDB working directory /tmp/rocksdb/job_e7ceff362cbf0fe70a842b614a0de131_op_ExternalPythonKeyedProcessOperator_90bea66de1c231edf33913ecd54406c1__1_1__uuid_08d7df7e-629f-434a-99de-cca579ce3ffb.
2025-10-22 18:46:20,222 INFO  org.apache.flink.runtime.taskmanager.Task                    [] - KEYED PROCESS -> Sink: Print to Std. Out (1/1)#0 (1b41ebffe542e0c6f2d9006ecf681357_90bea66de1c231edf33913ecd54406c1_0_0) switched from RUNNING to FINISHED.
2025-10-22 18:46:20,225 INFO  org.apache.flink.runtime.taskmanager.Task                    [] - Freeing task resources for KEYED PROCESS -> Sink: Print to Std. Out (1/1)#0 (1b41ebffe542e0c6f2d9006ecf681357_90bea66de1c231edf33913ecd54406c1_0_0).
2025-10-22 18:46:20,230 INFO  org.apache.flink.runtime.taskexecutor.TaskExecutor           [] - Un-registering task and sending final execution state FINISHED to JobManager for task KEYED PROCESS -> Sink: Print to Std. Out (1/1)#0 1b41ebffe542e0c6f2d9006ecf681357_90bea66de1c231edf33913ecd54406c1_0_0.
2025-10-22 18:46:20,415 INFO  org.apache.flink.runtime.taskexecutor.slot.TaskSlotTableImpl [] - Free slot TaskSlot(index:1, state:ACTIVE, resource profile: ResourceProfile{cpuCores=1, taskHeapMemory=384.000mb (402653174 bytes), taskOffHeapMemory=0 bytes, managedMemory=512.000mb (536870920 bytes), networkMemory=128.000mb (134217730 bytes)}, allocationId: 315c8f3142838b5026050bd831d69c25, jobId: e7ceff362cbf0fe70a842b614a0de131).
2025-10-22 18:46:20,423 INFO  org.apache.flink.runtime.taskexecutor.DefaultJobLeaderService [] - Remove job e7ceff362cbf0fe70a842b614a0de131 from job leader monitoring.
2025-10-22 18:46:20,432 INFO  org.apache.flink.runtime.taskexecutor.TaskExecutor           [] - Close JobManager connection for job e7ceff362cbf0fe70a842b614a0de131.
2025-10-22 18:46:20,506 INFO  org.apache.flink.runtime.taskexecutor.TaskExecutor           [] - Receive slot request e87b41ed06d06a49b17275b293b91907 for job b6f94a3b930dbb8f74e7ab86fd8d03aa from resource manager with leader id 00000000000000000000000000000000.
2025-10-22 18:46:20,508 INFO  org.apache.flink.runtime.taskexecutor.slot.TaskSlotTableImpl [] - Allocated slot for e87b41ed06d06a49b17275b293b91907 with resources ResourceProfile{cpuCores=1, taskHeapMemory=384.000mb (402653174 bytes), taskOffHeapMemory=0 bytes, managedMemory=512.000mb (536870920 bytes), networkMemory=128.000mb (134217730 bytes)}.
2025-10-22 18:46:20,508 INFO  org.apache.flink.runtime.taskexecutor.DefaultJobLeaderService [] - Add job b6f94a3b930dbb8f74e7ab86fd8d03aa for job leader monitoring.
2025-10-22 18:46:20,508 INFO  org.apache.flink.runtime.taskexecutor.DefaultJobLeaderService [] - Try to register at job manager pekko.tcp://flink@e030d7f5ba55:6123/user/rpc/jobmanager_3 with leader id 00000000-0000-0000-0000-000000000000.
2025-10-22 18:46:20,536 INFO  org.apache.flink.runtime.taskexecutor.DefaultJobLeaderService [] - Resolved JobManager address, beginning registration
2025-10-22 18:46:20,575 INFO  org.apache.flink.runtime.taskexecutor.DefaultJobLeaderService [] - Successful registration at job manager pekko.tcp://flink@e030d7f5ba55:6123/user/rpc/jobmanager_3 for job b6f94a3b930dbb8f74e7ab86fd8d03aa.
2025-10-22 18:46:20,575 INFO  org.apache.flink.runtime.taskexecutor.TaskExecutor           [] - Establish JobManager connection for job b6f94a3b930dbb8f74e7ab86fd8d03aa.
2025-10-22 18:46:20,575 INFO  org.apache.flink.runtime.taskexecutor.TaskExecutor           [] - Offer reserved slots to the leader of job b6f94a3b930dbb8f74e7ab86fd8d03aa.
2025-10-22 18:46:20,590 INFO  org.apache.flink.runtime.taskexecutor.slot.TaskSlotTableImpl [] - Activate slot e87b41ed06d06a49b17275b293b91907.
2025-10-22 18:46:20,594 INFO  org.apache.flink.runtime.state.changelog.StateChangelogStorageLoader [] - Creating a changelog storage with name 'memory'.
2025-10-22 18:46:20,594 INFO  org.apache.flink.runtime.state.TaskExecutorChannelStateExecutorFactoryManager [] - Creating the channel state executor factory for job id b6f94a3b930dbb8f74e7ab86fd8d03aa
2025-10-22 18:46:20,596 INFO  org.apache.flink.runtime.taskexecutor.TaskExecutor           [] - Received task Source: Collection Source -> _stream_key_by_map_operator (1/1)#0 (cf85a76242ad82797e6d8ddbe0aa6d6a_cbc357ccb763df2852fee8c4fc7d55f2_0_0), deploy into slot with allocation id e87b41ed06d06a49b17275b293b91907.
2025-10-22 18:46:20,601 INFO  org.apache.flink.runtime.taskexecutor.slot.TaskSlotTableImpl [] - Activate slot e87b41ed06d06a49b17275b293b91907.
2025-10-22 18:46:20,601 INFO  org.apache.flink.runtime.taskmanager.Task                    [] - Source: Collection Source -> _stream_key_by_map_operator (1/1)#0 (cf85a76242ad82797e6d8ddbe0aa6d6a_cbc357ccb763df2852fee8c4fc7d55f2_0_0) switched from CREATED to DEPLOYING.
2025-10-22 18:46:20,603 INFO  org.apache.flink.runtime.taskmanager.Task                    [] - Loading JAR files for task Source: Collection Source -> _stream_key_by_map_operator (1/1)#0 (cf85a76242ad82797e6d8ddbe0aa6d6a_cbc357ccb763df2852fee8c4fc7d55f2_0_0) [DEPLOYING].
2025-10-22 18:46:20,606 INFO  org.apache.flink.runtime.blob.BlobClient                     [] - Downloading b6f94a3b930dbb8f74e7ab86fd8d03aa/p-eb2d28ac31e2c97dd63a6894758ee2d5f438b095-e806a8107a5ae14d4040886833d58639 from e030d7f5ba55/172.17.0.2:6124
2025-10-22 18:46:20,610 INFO  org.apache.flink.runtime.taskexecutor.slot.TaskSlotTableImpl [] - Activate slot e87b41ed06d06a49b17275b293b91907.
2025-10-22 18:46:20,617 INFO  org.apache.flink.runtime.taskexecutor.TaskExecutor           [] - Received task KEYED PROCESS -> Sink: Print to Std. Out (1/1)#0 (cf85a76242ad82797e6d8ddbe0aa6d6a_90bea66de1c231edf33913ecd54406c1_0_0), deploy into slot with allocation id e87b41ed06d06a49b17275b293b91907.
2025-10-22 18:46:20,624 INFO  org.apache.flink.runtime.taskmanager.Task                    [] - KEYED PROCESS -> Sink: Print to Std. Out (1/1)#0 (cf85a76242ad82797e6d8ddbe0aa6d6a_90bea66de1c231edf33913ecd54406c1_0_0) switched from CREATED to DEPLOYING.
2025-10-22 18:46:20,625 INFO  org.apache.flink.runtime.taskmanager.Task                    [] - Loading JAR files for task KEYED PROCESS -> Sink: Print to Std. Out (1/1)#0 (cf85a76242ad82797e6d8ddbe0aa6d6a_90bea66de1c231edf33913ecd54406c1_0_0) [DEPLOYING].
2025-10-22 18:46:20,806 INFO  org.apache.flink.streaming.runtime.tasks.StreamTask          [] - Loading state backend via factory org.apache.flink.state.rocksdb.EmbeddedRocksDBStateBackendFactory
2025-10-22 18:46:20,806 INFO  org.apache.flink.state.rocksdb.EmbeddedRocksDBStateBackend   [] - Using predefined options: DEFAULT.
2025-10-22 18:46:20,810 INFO  org.apache.flink.runtime.state.StateBackendLoader            [] - State backend loader loads the state backend as EmbeddedRocksDBStateBackend
2025-10-22 18:46:20,811 INFO  org.apache.flink.streaming.runtime.tasks.StreamTask          [] - Checkpoint storage is set to 'filesystem': (checkpoints "file:/tmp/flink-checkpoints")
2025-10-22 18:46:20,812 INFO  org.apache.flink.runtime.taskmanager.Task                    [] - KEYED PROCESS -> Sink: Print to Std. Out (1/1)#0 (cf85a76242ad82797e6d8ddbe0aa6d6a_90bea66de1c231edf33913ecd54406c1_0_0) switched from DEPLOYING to INITIALIZING.
2025-10-22 18:46:20,835 INFO  org.apache.flink.streaming.runtime.tasks.StreamTask          [] - Loading state backend via factory org.apache.flink.state.rocksdb.EmbeddedRocksDBStateBackendFactory
2025-10-22 18:46:20,835 INFO  org.apache.flink.state.rocksdb.EmbeddedRocksDBStateBackend   [] - Using predefined options: DEFAULT.
2025-10-22 18:46:20,838 INFO  org.apache.flink.runtime.state.StateBackendLoader            [] - State backend loader loads the state backend as EmbeddedRocksDBStateBackend
2025-10-22 18:46:20,838 INFO  org.apache.flink.streaming.runtime.tasks.StreamTask          [] - Checkpoint storage is set to 'filesystem': (checkpoints "file:/tmp/flink-checkpoints")
2025-10-22 18:46:20,839 INFO  org.apache.flink.runtime.taskmanager.Task                    [] - Source: Collection Source -> _stream_key_by_map_operator (1/1)#0 (cf85a76242ad82797e6d8ddbe0aa6d6a_cbc357ccb763df2852fee8c4fc7d55f2_0_0) switched from DEPLOYING to INITIALIZING.
2025-10-22 18:46:20,864 INFO  org.apache.flink.runtime.state.StateBackendLoader            [] - Loading state backend via factory org.apache.flink.state.rocksdb.EmbeddedRocksDBStateBackendFactory
2025-10-22 18:46:20,864 INFO  org.apache.flink.state.rocksdb.EmbeddedRocksDBStateBackend   [] - Using predefined options: DEFAULT.
2025-10-22 18:46:20,871 INFO  org.apache.flink.runtime.state.StateBackendLoader            [] - Loading state backend via factory org.apache.flink.state.rocksdb.EmbeddedRocksDBStateBackendFactory
2025-10-22 18:46:20,871 INFO  org.apache.flink.state.rocksdb.EmbeddedRocksDBStateBackend   [] - Using predefined options: DEFAULT.
2025-10-22 18:46:20,879 INFO  org.apache.flink.runtime.state.StateBackendLoader            [] - Loading state backend via factory org.apache.flink.state.rocksdb.EmbeddedRocksDBStateBackendFactory
2025-10-22 18:46:20,879 INFO  org.apache.flink.state.rocksdb.EmbeddedRocksDBStateBackend   [] - Using predefined options: DEFAULT.
2025-10-22 18:46:20,882 INFO  org.apache.flink.state.rocksdb.EmbeddedRocksDBStateBackend   [] - Getting shared memory for RocksDB: shareScope=SLOT, managed=false
2025-10-22 18:46:20,883 INFO  org.apache.flink.streaming.api.operators.AbstractStreamOperator [] - The maximum bundle size is configured to 1000.
2025-10-22 18:46:20,883 INFO  org.apache.flink.streaming.api.operators.AbstractStreamOperator [] - The maximum bundle time is configured to 1000 milliseconds.
2025-10-22 18:46:20,883 INFO  org.apache.flink.state.rocksdb.EmbeddedRocksDBStateBackend   [] - Obtained shared RocksDB cache of size 375809644 bytes
2025-10-22 18:46:20,918 INFO  org.apache.flink.state.rocksdb.restore.RocksDBIncrementalRestoreOperation [] - Starting RocksDB incremental recovery in operator ExternalPythonKeyedProcessOperator_90bea66de1c231edf33913ecd54406c1_(1/1) target key-group range [0, 127]. Use IngestDB=false, Use AsyncCompaction=false, State Handles=[IncrementalRemoteKeyedStateHandle{privateState=[HandleAndLocalPath{handle=ByteStreamStateHandle{handleName='file:/tmp/flink-checkpoints/savepoint-e7ceff-07422e820a70/9dc52f92-1e4d-45b5-9346-cd3d062b2930', dataBytes=804}, localPath='MANIFEST-000005'}, HandleAndLocalPath{handle=RelativeFileStateHandle State: file:/tmp/flink-checkpoints/savepoint-e7ceff-07422e820a70/54ef7b4c-96ce-41ee-b495-0017dc03d121, 54ef7b4c-96ce-41ee-b495-0017dc03d121 [26690 bytes], localPath='000016.sst'}, HandleAndLocalPath{handle=ByteStreamStateHandle{handleName='file:/tmp/flink-checkpoints/savepoint-e7ceff-07422e820a70/6631181d-6e96-4e42-8539-a1be467f6234', dataBytes=16}, localPath='CURRENT'}, HandleAndLocalPath{handle=RelativeFileStateHandle State: file:/tmp/flink-checkpoints/savepoint-e7ceff-07422e820a70/139457be-a66b-4398-9268-b46db53a0f5e, 139457be-a66b-4398-9268-b46db53a0f5e [21296 bytes], localPath='OPTIONS-000013'}, HandleAndLocalPath{handle=RelativeFileStateHandle State: file:/tmp/flink-checkpoints/savepoint-e7ceff-07422e820a70/73808e0d-8c9e-4994-a9dc-040a4fcc2034, 73808e0d-8c9e-4994-a9dc-040a4fcc2034 [115523 bytes], localPath='000015.sst'}, HandleAndLocalPath{handle=RelativeFileStateHandle State: file:/tmp/flink-checkpoints/savepoint-e7ceff-07422e820a70/c2deaaa9-e974-41e8-a430-aa608650fb45, c2deaaa9-e974-41e8-a430-aa608650fb45 [20569 bytes], localPath='000014.sst'}], persistedSizeOfThisCheckpoint=186495, registered=false} AbstractIncrementalStateHandle{checkpointId=3, backendIdentifier=19139366-beb0-4ada-a355-17f7612344a6, keyGroupRange=KeyGroupRange{startKeyGroup=0, endKeyGroup=127}, sharedState=[], metaStateHandle=ByteStreamStateHandle{handleName='file:/tmp/flink-checkpoints/savepoint-e7ceff-07422e820a70/9cb02f96-0cc3-45f4-9e3d-e35ad19d7ce3', dataBytes=1597}, stateHandleId=8cbfb74c-ae33-41c2-8ab8-67a71772c381}]
2025-10-22 18:46:20,926 INFO  org.apache.flink.state.rocksdb.restore.RocksDBIncrementalRestoreOperation [] - Start downloading remote state to local directory in operator ExternalPythonKeyedProcessOperator_90bea66de1c231edf33913ecd54406c1_(1/1) for target key-group range [0, 127].
2025-10-22 18:46:20,945 INFO  org.apache.flink.state.rocksdb.restore.RocksDBIncrementalRestoreOperation [] - Finished downloading remote state to local directory in operator ExternalPythonKeyedProcessOperator_90bea66de1c231edf33913ecd54406c1_(1/1) for target key-group range [0, 127].
2025-10-22 18:46:20,946 INFO  org.apache.flink.state.rocksdb.restore.RocksDBIncrementalRestoreOperation [] - Starting opening base RocksDB instance in operator ExternalPythonKeyedProcessOperator_90bea66de1c231edf33913ecd54406c1_(1/1) with target key-group range [0, 127] from state handle IncrementalLocalKeyedStateHandle{directoryStateHandle=DirectoryStateHandle{directory='/tmp/rocksdb/job_b6f94a3b930dbb8f74e7ab86fd8d03aa_op_ExternalPythonKeyedProcessOperator_90bea66de1c231edf33913ecd54406c1__1_1__uuid_3b3c8967-b41c-45e7-91aa-8ce7285e8ba9/1c9690bd-8733-4ad3-adae-2346bb165221', directorySize=186495}} AbstractIncrementalStateHandle{checkpointId=3, backendIdentifier=19139366-beb0-4ada-a355-17f7612344a6, keyGroupRange=KeyGroupRange{startKeyGroup=0, endKeyGroup=127}, sharedState=[], metaStateHandle=ByteStreamStateHandle{handleName='file:/tmp/flink-checkpoints/savepoint-e7ceff-07422e820a70/9cb02f96-0cc3-45f4-9e3d-e35ad19d7ce3', dataBytes=1597}, stateHandleId=9b3b4e12-8022-4292-923f-2b344b5eb847}.
