2025-10-22 18:40:19,508 INFO  org.apache.flink.runtime.entrypoint.ClusterEntrypoint        [] - --------------------------------------------------------------------------------
2025-10-22 18:40:19,510 INFO  org.apache.flink.runtime.entrypoint.ClusterEntrypoint        [] -  Preconfiguration: 
2025-10-22 18:40:19,510 INFO  org.apache.flink.runtime.entrypoint.ClusterEntrypoint        [] - 


RESOURCE_PARAMS extraction logs:
jvm_params: -Xmx1073741824 -Xms1073741824 -XX:MaxMetaspaceSize=268435456
dynamic_configs: -D jobmanager.memory.off-heap.size=134217728b -D jobmanager.memory.jvm-overhead.min=201326592b -D jobmanager.memory.jvm-metaspace.size=268435456b -D jobmanager.memory.heap.size=1073741824b -D jobmanager.memory.jvm-overhead.max=201326592b
logs: INFO  [] - Using standard YAML parser to load flink configuration file from /opt/flink/conf/config.yaml.
INFO  [] - Loading configuration property: blob.server.port, 6124
INFO  [] - Loading configuration property: taskmanager.memory.process.size, 1728m
INFO  [] - Loading configuration property: taskmanager.bind-host, 0.0.0.0
INFO  [] - Loading configuration property: jobmanager.execution.failover-strategy, region
INFO  [] - Loading configuration property: jobmanager.rpc.address, da9c960c3dbc
INFO  [] - Loading configuration property: execution.checkpointing.incremental, false
INFO  [] - Loading configuration property: state.backend.rocksdb.localdir, /tmp/rocksdb
INFO  [] - Loading configuration property: execution.target, remote
INFO  [] - Loading configuration property: jobmanager.memory.process.size, 1600m
INFO  [] - Loading configuration property: jobmanager.rpc.port, 6123
INFO  [] - Loading configuration property: query.server.port, 6125
INFO  [] - Loading configuration property: rest.bind-address, 0.0.0.0
INFO  [] - Loading configuration property: jobmanager.bind-host, 0.0.0.0
INFO  [] - Loading configuration property: execution.checkpointing.savepoint-dir, file:///tmp/flink-checkpoints
INFO  [] - Loading configuration property: taskmanager.host, 127.0.0.1
INFO  [] - Loading configuration property: execution.checkpointing.externalized-checkpoint-retention, RETAIN_ON_CANCELLATION
INFO  [] - Loading configuration property: parallelism.default, 1
INFO  [] - Loading configuration property: taskmanager.numberOfTaskSlots, 1
INFO  [] - Loading configuration property: execution.checkpointing.local-backup.enabled, true
INFO  [] - Loading configuration property: rest.address, 127.0.0.1
INFO  [] - Loading configuration property: execution.state-recovery.ignore-unclaimed-state, true
INFO  [] - Loading configuration property: execution.checkpointing.dir, file:///tmp/flink-checkpoints
INFO  [] - Loading configuration property: env.java.opts.all, --add-exports=java.rmi/sun.rmi.registry=ALL-UNNAMED --add-exports=java.security.jgss/sun.security.krb5=ALL-UNNAMED --add-opens=java.base/java.lang=ALL-UNNAMED --add-opens=java.base/java.net=ALL-UNNAMED --add-opens=java.base/java.io=ALL-UNNAMED --add-opens=java.base/java.nio=ALL-UNNAMED --add-opens=java.base/sun.nio.ch=ALL-UNNAMED --add-opens=java.base/java.lang.reflect=ALL-UNNAMED --add-opens=java.base/java.text=ALL-UNNAMED --add-opens=java.base/java.time=ALL-UNNAMED --add-opens=java.base/java.util=ALL-UNNAMED --add-opens=java.base/java.util.concurrent=ALL-UNNAMED --add-opens=java.base/java.util.concurrent.atomic=ALL-UNNAMED --add-opens=java.base/java.util.concurrent.locks=ALL-UNNAMED
INFO  [] - Loading configuration property: state.backend.type, rocksdb
INFO  [] - The derived from fraction jvm overhead memory (160.000mb (167772162 bytes)) is less than its min value 192.000mb (201326592 bytes), min value will be used instead
INFO  [] - Final Master Memory configuration:
INFO  [] -   Total Process Memory: 1.563gb (1677721600 bytes)
INFO  [] -     Total Flink Memory: 1.125gb (1207959552 bytes)
INFO  [] -       JVM Heap:         1024.000mb (1073741824 bytes)
INFO  [] -       Off-heap:         128.000mb (134217728 bytes)
INFO  [] -     JVM Metaspace:      256.000mb (268435456 bytes)
INFO  [] -     JVM Overhead:       192.000mb (201326592 bytes)

2025-10-22 18:40:19,511 INFO  org.apache.flink.runtime.entrypoint.ClusterEntrypoint        [] - --------------------------------------------------------------------------------
2025-10-22 18:40:19,527 INFO  org.apache.flink.runtime.entrypoint.ClusterEntrypoint        [] -  Starting StandaloneSessionClusterEntrypoint (Version: 2.1.0, Scala: 2.12, Rev:4cb6bd3, Date:2025-07-21T13:23:51+02:00)
2025-10-22 18:40:19,534 INFO  org.apache.flink.runtime.entrypoint.ClusterEntrypoint        [] -  OS current user: flink
2025-10-22 18:40:19,534 INFO  org.apache.flink.runtime.entrypoint.ClusterEntrypoint        [] -  Current Hadoop/Kerberos user: <no hadoop dependency found>
2025-10-22 18:40:19,535 INFO  org.apache.flink.runtime.entrypoint.ClusterEntrypoint        [] -  JVM: OpenJDK 64-Bit Server VM - Eclipse Adoptium - 17/17.0.16+8
2025-10-22 18:40:19,535 INFO  org.apache.flink.runtime.entrypoint.ClusterEntrypoint        [] -  Arch: amd64
2025-10-22 18:40:19,541 INFO  org.apache.flink.runtime.entrypoint.ClusterEntrypoint        [] -  Maximum heap size: 1024 MiBytes
2025-10-22 18:40:19,541 INFO  org.apache.flink.runtime.entrypoint.ClusterEntrypoint        [] -  JAVA_HOME: /opt/java/openjdk
2025-10-22 18:40:19,541 INFO  org.apache.flink.runtime.entrypoint.ClusterEntrypoint        [] -  No Hadoop Dependency available
2025-10-22 18:40:19,544 INFO  org.apache.flink.runtime.entrypoint.ClusterEntrypoint        [] -  JVM Options:
2025-10-22 18:40:19,544 INFO  org.apache.flink.runtime.entrypoint.ClusterEntrypoint        [] -     -Xmx1073741824
2025-10-22 18:40:19,544 INFO  org.apache.flink.runtime.entrypoint.ClusterEntrypoint        [] -     -Xms1073741824
2025-10-22 18:40:19,547 INFO  org.apache.flink.runtime.entrypoint.ClusterEntrypoint        [] -     -XX:MaxMetaspaceSize=268435456
2025-10-22 18:40:19,547 INFO  org.apache.flink.runtime.entrypoint.ClusterEntrypoint        [] -     -XX:+IgnoreUnrecognizedVMOptions
2025-10-22 18:40:19,547 INFO  org.apache.flink.runtime.entrypoint.ClusterEntrypoint        [] -     --add-exports=java.rmi/sun.rmi.registry=ALL-UNNAMED
2025-10-22 18:40:19,547 INFO  org.apache.flink.runtime.entrypoint.ClusterEntrypoint        [] -     --add-exports=java.security.jgss/sun.security.krb5=ALL-UNNAMED
2025-10-22 18:40:19,547 INFO  org.apache.flink.runtime.entrypoint.ClusterEntrypoint        [] -     --add-opens=java.base/java.lang=ALL-UNNAMED
2025-10-22 18:40:19,547 INFO  org.apache.flink.runtime.entrypoint.ClusterEntrypoint        [] -     --add-opens=java.base/java.net=ALL-UNNAMED
2025-10-22 18:40:19,547 INFO  org.apache.flink.runtime.entrypoint.ClusterEntrypoint        [] -     --add-opens=java.base/java.io=ALL-UNNAMED
2025-10-22 18:40:19,548 INFO  org.apache.flink.runtime.entrypoint.ClusterEntrypoint        [] -     --add-opens=java.base/java.nio=ALL-UNNAMED
2025-10-22 18:40:19,548 INFO  org.apache.flink.runtime.entrypoint.ClusterEntrypoint        [] -     --add-opens=java.base/sun.nio.ch=ALL-UNNAMED
2025-10-22 18:40:19,548 INFO  org.apache.flink.runtime.entrypoint.ClusterEntrypoint        [] -     --add-opens=java.base/java.lang.reflect=ALL-UNNAMED
2025-10-22 18:40:19,548 INFO  org.apache.flink.runtime.entrypoint.ClusterEntrypoint        [] -     --add-opens=java.base/java.text=ALL-UNNAMED
2025-10-22 18:40:19,548 INFO  org.apache.flink.runtime.entrypoint.ClusterEntrypoint        [] -     --add-opens=java.base/java.time=ALL-UNNAMED
2025-10-22 18:40:19,548 INFO  org.apache.flink.runtime.entrypoint.ClusterEntrypoint        [] -     --add-opens=java.base/java.util=ALL-UNNAMED
2025-10-22 18:40:19,548 INFO  org.apache.flink.runtime.entrypoint.ClusterEntrypoint        [] -     --add-opens=java.base/java.util.concurrent=ALL-UNNAMED
2025-10-22 18:40:19,548 INFO  org.apache.flink.runtime.entrypoint.ClusterEntrypoint        [] -     --add-opens=java.base/java.util.concurrent.atomic=ALL-UNNAMED
2025-10-22 18:40:19,548 INFO  org.apache.flink.runtime.entrypoint.ClusterEntrypoint        [] -     --add-opens=java.base/java.util.concurrent.locks=ALL-UNNAMED
2025-10-22 18:40:19,548 INFO  org.apache.flink.runtime.entrypoint.ClusterEntrypoint        [] -     -Dlog.file=/opt/flink/log/flink--standalonesession-0-da9c960c3dbc.log
2025-10-22 18:40:19,548 INFO  org.apache.flink.runtime.entrypoint.ClusterEntrypoint        [] -     -Dlog4j.configuration=file:/opt/flink/conf/log4j.properties
2025-10-22 18:40:19,548 INFO  org.apache.flink.runtime.entrypoint.ClusterEntrypoint        [] -     -Dlog4j.configurationFile=file:/opt/flink/conf/log4j.properties
2025-10-22 18:40:19,548 INFO  org.apache.flink.runtime.entrypoint.ClusterEntrypoint        [] -     -Dlogback.configurationFile=file:/opt/flink/conf/logback.xml
2025-10-22 18:40:19,548 INFO  org.apache.flink.runtime.entrypoint.ClusterEntrypoint        [] -  Program Arguments:
2025-10-22 18:40:19,555 INFO  org.apache.flink.runtime.entrypoint.ClusterEntrypoint        [] -     -D
2025-10-22 18:40:19,555 INFO  org.apache.flink.runtime.entrypoint.ClusterEntrypoint        [] -     jobmanager.memory.off-heap.size=134217728b
2025-10-22 18:40:19,555 INFO  org.apache.flink.runtime.entrypoint.ClusterEntrypoint        [] -     -D
2025-10-22 18:40:19,555 INFO  org.apache.flink.runtime.entrypoint.ClusterEntrypoint        [] -     jobmanager.memory.jvm-overhead.min=201326592b
2025-10-22 18:40:19,556 INFO  org.apache.flink.runtime.entrypoint.ClusterEntrypoint        [] -     -D
2025-10-22 18:40:19,556 INFO  org.apache.flink.runtime.entrypoint.ClusterEntrypoint        [] -     jobmanager.memory.jvm-metaspace.size=268435456b
2025-10-22 18:40:19,558 INFO  org.apache.flink.runtime.entrypoint.ClusterEntrypoint        [] -     -D
2025-10-22 18:40:19,559 INFO  org.apache.flink.runtime.entrypoint.ClusterEntrypoint        [] -     jobmanager.memory.heap.size=1073741824b
2025-10-22 18:40:19,559 INFO  org.apache.flink.runtime.entrypoint.ClusterEntrypoint        [] -     -D
2025-10-22 18:40:19,559 INFO  org.apache.flink.runtime.entrypoint.ClusterEntrypoint        [] -     jobmanager.memory.jvm-overhead.max=201326592b
2025-10-22 18:40:19,560 INFO  org.apache.flink.runtime.entrypoint.ClusterEntrypoint        [] -     --configDir
2025-10-22 18:40:19,560 INFO  org.apache.flink.runtime.entrypoint.ClusterEntrypoint        [] -     /opt/flink/conf
2025-10-22 18:40:19,561 INFO  org.apache.flink.runtime.entrypoint.ClusterEntrypoint        [] -  Classpath: /opt/flink/lib/flink-cep-2.1.0.jar:/opt/flink/lib/flink-connector-files-2.1.0.jar:/opt/flink/lib/flink-csv-2.1.0.jar:/opt/flink/lib/flink-json-2.1.0.jar:/opt/flink/lib/flink-scala_2.12-2.1.0.jar:/opt/flink/lib/flink-table-api-java-uber-2.1.0.jar:/opt/flink/lib/flink-table-planner-loader-2.1.0.jar:/opt/flink/lib/flink-table-runtime-2.1.0.jar:/opt/flink/lib/log4j-1.2-api-2.24.3.jar:/opt/flink/lib/log4j-api-2.24.3.jar:/opt/flink/lib/log4j-core-2.24.3.jar:/opt/flink/lib/log4j-layout-template-json-2.24.3.jar:/opt/flink/lib/log4j-slf4j-impl-2.24.3.jar:/opt/flink/lib/flink-dist-2.1.0.jar::::
2025-10-22 18:40:19,562 INFO  org.apache.flink.runtime.entrypoint.ClusterEntrypoint        [] - --------------------------------------------------------------------------------
2025-10-22 18:40:19,634 INFO  org.apache.flink.runtime.entrypoint.ClusterEntrypoint        [] - Registered UNIX signal handlers for [TERM, HUP, INT]
2025-10-22 18:40:19,644 INFO  org.apache.flink.configuration.GlobalConfiguration           [] - Using standard YAML parser to load flink configuration file from /opt/flink/conf/config.yaml.
2025-10-22 18:40:19,711 INFO  org.apache.flink.configuration.GlobalConfiguration           [] - Loading configuration property: blob.server.port, 6124
2025-10-22 18:40:19,712 INFO  org.apache.flink.configuration.GlobalConfiguration           [] - Loading configuration property: taskmanager.memory.process.size, 1728m
2025-10-22 18:40:19,712 INFO  org.apache.flink.configuration.GlobalConfiguration           [] - Loading configuration property: taskmanager.bind-host, 0.0.0.0
2025-10-22 18:40:19,712 INFO  org.apache.flink.configuration.GlobalConfiguration           [] - Loading configuration property: jobmanager.execution.failover-strategy, region
2025-10-22 18:40:19,712 INFO  org.apache.flink.configuration.GlobalConfiguration           [] - Loading configuration property: jobmanager.rpc.address, da9c960c3dbc
2025-10-22 18:40:19,712 INFO  org.apache.flink.configuration.GlobalConfiguration           [] - Loading configuration property: execution.checkpointing.incremental, false
2025-10-22 18:40:19,712 INFO  org.apache.flink.configuration.GlobalConfiguration           [] - Loading configuration property: state.backend.rocksdb.localdir, /tmp/rocksdb
2025-10-22 18:40:19,713 INFO  org.apache.flink.configuration.GlobalConfiguration           [] - Loading configuration property: execution.target, remote
2025-10-22 18:40:19,713 INFO  org.apache.flink.configuration.GlobalConfiguration           [] - Loading configuration property: jobmanager.memory.process.size, 1600m
2025-10-22 18:40:19,713 INFO  org.apache.flink.configuration.GlobalConfiguration           [] - Loading configuration property: jobmanager.rpc.port, 6123
2025-10-22 18:40:19,713 INFO  org.apache.flink.configuration.GlobalConfiguration           [] - Loading configuration property: query.server.port, 6125
2025-10-22 18:40:19,713 INFO  org.apache.flink.configuration.GlobalConfiguration           [] - Loading configuration property: rest.bind-address, 0.0.0.0
2025-10-22 18:40:19,713 INFO  org.apache.flink.configuration.GlobalConfiguration           [] - Loading configuration property: jobmanager.bind-host, 0.0.0.0
2025-10-22 18:40:19,713 INFO  org.apache.flink.configuration.GlobalConfiguration           [] - Loading configuration property: execution.checkpointing.savepoint-dir, file:///tmp/flink-checkpoints
2025-10-22 18:40:19,713 INFO  org.apache.flink.configuration.GlobalConfiguration           [] - Loading configuration property: taskmanager.host, 127.0.0.1
2025-10-22 18:40:19,713 INFO  org.apache.flink.configuration.GlobalConfiguration           [] - Loading configuration property: execution.checkpointing.externalized-checkpoint-retention, RETAIN_ON_CANCELLATION
2025-10-22 18:40:19,714 INFO  org.apache.flink.configuration.GlobalConfiguration           [] - Loading configuration property: parallelism.default, 1
2025-10-22 18:40:19,714 INFO  org.apache.flink.configuration.GlobalConfiguration           [] - Loading configuration property: taskmanager.numberOfTaskSlots, 1
2025-10-22 18:40:19,714 INFO  org.apache.flink.configuration.GlobalConfiguration           [] - Loading configuration property: execution.checkpointing.local-backup.enabled, true
2025-10-22 18:40:19,714 INFO  org.apache.flink.configuration.GlobalConfiguration           [] - Loading configuration property: rest.address, 127.0.0.1
2025-10-22 18:40:19,714 INFO  org.apache.flink.configuration.GlobalConfiguration           [] - Loading configuration property: execution.state-recovery.ignore-unclaimed-state, true
2025-10-22 18:40:19,714 INFO  org.apache.flink.configuration.GlobalConfiguration           [] - Loading configuration property: execution.checkpointing.dir, file:///tmp/flink-checkpoints
2025-10-22 18:40:19,714 INFO  org.apache.flink.configuration.GlobalConfiguration           [] - Loading configuration property: env.java.opts.all, --add-exports=java.rmi/sun.rmi.registry=ALL-UNNAMED --add-exports=java.security.jgss/sun.security.krb5=ALL-UNNAMED --add-opens=java.base/java.lang=ALL-UNNAMED --add-opens=java.base/java.net=ALL-UNNAMED --add-opens=java.base/java.io=ALL-UNNAMED --add-opens=java.base/java.nio=ALL-UNNAMED --add-opens=java.base/sun.nio.ch=ALL-UNNAMED --add-opens=java.base/java.lang.reflect=ALL-UNNAMED --add-opens=java.base/java.text=ALL-UNNAMED --add-opens=java.base/java.time=ALL-UNNAMED --add-opens=java.base/java.util=ALL-UNNAMED --add-opens=java.base/java.util.concurrent=ALL-UNNAMED --add-opens=java.base/java.util.concurrent.atomic=ALL-UNNAMED --add-opens=java.base/java.util.concurrent.locks=ALL-UNNAMED
2025-10-22 18:40:19,714 INFO  org.apache.flink.configuration.GlobalConfiguration           [] - Loading configuration property: state.backend.type, rocksdb
2025-10-22 18:40:19,714 INFO  org.apache.flink.configuration.GlobalConfiguration           [] - Loading dynamic configuration property: jobmanager.memory.off-heap.size, 134217728b
2025-10-22 18:40:19,714 INFO  org.apache.flink.configuration.GlobalConfiguration           [] - Loading dynamic configuration property: jobmanager.memory.jvm-overhead.min, 201326592b
2025-10-22 18:40:19,715 INFO  org.apache.flink.configuration.GlobalConfiguration           [] - Loading dynamic configuration property: jobmanager.memory.jvm-metaspace.size, 268435456b
2025-10-22 18:40:19,715 INFO  org.apache.flink.configuration.GlobalConfiguration           [] - Loading dynamic configuration property: jobmanager.memory.heap.size, 1073741824b
2025-10-22 18:40:19,715 INFO  org.apache.flink.configuration.GlobalConfiguration           [] - Loading dynamic configuration property: jobmanager.memory.jvm-overhead.max, 201326592b
2025-10-22 18:40:19,841 INFO  org.apache.flink.runtime.entrypoint.ClusterEntrypoint        [] - Starting StandaloneSessionClusterEntrypoint.
2025-10-22 18:40:20,099 INFO  org.apache.flink.runtime.entrypoint.ClusterEntrypoint        [] - Install default filesystem.
2025-10-22 18:40:20,110 INFO  org.apache.flink.core.fs.FileSystem                          [] - Hadoop is not in the classpath/dependencies. The extended set of supported File Systems via Hadoop is not available.
2025-10-22 18:40:20,160 INFO  org.apache.flink.core.plugin.DefaultPluginManager            [] - Plugin loader with ID not found, creating it: metrics-statsd
2025-10-22 18:40:20,167 INFO  org.apache.flink.core.plugin.DefaultPluginManager            [] - Plugin loader with ID not found, creating it: metrics-jmx
2025-10-22 18:40:20,168 INFO  org.apache.flink.core.plugin.DefaultPluginManager            [] - Plugin loader with ID not found, creating it: metrics-prometheus
2025-10-22 18:40:20,168 INFO  org.apache.flink.core.plugin.DefaultPluginManager            [] - Plugin loader with ID not found, creating it: metrics-influx
2025-10-22 18:40:20,170 INFO  org.apache.flink.core.plugin.DefaultPluginManager            [] - Plugin loader with ID not found, creating it: metrics-slf4j
2025-10-22 18:40:20,170 INFO  org.apache.flink.core.plugin.DefaultPluginManager            [] - Plugin loader with ID not found, creating it: metrics-otel
2025-10-22 18:40:20,171 INFO  org.apache.flink.core.plugin.DefaultPluginManager            [] - Plugin loader with ID not found, creating it: metrics-datadog
2025-10-22 18:40:20,171 INFO  org.apache.flink.core.plugin.DefaultPluginManager            [] - Plugin loader with ID not found, creating it: metrics-graphite
2025-10-22 18:40:20,171 INFO  org.apache.flink.core.plugin.DefaultPluginManager            [] - Plugin loader with ID not found, creating it: external-resource-gpu
2025-10-22 18:40:20,517 INFO  org.apache.flink.runtime.entrypoint.ClusterEntrypoint        [] - Install security context.
2025-10-22 18:40:20,541 INFO  org.apache.flink.runtime.security.modules.HadoopModuleFactory [] - Cannot create Hadoop Security Module because Hadoop cannot be found in the Classpath.
2025-10-22 18:40:20,553 INFO  org.apache.flink.runtime.security.modules.JaasModule         [] - Jaas file will be created as /tmp/jaas-16610526196030661389.conf.
2025-10-22 18:40:20,565 INFO  org.apache.flink.runtime.security.contexts.HadoopSecurityContextFactory [] - Cannot install HadoopSecurityContext because Hadoop cannot be found in the Classpath.
2025-10-22 18:40:20,568 INFO  org.apache.flink.runtime.entrypoint.ClusterEntrypoint        [] - Initializing cluster services.
2025-10-22 18:40:20,578 INFO  org.apache.flink.runtime.entrypoint.ClusterEntrypoint        [] - Using working directory: WorkingDirectory(/tmp/jm_f329c91f82350198059be153e3a37bef).
2025-10-22 18:40:22,772 INFO  org.apache.flink.runtime.rpc.pekko.PekkoRpcServiceUtils      [] - Trying to start actor system, external address da9c960c3dbc:6123, bind address 0.0.0.0:6123.
2025-10-22 18:40:24,302 INFO  org.apache.pekko.event.slf4j.Slf4jLogger                     [] - Slf4jLogger started
2025-10-22 18:40:24,496 INFO  org.apache.pekko.remote.RemoteActorRefProvider               [] - Pekko Cluster not in use - enabling unsafe features anyway because `pekko.remote.use-unsafe-remote-features-outside-cluster` has been enabled.
2025-10-22 18:40:24,508 INFO  org.apache.pekko.remote.Remoting                             [] - Starting remoting
2025-10-22 18:40:25,250 INFO  org.apache.pekko.remote.Remoting                             [] - Remoting started; listening on addresses :[pekko.tcp://flink@da9c960c3dbc:6123]
2025-10-22 18:40:25,513 INFO  org.apache.flink.runtime.rpc.pekko.PekkoRpcServiceUtils      [] - Actor system started at pekko.tcp://flink@da9c960c3dbc:6123
2025-10-22 18:40:25,534 INFO  org.apache.flink.runtime.security.token.DefaultDelegationTokenManager [] - Loading delegation token providers
2025-10-22 18:40:25,543 INFO  org.apache.flink.runtime.security.token.hadoop.HadoopFSDelegationTokenProvider [] - Hadoop FS is not available (not packaged with this application): NoClassDefFoundError : "org/apache/hadoop/conf/Configuration".
2025-10-22 18:40:25,543 INFO  org.apache.flink.runtime.security.token.DefaultDelegationTokenManager [] - Delegation token provider hadoopfs loaded and initialized
2025-10-22 18:40:25,545 INFO  org.apache.flink.runtime.security.token.DefaultDelegationTokenManager [] - Delegation token provider hbase loaded and initialized
2025-10-22 18:40:25,545 INFO  org.apache.flink.core.plugin.DefaultPluginManager            [] - Plugin loader with ID found, reusing it: metrics-statsd
2025-10-22 18:40:25,545 INFO  org.apache.flink.core.plugin.DefaultPluginManager            [] - Plugin loader with ID found, reusing it: metrics-jmx
2025-10-22 18:40:25,546 INFO  org.apache.flink.core.plugin.DefaultPluginManager            [] - Plugin loader with ID found, reusing it: metrics-prometheus
2025-10-22 18:40:25,546 INFO  org.apache.flink.core.plugin.DefaultPluginManager            [] - Plugin loader with ID found, reusing it: metrics-influx
2025-10-22 18:40:25,546 INFO  org.apache.flink.core.plugin.DefaultPluginManager            [] - Plugin loader with ID found, reusing it: metrics-slf4j
2025-10-22 18:40:25,546 INFO  org.apache.flink.core.plugin.DefaultPluginManager            [] - Plugin loader with ID found, reusing it: metrics-otel
2025-10-22 18:40:25,546 INFO  org.apache.flink.core.plugin.DefaultPluginManager            [] - Plugin loader with ID found, reusing it: metrics-datadog
2025-10-22 18:40:25,546 INFO  org.apache.flink.core.plugin.DefaultPluginManager            [] - Plugin loader with ID found, reusing it: metrics-graphite
2025-10-22 18:40:25,546 INFO  org.apache.flink.core.plugin.DefaultPluginManager            [] - Plugin loader with ID found, reusing it: external-resource-gpu
2025-10-22 18:40:25,546 INFO  org.apache.flink.runtime.security.token.DefaultDelegationTokenManager [] - Delegation token providers loaded successfully
2025-10-22 18:40:25,547 INFO  org.apache.flink.runtime.security.token.DelegationTokenReceiverRepository [] - Loading delegation token receivers
2025-10-22 18:40:25,549 INFO  org.apache.flink.runtime.security.token.DelegationTokenReceiverRepository [] - Delegation token receiver hadoopfs loaded and initialized
2025-10-22 18:40:25,553 INFO  org.apache.flink.runtime.security.token.DelegationTokenReceiverRepository [] - Delegation token receiver hbase loaded and initialized
2025-10-22 18:40:25,553 INFO  org.apache.flink.core.plugin.DefaultPluginManager            [] - Plugin loader with ID found, reusing it: metrics-statsd
2025-10-22 18:40:25,554 INFO  org.apache.flink.core.plugin.DefaultPluginManager            [] - Plugin loader with ID found, reusing it: metrics-jmx
2025-10-22 18:40:25,554 INFO  org.apache.flink.core.plugin.DefaultPluginManager            [] - Plugin loader with ID found, reusing it: metrics-prometheus
2025-10-22 18:40:25,555 INFO  org.apache.flink.core.plugin.DefaultPluginManager            [] - Plugin loader with ID found, reusing it: metrics-influx
2025-10-22 18:40:25,556 INFO  org.apache.flink.core.plugin.DefaultPluginManager            [] - Plugin loader with ID found, reusing it: metrics-slf4j
2025-10-22 18:40:25,556 INFO  org.apache.flink.core.plugin.DefaultPluginManager            [] - Plugin loader with ID found, reusing it: metrics-otel
2025-10-22 18:40:25,558 INFO  org.apache.flink.core.plugin.DefaultPluginManager            [] - Plugin loader with ID found, reusing it: metrics-datadog
2025-10-22 18:40:25,558 INFO  org.apache.flink.core.plugin.DefaultPluginManager            [] - Plugin loader with ID found, reusing it: metrics-graphite
2025-10-22 18:40:25,558 INFO  org.apache.flink.core.plugin.DefaultPluginManager            [] - Plugin loader with ID found, reusing it: external-resource-gpu
2025-10-22 18:40:25,558 INFO  org.apache.flink.runtime.security.token.DelegationTokenReceiverRepository [] - Delegation token receivers loaded successfully
2025-10-22 18:40:25,558 INFO  org.apache.flink.runtime.security.token.DefaultDelegationTokenManager [] - Checking provider and receiver instances consistency
2025-10-22 18:40:25,558 INFO  org.apache.flink.runtime.security.token.DefaultDelegationTokenManager [] - Provider and receiver instances are consistent
2025-10-22 18:40:25,559 INFO  org.apache.flink.runtime.security.token.DefaultDelegationTokenManager [] - Obtaining delegation tokens
2025-10-22 18:40:25,567 INFO  org.apache.flink.runtime.security.token.DefaultDelegationTokenManager [] - Delegation tokens obtained successfully
2025-10-22 18:40:25,567 WARN  org.apache.flink.runtime.security.token.DefaultDelegationTokenManager [] - No tokens obtained so skipping notifications
2025-10-22 18:40:25,663 INFO  org.apache.flink.runtime.blob.BlobServer                     [] - Created BLOB server storage directory /tmp/jm_f329c91f82350198059be153e3a37bef/blobStorage
2025-10-22 18:40:25,750 INFO  org.apache.flink.runtime.blob.BlobServer                     [] - Started BLOB server at 0.0.0.0:6124 - max concurrent requests: 50 - max backlog: 1000
2025-10-22 18:40:25,823 INFO  org.apache.flink.runtime.metrics.MetricRegistryImpl          [] - No metrics reporter configured, no metrics will be exposed/reported.
2025-10-22 18:40:25,823 INFO  org.apache.flink.runtime.metrics.MetricRegistryImpl          [] - No trace reporter configured, no traces will be exposed/reported.
2025-10-22 18:40:25,823 INFO  org.apache.flink.runtime.metrics.MetricRegistryImpl          [] - No event reporter configured, no events will be exposed/reported.
2025-10-22 18:40:25,853 INFO  org.apache.flink.runtime.rpc.pekko.PekkoRpcServiceUtils      [] - Trying to start actor system, external address da9c960c3dbc:0, bind address 0.0.0.0:0.
2025-10-22 18:40:25,933 INFO  org.apache.pekko.event.slf4j.Slf4jLogger                     [] - Slf4jLogger started
2025-10-22 18:40:25,954 INFO  org.apache.pekko.remote.RemoteActorRefProvider               [] - Pekko Cluster not in use - enabling unsafe features anyway because `pekko.remote.use-unsafe-remote-features-outside-cluster` has been enabled.
2025-10-22 18:40:25,954 INFO  org.apache.pekko.remote.Remoting                             [] - Starting remoting
2025-10-22 18:40:25,972 INFO  org.apache.pekko.remote.Remoting                             [] - Remoting started; listening on addresses :[pekko.tcp://flink-metrics@da9c960c3dbc:37501]
2025-10-22 18:40:26,004 INFO  org.apache.flink.runtime.rpc.pekko.PekkoRpcServiceUtils      [] - Actor system started at pekko.tcp://flink-metrics@da9c960c3dbc:37501
2025-10-22 18:40:26,186 INFO  org.apache.flink.runtime.rpc.pekko.PekkoRpcService           [] - Starting RPC endpoint for org.apache.flink.runtime.metrics.dump.MetricQueryService at pekko://flink-metrics/user/rpc/MetricQueryService .
2025-10-22 18:40:28,192 INFO  org.apache.flink.runtime.dispatcher.FileExecutionGraphInfoStore [] - Initializing FileExecutionGraphInfoStore: Storage directory /tmp/executionGraphStore-c974a317-6118-44b2-91a2-22ecff8cec3b, expiration time 3600000, maximum cache size 52428800 bytes.
2025-10-22 18:40:28,674 INFO  org.apache.flink.runtime.dispatcher.DispatcherRestEndpoint   [] - Upload directory /tmp/flink-web-03a329ef-23db-4501-b2b1-1493155d1570/flink-web-upload does not exist. 
2025-10-22 18:40:28,756 INFO  org.apache.flink.runtime.dispatcher.DispatcherRestEndpoint   [] - Created directory /tmp/flink-web-03a329ef-23db-4501-b2b1-1493155d1570/flink-web-upload for file uploads.
2025-10-22 18:40:28,758 INFO  org.apache.flink.runtime.dispatcher.DispatcherRestEndpoint   [] - Starting rest endpoint.
2025-10-22 18:40:31,176 INFO  org.apache.flink.runtime.webmonitor.WebMonitorUtils          [] - Determined location of main cluster component log file: /opt/flink/log/flink--standalonesession-0-da9c960c3dbc.log
2025-10-22 18:40:31,177 INFO  org.apache.flink.runtime.webmonitor.WebMonitorUtils          [] - Determined location of main cluster component stdout file: /opt/flink/log/flink--standalonesession-0-da9c960c3dbc.out
2025-10-22 18:40:31,393 INFO  org.apache.flink.runtime.dispatcher.DispatcherRestEndpoint   [] - Rest endpoint listening at 127.0.0.1:8081
2025-10-22 18:40:31,395 INFO  org.apache.flink.runtime.dispatcher.DispatcherRestEndpoint   [] - http://127.0.0.1:8081 was granted leadership with leaderSessionID=00000000-0000-0000-0000-000000000000
2025-10-22 18:40:31,397 INFO  org.apache.flink.runtime.dispatcher.DispatcherRestEndpoint   [] - Web frontend listening at http://127.0.0.1:8081.
2025-10-22 18:40:31,520 INFO  org.apache.flink.runtime.dispatcher.runner.DefaultDispatcherRunner [] - DefaultDispatcherRunner was granted leadership with leader id 00000000-0000-0000-0000-000000000000. Creating new DispatcherLeaderProcess.
2025-10-22 18:40:31,527 INFO  org.apache.flink.runtime.dispatcher.runner.SessionDispatcherLeaderProcess [] - Start SessionDispatcherLeaderProcess.
2025-10-22 18:40:31,535 INFO  org.apache.flink.runtime.resourcemanager.ResourceManagerServiceImpl [] - Starting resource manager service.
2025-10-22 18:40:31,536 INFO  org.apache.flink.runtime.resourcemanager.ResourceManagerServiceImpl [] - Resource manager service is granted leadership with session id 00000000-0000-0000-0000-000000000000.
2025-10-22 18:40:31,543 INFO  org.apache.flink.runtime.dispatcher.runner.SessionDispatcherLeaderProcess [] - Recover all persisted job graphs that are not finished, yet.
2025-10-22 18:40:31,543 INFO  org.apache.flink.runtime.dispatcher.runner.SessionDispatcherLeaderProcess [] - Successfully recovered 0 persisted job graphs.
2025-10-22 18:40:31,637 INFO  org.apache.flink.runtime.rpc.pekko.PekkoRpcService           [] - Starting RPC endpoint for org.apache.flink.runtime.dispatcher.StandaloneDispatcher at pekko://flink/user/rpc/dispatcher_0 .
2025-10-22 18:40:31,644 INFO  org.apache.flink.runtime.rpc.pekko.PekkoRpcService           [] - Starting RPC endpoint for org.apache.flink.runtime.resourcemanager.StandaloneResourceManager at pekko://flink/user/rpc/resourcemanager_1 .
2025-10-22 18:40:31,678 INFO  org.apache.flink.runtime.resourcemanager.StandaloneResourceManager [] - Starting the resource manager.
2025-10-22 18:40:31,686 INFO  org.apache.flink.runtime.resourcemanager.slotmanager.FineGrainedSlotManager [] - Starting the slot manager.
2025-10-22 18:40:31,689 INFO  org.apache.flink.runtime.security.token.DefaultDelegationTokenManager [] - Starting tokens update task
2025-10-22 18:40:31,690 WARN  org.apache.flink.runtime.security.token.DefaultDelegationTokenManager [] - No tokens obtained so skipping notifications
2025-10-22 18:40:31,690 WARN  org.apache.flink.runtime.security.token.DefaultDelegationTokenManager [] - Tokens update task not started because either no tokens obtained or none of the tokens specified its renewal date
2025-10-22 18:40:42,036 INFO  org.apache.flink.runtime.resourcemanager.StandaloneResourceManager [] - Registering TaskManager with ResourceID 127.0.0.1:37775-254b34 (pekko.tcp://flink@127.0.0.1:37775/user/rpc/taskmanager_0) at ResourceManager
2025-10-22 18:40:42,195 INFO  org.apache.flink.runtime.resourcemanager.slotmanager.FineGrainedSlotManager [] - Registering task executor 127.0.0.1:37775-254b34 under f3e83a4b346ec1c4480bc832c6c2c7e6 at the slot manager.
2025-10-22 18:40:57,949 INFO  org.apache.flink.runtime.dispatcher.StandaloneDispatcher     [] - Received job submission 'Word Counter' (d81466394b53c614201abb3ec5f39879).
2025-10-22 18:40:57,951 INFO  org.apache.flink.runtime.dispatcher.StandaloneDispatcher     [] - Submitting job 'Word Counter' (d81466394b53c614201abb3ec5f39879).
2025-10-22 18:40:58,142 INFO  org.apache.flink.runtime.jobmaster.JobMasterServiceLeadershipRunner [] - JobMasterServiceLeadershipRunner for job d81466394b53c614201abb3ec5f39879 was granted leadership with leader id 00000000-0000-0000-0000-000000000000. Creating new JobMasterServiceProcess.
2025-10-22 18:40:58,168 INFO  org.apache.flink.runtime.rpc.pekko.PekkoRpcService           [] - Starting RPC endpoint for org.apache.flink.runtime.jobmaster.JobMaster at pekko://flink/user/rpc/jobmanager_2 .
2025-10-22 18:40:58,188 INFO  org.apache.flink.runtime.jobmaster.JobMaster                 [] - Initializing job 'Word Counter' (d81466394b53c614201abb3ec5f39879).
2025-10-22 18:40:58,404 INFO  org.apache.flink.runtime.jobmaster.JobMaster                 [] - Using restart back off time strategy ExponentialDelayRestartBackoffTimeStrategy(initialBackoffMS=1000, maxBackoffMS=60000, backoffMultiplier=1.5, resetBackoffThresholdMS=3600000, jitterFactor=0.1, attemptsBeforeResetBackoff=2147483647, currentRestartAttempt=0, nextRestartTimestamp=-2147483648) for Word Counter (d81466394b53c614201abb3ec5f39879).
2025-10-22 18:40:58,633 INFO  org.apache.flink.runtime.executiongraph.ExecutionGraph       [] - Created execution graph 1ea9e7d7ac52aec80be5c0709fb9a59c for job d81466394b53c614201abb3ec5f39879.
2025-10-22 18:40:58,683 INFO  org.apache.flink.runtime.jobmaster.JobMaster                 [] - Running initialization on master for job Word Counter (d81466394b53c614201abb3ec5f39879).
2025-10-22 18:40:58,692 INFO  org.apache.flink.runtime.jobmaster.JobMaster                 [] - Successfully ran initialization on master in 8 ms.
2025-10-22 18:40:58,742 INFO  org.apache.flink.runtime.scheduler.adapter.DefaultExecutionTopology [] - Built 1 new pipelined regions in 2 ms, total 1 pipelined regions currently.
2025-10-22 18:40:58,749 INFO  org.apache.flink.runtime.jobmaster.JobMaster                 [] - Loading state backend via factory org.apache.flink.state.rocksdb.EmbeddedRocksDBStateBackendFactory
2025-10-22 18:40:58,922 INFO  org.apache.flink.state.rocksdb.EmbeddedRocksDBStateBackend   [] - Using predefined options: DEFAULT.
2025-10-22 18:40:58,930 INFO  org.apache.flink.runtime.state.StateBackendLoader            [] - State backend loader loads the state backend as EmbeddedRocksDBStateBackend
2025-10-22 18:40:58,935 INFO  org.apache.flink.runtime.jobmaster.JobMaster                 [] - Checkpoint storage is set to 'filesystem': (checkpoints "file:/tmp/flink-checkpoints")
2025-10-22 18:40:58,953 INFO  org.apache.flink.runtime.checkpoint.CheckpointCoordinator    [] - No checkpoint found during restore.
2025-10-22 18:40:58,960 INFO  org.apache.flink.runtime.jobmaster.JobMaster                 [] - Using failover strategy org.apache.flink.runtime.executiongraph.failover.RestartPipelinedRegionFailoverStrategy@74d1fafd for Word Counter (d81466394b53c614201abb3ec5f39879).
2025-10-22 18:40:58,972 INFO  org.apache.flink.runtime.jobmaster.JobMaster                 [] - Starting execution of job 'Word Counter' (d81466394b53c614201abb3ec5f39879) under job master id 00000000000000000000000000000000.
2025-10-22 18:40:58,976 INFO  org.apache.flink.runtime.jobmaster.JobMaster                 [] - Starting scheduling with scheduling strategy [org.apache.flink.runtime.scheduler.strategy.PipelinedRegionSchedulingStrategy]
2025-10-22 18:40:58,977 INFO  org.apache.flink.runtime.executiongraph.ExecutionGraph       [] - Job Word Counter (d81466394b53c614201abb3ec5f39879) switched from state CREATED to RUNNING.
2025-10-22 18:40:58,981 INFO  org.apache.flink.runtime.executiongraph.ExecutionGraph       [] - Source: Collection Source -> _stream_key_by_map_operator (1/1) (1ea9e7d7ac52aec80be5c0709fb9a59c_cbc357ccb763df2852fee8c4fc7d55f2_0_0) switched from CREATED to SCHEDULED.
2025-10-22 18:40:58,981 INFO  org.apache.flink.runtime.executiongraph.ExecutionGraph       [] - KEYED PROCESS -> Sink: Print to Std. Out (1/1) (1ea9e7d7ac52aec80be5c0709fb9a59c_90bea66de1c231edf33913ecd54406c1_0_0) switched from CREATED to SCHEDULED.
2025-10-22 18:40:59,003 INFO  org.apache.flink.runtime.jobmaster.JobMaster                 [] - Connecting to ResourceManager pekko.tcp://flink@da9c960c3dbc:6123/user/rpc/resourcemanager_*(00000000000000000000000000000000)
2025-10-22 18:40:59,009 INFO  org.apache.flink.runtime.jobmaster.JobMaster                 [] - Resolved ResourceManager address, beginning registration
2025-10-22 18:40:59,013 INFO  org.apache.flink.runtime.resourcemanager.StandaloneResourceManager [] - Registering job manager 00000000000000000000000000000000@pekko.tcp://flink@da9c960c3dbc:6123/user/rpc/jobmanager_2 for job d81466394b53c614201abb3ec5f39879.
2025-10-22 18:40:59,025 INFO  org.apache.flink.runtime.resourcemanager.StandaloneResourceManager [] - Registered job manager 00000000000000000000000000000000@pekko.tcp://flink@da9c960c3dbc:6123/user/rpc/jobmanager_2 for job d81466394b53c614201abb3ec5f39879.
2025-10-22 18:40:59,026 INFO  org.apache.flink.runtime.jobmaster.JobMaster                 [] - JobManager successfully registered at ResourceManager, leader id: 00000000000000000000000000000000.
2025-10-22 18:40:59,029 INFO  org.apache.flink.runtime.resourcemanager.slotmanager.FineGrainedSlotManager [] - Received resource requirements from job d81466394b53c614201abb3ec5f39879: [ResourceRequirement{resourceProfile=ResourceProfile{UNKNOWN}, numberOfRequiredSlots=1}]
2025-10-22 18:40:59,097 INFO  org.apache.flink.runtime.resourcemanager.slotmanager.FineGrainedSlotManager [] - Matching resource requirements against available resources.
Missing resources:
	 Job d81466394b53c614201abb3ec5f39879
		ResourceRequirement{resourceProfile=ResourceProfile{UNKNOWN}, numberOfRequiredSlots=1}
Current resources:
	TaskManager 127.0.0.1:37775-254b34
		Available: ResourceProfile{cpuCores=1, taskHeapMemory=384.000mb (402653174 bytes), taskOffHeapMemory=0 bytes, managedMemory=512.000mb (536870920 bytes), networkMemory=128.000mb (134217730 bytes)}
		Total:     ResourceProfile{cpuCores=1, taskHeapMemory=384.000mb (402653174 bytes), taskOffHeapMemory=0 bytes, managedMemory=512.000mb (536870920 bytes), networkMemory=128.000mb (134217730 bytes)}
2025-10-22 18:40:59,102 INFO  org.apache.flink.runtime.resourcemanager.slotmanager.DefaultSlotStatusSyncer [] - Starting allocation of slot 43c52663a0019c20ec77d95cb61f372b from 127.0.0.1:37775-254b34 for job d81466394b53c614201abb3ec5f39879 with resource profile ResourceProfile{cpuCores=1, taskHeapMemory=384.000mb (402653174 bytes), taskOffHeapMemory=0 bytes, managedMemory=512.000mb (536870920 bytes), networkMemory=128.000mb (134217730 bytes)}.
2025-10-22 18:40:59,234 INFO  org.apache.flink.runtime.executiongraph.ExecutionGraph       [] - Source: Collection Source -> _stream_key_by_map_operator (1/1) (1ea9e7d7ac52aec80be5c0709fb9a59c_cbc357ccb763df2852fee8c4fc7d55f2_0_0) switched from SCHEDULED to DEPLOYING.
2025-10-22 18:40:59,235 INFO  org.apache.flink.runtime.executiongraph.ExecutionGraph       [] - Deploying Source: Collection Source -> _stream_key_by_map_operator (1/1) (attempt #0) with attempt id 1ea9e7d7ac52aec80be5c0709fb9a59c_cbc357ccb763df2852fee8c4fc7d55f2_0_0 and vertex id cbc357ccb763df2852fee8c4fc7d55f2_0 to 127.0.0.1:37775-254b34 @ localhost (dataPort=36175) with allocation id 43c52663a0019c20ec77d95cb61f372b
2025-10-22 18:40:59,241 INFO  org.apache.flink.runtime.executiongraph.ExecutionGraph       [] - KEYED PROCESS -> Sink: Print to Std. Out (1/1) (1ea9e7d7ac52aec80be5c0709fb9a59c_90bea66de1c231edf33913ecd54406c1_0_0) switched from SCHEDULED to DEPLOYING.
2025-10-22 18:40:59,241 INFO  org.apache.flink.runtime.executiongraph.ExecutionGraph       [] - Deploying KEYED PROCESS -> Sink: Print to Std. Out (1/1) (attempt #0) with attempt id 1ea9e7d7ac52aec80be5c0709fb9a59c_90bea66de1c231edf33913ecd54406c1_0_0 and vertex id 90bea66de1c231edf33913ecd54406c1_0 to 127.0.0.1:37775-254b34 @ localhost (dataPort=36175) with allocation id 43c52663a0019c20ec77d95cb61f372b
2025-10-22 18:40:59,312 INFO  org.apache.flink.runtime.checkpoint.CheckpointFailureManager [] - Failed to trigger checkpoint for job d81466394b53c614201abb3ec5f39879 since Checkpoint triggering task Source: Collection Source -> _stream_key_by_map_operator (1/1) of job d81466394b53c614201abb3ec5f39879 is not being executed at the moment. Aborting checkpoint. Failure reason: Not all required tasks are currently running..
2025-10-22 18:41:00,066 INFO  org.apache.flink.runtime.executiongraph.ExecutionGraph       [] - KEYED PROCESS -> Sink: Print to Std. Out (1/1) (1ea9e7d7ac52aec80be5c0709fb9a59c_90bea66de1c231edf33913ecd54406c1_0_0) switched from DEPLOYING to INITIALIZING.
2025-10-22 18:41:00,072 INFO  org.apache.flink.runtime.executiongraph.ExecutionGraph       [] - Source: Collection Source -> _stream_key_by_map_operator (1/1) (1ea9e7d7ac52aec80be5c0709fb9a59c_cbc357ccb763df2852fee8c4fc7d55f2_0_0) switched from DEPLOYING to INITIALIZING.
2025-10-22 18:41:00,272 INFO  org.apache.flink.runtime.checkpoint.CheckpointFailureManager [] - Failed to trigger checkpoint for job d81466394b53c614201abb3ec5f39879 since Checkpoint triggering task Source: Collection Source -> _stream_key_by_map_operator (1/1) of job d81466394b53c614201abb3ec5f39879 is not being executed at the moment. Aborting checkpoint. Failure reason: Not all required tasks are currently running..
2025-10-22 18:41:01,274 INFO  org.apache.flink.runtime.checkpoint.CheckpointFailureManager [] - Failed to trigger checkpoint for job d81466394b53c614201abb3ec5f39879 since Checkpoint triggering task Source: Collection Source -> _stream_key_by_map_operator (1/1) of job d81466394b53c614201abb3ec5f39879 is not being executed at the moment. Aborting checkpoint. Failure reason: Not all required tasks are currently running..
2025-10-22 18:41:02,273 INFO  org.apache.flink.runtime.checkpoint.CheckpointFailureManager [] - Failed to trigger checkpoint for job d81466394b53c614201abb3ec5f39879 since Checkpoint triggering task Source: Collection Source -> _stream_key_by_map_operator (1/1) of job d81466394b53c614201abb3ec5f39879 is not being executed at the moment. Aborting checkpoint. Failure reason: Not all required tasks are currently running..
2025-10-22 18:41:03,272 INFO  org.apache.flink.runtime.checkpoint.CheckpointFailureManager [] - Failed to trigger checkpoint for job d81466394b53c614201abb3ec5f39879 since Checkpoint triggering task Source: Collection Source -> _stream_key_by_map_operator (1/1) of job d81466394b53c614201abb3ec5f39879 is not being executed at the moment. Aborting checkpoint. Failure reason: Not all required tasks are currently running..
2025-10-22 18:41:04,272 INFO  org.apache.flink.runtime.checkpoint.CheckpointFailureManager [] - Failed to trigger checkpoint for job d81466394b53c614201abb3ec5f39879 since Checkpoint triggering task Source: Collection Source -> _stream_key_by_map_operator (1/1) of job d81466394b53c614201abb3ec5f39879 is not being executed at the moment. Aborting checkpoint. Failure reason: Not all required tasks are currently running..
2025-10-22 18:41:05,272 INFO  org.apache.flink.runtime.checkpoint.CheckpointFailureManager [] - Failed to trigger checkpoint for job d81466394b53c614201abb3ec5f39879 since Checkpoint triggering task Source: Collection Source -> _stream_key_by_map_operator (1/1) of job d81466394b53c614201abb3ec5f39879 is not being executed at the moment. Aborting checkpoint. Failure reason: Not all required tasks are currently running..
2025-10-22 18:41:06,276 INFO  org.apache.flink.runtime.checkpoint.CheckpointFailureManager [] - Failed to trigger checkpoint for job d81466394b53c614201abb3ec5f39879 since Checkpoint triggering task Source: Collection Source -> _stream_key_by_map_operator (1/1) of job d81466394b53c614201abb3ec5f39879 is not being executed at the moment. Aborting checkpoint. Failure reason: Not all required tasks are currently running..
2025-10-22 18:41:07,271 INFO  org.apache.flink.runtime.checkpoint.CheckpointFailureManager [] - Failed to trigger checkpoint for job d81466394b53c614201abb3ec5f39879 since Checkpoint triggering task Source: Collection Source -> _stream_key_by_map_operator (1/1) of job d81466394b53c614201abb3ec5f39879 is not being executed at the moment. Aborting checkpoint. Failure reason: Not all required tasks are currently running..
2025-10-22 18:41:08,223 INFO  org.apache.flink.runtime.executiongraph.ExecutionGraph       [] - KEYED PROCESS -> Sink: Print to Std. Out (1/1) (1ea9e7d7ac52aec80be5c0709fb9a59c_90bea66de1c231edf33913ecd54406c1_0_0) switched from INITIALIZING to RUNNING.
2025-10-22 18:41:08,224 INFO  org.apache.flink.runtime.executiongraph.ExecutionGraph       [] - Source: Collection Source -> _stream_key_by_map_operator (1/1) (1ea9e7d7ac52aec80be5c0709fb9a59c_cbc357ccb763df2852fee8c4fc7d55f2_0_0) switched from INITIALIZING to RUNNING.
2025-10-22 18:41:08,284 INFO  org.apache.flink.runtime.checkpoint.CheckpointCoordinator    [] - Triggering checkpoint 1 (type=CheckpointType{name='Checkpoint', sharingFilesStrategy=FORWARD_BACKWARD}) @ 1761158468272 for job d81466394b53c614201abb3ec5f39879.
2025-10-22 18:41:11,939 INFO  org.apache.flink.runtime.checkpoint.CheckpointCoordinator    [] - Completed checkpoint 1 for job d81466394b53c614201abb3ec5f39879 (38072 bytes, checkpointDuration=3658 ms, finalizationTime=9 ms).
2025-10-22 18:41:11,942 INFO  org.apache.flink.runtime.checkpoint.CheckpointRequestDecider [] - checkpoint request time in queue: 2670
2025-10-22 18:41:11,945 INFO  org.apache.flink.runtime.checkpoint.CheckpointCoordinator    [] - Triggering checkpoint 2 (type=CheckpointType{name='Checkpoint', sharingFilesStrategy=FORWARD_BACKWARD}) @ 1761158471942 for job d81466394b53c614201abb3ec5f39879.
2025-10-22 18:41:19,517 INFO  org.apache.flink.runtime.jobmaster.JobMaster                 [] - Triggering savepoint for job d81466394b53c614201abb3ec5f39879.
2025-10-22 18:41:19,526 INFO  org.apache.flink.runtime.checkpoint.CheckpointCoordinator    [] - Triggering checkpoint 3 (type=SavepointType{name='Savepoint', postCheckpointAction=NONE, formatType=NATIVE}) @ 1761158479525 for job d81466394b53c614201abb3ec5f39879.
2025-10-22 18:41:30,108 INFO  org.apache.flink.runtime.checkpoint.CheckpointCoordinator    [] - Completed checkpoint 2 for job d81466394b53c614201abb3ec5f39879 (152442 bytes, checkpointDuration=18156 ms, finalizationTime=10 ms).
2025-10-22 18:41:32,439 INFO  org.apache.flink.runtime.checkpoint.CheckpointCoordinator    [] - Completed checkpoint 3 for job d81466394b53c614201abb3ec5f39879 (179312 bytes, checkpointDuration=12914 ms, finalizationTime=0 ms).
2025-10-22 18:41:32,441 INFO  org.apache.flink.runtime.checkpoint.CheckpointRequestDecider [] - checkpoint request time in queue: 22169
2025-10-22 18:41:32,443 INFO  org.apache.flink.runtime.checkpoint.CheckpointCoordinator    [] - Triggering checkpoint 4 (type=CheckpointType{name='Checkpoint', sharingFilesStrategy=FORWARD_BACKWARD}) @ 1761158492442 for job d81466394b53c614201abb3ec5f39879.
2025-10-22 18:41:42,785 INFO  org.apache.flink.runtime.jobmaster.JobMaster                 [] - Triggering a manual checkpoint for job d81466394b53c614201abb3ec5f39879.
2025-10-22 18:41:42,846 INFO  org.apache.flink.runtime.checkpoint.CheckpointCoordinator    [] - Completed checkpoint 4 for job d81466394b53c614201abb3ec5f39879 (249905 bytes, checkpointDuration=10404 ms, finalizationTime=0 ms).
2025-10-22 18:41:42,859 INFO  org.apache.flink.runtime.checkpoint.CheckpointCoordinator    [] - Triggering checkpoint 5 (type=CheckpointType{name='Checkpoint', sharingFilesStrategy=FORWARD_BACKWARD}) @ 1761158502849 for job d81466394b53c614201abb3ec5f39879.
2025-10-22 18:41:43,030 INFO  org.apache.flink.runtime.executiongraph.ExecutionGraph       [] - Source: Collection Source -> _stream_key_by_map_operator (1/1) (1ea9e7d7ac52aec80be5c0709fb9a59c_cbc357ccb763df2852fee8c4fc7d55f2_0_0) switched from RUNNING to FINISHED.
2025-10-22 18:41:43,237 INFO  org.apache.flink.runtime.executiongraph.ExecutionGraph       [] - KEYED PROCESS -> Sink: Print to Std. Out (1/1) (1ea9e7d7ac52aec80be5c0709fb9a59c_90bea66de1c231edf33913ecd54406c1_0_0) switched from RUNNING to FINISHED.
2025-10-22 18:41:43,289 INFO  org.apache.flink.runtime.executiongraph.ExecutionGraph       [] - Job Word Counter (d81466394b53c614201abb3ec5f39879) switched from state RUNNING to FINISHED.
2025-10-22 18:41:43,011 INFO  org.apache.flink.runtime.checkpoint.CheckpointCoordinator    [] - Decline checkpoint 5 by task 1ea9e7d7ac52aec80be5c0709fb9a59c_cbc357ccb763df2852fee8c4fc7d55f2_0_0 of job d81466394b53c614201abb3ec5f39879 at 127.0.0.1:37775-254b34 @ localhost (dataPort=36175).
org.apache.flink.util.SerializedThrowable: org.apache.flink.runtime.checkpoint.CheckpointException: Task name with subtask : Source: Collection Source -> _stream_key_by_map_operator (1/1)#0 Failure reason: Checkpoint was declined (task is closing)
	at org.apache.flink.runtime.taskmanager.Task.declineCheckpoint(Task.java:1425) ~[flink-dist-2.1.0.jar:2.1.0]
	at org.apache.flink.runtime.taskmanager.Task.declineCheckpoint(Task.java:1418) ~[flink-dist-2.1.0.jar:2.1.0]
	at org.apache.flink.runtime.taskmanager.Task.triggerCheckpointBarrier(Task.java:1384) ~[flink-dist-2.1.0.jar:2.1.0]
	at org.apache.flink.runtime.taskexecutor.TaskExecutor.triggerCheckpoint(TaskExecutor.java:1097) ~[flink-dist-2.1.0.jar:2.1.0]
	at java.base/jdk.internal.reflect.NativeMethodAccessorImpl.invoke0(Native Method) ~[?:?]
	at java.base/jdk.internal.reflect.NativeMethodAccessorImpl.invoke(Unknown Source) ~[?:?]
	at java.base/jdk.internal.reflect.DelegatingMethodAccessorImpl.invoke(Unknown Source) ~[?:?]
	at java.base/java.lang.reflect.Method.invoke(Unknown Source) ~[?:?]
	at org.apache.flink.runtime.rpc.pekko.PekkoRpcActor.lambda$handleRpcInvocation$1(PekkoRpcActor.java:318) ~[?:?]
	at org.apache.flink.runtime.concurrent.ClassLoadingUtils.runWithContextClassLoader(ClassLoadingUtils.java:83) ~[flink-dist-2.1.0.jar:2.1.0]
	at org.apache.flink.runtime.rpc.pekko.PekkoRpcActor.handleRpcInvocation(PekkoRpcActor.java:316) ~[?:?]
	at org.apache.flink.runtime.rpc.pekko.PekkoRpcActor.handleRpcMessage(PekkoRpcActor.java:229) ~[?:?]
	at org.apache.flink.runtime.rpc.pekko.PekkoRpcActor.handleMessage(PekkoRpcActor.java:174) ~[?:?]
	at org.apache.pekko.japi.pf.UnitCaseStatement.apply(CaseStatements.scala:33) ~[?:?]
	at org.apache.pekko.japi.pf.UnitCaseStatement.apply(CaseStatements.scala:29) ~[?:?]
	at scala.PartialFunction.applyOrElse(PartialFunction.scala:127) ~[flink-scala_2.12-2.1.0.jar:2.1.0]
	at scala.PartialFunction.applyOrElse$(PartialFunction.scala:126) ~[flink-scala_2.12-2.1.0.jar:2.1.0]
	at org.apache.pekko.japi.pf.UnitCaseStatement.applyOrElse(CaseStatements.scala:29) ~[?:?]
	at scala.PartialFunction$OrElse.applyOrElse(PartialFunction.scala:175) ~[flink-scala_2.12-2.1.0.jar:2.1.0]
	at scala.PartialFunction$OrElse.applyOrElse(PartialFunction.scala:176) ~[flink-scala_2.12-2.1.0.jar:2.1.0]
	at scala.PartialFunction$OrElse.applyOrElse(PartialFunction.scala:176) ~[flink-scala_2.12-2.1.0.jar:2.1.0]
	at org.apache.pekko.actor.Actor.aroundReceive(Actor.scala:547) ~[?:?]
	at org.apache.pekko.actor.Actor.aroundReceive$(Actor.scala:545) ~[?:?]
	at org.apache.pekko.actor.AbstractActor.aroundReceive(AbstractActor.scala:229) ~[?:?]
	at org.apache.pekko.actor.ActorCell.receiveMessage(ActorCell.scala:590) ~[?:?]
	at org.apache.pekko.actor.ActorCell.invoke(ActorCell.scala:557) ~[?:?]
	at org.apache.pekko.dispatch.Mailbox.processMailbox(Mailbox.scala:272) ~[?:?]
	at org.apache.pekko.dispatch.Mailbox.run(Mailbox.scala:233) ~[?:?]
	at org.apache.pekko.dispatch.Mailbox.exec(Mailbox.scala:245) ~[?:?]
	at java.base/java.util.concurrent.ForkJoinTask.doExec(Unknown Source) ~[?:?]
	at java.base/java.util.concurrent.ForkJoinPool$WorkQueue.topLevelExec(Unknown Source) ~[?:?]
	at java.base/java.util.concurrent.ForkJoinPool.scan(Unknown Source) ~[?:?]
	at java.base/java.util.concurrent.ForkJoinPool.runWorker(Unknown Source) ~[?:?]
	at java.base/java.util.concurrent.ForkJoinWorkerThread.run(Unknown Source) ~[?:?]
2025-10-22 18:41:43,306 WARN  org.apache.flink.runtime.checkpoint.CheckpointFailureManager [] - Failed to trigger or complete checkpoint 5 for job d81466394b53c614201abb3ec5f39879. (0 consecutive failed attempts so far)
org.apache.flink.runtime.checkpoint.CheckpointException: Checkpoint was declined (task is closing)
	at org.apache.flink.runtime.messages.checkpoint.SerializedCheckpointException.unwrap(SerializedCheckpointException.java:51) ~[flink-dist-2.1.0.jar:2.1.0]
	at org.apache.flink.runtime.checkpoint.CheckpointCoordinator.receiveDeclineMessage(CheckpointCoordinator.java:1146) ~[flink-dist-2.1.0.jar:2.1.0]
	at org.apache.flink.runtime.scheduler.ExecutionGraphHandler.lambda$declineCheckpoint$3(ExecutionGraphHandler.java:123) ~[flink-dist-2.1.0.jar:2.1.0]
	at org.apache.flink.runtime.scheduler.ExecutionGraphHandler.lambda$processCheckpointCoordinatorMessage$4(ExecutionGraphHandler.java:139) ~[flink-dist-2.1.0.jar:2.1.0]
	at org.apache.flink.util.MdcUtils.lambda$wrapRunnable$1(MdcUtils.java:70) ~[flink-dist-2.1.0.jar:2.1.0]
	at java.base/java.util.concurrent.ThreadPoolExecutor.runWorker(Unknown Source) [?:?]
	at java.base/java.util.concurrent.ThreadPoolExecutor$Worker.run(Unknown Source) [?:?]
	at java.base/java.lang.Thread.run(Unknown Source) [?:?]
Caused by: org.apache.flink.util.SerializedThrowable: org.apache.flink.runtime.checkpoint.CheckpointException: Task name with subtask : Source: Collection Source -> _stream_key_by_map_operator (1/1)#0 Failure reason: Checkpoint was declined (task is closing)
	at org.apache.flink.runtime.taskmanager.Task.declineCheckpoint(Task.java:1425) ~[flink-dist-2.1.0.jar:2.1.0]
	at org.apache.flink.runtime.taskmanager.Task.declineCheckpoint(Task.java:1418) ~[flink-dist-2.1.0.jar:2.1.0]
	at org.apache.flink.runtime.taskmanager.Task.triggerCheckpointBarrier(Task.java:1384) ~[flink-dist-2.1.0.jar:2.1.0]
	at org.apache.flink.runtime.taskexecutor.TaskExecutor.triggerCheckpoint(TaskExecutor.java:1097) ~[flink-dist-2.1.0.jar:2.1.0]
	at java.base/jdk.internal.reflect.NativeMethodAccessorImpl.invoke0(Native Method) ~[?:?]
	at java.base/jdk.internal.reflect.NativeMethodAccessorImpl.invoke(Unknown Source) ~[?:?]
	at java.base/jdk.internal.reflect.DelegatingMethodAccessorImpl.invoke(Unknown Source) ~[?:?]
	at java.base/java.lang.reflect.Method.invoke(Unknown Source) ~[?:?]
	at org.apache.flink.runtime.rpc.pekko.PekkoRpcActor.lambda$handleRpcInvocation$1(PekkoRpcActor.java:318) ~[?:?]
	at org.apache.flink.runtime.concurrent.ClassLoadingUtils.runWithContextClassLoader(ClassLoadingUtils.java:83) ~[flink-dist-2.1.0.jar:2.1.0]
	at org.apache.flink.runtime.rpc.pekko.PekkoRpcActor.handleRpcInvocation(PekkoRpcActor.java:316) ~[?:?]
	at org.apache.flink.runtime.rpc.pekko.PekkoRpcActor.handleRpcMessage(PekkoRpcActor.java:229) ~[?:?]
	at org.apache.flink.runtime.rpc.pekko.PekkoRpcActor.handleMessage(PekkoRpcActor.java:174) ~[?:?]
	at org.apache.pekko.japi.pf.UnitCaseStatement.apply(CaseStatements.scala:33) ~[?:?]
	at org.apache.pekko.japi.pf.UnitCaseStatement.apply(CaseStatements.scala:29) ~[?:?]
	at scala.PartialFunction.applyOrElse(PartialFunction.scala:127) ~[flink-scala_2.12-2.1.0.jar:2.1.0]
	at scala.PartialFunction.applyOrElse$(PartialFunction.scala:126) ~[flink-scala_2.12-2.1.0.jar:2.1.0]
	at org.apache.pekko.japi.pf.UnitCaseStatement.applyOrElse(CaseStatements.scala:29) ~[?:?]
	at scala.PartialFunction$OrElse.applyOrElse(PartialFunction.scala:175) ~[flink-scala_2.12-2.1.0.jar:2.1.0]
	at scala.PartialFunction$OrElse.applyOrElse(PartialFunction.scala:176) ~[flink-scala_2.12-2.1.0.jar:2.1.0]
	at scala.PartialFunction$OrElse.applyOrElse(PartialFunction.scala:176) ~[flink-scala_2.12-2.1.0.jar:2.1.0]
	at org.apache.pekko.actor.Actor.aroundReceive(Actor.scala:547) ~[?:?]
	at org.apache.pekko.actor.Actor.aroundReceive$(Actor.scala:545) ~[?:?]
	at org.apache.pekko.actor.AbstractActor.aroundReceive(AbstractActor.scala:229) ~[?:?]
	at org.apache.pekko.actor.ActorCell.receiveMessage(ActorCell.scala:590) ~[?:?]
	at org.apache.pekko.actor.ActorCell.invoke(ActorCell.scala:557) ~[?:?]
	at org.apache.pekko.dispatch.Mailbox.processMailbox(Mailbox.scala:272) ~[?:?]
	at org.apache.pekko.dispatch.Mailbox.run(Mailbox.scala:233) ~[?:?]
	at org.apache.pekko.dispatch.Mailbox.exec(Mailbox.scala:245) ~[?:?]
	at java.base/java.util.concurrent.ForkJoinTask.doExec(Unknown Source) ~[?:?]
	at java.base/java.util.concurrent.ForkJoinPool$WorkQueue.topLevelExec(Unknown Source) ~[?:?]
	at java.base/java.util.concurrent.ForkJoinPool.scan(Unknown Source) ~[?:?]
	at java.base/java.util.concurrent.ForkJoinPool.runWorker(Unknown Source) ~[?:?]
	at java.base/java.util.concurrent.ForkJoinWorkerThread.run(Unknown Source) ~[?:?]
2025-10-22 18:41:43,315 INFO  org.apache.flink.runtime.checkpoint.CheckpointCoordinator    [] - Stopping checkpoint coordinator for job d81466394b53c614201abb3ec5f39879.
2025-10-22 18:41:43,321 INFO  org.apache.flink.runtime.resourcemanager.slotmanager.FineGrainedSlotManager [] - Clearing resource requirements of job d81466394b53c614201abb3ec5f39879
2025-10-22 18:41:43,330 INFO  org.apache.flink.runtime.dispatcher.StandaloneDispatcher     [] - Job d81466394b53c614201abb3ec5f39879 reached terminal state FINISHED.
2025-10-22 18:41:43,422 INFO  org.apache.flink.runtime.jobmaster.JobMaster                 [] - Stopping the JobMaster for job 'Word Counter' (d81466394b53c614201abb3ec5f39879).
2025-10-22 18:41:43,435 INFO  org.apache.flink.runtime.checkpoint.StandaloneCompletedCheckpointStore [] - Shutting down
2025-10-22 18:41:43,440 INFO  org.apache.flink.runtime.jobmaster.slotpool.DefaultDeclarativeSlotPool [] - Releasing slot [43c52663a0019c20ec77d95cb61f372b].
2025-10-22 18:41:43,443 INFO  org.apache.flink.runtime.jobmaster.JobMaster                 [] - Disconnect TaskExecutor 127.0.0.1:37775-254b34 because: Stopping JobMaster for job 'Word Counter' (d81466394b53c614201abb3ec5f39879).
2025-10-22 18:41:43,445 INFO  org.apache.flink.runtime.jobmaster.JobMaster                 [] - Close ResourceManager connection f329c91f82350198059be153e3a37bef: Stopping JobMaster for job 'Word Counter' (d81466394b53c614201abb3ec5f39879).
2025-10-22 18:41:43,449 INFO  org.apache.flink.runtime.resourcemanager.StandaloneResourceManager [] - Disconnect job manager 00000000000000000000000000000000@pekko.tcp://flink@da9c960c3dbc:6123/user/rpc/jobmanager_2 for job d81466394b53c614201abb3ec5f39879 from the resource manager.
2025-10-22 18:41:43,487 INFO  org.apache.flink.runtime.resourcemanager.slotmanager.DefaultSlotStatusSyncer [] - Freeing slot 43c52663a0019c20ec77d95cb61f372b.
2025-10-22 18:41:46,172 INFO  org.apache.flink.runtime.dispatcher.StandaloneDispatcher     [] - Received job submission 'Word Counter' (6971cdb164e9ba027f630a9e5ac3baae).
2025-10-22 18:41:46,174 INFO  org.apache.flink.runtime.dispatcher.StandaloneDispatcher     [] - Submitting job 'Word Counter' (6971cdb164e9ba027f630a9e5ac3baae).
2025-10-22 18:41:46,239 INFO  org.apache.flink.runtime.jobmaster.JobMasterServiceLeadershipRunner [] - JobMasterServiceLeadershipRunner for job 6971cdb164e9ba027f630a9e5ac3baae was granted leadership with leader id 00000000-0000-0000-0000-000000000000. Creating new JobMasterServiceProcess.
2025-10-22 18:41:46,253 INFO  org.apache.flink.runtime.rpc.pekko.PekkoRpcService           [] - Starting RPC endpoint for org.apache.flink.runtime.jobmaster.JobMaster at pekko://flink/user/rpc/jobmanager_3 .
2025-10-22 18:41:46,253 INFO  org.apache.flink.runtime.jobmaster.JobMaster                 [] - Initializing job 'Word Counter' (6971cdb164e9ba027f630a9e5ac3baae).
2025-10-22 18:41:46,294 INFO  org.apache.flink.runtime.jobmaster.JobMaster                 [] - Using restart back off time strategy ExponentialDelayRestartBackoffTimeStrategy(initialBackoffMS=1000, maxBackoffMS=60000, backoffMultiplier=1.5, resetBackoffThresholdMS=3600000, jitterFactor=0.1, attemptsBeforeResetBackoff=2147483647, currentRestartAttempt=0, nextRestartTimestamp=-2147483648) for Word Counter (6971cdb164e9ba027f630a9e5ac3baae).
2025-10-22 18:41:46,295 INFO  org.apache.flink.runtime.executiongraph.ExecutionGraph       [] - Created execution graph 2839dab799753a4f597ab4f0d456d00f for job 6971cdb164e9ba027f630a9e5ac3baae.
2025-10-22 18:41:46,295 INFO  org.apache.flink.runtime.jobmaster.JobMaster                 [] - Running initialization on master for job Word Counter (6971cdb164e9ba027f630a9e5ac3baae).
2025-10-22 18:41:46,301 INFO  org.apache.flink.runtime.jobmaster.JobMaster                 [] - Successfully ran initialization on master in 6 ms.
2025-10-22 18:41:46,302 INFO  org.apache.flink.runtime.scheduler.adapter.DefaultExecutionTopology [] - Built 1 new pipelined regions in 0 ms, total 1 pipelined regions currently.
2025-10-22 18:41:46,302 INFO  org.apache.flink.runtime.jobmaster.JobMaster                 [] - Loading state backend via factory org.apache.flink.state.rocksdb.EmbeddedRocksDBStateBackendFactory
2025-10-22 18:41:46,303 INFO  org.apache.flink.state.rocksdb.EmbeddedRocksDBStateBackend   [] - Using predefined options: DEFAULT.
2025-10-22 18:41:46,308 INFO  org.apache.flink.runtime.state.StateBackendLoader            [] - State backend loader loads the state backend as EmbeddedRocksDBStateBackend
2025-10-22 18:41:46,308 INFO  org.apache.flink.runtime.jobmaster.JobMaster                 [] - Checkpoint storage is set to 'filesystem': (checkpoints "file:/tmp/flink-checkpoints")
2025-10-22 18:41:46,309 INFO  org.apache.flink.runtime.checkpoint.CheckpointCoordinator    [] - No checkpoint found during restore.
2025-10-22 18:41:46,309 INFO  org.apache.flink.runtime.checkpoint.CheckpointCoordinator    [] - Starting job 6971cdb164e9ba027f630a9e5ac3baae from savepoint /tmp/flink-checkpoints/savepoint-d81466-267fe6b4a095 ()
2025-10-22 18:41:46,331 INFO  org.apache.flink.runtime.checkpoint.CheckpointCoordinator    [] - Reset the checkpoint ID of job 6971cdb164e9ba027f630a9e5ac3baae to 4.
2025-10-22 18:41:46,332 INFO  org.apache.flink.runtime.checkpoint.CheckpointCoordinator    [] - Restoring job 6971cdb164e9ba027f630a9e5ac3baae from Savepoint 3 @ 0 for 6971cdb164e9ba027f630a9e5ac3baae located at file:/tmp/flink-checkpoints/savepoint-d81466-267fe6b4a095.
2025-10-22 18:41:46,359 INFO  org.apache.flink.runtime.checkpoint.CheckpointCoordinator    [] - No master state to restore
2025-10-22 18:41:46,359 INFO  org.apache.flink.runtime.jobmaster.JobMaster                 [] - Using failover strategy org.apache.flink.runtime.executiongraph.failover.RestartPipelinedRegionFailoverStrategy@1a90e395 for Word Counter (6971cdb164e9ba027f630a9e5ac3baae).
2025-10-22 18:41:46,361 INFO  org.apache.flink.runtime.jobmaster.JobMaster                 [] - Starting execution of job 'Word Counter' (6971cdb164e9ba027f630a9e5ac3baae) under job master id 00000000000000000000000000000000.
2025-10-22 18:41:46,361 INFO  org.apache.flink.runtime.jobmaster.JobMaster                 [] - Starting scheduling with scheduling strategy [org.apache.flink.runtime.scheduler.strategy.PipelinedRegionSchedulingStrategy]
2025-10-22 18:41:46,361 INFO  org.apache.flink.runtime.executiongraph.ExecutionGraph       [] - Job Word Counter (6971cdb164e9ba027f630a9e5ac3baae) switched from state CREATED to RUNNING.
2025-10-22 18:41:46,362 INFO  org.apache.flink.runtime.executiongraph.ExecutionGraph       [] - Source: Collection Source -> _stream_key_by_map_operator (1/1) (2839dab799753a4f597ab4f0d456d00f_cbc357ccb763df2852fee8c4fc7d55f2_0_0) switched from CREATED to SCHEDULED.
2025-10-22 18:41:46,362 INFO  org.apache.flink.runtime.executiongraph.ExecutionGraph       [] - KEYED PROCESS -> Sink: Print to Std. Out (1/1) (2839dab799753a4f597ab4f0d456d00f_90bea66de1c231edf33913ecd54406c1_0_0) switched from CREATED to SCHEDULED.
2025-10-22 18:41:46,364 INFO  org.apache.flink.runtime.jobmaster.JobMaster                 [] - Connecting to ResourceManager pekko.tcp://flink@da9c960c3dbc:6123/user/rpc/resourcemanager_*(00000000000000000000000000000000)
2025-10-22 18:41:46,369 INFO  org.apache.flink.runtime.jobmaster.JobMaster                 [] - Resolved ResourceManager address, beginning registration
2025-10-22 18:41:46,370 INFO  org.apache.flink.runtime.resourcemanager.StandaloneResourceManager [] - Registering job manager 00000000000000000000000000000000@pekko.tcp://flink@da9c960c3dbc:6123/user/rpc/jobmanager_3 for job 6971cdb164e9ba027f630a9e5ac3baae.
2025-10-22 18:41:46,374 INFO  org.apache.flink.runtime.resourcemanager.StandaloneResourceManager [] - Registered job manager 00000000000000000000000000000000@pekko.tcp://flink@da9c960c3dbc:6123/user/rpc/jobmanager_3 for job 6971cdb164e9ba027f630a9e5ac3baae.
2025-10-22 18:41:46,375 INFO  org.apache.flink.runtime.jobmaster.JobMaster                 [] - JobManager successfully registered at ResourceManager, leader id: 00000000000000000000000000000000.
2025-10-22 18:41:46,375 INFO  org.apache.flink.runtime.resourcemanager.slotmanager.FineGrainedSlotManager [] - Received resource requirements from job 6971cdb164e9ba027f630a9e5ac3baae: [ResourceRequirement{resourceProfile=ResourceProfile{UNKNOWN}, numberOfRequiredSlots=1}]
2025-10-22 18:41:46,387 INFO  org.apache.flink.runtime.resourcemanager.slotmanager.FineGrainedSlotManager [] - Received resource requirements from job 6971cdb164e9ba027f630a9e5ac3baae: [ResourceRequirement{resourceProfile=ResourceProfile{UNKNOWN}, numberOfRequiredSlots=1}]
2025-10-22 18:41:46,403 INFO  org.apache.flink.runtime.checkpoint.CheckpointFailureManager [] - Failed to trigger checkpoint for job 6971cdb164e9ba027f630a9e5ac3baae since Checkpoint triggering task Source: Collection Source -> _stream_key_by_map_operator (1/1) of job 6971cdb164e9ba027f630a9e5ac3baae is not being executed at the moment. Aborting checkpoint. Failure reason: Not all required tasks are currently running..
2025-10-22 18:41:46,446 INFO  org.apache.flink.runtime.resourcemanager.slotmanager.FineGrainedSlotManager [] - Matching resource requirements against available resources.
Missing resources:
	 Job 6971cdb164e9ba027f630a9e5ac3baae
		ResourceRequirement{resourceProfile=ResourceProfile{UNKNOWN}, numberOfRequiredSlots=1}
Current resources:
	TaskManager 127.0.0.1:37775-254b34
		Available: ResourceProfile{cpuCores=1, taskHeapMemory=384.000mb (402653174 bytes), taskOffHeapMemory=0 bytes, managedMemory=512.000mb (536870920 bytes), networkMemory=128.000mb (134217730 bytes)}
		Total:     ResourceProfile{cpuCores=1, taskHeapMemory=384.000mb (402653174 bytes), taskOffHeapMemory=0 bytes, managedMemory=512.000mb (536870920 bytes), networkMemory=128.000mb (134217730 bytes)}
2025-10-22 18:41:46,448 INFO  org.apache.flink.runtime.resourcemanager.slotmanager.DefaultSlotStatusSyncer [] - Starting allocation of slot 87cc9bf0ebaef8fec105c9e8a46c11f2 from 127.0.0.1:37775-254b34 for job 6971cdb164e9ba027f630a9e5ac3baae with resource profile ResourceProfile{cpuCores=1, taskHeapMemory=384.000mb (402653174 bytes), taskOffHeapMemory=0 bytes, managedMemory=512.000mb (536870920 bytes), networkMemory=128.000mb (134217730 bytes)}.
2025-10-22 18:41:46,499 INFO  org.apache.flink.runtime.executiongraph.ExecutionGraph       [] - Source: Collection Source -> _stream_key_by_map_operator (1/1) (2839dab799753a4f597ab4f0d456d00f_cbc357ccb763df2852fee8c4fc7d55f2_0_0) switched from SCHEDULED to DEPLOYING.
2025-10-22 18:41:46,499 INFO  org.apache.flink.runtime.executiongraph.ExecutionGraph       [] - Deploying Source: Collection Source -> _stream_key_by_map_operator (1/1) (attempt #0) with attempt id 2839dab799753a4f597ab4f0d456d00f_cbc357ccb763df2852fee8c4fc7d55f2_0_0 and vertex id cbc357ccb763df2852fee8c4fc7d55f2_0 to 127.0.0.1:37775-254b34 @ localhost (dataPort=36175) with allocation id 87cc9bf0ebaef8fec105c9e8a46c11f2
2025-10-22 18:41:46,499 INFO  org.apache.flink.runtime.executiongraph.ExecutionGraph       [] - KEYED PROCESS -> Sink: Print to Std. Out (1/1) (2839dab799753a4f597ab4f0d456d00f_90bea66de1c231edf33913ecd54406c1_0_0) switched from SCHEDULED to DEPLOYING.
2025-10-22 18:41:46,502 INFO  org.apache.flink.runtime.executiongraph.ExecutionGraph       [] - Deploying KEYED PROCESS -> Sink: Print to Std. Out (1/1) (attempt #0) with attempt id 2839dab799753a4f597ab4f0d456d00f_90bea66de1c231edf33913ecd54406c1_0_0 and vertex id 90bea66de1c231edf33913ecd54406c1_0 to 127.0.0.1:37775-254b34 @ localhost (dataPort=36175) with allocation id 87cc9bf0ebaef8fec105c9e8a46c11f2
2025-10-22 18:41:46,640 INFO  org.apache.flink.runtime.executiongraph.ExecutionGraph       [] - KEYED PROCESS -> Sink: Print to Std. Out (1/1) (2839dab799753a4f597ab4f0d456d00f_90bea66de1c231edf33913ecd54406c1_0_0) switched from DEPLOYING to INITIALIZING.
2025-10-22 18:41:46,676 INFO  org.apache.flink.runtime.executiongraph.ExecutionGraph       [] - Source: Collection Source -> _stream_key_by_map_operator (1/1) (2839dab799753a4f597ab4f0d456d00f_cbc357ccb763df2852fee8c4fc7d55f2_0_0) switched from DEPLOYING to INITIALIZING.
