2025-10-23 07:24:34,659 INFO  org.apache.flink.runtime.entrypoint.ClusterEntrypoint        [] - --------------------------------------------------------------------------------
2025-10-23 07:24:34,662 INFO  org.apache.flink.runtime.entrypoint.ClusterEntrypoint        [] -  Preconfiguration: 
2025-10-23 07:24:34,663 INFO  org.apache.flink.runtime.entrypoint.ClusterEntrypoint        [] - 


RESOURCE_PARAMS extraction logs:
jvm_params: -Xmx1073741824 -Xms1073741824 -XX:MaxMetaspaceSize=268435456
dynamic_configs: -D jobmanager.memory.off-heap.size=134217728b -D jobmanager.memory.jvm-overhead.min=201326592b -D jobmanager.memory.jvm-metaspace.size=268435456b -D jobmanager.memory.heap.size=1073741824b -D jobmanager.memory.jvm-overhead.max=201326592b
logs: INFO  [] - Using standard YAML parser to load flink configuration file from /opt/flink/conf/config.yaml.
INFO  [] - Loading configuration property: blob.server.port, 6124
INFO  [] - Loading configuration property: taskmanager.memory.process.size, 1728m
INFO  [] - Loading configuration property: taskmanager.bind-host, 0.0.0.0
INFO  [] - Loading configuration property: jobmanager.execution.failover-strategy, region
INFO  [] - Loading configuration property: jobmanager.rpc.address, df68e77d29dd
INFO  [] - Loading configuration property: execution.checkpointing.incremental, false
INFO  [] - Loading configuration property: state.backend.rocksdb.localdir, /tmp/rocksdb
INFO  [] - Loading configuration property: execution.target, remote
INFO  [] - Loading configuration property: jobmanager.memory.process.size, 1600m
INFO  [] - Loading configuration property: jobmanager.rpc.port, 6123
INFO  [] - Loading configuration property: query.server.port, 6125
INFO  [] - Loading configuration property: rest.bind-address, 0.0.0.0
INFO  [] - Loading configuration property: jobmanager.bind-host, 0.0.0.0
INFO  [] - Loading configuration property: execution.checkpointing.savepoint-dir, file:///tmp/flink-checkpoints
INFO  [] - Loading configuration property: taskmanager.host, 127.0.0.1
INFO  [] - Loading configuration property: execution.checkpointing.externalized-checkpoint-retention, RETAIN_ON_CANCELLATION
INFO  [] - Loading configuration property: parallelism.default, 1
INFO  [] - Loading configuration property: taskmanager.numberOfTaskSlots, 1
INFO  [] - Loading configuration property: execution.checkpointing.local-backup.enabled, true
INFO  [] - Loading configuration property: rest.address, 127.0.0.1
INFO  [] - Loading configuration property: execution.state-recovery.ignore-unclaimed-state, true
INFO  [] - Loading configuration property: execution.checkpointing.dir, file:///tmp/flink-checkpoints
INFO  [] - Loading configuration property: env.java.opts.all, --add-exports=java.rmi/sun.rmi.registry=ALL-UNNAMED --add-exports=java.security.jgss/sun.security.krb5=ALL-UNNAMED --add-opens=java.base/java.lang=ALL-UNNAMED --add-opens=java.base/java.net=ALL-UNNAMED --add-opens=java.base/java.io=ALL-UNNAMED --add-opens=java.base/java.nio=ALL-UNNAMED --add-opens=java.base/sun.nio.ch=ALL-UNNAMED --add-opens=java.base/java.lang.reflect=ALL-UNNAMED --add-opens=java.base/java.text=ALL-UNNAMED --add-opens=java.base/java.time=ALL-UNNAMED --add-opens=java.base/java.util=ALL-UNNAMED --add-opens=java.base/java.util.concurrent=ALL-UNNAMED --add-opens=java.base/java.util.concurrent.atomic=ALL-UNNAMED --add-opens=java.base/java.util.concurrent.locks=ALL-UNNAMED
INFO  [] - Loading configuration property: state.backend.type, rocksdb
INFO  [] - The derived from fraction jvm overhead memory (160.000mb (167772162 bytes)) is less than its min value 192.000mb (201326592 bytes), min value will be used instead
INFO  [] - Final Master Memory configuration:
INFO  [] -   Total Process Memory: 1.563gb (1677721600 bytes)
INFO  [] -     Total Flink Memory: 1.125gb (1207959552 bytes)
INFO  [] -       JVM Heap:         1024.000mb (1073741824 bytes)
INFO  [] -       Off-heap:         128.000mb (134217728 bytes)
INFO  [] -     JVM Metaspace:      256.000mb (268435456 bytes)
INFO  [] -     JVM Overhead:       192.000mb (201326592 bytes)

2025-10-23 07:24:34,663 INFO  org.apache.flink.runtime.entrypoint.ClusterEntrypoint        [] - --------------------------------------------------------------------------------
2025-10-23 07:24:34,678 INFO  org.apache.flink.runtime.entrypoint.ClusterEntrypoint        [] -  Starting StandaloneSessionClusterEntrypoint (Version: 2.1.0, Scala: 2.12, Rev:4cb6bd3, Date:2025-07-21T13:23:51+02:00)
2025-10-23 07:24:34,684 INFO  org.apache.flink.runtime.entrypoint.ClusterEntrypoint        [] -  OS current user: flink
2025-10-23 07:24:34,686 INFO  org.apache.flink.runtime.entrypoint.ClusterEntrypoint        [] -  Current Hadoop/Kerberos user: <no hadoop dependency found>
2025-10-23 07:24:34,695 INFO  org.apache.flink.runtime.entrypoint.ClusterEntrypoint        [] -  JVM: OpenJDK 64-Bit Server VM - Eclipse Adoptium - 17/17.0.16+8
2025-10-23 07:24:34,695 INFO  org.apache.flink.runtime.entrypoint.ClusterEntrypoint        [] -  Arch: amd64
2025-10-23 07:24:34,708 INFO  org.apache.flink.runtime.entrypoint.ClusterEntrypoint        [] -  Maximum heap size: 1024 MiBytes
2025-10-23 07:24:34,709 INFO  org.apache.flink.runtime.entrypoint.ClusterEntrypoint        [] -  JAVA_HOME: /opt/java/openjdk
2025-10-23 07:24:34,709 INFO  org.apache.flink.runtime.entrypoint.ClusterEntrypoint        [] -  No Hadoop Dependency available
2025-10-23 07:24:34,709 INFO  org.apache.flink.runtime.entrypoint.ClusterEntrypoint        [] -  JVM Options:
2025-10-23 07:24:34,710 INFO  org.apache.flink.runtime.entrypoint.ClusterEntrypoint        [] -     -Xmx1073741824
2025-10-23 07:24:34,710 INFO  org.apache.flink.runtime.entrypoint.ClusterEntrypoint        [] -     -Xms1073741824
2025-10-23 07:24:34,711 INFO  org.apache.flink.runtime.entrypoint.ClusterEntrypoint        [] -     -XX:MaxMetaspaceSize=268435456
2025-10-23 07:24:34,712 INFO  org.apache.flink.runtime.entrypoint.ClusterEntrypoint        [] -     -XX:+IgnoreUnrecognizedVMOptions
2025-10-23 07:24:34,712 INFO  org.apache.flink.runtime.entrypoint.ClusterEntrypoint        [] -     --add-exports=java.rmi/sun.rmi.registry=ALL-UNNAMED
2025-10-23 07:24:34,718 INFO  org.apache.flink.runtime.entrypoint.ClusterEntrypoint        [] -     --add-exports=java.security.jgss/sun.security.krb5=ALL-UNNAMED
2025-10-23 07:24:34,719 INFO  org.apache.flink.runtime.entrypoint.ClusterEntrypoint        [] -     --add-opens=java.base/java.lang=ALL-UNNAMED
2025-10-23 07:24:34,722 INFO  org.apache.flink.runtime.entrypoint.ClusterEntrypoint        [] -     --add-opens=java.base/java.net=ALL-UNNAMED
2025-10-23 07:24:34,723 INFO  org.apache.flink.runtime.entrypoint.ClusterEntrypoint        [] -     --add-opens=java.base/java.io=ALL-UNNAMED
2025-10-23 07:24:34,726 INFO  org.apache.flink.runtime.entrypoint.ClusterEntrypoint        [] -     --add-opens=java.base/java.nio=ALL-UNNAMED
2025-10-23 07:24:34,727 INFO  org.apache.flink.runtime.entrypoint.ClusterEntrypoint        [] -     --add-opens=java.base/sun.nio.ch=ALL-UNNAMED
2025-10-23 07:24:34,727 INFO  org.apache.flink.runtime.entrypoint.ClusterEntrypoint        [] -     --add-opens=java.base/java.lang.reflect=ALL-UNNAMED
2025-10-23 07:24:34,727 INFO  org.apache.flink.runtime.entrypoint.ClusterEntrypoint        [] -     --add-opens=java.base/java.text=ALL-UNNAMED
2025-10-23 07:24:34,727 INFO  org.apache.flink.runtime.entrypoint.ClusterEntrypoint        [] -     --add-opens=java.base/java.time=ALL-UNNAMED
2025-10-23 07:24:34,727 INFO  org.apache.flink.runtime.entrypoint.ClusterEntrypoint        [] -     --add-opens=java.base/java.util=ALL-UNNAMED
2025-10-23 07:24:34,727 INFO  org.apache.flink.runtime.entrypoint.ClusterEntrypoint        [] -     --add-opens=java.base/java.util.concurrent=ALL-UNNAMED
2025-10-23 07:24:34,727 INFO  org.apache.flink.runtime.entrypoint.ClusterEntrypoint        [] -     --add-opens=java.base/java.util.concurrent.atomic=ALL-UNNAMED
2025-10-23 07:24:34,727 INFO  org.apache.flink.runtime.entrypoint.ClusterEntrypoint        [] -     --add-opens=java.base/java.util.concurrent.locks=ALL-UNNAMED
2025-10-23 07:24:34,727 INFO  org.apache.flink.runtime.entrypoint.ClusterEntrypoint        [] -     -Dlog.file=/opt/flink/log/flink--standalonesession-0-df68e77d29dd.log
2025-10-23 07:24:34,727 INFO  org.apache.flink.runtime.entrypoint.ClusterEntrypoint        [] -     -Dlog4j.configuration=file:/opt/flink/conf/log4j.properties
2025-10-23 07:24:34,727 INFO  org.apache.flink.runtime.entrypoint.ClusterEntrypoint        [] -     -Dlog4j.configurationFile=file:/opt/flink/conf/log4j.properties
2025-10-23 07:24:34,727 INFO  org.apache.flink.runtime.entrypoint.ClusterEntrypoint        [] -     -Dlogback.configurationFile=file:/opt/flink/conf/logback.xml
2025-10-23 07:24:34,733 INFO  org.apache.flink.runtime.entrypoint.ClusterEntrypoint        [] -  Program Arguments:
2025-10-23 07:24:34,734 INFO  org.apache.flink.runtime.entrypoint.ClusterEntrypoint        [] -     -D
2025-10-23 07:24:34,735 INFO  org.apache.flink.runtime.entrypoint.ClusterEntrypoint        [] -     jobmanager.memory.off-heap.size=134217728b
2025-10-23 07:24:34,736 INFO  org.apache.flink.runtime.entrypoint.ClusterEntrypoint        [] -     -D
2025-10-23 07:24:34,736 INFO  org.apache.flink.runtime.entrypoint.ClusterEntrypoint        [] -     jobmanager.memory.jvm-overhead.min=201326592b
2025-10-23 07:24:34,740 INFO  org.apache.flink.runtime.entrypoint.ClusterEntrypoint        [] -     -D
2025-10-23 07:24:34,740 INFO  org.apache.flink.runtime.entrypoint.ClusterEntrypoint        [] -     jobmanager.memory.jvm-metaspace.size=268435456b
2025-10-23 07:24:34,741 INFO  org.apache.flink.runtime.entrypoint.ClusterEntrypoint        [] -     -D
2025-10-23 07:24:34,741 INFO  org.apache.flink.runtime.entrypoint.ClusterEntrypoint        [] -     jobmanager.memory.heap.size=1073741824b
2025-10-23 07:24:34,741 INFO  org.apache.flink.runtime.entrypoint.ClusterEntrypoint        [] -     -D
2025-10-23 07:24:34,741 INFO  org.apache.flink.runtime.entrypoint.ClusterEntrypoint        [] -     jobmanager.memory.jvm-overhead.max=201326592b
2025-10-23 07:24:34,741 INFO  org.apache.flink.runtime.entrypoint.ClusterEntrypoint        [] -     --configDir
2025-10-23 07:24:34,741 INFO  org.apache.flink.runtime.entrypoint.ClusterEntrypoint        [] -     /opt/flink/conf
2025-10-23 07:24:34,741 INFO  org.apache.flink.runtime.entrypoint.ClusterEntrypoint        [] -  Classpath: /opt/flink/lib/flink-cep-2.1.0.jar:/opt/flink/lib/flink-connector-files-2.1.0.jar:/opt/flink/lib/flink-csv-2.1.0.jar:/opt/flink/lib/flink-json-2.1.0.jar:/opt/flink/lib/flink-scala_2.12-2.1.0.jar:/opt/flink/lib/flink-table-api-java-uber-2.1.0.jar:/opt/flink/lib/flink-table-planner-loader-2.1.0.jar:/opt/flink/lib/flink-table-runtime-2.1.0.jar:/opt/flink/lib/log4j-1.2-api-2.24.3.jar:/opt/flink/lib/log4j-api-2.24.3.jar:/opt/flink/lib/log4j-core-2.24.3.jar:/opt/flink/lib/log4j-layout-template-json-2.24.3.jar:/opt/flink/lib/log4j-slf4j-impl-2.24.3.jar:/opt/flink/lib/flink-dist-2.1.0.jar::::
2025-10-23 07:24:34,741 INFO  org.apache.flink.runtime.entrypoint.ClusterEntrypoint        [] - --------------------------------------------------------------------------------
2025-10-23 07:24:34,759 INFO  org.apache.flink.runtime.entrypoint.ClusterEntrypoint        [] - Registered UNIX signal handlers for [TERM, HUP, INT]
2025-10-23 07:24:34,792 INFO  org.apache.flink.configuration.GlobalConfiguration           [] - Using standard YAML parser to load flink configuration file from /opt/flink/conf/config.yaml.
2025-10-23 07:24:34,940 INFO  org.apache.flink.configuration.GlobalConfiguration           [] - Loading configuration property: blob.server.port, 6124
2025-10-23 07:24:34,943 INFO  org.apache.flink.configuration.GlobalConfiguration           [] - Loading configuration property: taskmanager.memory.process.size, 1728m
2025-10-23 07:24:34,943 INFO  org.apache.flink.configuration.GlobalConfiguration           [] - Loading configuration property: taskmanager.bind-host, 0.0.0.0
2025-10-23 07:24:34,943 INFO  org.apache.flink.configuration.GlobalConfiguration           [] - Loading configuration property: jobmanager.execution.failover-strategy, region
2025-10-23 07:24:34,944 INFO  org.apache.flink.configuration.GlobalConfiguration           [] - Loading configuration property: jobmanager.rpc.address, df68e77d29dd
2025-10-23 07:24:34,944 INFO  org.apache.flink.configuration.GlobalConfiguration           [] - Loading configuration property: execution.checkpointing.incremental, false
2025-10-23 07:24:34,944 INFO  org.apache.flink.configuration.GlobalConfiguration           [] - Loading configuration property: state.backend.rocksdb.localdir, /tmp/rocksdb
2025-10-23 07:24:34,945 INFO  org.apache.flink.configuration.GlobalConfiguration           [] - Loading configuration property: execution.target, remote
2025-10-23 07:24:34,945 INFO  org.apache.flink.configuration.GlobalConfiguration           [] - Loading configuration property: jobmanager.memory.process.size, 1600m
2025-10-23 07:24:34,945 INFO  org.apache.flink.configuration.GlobalConfiguration           [] - Loading configuration property: jobmanager.rpc.port, 6123
2025-10-23 07:24:34,945 INFO  org.apache.flink.configuration.GlobalConfiguration           [] - Loading configuration property: query.server.port, 6125
2025-10-23 07:24:34,945 INFO  org.apache.flink.configuration.GlobalConfiguration           [] - Loading configuration property: rest.bind-address, 0.0.0.0
2025-10-23 07:24:34,946 INFO  org.apache.flink.configuration.GlobalConfiguration           [] - Loading configuration property: jobmanager.bind-host, 0.0.0.0
2025-10-23 07:24:34,946 INFO  org.apache.flink.configuration.GlobalConfiguration           [] - Loading configuration property: execution.checkpointing.savepoint-dir, file:///tmp/flink-checkpoints
2025-10-23 07:24:34,947 INFO  org.apache.flink.configuration.GlobalConfiguration           [] - Loading configuration property: taskmanager.host, 127.0.0.1
2025-10-23 07:24:34,948 INFO  org.apache.flink.configuration.GlobalConfiguration           [] - Loading configuration property: execution.checkpointing.externalized-checkpoint-retention, RETAIN_ON_CANCELLATION
2025-10-23 07:24:34,948 INFO  org.apache.flink.configuration.GlobalConfiguration           [] - Loading configuration property: parallelism.default, 1
2025-10-23 07:24:34,948 INFO  org.apache.flink.configuration.GlobalConfiguration           [] - Loading configuration property: taskmanager.numberOfTaskSlots, 1
2025-10-23 07:24:34,948 INFO  org.apache.flink.configuration.GlobalConfiguration           [] - Loading configuration property: execution.checkpointing.local-backup.enabled, true
2025-10-23 07:24:34,948 INFO  org.apache.flink.configuration.GlobalConfiguration           [] - Loading configuration property: rest.address, 127.0.0.1
2025-10-23 07:24:34,948 INFO  org.apache.flink.configuration.GlobalConfiguration           [] - Loading configuration property: execution.state-recovery.ignore-unclaimed-state, true
2025-10-23 07:24:34,948 INFO  org.apache.flink.configuration.GlobalConfiguration           [] - Loading configuration property: execution.checkpointing.dir, file:///tmp/flink-checkpoints
2025-10-23 07:24:34,949 INFO  org.apache.flink.configuration.GlobalConfiguration           [] - Loading configuration property: env.java.opts.all, --add-exports=java.rmi/sun.rmi.registry=ALL-UNNAMED --add-exports=java.security.jgss/sun.security.krb5=ALL-UNNAMED --add-opens=java.base/java.lang=ALL-UNNAMED --add-opens=java.base/java.net=ALL-UNNAMED --add-opens=java.base/java.io=ALL-UNNAMED --add-opens=java.base/java.nio=ALL-UNNAMED --add-opens=java.base/sun.nio.ch=ALL-UNNAMED --add-opens=java.base/java.lang.reflect=ALL-UNNAMED --add-opens=java.base/java.text=ALL-UNNAMED --add-opens=java.base/java.time=ALL-UNNAMED --add-opens=java.base/java.util=ALL-UNNAMED --add-opens=java.base/java.util.concurrent=ALL-UNNAMED --add-opens=java.base/java.util.concurrent.atomic=ALL-UNNAMED --add-opens=java.base/java.util.concurrent.locks=ALL-UNNAMED
2025-10-23 07:24:34,950 INFO  org.apache.flink.configuration.GlobalConfiguration           [] - Loading configuration property: state.backend.type, rocksdb
2025-10-23 07:24:34,951 INFO  org.apache.flink.configuration.GlobalConfiguration           [] - Loading dynamic configuration property: jobmanager.memory.off-heap.size, 134217728b
2025-10-23 07:24:34,951 INFO  org.apache.flink.configuration.GlobalConfiguration           [] - Loading dynamic configuration property: jobmanager.memory.jvm-overhead.min, 201326592b
2025-10-23 07:24:34,951 INFO  org.apache.flink.configuration.GlobalConfiguration           [] - Loading dynamic configuration property: jobmanager.memory.jvm-metaspace.size, 268435456b
2025-10-23 07:24:34,952 INFO  org.apache.flink.configuration.GlobalConfiguration           [] - Loading dynamic configuration property: jobmanager.memory.heap.size, 1073741824b
2025-10-23 07:24:34,952 INFO  org.apache.flink.configuration.GlobalConfiguration           [] - Loading dynamic configuration property: jobmanager.memory.jvm-overhead.max, 201326592b
2025-10-23 07:24:35,012 INFO  org.apache.flink.runtime.entrypoint.ClusterEntrypoint        [] - Starting StandaloneSessionClusterEntrypoint.
2025-10-23 07:24:35,087 INFO  org.apache.flink.runtime.entrypoint.ClusterEntrypoint        [] - Install default filesystem.
2025-10-23 07:24:35,093 INFO  org.apache.flink.core.fs.FileSystem                          [] - Hadoop is not in the classpath/dependencies. The extended set of supported File Systems via Hadoop is not available.
2025-10-23 07:24:35,122 INFO  org.apache.flink.core.plugin.DefaultPluginManager            [] - Plugin loader with ID not found, creating it: metrics-statsd
2025-10-23 07:24:35,137 INFO  org.apache.flink.core.plugin.DefaultPluginManager            [] - Plugin loader with ID not found, creating it: metrics-jmx
2025-10-23 07:24:35,138 INFO  org.apache.flink.core.plugin.DefaultPluginManager            [] - Plugin loader with ID not found, creating it: metrics-prometheus
2025-10-23 07:24:35,138 INFO  org.apache.flink.core.plugin.DefaultPluginManager            [] - Plugin loader with ID not found, creating it: metrics-influx
2025-10-23 07:24:35,138 INFO  org.apache.flink.core.plugin.DefaultPluginManager            [] - Plugin loader with ID not found, creating it: metrics-slf4j
2025-10-23 07:24:35,138 INFO  org.apache.flink.core.plugin.DefaultPluginManager            [] - Plugin loader with ID not found, creating it: metrics-otel
2025-10-23 07:24:35,139 INFO  org.apache.flink.core.plugin.DefaultPluginManager            [] - Plugin loader with ID not found, creating it: metrics-datadog
2025-10-23 07:24:35,139 INFO  org.apache.flink.core.plugin.DefaultPluginManager            [] - Plugin loader with ID not found, creating it: metrics-graphite
2025-10-23 07:24:35,139 INFO  org.apache.flink.core.plugin.DefaultPluginManager            [] - Plugin loader with ID not found, creating it: external-resource-gpu
2025-10-23 07:24:35,166 INFO  org.apache.flink.runtime.entrypoint.ClusterEntrypoint        [] - Install security context.
2025-10-23 07:24:35,211 INFO  org.apache.flink.runtime.security.modules.HadoopModuleFactory [] - Cannot create Hadoop Security Module because Hadoop cannot be found in the Classpath.
2025-10-23 07:24:35,219 INFO  org.apache.flink.runtime.security.modules.JaasModule         [] - Jaas file will be created as /tmp/jaas-14651707289168325827.conf.
2025-10-23 07:24:35,231 INFO  org.apache.flink.runtime.security.contexts.HadoopSecurityContextFactory [] - Cannot install HadoopSecurityContext because Hadoop cannot be found in the Classpath.
2025-10-23 07:24:35,236 INFO  org.apache.flink.runtime.entrypoint.ClusterEntrypoint        [] - Initializing cluster services.
2025-10-23 07:24:35,249 INFO  org.apache.flink.runtime.entrypoint.ClusterEntrypoint        [] - Using working directory: WorkingDirectory(/tmp/jm_d5646808fd81a192048db90fdb4ccf5d).
2025-10-23 07:24:35,772 INFO  org.apache.flink.runtime.rpc.pekko.PekkoRpcServiceUtils      [] - Trying to start actor system, external address df68e77d29dd:6123, bind address 0.0.0.0:6123.
2025-10-23 07:24:36,893 INFO  org.apache.pekko.event.slf4j.Slf4jLogger                     [] - Slf4jLogger started
2025-10-23 07:24:37,003 INFO  org.apache.pekko.remote.RemoteActorRefProvider               [] - Pekko Cluster not in use - enabling unsafe features anyway because `pekko.remote.use-unsafe-remote-features-outside-cluster` has been enabled.
2025-10-23 07:24:37,014 INFO  org.apache.pekko.remote.Remoting                             [] - Starting remoting
2025-10-23 07:24:37,376 INFO  org.apache.pekko.remote.Remoting                             [] - Remoting started; listening on addresses :[pekko.tcp://flink@df68e77d29dd:6123]
2025-10-23 07:24:37,582 INFO  org.apache.flink.runtime.rpc.pekko.PekkoRpcServiceUtils      [] - Actor system started at pekko.tcp://flink@df68e77d29dd:6123
2025-10-23 07:24:37,620 INFO  org.apache.flink.runtime.security.token.DefaultDelegationTokenManager [] - Loading delegation token providers
2025-10-23 07:24:37,630 INFO  org.apache.flink.runtime.security.token.hadoop.HadoopFSDelegationTokenProvider [] - Hadoop FS is not available (not packaged with this application): NoClassDefFoundError : "org/apache/hadoop/conf/Configuration".
2025-10-23 07:24:37,630 INFO  org.apache.flink.runtime.security.token.DefaultDelegationTokenManager [] - Delegation token provider hadoopfs loaded and initialized
2025-10-23 07:24:37,635 INFO  org.apache.flink.runtime.security.token.DefaultDelegationTokenManager [] - Delegation token provider hbase loaded and initialized
2025-10-23 07:24:37,635 INFO  org.apache.flink.core.plugin.DefaultPluginManager            [] - Plugin loader with ID found, reusing it: metrics-statsd
2025-10-23 07:24:37,637 INFO  org.apache.flink.core.plugin.DefaultPluginManager            [] - Plugin loader with ID found, reusing it: metrics-jmx
2025-10-23 07:24:37,638 INFO  org.apache.flink.core.plugin.DefaultPluginManager            [] - Plugin loader with ID found, reusing it: metrics-prometheus
2025-10-23 07:24:37,638 INFO  org.apache.flink.core.plugin.DefaultPluginManager            [] - Plugin loader with ID found, reusing it: metrics-influx
2025-10-23 07:24:37,638 INFO  org.apache.flink.core.plugin.DefaultPluginManager            [] - Plugin loader with ID found, reusing it: metrics-slf4j
2025-10-23 07:24:37,638 INFO  org.apache.flink.core.plugin.DefaultPluginManager            [] - Plugin loader with ID found, reusing it: metrics-otel
2025-10-23 07:24:37,638 INFO  org.apache.flink.core.plugin.DefaultPluginManager            [] - Plugin loader with ID found, reusing it: metrics-datadog
2025-10-23 07:24:37,639 INFO  org.apache.flink.core.plugin.DefaultPluginManager            [] - Plugin loader with ID found, reusing it: metrics-graphite
2025-10-23 07:24:37,639 INFO  org.apache.flink.core.plugin.DefaultPluginManager            [] - Plugin loader with ID found, reusing it: external-resource-gpu
2025-10-23 07:24:37,639 INFO  org.apache.flink.runtime.security.token.DefaultDelegationTokenManager [] - Delegation token providers loaded successfully
2025-10-23 07:24:37,640 INFO  org.apache.flink.runtime.security.token.DelegationTokenReceiverRepository [] - Loading delegation token receivers
2025-10-23 07:24:37,644 INFO  org.apache.flink.runtime.security.token.DelegationTokenReceiverRepository [] - Delegation token receiver hadoopfs loaded and initialized
2025-10-23 07:24:37,646 INFO  org.apache.flink.runtime.security.token.DelegationTokenReceiverRepository [] - Delegation token receiver hbase loaded and initialized
2025-10-23 07:24:37,646 INFO  org.apache.flink.core.plugin.DefaultPluginManager            [] - Plugin loader with ID found, reusing it: metrics-statsd
2025-10-23 07:24:37,648 INFO  org.apache.flink.core.plugin.DefaultPluginManager            [] - Plugin loader with ID found, reusing it: metrics-jmx
2025-10-23 07:24:37,649 INFO  org.apache.flink.core.plugin.DefaultPluginManager            [] - Plugin loader with ID found, reusing it: metrics-prometheus
2025-10-23 07:24:37,649 INFO  org.apache.flink.core.plugin.DefaultPluginManager            [] - Plugin loader with ID found, reusing it: metrics-influx
2025-10-23 07:24:37,649 INFO  org.apache.flink.core.plugin.DefaultPluginManager            [] - Plugin loader with ID found, reusing it: metrics-slf4j
2025-10-23 07:24:37,649 INFO  org.apache.flink.core.plugin.DefaultPluginManager            [] - Plugin loader with ID found, reusing it: metrics-otel
2025-10-23 07:24:37,649 INFO  org.apache.flink.core.plugin.DefaultPluginManager            [] - Plugin loader with ID found, reusing it: metrics-datadog
2025-10-23 07:24:37,649 INFO  org.apache.flink.core.plugin.DefaultPluginManager            [] - Plugin loader with ID found, reusing it: metrics-graphite
2025-10-23 07:24:37,650 INFO  org.apache.flink.core.plugin.DefaultPluginManager            [] - Plugin loader with ID found, reusing it: external-resource-gpu
2025-10-23 07:24:37,652 INFO  org.apache.flink.runtime.security.token.DelegationTokenReceiverRepository [] - Delegation token receivers loaded successfully
2025-10-23 07:24:37,652 INFO  org.apache.flink.runtime.security.token.DefaultDelegationTokenManager [] - Checking provider and receiver instances consistency
2025-10-23 07:24:37,652 INFO  org.apache.flink.runtime.security.token.DefaultDelegationTokenManager [] - Provider and receiver instances are consistent
2025-10-23 07:24:37,652 INFO  org.apache.flink.runtime.security.token.DefaultDelegationTokenManager [] - Obtaining delegation tokens
2025-10-23 07:24:37,655 INFO  org.apache.flink.runtime.security.token.DefaultDelegationTokenManager [] - Delegation tokens obtained successfully
2025-10-23 07:24:37,659 WARN  org.apache.flink.runtime.security.token.DefaultDelegationTokenManager [] - No tokens obtained so skipping notifications
2025-10-23 07:24:37,700 INFO  org.apache.flink.runtime.blob.BlobServer                     [] - Created BLOB server storage directory /tmp/jm_d5646808fd81a192048db90fdb4ccf5d/blobStorage
2025-10-23 07:24:37,710 INFO  org.apache.flink.runtime.blob.BlobServer                     [] - Started BLOB server at 0.0.0.0:6124 - max concurrent requests: 50 - max backlog: 1000
2025-10-23 07:24:37,778 INFO  org.apache.flink.runtime.metrics.MetricRegistryImpl          [] - No metrics reporter configured, no metrics will be exposed/reported.
2025-10-23 07:24:37,780 INFO  org.apache.flink.runtime.metrics.MetricRegistryImpl          [] - No trace reporter configured, no traces will be exposed/reported.
2025-10-23 07:24:37,780 INFO  org.apache.flink.runtime.metrics.MetricRegistryImpl          [] - No event reporter configured, no events will be exposed/reported.
2025-10-23 07:24:37,791 INFO  org.apache.flink.runtime.rpc.pekko.PekkoRpcServiceUtils      [] - Trying to start actor system, external address df68e77d29dd:0, bind address 0.0.0.0:0.
2025-10-23 07:24:37,842 INFO  org.apache.pekko.event.slf4j.Slf4jLogger                     [] - Slf4jLogger started
2025-10-23 07:24:37,851 INFO  org.apache.pekko.remote.RemoteActorRefProvider               [] - Pekko Cluster not in use - enabling unsafe features anyway because `pekko.remote.use-unsafe-remote-features-outside-cluster` has been enabled.
2025-10-23 07:24:37,853 INFO  org.apache.pekko.remote.Remoting                             [] - Starting remoting
2025-10-23 07:24:37,881 INFO  org.apache.pekko.remote.Remoting                             [] - Remoting started; listening on addresses :[pekko.tcp://flink-metrics@df68e77d29dd:45407]
2025-10-23 07:24:37,906 INFO  org.apache.flink.runtime.rpc.pekko.PekkoRpcServiceUtils      [] - Actor system started at pekko.tcp://flink-metrics@df68e77d29dd:45407
2025-10-23 07:24:37,937 INFO  org.apache.flink.runtime.rpc.pekko.PekkoRpcService           [] - Starting RPC endpoint for org.apache.flink.runtime.metrics.dump.MetricQueryService at pekko://flink-metrics/user/rpc/MetricQueryService .
2025-10-23 07:24:38,154 INFO  org.apache.flink.runtime.dispatcher.FileExecutionGraphInfoStore [] - Initializing FileExecutionGraphInfoStore: Storage directory /tmp/executionGraphStore-c21d5e87-55e4-4106-ae3d-b3c597aa31ce, expiration time 3600000, maximum cache size 52428800 bytes.
2025-10-23 07:24:38,208 INFO  org.apache.flink.runtime.dispatcher.DispatcherRestEndpoint   [] - Upload directory /tmp/flink-web-22f4e57a-23a0-4c90-bee8-11ae971214c0/flink-web-upload does not exist. 
2025-10-23 07:24:38,209 INFO  org.apache.flink.runtime.dispatcher.DispatcherRestEndpoint   [] - Created directory /tmp/flink-web-22f4e57a-23a0-4c90-bee8-11ae971214c0/flink-web-upload for file uploads.
2025-10-23 07:24:38,211 INFO  org.apache.flink.runtime.dispatcher.DispatcherRestEndpoint   [] - Starting rest endpoint.
2025-10-23 07:24:38,703 INFO  org.apache.flink.runtime.webmonitor.WebMonitorUtils          [] - Determined location of main cluster component log file: /opt/flink/log/flink--standalonesession-0-df68e77d29dd.log
2025-10-23 07:24:38,707 INFO  org.apache.flink.runtime.webmonitor.WebMonitorUtils          [] - Determined location of main cluster component stdout file: /opt/flink/log/flink--standalonesession-0-df68e77d29dd.out
2025-10-23 07:24:38,774 INFO  org.apache.flink.runtime.dispatcher.DispatcherRestEndpoint   [] - Rest endpoint listening at 127.0.0.1:8081
2025-10-23 07:24:38,783 INFO  org.apache.flink.runtime.dispatcher.DispatcherRestEndpoint   [] - http://127.0.0.1:8081 was granted leadership with leaderSessionID=00000000-0000-0000-0000-000000000000
2025-10-23 07:24:38,787 INFO  org.apache.flink.runtime.dispatcher.DispatcherRestEndpoint   [] - Web frontend listening at http://127.0.0.1:8081.
2025-10-23 07:24:38,830 INFO  org.apache.flink.runtime.dispatcher.runner.DefaultDispatcherRunner [] - DefaultDispatcherRunner was granted leadership with leader id 00000000-0000-0000-0000-000000000000. Creating new DispatcherLeaderProcess.
2025-10-23 07:24:38,840 INFO  org.apache.flink.runtime.dispatcher.runner.SessionDispatcherLeaderProcess [] - Start SessionDispatcherLeaderProcess.
2025-10-23 07:24:38,844 INFO  org.apache.flink.runtime.resourcemanager.ResourceManagerServiceImpl [] - Starting resource manager service.
2025-10-23 07:24:38,848 INFO  org.apache.flink.runtime.dispatcher.runner.SessionDispatcherLeaderProcess [] - Recover all persisted job graphs that are not finished, yet.
2025-10-23 07:24:38,850 INFO  org.apache.flink.runtime.dispatcher.runner.SessionDispatcherLeaderProcess [] - Successfully recovered 0 persisted job graphs.
2025-10-23 07:24:38,849 INFO  org.apache.flink.runtime.resourcemanager.ResourceManagerServiceImpl [] - Resource manager service is granted leadership with session id 00000000-0000-0000-0000-000000000000.
2025-10-23 07:24:38,922 INFO  org.apache.flink.runtime.rpc.pekko.PekkoRpcService           [] - Starting RPC endpoint for org.apache.flink.runtime.dispatcher.StandaloneDispatcher at pekko://flink/user/rpc/dispatcher_0 .
2025-10-23 07:24:38,930 INFO  org.apache.flink.runtime.rpc.pekko.PekkoRpcService           [] - Starting RPC endpoint for org.apache.flink.runtime.resourcemanager.StandaloneResourceManager at pekko://flink/user/rpc/resourcemanager_1 .
2025-10-23 07:24:38,961 INFO  org.apache.flink.runtime.resourcemanager.StandaloneResourceManager [] - Starting the resource manager.
2025-10-23 07:24:38,977 INFO  org.apache.flink.runtime.resourcemanager.slotmanager.FineGrainedSlotManager [] - Starting the slot manager.
2025-10-23 07:24:38,981 INFO  org.apache.flink.runtime.security.token.DefaultDelegationTokenManager [] - Starting tokens update task
2025-10-23 07:24:38,985 WARN  org.apache.flink.runtime.security.token.DefaultDelegationTokenManager [] - No tokens obtained so skipping notifications
2025-10-23 07:24:38,987 WARN  org.apache.flink.runtime.security.token.DefaultDelegationTokenManager [] - Tokens update task not started because either no tokens obtained or none of the tokens specified its renewal date
2025-10-23 07:24:42,417 INFO  org.apache.flink.runtime.resourcemanager.StandaloneResourceManager [] - Registering TaskManager with ResourceID 127.0.0.1:45361-f782fd (pekko.tcp://flink@127.0.0.1:45361/user/rpc/taskmanager_0) at ResourceManager
2025-10-23 07:24:42,452 INFO  org.apache.flink.runtime.resourcemanager.slotmanager.FineGrainedSlotManager [] - Registering task executor 127.0.0.1:45361-f782fd under d54262058983b786dc3672307858b70c at the slot manager.
2025-10-23 07:24:52,192 INFO  org.apache.flink.runtime.dispatcher.StandaloneDispatcher     [] - Received job submission 'Word Counter' (2b42e0ca5e9c614a40ec5e2d578bad00).
2025-10-23 07:24:52,194 INFO  org.apache.flink.runtime.dispatcher.StandaloneDispatcher     [] - Submitting job 'Word Counter' (2b42e0ca5e9c614a40ec5e2d578bad00).
2025-10-23 07:24:52,364 INFO  org.apache.flink.runtime.jobmaster.JobMasterServiceLeadershipRunner [] - JobMasterServiceLeadershipRunner for job 2b42e0ca5e9c614a40ec5e2d578bad00 was granted leadership with leader id 00000000-0000-0000-0000-000000000000. Creating new JobMasterServiceProcess.
2025-10-23 07:24:52,384 INFO  org.apache.flink.runtime.rpc.pekko.PekkoRpcService           [] - Starting RPC endpoint for org.apache.flink.runtime.jobmaster.JobMaster at pekko://flink/user/rpc/jobmanager_2 .
2025-10-23 07:24:52,395 INFO  org.apache.flink.runtime.jobmaster.JobMaster                 [] - Initializing job 'Word Counter' (2b42e0ca5e9c614a40ec5e2d578bad00).
2025-10-23 07:24:52,614 INFO  org.apache.flink.runtime.jobmaster.JobMaster                 [] - Using restart back off time strategy ExponentialDelayRestartBackoffTimeStrategy(initialBackoffMS=1000, maxBackoffMS=60000, backoffMultiplier=1.5, resetBackoffThresholdMS=3600000, jitterFactor=0.1, attemptsBeforeResetBackoff=2147483647, currentRestartAttempt=0, nextRestartTimestamp=-2147483648) for Word Counter (2b42e0ca5e9c614a40ec5e2d578bad00).
2025-10-23 07:24:52,703 INFO  org.apache.flink.runtime.executiongraph.ExecutionGraph       [] - Created execution graph 8cf44c9d6a8014885f27f32a6777df57 for job 2b42e0ca5e9c614a40ec5e2d578bad00.
2025-10-23 07:24:52,720 INFO  org.apache.flink.runtime.jobmaster.JobMaster                 [] - Running initialization on master for job Word Counter (2b42e0ca5e9c614a40ec5e2d578bad00).
2025-10-23 07:24:52,724 INFO  org.apache.flink.runtime.jobmaster.JobMaster                 [] - Successfully ran initialization on master in 3 ms.
2025-10-23 07:24:52,746 INFO  org.apache.flink.runtime.scheduler.adapter.DefaultExecutionTopology [] - Built 1 new pipelined regions in 1 ms, total 1 pipelined regions currently.
2025-10-23 07:24:52,748 INFO  org.apache.flink.runtime.jobmaster.JobMaster                 [] - Loading state backend via factory org.apache.flink.state.rocksdb.EmbeddedRocksDBStateBackendFactory
2025-10-23 07:24:52,764 INFO  org.apache.flink.state.rocksdb.EmbeddedRocksDBStateBackend   [] - Using predefined options: DEFAULT.
2025-10-23 07:24:52,767 INFO  org.apache.flink.runtime.state.StateBackendLoader            [] - State backend loader loads the state backend as EmbeddedRocksDBStateBackend
2025-10-23 07:24:52,771 INFO  org.apache.flink.runtime.jobmaster.JobMaster                 [] - Checkpoint storage is set to 'filesystem': (checkpoints "file:/tmp/flink-checkpoints")
2025-10-23 07:24:52,806 INFO  org.apache.flink.runtime.checkpoint.CheckpointCoordinator    [] - No checkpoint found during restore.
2025-10-23 07:24:52,817 INFO  org.apache.flink.runtime.jobmaster.JobMaster                 [] - Using failover strategy org.apache.flink.runtime.executiongraph.failover.RestartPipelinedRegionFailoverStrategy@2b1ce6be for Word Counter (2b42e0ca5e9c614a40ec5e2d578bad00).
2025-10-23 07:24:52,828 INFO  org.apache.flink.runtime.jobmaster.JobMaster                 [] - Starting execution of job 'Word Counter' (2b42e0ca5e9c614a40ec5e2d578bad00) under job master id 00000000000000000000000000000000.
2025-10-23 07:24:52,833 INFO  org.apache.flink.runtime.jobmaster.JobMaster                 [] - Starting scheduling with scheduling strategy [org.apache.flink.runtime.scheduler.strategy.PipelinedRegionSchedulingStrategy]
2025-10-23 07:24:52,833 INFO  org.apache.flink.runtime.executiongraph.ExecutionGraph       [] - Job Word Counter (2b42e0ca5e9c614a40ec5e2d578bad00) switched from state CREATED to RUNNING.
2025-10-23 07:24:52,838 INFO  org.apache.flink.runtime.executiongraph.ExecutionGraph       [] - Source: Collection Source -> _stream_key_by_map_operator (1/1) (8cf44c9d6a8014885f27f32a6777df57_cbc357ccb763df2852fee8c4fc7d55f2_0_0) switched from CREATED to SCHEDULED.
2025-10-23 07:24:52,839 INFO  org.apache.flink.runtime.executiongraph.ExecutionGraph       [] - KEYED PROCESS -> Sink: Print to Std. Out (1/1) (8cf44c9d6a8014885f27f32a6777df57_90bea66de1c231edf33913ecd54406c1_0_0) switched from CREATED to SCHEDULED.
2025-10-23 07:24:52,854 INFO  org.apache.flink.runtime.jobmaster.JobMaster                 [] - Connecting to ResourceManager pekko.tcp://flink@df68e77d29dd:6123/user/rpc/resourcemanager_*(00000000000000000000000000000000)
2025-10-23 07:24:52,858 INFO  org.apache.flink.runtime.jobmaster.JobMaster                 [] - Resolved ResourceManager address, beginning registration
2025-10-23 07:24:52,861 INFO  org.apache.flink.runtime.resourcemanager.StandaloneResourceManager [] - Registering job manager 00000000000000000000000000000000@pekko.tcp://flink@df68e77d29dd:6123/user/rpc/jobmanager_2 for job 2b42e0ca5e9c614a40ec5e2d578bad00.
2025-10-23 07:24:52,868 INFO  org.apache.flink.runtime.resourcemanager.StandaloneResourceManager [] - Registered job manager 00000000000000000000000000000000@pekko.tcp://flink@df68e77d29dd:6123/user/rpc/jobmanager_2 for job 2b42e0ca5e9c614a40ec5e2d578bad00.
2025-10-23 07:24:52,869 INFO  org.apache.flink.runtime.jobmaster.JobMaster                 [] - JobManager successfully registered at ResourceManager, leader id: 00000000000000000000000000000000.
2025-10-23 07:24:52,871 INFO  org.apache.flink.runtime.resourcemanager.slotmanager.FineGrainedSlotManager [] - Received resource requirements from job 2b42e0ca5e9c614a40ec5e2d578bad00: [ResourceRequirement{resourceProfile=ResourceProfile{UNKNOWN}, numberOfRequiredSlots=1}]
2025-10-23 07:24:52,940 INFO  org.apache.flink.runtime.resourcemanager.slotmanager.FineGrainedSlotManager [] - Matching resource requirements against available resources.
Missing resources:
	 Job 2b42e0ca5e9c614a40ec5e2d578bad00
		ResourceRequirement{resourceProfile=ResourceProfile{UNKNOWN}, numberOfRequiredSlots=1}
Current resources:
	TaskManager 127.0.0.1:45361-f782fd
		Available: ResourceProfile{cpuCores=1, taskHeapMemory=384.000mb (402653174 bytes), taskOffHeapMemory=0 bytes, managedMemory=512.000mb (536870920 bytes), networkMemory=128.000mb (134217730 bytes)}
		Total:     ResourceProfile{cpuCores=1, taskHeapMemory=384.000mb (402653174 bytes), taskOffHeapMemory=0 bytes, managedMemory=512.000mb (536870920 bytes), networkMemory=128.000mb (134217730 bytes)}
2025-10-23 07:24:52,943 INFO  org.apache.flink.runtime.resourcemanager.slotmanager.DefaultSlotStatusSyncer [] - Starting allocation of slot fe15f4200d96bcfb440449807e0e6132 from 127.0.0.1:45361-f782fd for job 2b42e0ca5e9c614a40ec5e2d578bad00 with resource profile ResourceProfile{cpuCores=1, taskHeapMemory=384.000mb (402653174 bytes), taskOffHeapMemory=0 bytes, managedMemory=512.000mb (536870920 bytes), networkMemory=128.000mb (134217730 bytes)}.
2025-10-23 07:24:53,121 INFO  org.apache.flink.runtime.executiongraph.ExecutionGraph       [] - Source: Collection Source -> _stream_key_by_map_operator (1/1) (8cf44c9d6a8014885f27f32a6777df57_cbc357ccb763df2852fee8c4fc7d55f2_0_0) switched from SCHEDULED to DEPLOYING.
2025-10-23 07:24:53,121 INFO  org.apache.flink.runtime.executiongraph.ExecutionGraph       [] - Deploying Source: Collection Source -> _stream_key_by_map_operator (1/1) (attempt #0) with attempt id 8cf44c9d6a8014885f27f32a6777df57_cbc357ccb763df2852fee8c4fc7d55f2_0_0 and vertex id cbc357ccb763df2852fee8c4fc7d55f2_0 to 127.0.0.1:45361-f782fd @ localhost (dataPort=41243) with allocation id fe15f4200d96bcfb440449807e0e6132
2025-10-23 07:24:53,132 INFO  org.apache.flink.runtime.executiongraph.ExecutionGraph       [] - KEYED PROCESS -> Sink: Print to Std. Out (1/1) (8cf44c9d6a8014885f27f32a6777df57_90bea66de1c231edf33913ecd54406c1_0_0) switched from SCHEDULED to DEPLOYING.
2025-10-23 07:24:53,132 INFO  org.apache.flink.runtime.executiongraph.ExecutionGraph       [] - Deploying KEYED PROCESS -> Sink: Print to Std. Out (1/1) (attempt #0) with attempt id 8cf44c9d6a8014885f27f32a6777df57_90bea66de1c231edf33913ecd54406c1_0_0 and vertex id 90bea66de1c231edf33913ecd54406c1_0 to 127.0.0.1:45361-f782fd @ localhost (dataPort=41243) with allocation id fe15f4200d96bcfb440449807e0e6132
2025-10-23 07:24:53,240 INFO  org.apache.flink.runtime.checkpoint.CheckpointFailureManager [] - Failed to trigger checkpoint for job 2b42e0ca5e9c614a40ec5e2d578bad00 since Checkpoint triggering task Source: Collection Source -> _stream_key_by_map_operator (1/1) of job 2b42e0ca5e9c614a40ec5e2d578bad00 is not being executed at the moment. Aborting checkpoint. Failure reason: Not all required tasks are currently running..
2025-10-23 07:24:53,887 INFO  org.apache.flink.runtime.executiongraph.ExecutionGraph       [] - KEYED PROCESS -> Sink: Print to Std. Out (1/1) (8cf44c9d6a8014885f27f32a6777df57_90bea66de1c231edf33913ecd54406c1_0_0) switched from DEPLOYING to INITIALIZING.
2025-10-23 07:24:53,890 INFO  org.apache.flink.runtime.executiongraph.ExecutionGraph       [] - Source: Collection Source -> _stream_key_by_map_operator (1/1) (8cf44c9d6a8014885f27f32a6777df57_cbc357ccb763df2852fee8c4fc7d55f2_0_0) switched from DEPLOYING to INITIALIZING.
2025-10-23 07:24:54,212 INFO  org.apache.flink.runtime.checkpoint.CheckpointFailureManager [] - Failed to trigger checkpoint for job 2b42e0ca5e9c614a40ec5e2d578bad00 since Checkpoint triggering task Source: Collection Source -> _stream_key_by_map_operator (1/1) of job 2b42e0ca5e9c614a40ec5e2d578bad00 is not being executed at the moment. Aborting checkpoint. Failure reason: Not all required tasks are currently running..
2025-10-23 07:24:55,210 INFO  org.apache.flink.runtime.checkpoint.CheckpointFailureManager [] - Failed to trigger checkpoint for job 2b42e0ca5e9c614a40ec5e2d578bad00 since Checkpoint triggering task Source: Collection Source -> _stream_key_by_map_operator (1/1) of job 2b42e0ca5e9c614a40ec5e2d578bad00 is not being executed at the moment. Aborting checkpoint. Failure reason: Not all required tasks are currently running..
2025-10-23 07:24:56,206 INFO  org.apache.flink.runtime.checkpoint.CheckpointFailureManager [] - Failed to trigger checkpoint for job 2b42e0ca5e9c614a40ec5e2d578bad00 since Checkpoint triggering task Source: Collection Source -> _stream_key_by_map_operator (1/1) of job 2b42e0ca5e9c614a40ec5e2d578bad00 is not being executed at the moment. Aborting checkpoint. Failure reason: Not all required tasks are currently running..
2025-10-23 07:24:57,208 INFO  org.apache.flink.runtime.checkpoint.CheckpointFailureManager [] - Failed to trigger checkpoint for job 2b42e0ca5e9c614a40ec5e2d578bad00 since Checkpoint triggering task Source: Collection Source -> _stream_key_by_map_operator (1/1) of job 2b42e0ca5e9c614a40ec5e2d578bad00 is not being executed at the moment. Aborting checkpoint. Failure reason: Not all required tasks are currently running..
2025-10-23 07:24:58,207 INFO  org.apache.flink.runtime.checkpoint.CheckpointFailureManager [] - Failed to trigger checkpoint for job 2b42e0ca5e9c614a40ec5e2d578bad00 since Checkpoint triggering task Source: Collection Source -> _stream_key_by_map_operator (1/1) of job 2b42e0ca5e9c614a40ec5e2d578bad00 is not being executed at the moment. Aborting checkpoint. Failure reason: Not all required tasks are currently running..
2025-10-23 07:24:59,059 INFO  org.apache.flink.runtime.executiongraph.ExecutionGraph       [] - KEYED PROCESS -> Sink: Print to Std. Out (1/1) (8cf44c9d6a8014885f27f32a6777df57_90bea66de1c231edf33913ecd54406c1_0_0) switched from INITIALIZING to RUNNING.
2025-10-23 07:24:59,067 INFO  org.apache.flink.runtime.executiongraph.ExecutionGraph       [] - Source: Collection Source -> _stream_key_by_map_operator (1/1) (8cf44c9d6a8014885f27f32a6777df57_cbc357ccb763df2852fee8c4fc7d55f2_0_0) switched from INITIALIZING to RUNNING.
2025-10-23 07:24:59,221 INFO  org.apache.flink.runtime.checkpoint.CheckpointCoordinator    [] - Triggering checkpoint 1 (type=CheckpointType{name='Checkpoint', sharingFilesStrategy=FORWARD_BACKWARD}) @ 1761204299208 for job 2b42e0ca5e9c614a40ec5e2d578bad00.
2025-10-23 07:25:02,389 INFO  org.apache.flink.runtime.checkpoint.CheckpointCoordinator    [] - Completed checkpoint 1 for job 2b42e0ca5e9c614a40ec5e2d578bad00 (37825 bytes, checkpointDuration=3171 ms, finalizationTime=10 ms).
2025-10-23 07:25:02,393 INFO  org.apache.flink.runtime.checkpoint.CheckpointRequestDecider [] - checkpoint request time in queue: 2187
2025-10-23 07:25:02,400 INFO  org.apache.flink.runtime.checkpoint.CheckpointCoordinator    [] - Triggering checkpoint 2 (type=CheckpointType{name='Checkpoint', sharingFilesStrategy=FORWARD_BACKWARD}) @ 1761204302393 for job 2b42e0ca5e9c614a40ec5e2d578bad00.
2025-10-23 07:25:06,426 INFO  org.apache.flink.runtime.jobmaster.JobMaster                 [] - Triggering savepoint for job 2b42e0ca5e9c614a40ec5e2d578bad00.
2025-10-23 07:25:06,436 INFO  org.apache.flink.runtime.checkpoint.CheckpointCoordinator    [] - Triggering checkpoint 3 (type=SavepointType{name='Savepoint', postCheckpointAction=NONE, formatType=NATIVE}) @ 1761204306433 for job 2b42e0ca5e9c614a40ec5e2d578bad00.
2025-10-23 07:25:19,566 INFO  org.apache.flink.runtime.checkpoint.CheckpointCoordinator    [] - Completed checkpoint 2 for job 2b42e0ca5e9c614a40ec5e2d578bad00 (157624 bytes, checkpointDuration=17156 ms, finalizationTime=17 ms).
2025-10-23 07:25:20,738 INFO  org.apache.flink.runtime.checkpoint.CheckpointCoordinator    [] - Completed checkpoint 3 for job 2b42e0ca5e9c614a40ec5e2d578bad00 (172532 bytes, checkpointDuration=14304 ms, finalizationTime=1 ms).
2025-10-23 07:25:20,738 INFO  org.apache.flink.runtime.checkpoint.CheckpointRequestDecider [] - checkpoint request time in queue: 19532
2025-10-23 07:25:20,740 INFO  org.apache.flink.runtime.checkpoint.CheckpointCoordinator    [] - Triggering checkpoint 4 (type=CheckpointType{name='Checkpoint', sharingFilesStrategy=FORWARD_BACKWARD}) @ 1761204320739 for job 2b42e0ca5e9c614a40ec5e2d578bad00.
2025-10-23 07:25:32,891 INFO  org.apache.flink.runtime.dispatcher.StandaloneDispatcher     [] - Received job submission 'Word Counter' (9ad35a08ee57d70ee0eb5abd2d5a314c).
2025-10-23 07:25:32,901 INFO  org.apache.flink.runtime.dispatcher.StandaloneDispatcher     [] - Submitting job 'Word Counter' (9ad35a08ee57d70ee0eb5abd2d5a314c).
2025-10-23 07:25:32,943 INFO  org.apache.flink.runtime.jobmaster.JobMasterServiceLeadershipRunner [] - JobMasterServiceLeadershipRunner for job 9ad35a08ee57d70ee0eb5abd2d5a314c was granted leadership with leader id 00000000-0000-0000-0000-000000000000. Creating new JobMasterServiceProcess.
2025-10-23 07:25:32,964 INFO  org.apache.flink.runtime.rpc.pekko.PekkoRpcService           [] - Starting RPC endpoint for org.apache.flink.runtime.jobmaster.JobMaster at pekko://flink/user/rpc/jobmanager_3 .
2025-10-23 07:25:32,968 INFO  org.apache.flink.runtime.jobmaster.JobMaster                 [] - Initializing job 'Word Counter' (9ad35a08ee57d70ee0eb5abd2d5a314c).
2025-10-23 07:25:33,008 INFO  org.apache.flink.runtime.jobmaster.JobMaster                 [] - Using restart back off time strategy ExponentialDelayRestartBackoffTimeStrategy(initialBackoffMS=1000, maxBackoffMS=60000, backoffMultiplier=1.5, resetBackoffThresholdMS=3600000, jitterFactor=0.1, attemptsBeforeResetBackoff=2147483647, currentRestartAttempt=0, nextRestartTimestamp=-2147483648) for Word Counter (9ad35a08ee57d70ee0eb5abd2d5a314c).
2025-10-23 07:25:33,012 INFO  org.apache.flink.runtime.executiongraph.ExecutionGraph       [] - Created execution graph 8a1c714dd322a17e5a0dbde43a28e190 for job 9ad35a08ee57d70ee0eb5abd2d5a314c.
2025-10-23 07:25:33,014 INFO  org.apache.flink.runtime.jobmaster.JobMaster                 [] - Running initialization on master for job Word Counter (9ad35a08ee57d70ee0eb5abd2d5a314c).
2025-10-23 07:25:33,020 INFO  org.apache.flink.runtime.jobmaster.JobMaster                 [] - Successfully ran initialization on master in 6 ms.
2025-10-23 07:25:33,023 INFO  org.apache.flink.runtime.scheduler.adapter.DefaultExecutionTopology [] - Built 1 new pipelined regions in 0 ms, total 1 pipelined regions currently.
2025-10-23 07:25:33,023 INFO  org.apache.flink.runtime.jobmaster.JobMaster                 [] - Loading state backend via factory org.apache.flink.state.rocksdb.EmbeddedRocksDBStateBackendFactory
2025-10-23 07:25:33,024 INFO  org.apache.flink.state.rocksdb.EmbeddedRocksDBStateBackend   [] - Using predefined options: DEFAULT.
2025-10-23 07:25:33,028 INFO  org.apache.flink.runtime.state.StateBackendLoader            [] - State backend loader loads the state backend as EmbeddedRocksDBStateBackend
2025-10-23 07:25:33,030 INFO  org.apache.flink.runtime.jobmaster.JobMaster                 [] - Checkpoint storage is set to 'filesystem': (checkpoints "file:/tmp/flink-checkpoints")
2025-10-23 07:25:33,031 INFO  org.apache.flink.runtime.checkpoint.CheckpointCoordinator    [] - No checkpoint found during restore.
2025-10-23 07:25:33,033 INFO  org.apache.flink.runtime.checkpoint.CheckpointCoordinator    [] - Starting job 9ad35a08ee57d70ee0eb5abd2d5a314c from savepoint /tmp/flink-checkpoints/savepoint-2b42e0-8b8c211751a2 ()
2025-10-23 07:25:33,051 INFO  org.apache.flink.runtime.checkpoint.CheckpointCoordinator    [] - Reset the checkpoint ID of job 9ad35a08ee57d70ee0eb5abd2d5a314c to 4.
2025-10-23 07:25:33,053 INFO  org.apache.flink.runtime.checkpoint.CheckpointCoordinator    [] - Restoring job 9ad35a08ee57d70ee0eb5abd2d5a314c from Savepoint 3 @ 0 for 9ad35a08ee57d70ee0eb5abd2d5a314c located at file:/tmp/flink-checkpoints/savepoint-2b42e0-8b8c211751a2.
2025-10-23 07:25:33,083 INFO  org.apache.flink.runtime.checkpoint.CheckpointCoordinator    [] - No master state to restore
2025-10-23 07:25:33,085 INFO  org.apache.flink.runtime.jobmaster.JobMaster                 [] - Using failover strategy org.apache.flink.runtime.executiongraph.failover.RestartPipelinedRegionFailoverStrategy@190b283f for Word Counter (9ad35a08ee57d70ee0eb5abd2d5a314c).
2025-10-23 07:25:33,092 INFO  org.apache.flink.runtime.jobmaster.JobMaster                 [] - Starting execution of job 'Word Counter' (9ad35a08ee57d70ee0eb5abd2d5a314c) under job master id 00000000000000000000000000000000.
2025-10-23 07:25:33,096 INFO  org.apache.flink.runtime.jobmaster.JobMaster                 [] - Starting scheduling with scheduling strategy [org.apache.flink.runtime.scheduler.strategy.PipelinedRegionSchedulingStrategy]
2025-10-23 07:25:33,096 INFO  org.apache.flink.runtime.executiongraph.ExecutionGraph       [] - Job Word Counter (9ad35a08ee57d70ee0eb5abd2d5a314c) switched from state CREATED to RUNNING.
2025-10-23 07:25:33,099 INFO  org.apache.flink.runtime.executiongraph.ExecutionGraph       [] - Source: Collection Source -> _stream_key_by_map_operator (1/1) (8a1c714dd322a17e5a0dbde43a28e190_cbc357ccb763df2852fee8c4fc7d55f2_0_0) switched from CREATED to SCHEDULED.
2025-10-23 07:25:33,099 INFO  org.apache.flink.runtime.executiongraph.ExecutionGraph       [] - KEYED PROCESS -> Sink: Print to Std. Out (1/1) (8a1c714dd322a17e5a0dbde43a28e190_90bea66de1c231edf33913ecd54406c1_0_0) switched from CREATED to SCHEDULED.
2025-10-23 07:25:33,100 INFO  org.apache.flink.runtime.jobmaster.JobMaster                 [] - Connecting to ResourceManager pekko.tcp://flink@df68e77d29dd:6123/user/rpc/resourcemanager_*(00000000000000000000000000000000)
2025-10-23 07:25:33,108 INFO  org.apache.flink.runtime.jobmaster.JobMaster                 [] - Resolved ResourceManager address, beginning registration
2025-10-23 07:25:33,108 INFO  org.apache.flink.runtime.resourcemanager.StandaloneResourceManager [] - Registering job manager 00000000000000000000000000000000@pekko.tcp://flink@df68e77d29dd:6123/user/rpc/jobmanager_3 for job 9ad35a08ee57d70ee0eb5abd2d5a314c.
2025-10-23 07:25:33,114 INFO  org.apache.flink.runtime.resourcemanager.StandaloneResourceManager [] - Registered job manager 00000000000000000000000000000000@pekko.tcp://flink@df68e77d29dd:6123/user/rpc/jobmanager_3 for job 9ad35a08ee57d70ee0eb5abd2d5a314c.
2025-10-23 07:25:33,122 INFO  org.apache.flink.runtime.jobmaster.JobMaster                 [] - JobManager successfully registered at ResourceManager, leader id: 00000000000000000000000000000000.
2025-10-23 07:25:33,123 INFO  org.apache.flink.runtime.resourcemanager.slotmanager.FineGrainedSlotManager [] - Received resource requirements from job 9ad35a08ee57d70ee0eb5abd2d5a314c: [ResourceRequirement{resourceProfile=ResourceProfile{UNKNOWN}, numberOfRequiredSlots=1}]
2025-10-23 07:25:33,188 INFO  org.apache.flink.runtime.resourcemanager.slotmanager.FineGrainedSlotManager [] - Matching resource requirements against available resources.
Missing resources:
	 Job 9ad35a08ee57d70ee0eb5abd2d5a314c
		ResourceRequirement{resourceProfile=ResourceProfile{UNKNOWN}, numberOfRequiredSlots=1}
Current resources:
	TaskManager 127.0.0.1:45361-f782fd
		Available: ResourceProfile{cpuCores=0, taskHeapMemory=0 bytes, taskOffHeapMemory=0 bytes, managedMemory=0 bytes, networkMemory=0 bytes}
		Total:     ResourceProfile{cpuCores=1, taskHeapMemory=384.000mb (402653174 bytes), taskOffHeapMemory=0 bytes, managedMemory=512.000mb (536870920 bytes), networkMemory=128.000mb (134217730 bytes)}
2025-10-23 07:25:33,575 INFO  org.apache.flink.runtime.checkpoint.CheckpointFailureManager [] - Failed to trigger checkpoint for job 9ad35a08ee57d70ee0eb5abd2d5a314c since Checkpoint triggering task Source: Collection Source -> _stream_key_by_map_operator (1/1) of job 9ad35a08ee57d70ee0eb5abd2d5a314c is not being executed at the moment. Aborting checkpoint. Failure reason: Not all required tasks are currently running..
