2025-10-22 19:22:49,985 INFO  org.apache.flink.client.cli.CliFrontend                      [] - --------------------------------------------------------------------------------
2025-10-22 19:22:49,999 INFO  org.apache.flink.client.cli.CliFrontend                      [] -  Starting Command Line Client (Version: 2.1.0, Scala: 2.12, Rev:4cb6bd3, Date:2025-07-21T13:23:51+02:00)
2025-10-22 19:22:50,001 INFO  org.apache.flink.client.cli.CliFrontend                      [] -  OS current user: safeuser
2025-10-22 19:22:50,002 INFO  org.apache.flink.client.cli.CliFrontend                      [] -  Current Hadoop/Kerberos user: <no hadoop dependency found>
2025-10-22 19:22:50,002 INFO  org.apache.flink.client.cli.CliFrontend                      [] -  JVM: OpenJDK 64-Bit Server VM - Eclipse Adoptium - 17/17.0.16+8
2025-10-22 19:22:50,003 INFO  org.apache.flink.client.cli.CliFrontend                      [] -  Arch: amd64
2025-10-22 19:22:50,010 INFO  org.apache.flink.client.cli.CliFrontend                      [] -  Maximum heap size: 1986 MiBytes
2025-10-22 19:22:50,011 INFO  org.apache.flink.client.cli.CliFrontend                      [] -  JAVA_HOME: /opt/java/openjdk
2025-10-22 19:22:50,011 INFO  org.apache.flink.client.cli.CliFrontend                      [] -  No Hadoop Dependency available
2025-10-22 19:22:50,011 INFO  org.apache.flink.client.cli.CliFrontend                      [] -  JVM Options:
2025-10-22 19:22:50,011 INFO  org.apache.flink.client.cli.CliFrontend                      [] -     -XX:+IgnoreUnrecognizedVMOptions
2025-10-22 19:22:50,011 INFO  org.apache.flink.client.cli.CliFrontend                      [] -     --add-exports=java.rmi/sun.rmi.registry=ALL-UNNAMED
2025-10-22 19:22:50,011 INFO  org.apache.flink.client.cli.CliFrontend                      [] -     --add-exports=java.security.jgss/sun.security.krb5=ALL-UNNAMED
2025-10-22 19:22:50,011 INFO  org.apache.flink.client.cli.CliFrontend                      [] -     --add-opens=java.base/java.lang=ALL-UNNAMED
2025-10-22 19:22:50,012 INFO  org.apache.flink.client.cli.CliFrontend                      [] -     --add-opens=java.base/java.net=ALL-UNNAMED
2025-10-22 19:22:50,012 INFO  org.apache.flink.client.cli.CliFrontend                      [] -     --add-opens=java.base/java.io=ALL-UNNAMED
2025-10-22 19:22:50,012 INFO  org.apache.flink.client.cli.CliFrontend                      [] -     --add-opens=java.base/java.nio=ALL-UNNAMED
2025-10-22 19:22:50,012 INFO  org.apache.flink.client.cli.CliFrontend                      [] -     --add-opens=java.base/sun.nio.ch=ALL-UNNAMED
2025-10-22 19:22:50,012 INFO  org.apache.flink.client.cli.CliFrontend                      [] -     --add-opens=java.base/java.lang.reflect=ALL-UNNAMED
2025-10-22 19:22:50,012 INFO  org.apache.flink.client.cli.CliFrontend                      [] -     --add-opens=java.base/java.text=ALL-UNNAMED
2025-10-22 19:22:50,013 INFO  org.apache.flink.client.cli.CliFrontend                      [] -     --add-opens=java.base/java.time=ALL-UNNAMED
2025-10-22 19:22:50,013 INFO  org.apache.flink.client.cli.CliFrontend                      [] -     --add-opens=java.base/java.util=ALL-UNNAMED
2025-10-22 19:22:50,013 INFO  org.apache.flink.client.cli.CliFrontend                      [] -     --add-opens=java.base/java.util.concurrent=ALL-UNNAMED
2025-10-22 19:22:50,013 INFO  org.apache.flink.client.cli.CliFrontend                      [] -     --add-opens=java.base/java.util.concurrent.atomic=ALL-UNNAMED
2025-10-22 19:22:50,013 INFO  org.apache.flink.client.cli.CliFrontend                      [] -     --add-opens=java.base/java.util.concurrent.locks=ALL-UNNAMED
2025-10-22 19:22:50,014 INFO  org.apache.flink.client.cli.CliFrontend                      [] -     -Dlog.file=/opt/flink/log/flink--client-0dc10ab24f08.log
2025-10-22 19:22:50,014 INFO  org.apache.flink.client.cli.CliFrontend                      [] -     -Dlog4j.configuration=file:/opt/flink/conf/log4j-cli.properties
2025-10-22 19:22:50,014 INFO  org.apache.flink.client.cli.CliFrontend                      [] -     -Dlog4j.configurationFile=file:/opt/flink/conf/log4j-cli.properties
2025-10-22 19:22:50,014 INFO  org.apache.flink.client.cli.CliFrontend                      [] -     -Dlogback.configurationFile=file:/opt/flink/conf/logback.xml
2025-10-22 19:22:50,014 INFO  org.apache.flink.client.cli.CliFrontend                      [] -  Program Arguments:
2025-10-22 19:22:50,028 INFO  org.apache.flink.client.cli.CliFrontend                      [] -     run
2025-10-22 19:22:50,029 INFO  org.apache.flink.client.cli.CliFrontend                      [] -     -m
2025-10-22 19:22:50,029 INFO  org.apache.flink.client.cli.CliFrontend                      [] -     127.0.0.1:8081
2025-10-22 19:22:50,029 INFO  org.apache.flink.client.cli.CliFrontend                      [] -     -d
2025-10-22 19:22:50,029 INFO  org.apache.flink.client.cli.CliFrontend                      [] -     -py
2025-10-22 19:22:50,029 INFO  org.apache.flink.client.cli.CliFrontend                      [] -     job.py
2025-10-22 19:22:50,029 INFO  org.apache.flink.client.cli.CliFrontend                      [] -     -pyexec
2025-10-22 19:22:50,029 INFO  org.apache.flink.client.cli.CliFrontend                      [] -     /app/.venv/bin/python
2025-10-22 19:22:50,029 INFO  org.apache.flink.client.cli.CliFrontend                      [] -     /app/.venv/bin/python
2025-10-22 19:22:50,029 INFO  org.apache.flink.client.cli.CliFrontend                      [] -  Classpath: /opt/flink/lib/flink-cep-2.1.0.jar:/opt/flink/lib/flink-connector-files-2.1.0.jar:/opt/flink/lib/flink-csv-2.1.0.jar:/opt/flink/lib/flink-json-2.1.0.jar:/opt/flink/lib/flink-scala_2.12-2.1.0.jar:/opt/flink/lib/flink-table-api-java-uber-2.1.0.jar:/opt/flink/lib/flink-table-planner-loader-2.1.0.jar:/opt/flink/lib/flink-table-runtime-2.1.0.jar:/opt/flink/lib/log4j-1.2-api-2.24.3.jar:/opt/flink/lib/log4j-api-2.24.3.jar:/opt/flink/lib/log4j-core-2.24.3.jar:/opt/flink/lib/log4j-layout-template-json-2.24.3.jar:/opt/flink/lib/log4j-slf4j-impl-2.24.3.jar:/opt/flink/lib/flink-dist-2.1.0.jar:::
2025-10-22 19:22:50,030 INFO  org.apache.flink.client.cli.CliFrontend                      [] - --------------------------------------------------------------------------------
2025-10-22 19:22:50,031 INFO  org.apache.flink.configuration.GlobalConfiguration           [] - Using standard YAML parser to load flink configuration file from /opt/flink/conf/config.yaml.
2025-10-22 19:22:50,136 INFO  org.apache.flink.configuration.GlobalConfiguration           [] - Loading configuration property: blob.server.port, 6124
2025-10-22 19:22:50,136 INFO  org.apache.flink.configuration.GlobalConfiguration           [] - Loading configuration property: taskmanager.memory.process.size, 1728m
2025-10-22 19:22:50,136 INFO  org.apache.flink.configuration.GlobalConfiguration           [] - Loading configuration property: taskmanager.bind-host, 0.0.0.0
2025-10-22 19:22:50,136 INFO  org.apache.flink.configuration.GlobalConfiguration           [] - Loading configuration property: jobmanager.execution.failover-strategy, region
2025-10-22 19:22:50,137 INFO  org.apache.flink.configuration.GlobalConfiguration           [] - Loading configuration property: jobmanager.rpc.address, 0dc10ab24f08
2025-10-22 19:22:50,137 INFO  org.apache.flink.configuration.GlobalConfiguration           [] - Loading configuration property: execution.checkpointing.incremental, false
2025-10-22 19:22:50,137 INFO  org.apache.flink.configuration.GlobalConfiguration           [] - Loading configuration property: state.backend.rocksdb.localdir, /tmp/rocksdb
2025-10-22 19:22:50,137 INFO  org.apache.flink.configuration.GlobalConfiguration           [] - Loading configuration property: execution.target, remote
2025-10-22 19:22:50,137 INFO  org.apache.flink.configuration.GlobalConfiguration           [] - Loading configuration property: jobmanager.memory.process.size, 1600m
2025-10-22 19:22:50,138 INFO  org.apache.flink.configuration.GlobalConfiguration           [] - Loading configuration property: jobmanager.rpc.port, 6123
2025-10-22 19:22:50,138 INFO  org.apache.flink.configuration.GlobalConfiguration           [] - Loading configuration property: query.server.port, 6125
2025-10-22 19:22:50,138 INFO  org.apache.flink.configuration.GlobalConfiguration           [] - Loading configuration property: rest.bind-address, 0.0.0.0
2025-10-22 19:22:50,139 INFO  org.apache.flink.configuration.GlobalConfiguration           [] - Loading configuration property: jobmanager.bind-host, 0.0.0.0
2025-10-22 19:22:50,139 INFO  org.apache.flink.configuration.GlobalConfiguration           [] - Loading configuration property: execution.checkpointing.savepoint-dir, file:///tmp/flink-checkpoints
2025-10-22 19:22:50,139 INFO  org.apache.flink.configuration.GlobalConfiguration           [] - Loading configuration property: taskmanager.host, 127.0.0.1
2025-10-22 19:22:50,139 INFO  org.apache.flink.configuration.GlobalConfiguration           [] - Loading configuration property: execution.checkpointing.externalized-checkpoint-retention, RETAIN_ON_CANCELLATION
2025-10-22 19:22:50,140 INFO  org.apache.flink.configuration.GlobalConfiguration           [] - Loading configuration property: parallelism.default, 1
2025-10-22 19:22:50,140 INFO  org.apache.flink.configuration.GlobalConfiguration           [] - Loading configuration property: taskmanager.numberOfTaskSlots, 1
2025-10-22 19:22:50,140 INFO  org.apache.flink.configuration.GlobalConfiguration           [] - Loading configuration property: execution.checkpointing.local-backup.enabled, true
2025-10-22 19:22:50,140 INFO  org.apache.flink.configuration.GlobalConfiguration           [] - Loading configuration property: rest.address, 127.0.0.1
2025-10-22 19:22:50,140 INFO  org.apache.flink.configuration.GlobalConfiguration           [] - Loading configuration property: execution.state-recovery.ignore-unclaimed-state, true
2025-10-22 19:22:50,141 INFO  org.apache.flink.configuration.GlobalConfiguration           [] - Loading configuration property: execution.checkpointing.dir, file:///tmp/flink-checkpoints
2025-10-22 19:22:50,141 INFO  org.apache.flink.configuration.GlobalConfiguration           [] - Loading configuration property: env.java.opts.all, --add-exports=java.rmi/sun.rmi.registry=ALL-UNNAMED --add-exports=java.security.jgss/sun.security.krb5=ALL-UNNAMED --add-opens=java.base/java.lang=ALL-UNNAMED --add-opens=java.base/java.net=ALL-UNNAMED --add-opens=java.base/java.io=ALL-UNNAMED --add-opens=java.base/java.nio=ALL-UNNAMED --add-opens=java.base/sun.nio.ch=ALL-UNNAMED --add-opens=java.base/java.lang.reflect=ALL-UNNAMED --add-opens=java.base/java.text=ALL-UNNAMED --add-opens=java.base/java.time=ALL-UNNAMED --add-opens=java.base/java.util=ALL-UNNAMED --add-opens=java.base/java.util.concurrent=ALL-UNNAMED --add-opens=java.base/java.util.concurrent.atomic=ALL-UNNAMED --add-opens=java.base/java.util.concurrent.locks=ALL-UNNAMED
2025-10-22 19:22:50,141 INFO  org.apache.flink.configuration.GlobalConfiguration           [] - Loading configuration property: state.backend.type, rocksdb
2025-10-22 19:22:50,208 INFO  org.apache.flink.client.cli.CliFrontend                      [] - Loading FallbackYarnSessionCli
2025-10-22 19:22:50,250 INFO  org.apache.flink.core.fs.FileSystem                          [] - Hadoop is not in the classpath/dependencies. The extended set of supported File Systems via Hadoop is not available.
2025-10-22 19:22:50,266 INFO  org.apache.flink.core.plugin.DefaultPluginManager            [] - Plugin loader with ID not found, creating it: metrics-statsd
2025-10-22 19:22:50,272 INFO  org.apache.flink.core.plugin.DefaultPluginManager            [] - Plugin loader with ID not found, creating it: metrics-jmx
2025-10-22 19:22:50,272 INFO  org.apache.flink.core.plugin.DefaultPluginManager            [] - Plugin loader with ID not found, creating it: metrics-prometheus
2025-10-22 19:22:50,272 INFO  org.apache.flink.core.plugin.DefaultPluginManager            [] - Plugin loader with ID not found, creating it: metrics-influx
2025-10-22 19:22:50,272 INFO  org.apache.flink.core.plugin.DefaultPluginManager            [] - Plugin loader with ID not found, creating it: metrics-slf4j
2025-10-22 19:22:50,273 INFO  org.apache.flink.core.plugin.DefaultPluginManager            [] - Plugin loader with ID not found, creating it: metrics-otel
2025-10-22 19:22:50,273 INFO  org.apache.flink.core.plugin.DefaultPluginManager            [] - Plugin loader with ID not found, creating it: metrics-datadog
2025-10-22 19:22:50,273 INFO  org.apache.flink.core.plugin.DefaultPluginManager            [] - Plugin loader with ID not found, creating it: metrics-graphite
2025-10-22 19:22:50,273 INFO  org.apache.flink.core.plugin.DefaultPluginManager            [] - Plugin loader with ID not found, creating it: external-resource-gpu
2025-10-22 19:22:50,342 INFO  org.apache.flink.runtime.security.modules.HadoopModuleFactory [] - Cannot create Hadoop Security Module because Hadoop cannot be found in the Classpath.
2025-10-22 19:22:50,383 INFO  org.apache.flink.runtime.security.modules.JaasModule         [] - Jaas file will be created as /tmp/jaas-1004115571000352495.conf.
2025-10-22 19:22:50,390 INFO  org.apache.flink.runtime.security.contexts.HadoopSecurityContextFactory [] - Cannot install HadoopSecurityContext because Hadoop cannot be found in the Classpath.
2025-10-22 19:22:50,392 INFO  org.apache.flink.client.cli.CliFrontend                      [] - Running 'run' command.
2025-10-22 19:22:50,434 INFO  org.apache.flink.client.cli.CliFrontend                      [] - Building program from JAR file
2025-10-22 19:22:50,441 INFO  org.apache.flink.client.ClientUtils                          [] - Starting program (detached: true)
2025-10-22 19:22:50,590 INFO  org.apache.flink.client.python.PythonEnvUtils                [] - Starting Python process with environment variables: {FLINK_TGZ_URL=https://dlcdn.apache.org/flink/flink-2.1.0/flink-2.1.0-bin-scala_2.12.tgz, PATH=/app/.venv/bin:/opt/flink/bin:/opt/java/openjdk/bin:/usr/local/sbin:/usr/local/bin:/usr/sbin:/usr/bin:/sbin:/bin, JAVA_RUN=/opt/java/openjdk/bin/java, ROOT_LOG_LEVEL=INFO, JAVA_HOME=/opt/java/openjdk, PYFLINK_CLIENT_EXECUTABLE=python3, CHECK_GPG=true, FLINK_PLUGINS_DIR=/opt/flink/plugins, GPG_KEY=7A14EF9AD986EF0D56B2E73F6AF817E6C59EC690, LANG=en_US.UTF-8, FLINK_CONF_DIR=/opt/flink/conf, FLINK_ASC_URL=https://downloads.apache.org/flink/flink-2.1.0/flink-2.1.0-bin-scala_2.12.tgz.asc, JAVA_VERSION=jdk-17.0.16+8, PWD=/app, LANGUAGE=en_US:en, UV=/usr/bin/uv, PYTHONPATH=/tmp/pyflink/b3a8fefe-baae-475f-b5ff-90e7f95e6d34/416805ec-30e6-4e86-a023-0ca037d40b2b:/opt/flink/opt/python/cloudpickle-2.2.0-src.zip:/opt/flink/opt/python/py4j-0.10.9.7-src.zip:/opt/flink/opt/python/pyflink.zip, FLINK_OPT_DIR=/opt/flink/opt, XDG_DATA_HOME=/opt/uv/data, FLINK_HOME=/opt/flink, MAX_LOG_FILE_NUMBER=10, FLINK_LIB_DIR=/opt/flink/lib, PIP_NO_CACHE_DIR=1, PYFLINK_GATEWAY_PORT=37851, PYTHONDONTWRITEBYTECODE=1, VIRTUAL_ENV=/app/.venv, UV_RUN_RECURSION_DEPTH=1, GOSU_VERSION=1.11, PYTHONUNBUFFERED=1, HOSTNAME=0dc10ab24f08, LC_ALL=en_US.UTF-8, LD_PRELOAD=:/usr/lib/x86_64-linux-gnu/libjemalloc.so, SHLVL=1, HOME=/home/safeuser, FLINK_BIN_DIR=/opt/flink/bin}, command: python3 -u job.py /app/.venv/bin/python
2025-10-22 19:22:50,609 INFO  org.apache.flink.client.python.PythonDriver                  [] - --------------------------- Python Process Started --------------------------
2025-10-22 19:22:51,359 INFO  org.apache.flink.client.python.PythonDriver                  [] - Using 17576 ordered 3-letter combinations
2025-10-22 19:22:51,359 INFO  org.apache.flink.client.python.PythonDriver                  [] - Expected ~1.1 occurrences per combination
2025-10-22 19:22:51,361 INFO  org.apache.flink.client.python.PythonDriver                  [] - First 10: ['aaa', 'aab', 'aac', 'aad', 'aae', 'aaf', 'aag', 'aah', 'aai', 'aaj']
2025-10-22 19:22:51,361 INFO  org.apache.flink.client.python.PythonDriver                  [] - Last 10: ['zzq', 'zzr', 'zzs', 'zzt', 'zzu', 'zzv', 'zzw', 'zzx', 'zzy', 'zzz']
2025-10-22 19:22:55,957 INFO  org.apache.flink.client.program.rest.RestClusterClient       [] - Submitting job 'Word Counter' (9b568ebc8e453b9b96757702cf66231b).
2025-10-22 19:22:58,578 INFO  org.apache.flink.client.program.rest.RestClusterClient       [] - Successfully submitted job 'Word Counter' (9b568ebc8e453b9b96757702cf66231b) to 'http://127.0.0.1:8081'.
2025-10-22 19:22:59,135 ERROR org.apache.flink.client.deployment.executors.AbstractSessionClusterExecutor [] - Failed to submit job graph to remote session cluster.
java.util.concurrent.CompletionException: java.lang.RuntimeException: org.apache.flink.runtime.client.JobInitializationException: Could not start the JobMaster.
	at java.base/java.util.concurrent.CompletableFuture.encodeThrowable(Unknown Source) ~[?:?]
	at java.base/java.util.concurrent.CompletableFuture.completeThrowable(Unknown Source) ~[?:?]
	at java.base/java.util.concurrent.CompletableFuture$UniApply.tryFire(Unknown Source) ~[?:?]
	at java.base/java.util.concurrent.CompletableFuture$Completion.run(Unknown Source) [?:?]
	at java.base/java.lang.Thread.run(Unknown Source) [?:?]
Caused by: java.lang.RuntimeException: org.apache.flink.runtime.client.JobInitializationException: Could not start the JobMaster.
	at org.apache.flink.util.ExceptionUtils.rethrow(ExceptionUtils.java:321) ~[flink-dist-2.1.0.jar:2.1.0]
	at org.apache.flink.util.function.FunctionUtils.lambda$uncheckedFunction$2(FunctionUtils.java:75) ~[flink-dist-2.1.0.jar:2.1.0]
	... 3 more
Caused by: org.apache.flink.runtime.client.JobInitializationException: Could not start the JobMaster.
	at org.apache.flink.runtime.jobmaster.DefaultJobMasterServiceProcess.lambda$new$0(DefaultJobMasterServiceProcess.java:97) ~[flink-dist-2.1.0.jar:2.1.0]
	at java.base/java.util.concurrent.CompletableFuture.uniWhenComplete(Unknown Source) [?:?]
	at java.base/java.util.concurrent.CompletableFuture$UniWhenComplete.tryFire(Unknown Source) [?:?]
	at java.base/java.util.concurrent.CompletableFuture.postComplete(Unknown Source) ~[?:?]
	at java.base/java.util.concurrent.CompletableFuture$AsyncSupply.run(Unknown Source) ~[?:?]
	at org.apache.flink.util.MdcUtils.lambda$wrapRunnable$1(MdcUtils.java:70) ~[flink-dist-2.1.0.jar:2.1.0]
	at java.base/java.util.concurrent.ThreadPoolExecutor.runWorker(Unknown Source) ~[?:?]
	at java.base/java.util.concurrent.ThreadPoolExecutor$Worker.run(Unknown Source) ~[?:?]
	... 1 more
Caused by: java.util.concurrent.CompletionException: org.apache.flink.util.FlinkRuntimeException: Failed to create checkpoint storage at checkpoint coordinator side.
	at java.base/java.util.concurrent.CompletableFuture.encodeThrowable(Unknown Source) ~[?:?]
	at java.base/java.util.concurrent.CompletableFuture.completeThrowable(Unknown Source) ~[?:?]
	at java.base/java.util.concurrent.CompletableFuture$AsyncSupply.run(Unknown Source) ~[?:?]
	at org.apache.flink.util.MdcUtils.lambda$wrapRunnable$1(MdcUtils.java:70) ~[flink-dist-2.1.0.jar:2.1.0]
	at java.base/java.util.concurrent.ThreadPoolExecutor.runWorker(Unknown Source) ~[?:?]
	at java.base/java.util.concurrent.ThreadPoolExecutor$Worker.run(Unknown Source) ~[?:?]
	... 1 more
Caused by: org.apache.flink.util.FlinkRuntimeException: Failed to create checkpoint storage at checkpoint coordinator side.
	at org.apache.flink.runtime.checkpoint.CheckpointCoordinator.<init>(CheckpointCoordinator.java:366) ~[flink-dist-2.1.0.jar:2.1.0]
	at org.apache.flink.runtime.checkpoint.CheckpointCoordinator.<init>(CheckpointCoordinator.java:275) ~[flink-dist-2.1.0.jar:2.1.0]
	at org.apache.flink.runtime.executiongraph.DefaultExecutionGraph.enableCheckpointing(DefaultExecutionGraph.java:531) ~[flink-dist-2.1.0.jar:2.1.0]
	at org.apache.flink.runtime.executiongraph.DefaultExecutionGraphBuilder.buildGraph(DefaultExecutionGraphBuilder.java:311) ~[flink-dist-2.1.0.jar:2.1.0]
	at org.apache.flink.runtime.scheduler.DefaultExecutionGraphFactory.createAndRestoreExecutionGraph(DefaultExecutionGraphFactory.java:155) ~[flink-dist-2.1.0.jar:2.1.0]
	at org.apache.flink.runtime.scheduler.SchedulerBase.createAndRestoreExecutionGraph(SchedulerBase.java:402) ~[flink-dist-2.1.0.jar:2.1.0]
	at org.apache.flink.runtime.scheduler.SchedulerBase.<init>(SchedulerBase.java:237) ~[flink-dist-2.1.0.jar:2.1.0]
	at org.apache.flink.runtime.scheduler.DefaultScheduler.<init>(DefaultScheduler.java:144) ~[flink-dist-2.1.0.jar:2.1.0]
	at org.apache.flink.runtime.scheduler.DefaultSchedulerFactory.createInstance(DefaultSchedulerFactory.java:173) ~[flink-dist-2.1.0.jar:2.1.0]
	at org.apache.flink.runtime.jobmaster.DefaultSlotPoolServiceSchedulerFactory.createScheduler(DefaultSlotPoolServiceSchedulerFactory.java:128) ~[flink-dist-2.1.0.jar:2.1.0]
	at org.apache.flink.runtime.jobmaster.JobMaster.createScheduler(JobMaster.java:407) ~[flink-dist-2.1.0.jar:2.1.0]
	at org.apache.flink.runtime.jobmaster.JobMaster.<init>(JobMaster.java:384) ~[flink-dist-2.1.0.jar:2.1.0]
	at org.apache.flink.runtime.jobmaster.factories.DefaultJobMasterServiceFactory.internalCreateJobMasterService(DefaultJobMasterServiceFactory.java:128) ~[flink-dist-2.1.0.jar:2.1.0]
	at org.apache.flink.runtime.jobmaster.factories.DefaultJobMasterServiceFactory.lambda$createJobMasterService$0(DefaultJobMasterServiceFactory.java:100) ~[flink-dist-2.1.0.jar:2.1.0]
	at org.apache.flink.util.function.FunctionUtils.lambda$uncheckedSupplier$4(FunctionUtils.java:112) ~[flink-dist-2.1.0.jar:2.1.0]
	at java.base/java.util.concurrent.CompletableFuture$AsyncSupply.run(Unknown Source) ~[?:?]
	at org.apache.flink.util.MdcUtils.lambda$wrapRunnable$1(MdcUtils.java:70) ~[flink-dist-2.1.0.jar:2.1.0]
	at java.base/java.util.concurrent.ThreadPoolExecutor.runWorker(Unknown Source) ~[?:?]
	at java.base/java.util.concurrent.ThreadPoolExecutor$Worker.run(Unknown Source) ~[?:?]
	... 1 more
Caused by: java.io.IOException: Failed to create directory for shared state: file:/tmp/flink-checkpoints/9b568ebc8e453b9b96757702cf66231b/shared
	at org.apache.flink.runtime.state.filesystem.FsCheckpointStorageAccess.initializeBaseLocationsForCheckpoint(FsCheckpointStorageAccess.java:149) ~[flink-dist-2.1.0.jar:2.1.0]
	at org.apache.flink.runtime.checkpoint.CheckpointCoordinator.<init>(CheckpointCoordinator.java:362) ~[flink-dist-2.1.0.jar:2.1.0]
	at org.apache.flink.runtime.checkpoint.CheckpointCoordinator.<init>(CheckpointCoordinator.java:275) ~[flink-dist-2.1.0.jar:2.1.0]
	at org.apache.flink.runtime.executiongraph.DefaultExecutionGraph.enableCheckpointing(DefaultExecutionGraph.java:531) ~[flink-dist-2.1.0.jar:2.1.0]
	at org.apache.flink.runtime.executiongraph.DefaultExecutionGraphBuilder.buildGraph(DefaultExecutionGraphBuilder.java:311) ~[flink-dist-2.1.0.jar:2.1.0]
	at org.apache.flink.runtime.scheduler.DefaultExecutionGraphFactory.createAndRestoreExecutionGraph(DefaultExecutionGraphFactory.java:155) ~[flink-dist-2.1.0.jar:2.1.0]
	at org.apache.flink.runtime.scheduler.SchedulerBase.createAndRestoreExecutionGraph(SchedulerBase.java:402) ~[flink-dist-2.1.0.jar:2.1.0]
	at org.apache.flink.runtime.scheduler.SchedulerBase.<init>(SchedulerBase.java:237) ~[flink-dist-2.1.0.jar:2.1.0]
	at org.apache.flink.runtime.scheduler.DefaultScheduler.<init>(DefaultScheduler.java:144) ~[flink-dist-2.1.0.jar:2.1.0]
	at org.apache.flink.runtime.scheduler.DefaultSchedulerFactory.createInstance(DefaultSchedulerFactory.java:173) ~[flink-dist-2.1.0.jar:2.1.0]
	at org.apache.flink.runtime.jobmaster.DefaultSlotPoolServiceSchedulerFactory.createScheduler(DefaultSlotPoolServiceSchedulerFactory.java:128) ~[flink-dist-2.1.0.jar:2.1.0]
	at org.apache.flink.runtime.jobmaster.JobMaster.createScheduler(JobMaster.java:407) ~[flink-dist-2.1.0.jar:2.1.0]
	at org.apache.flink.runtime.jobmaster.JobMaster.<init>(JobMaster.java:384) ~[flink-dist-2.1.0.jar:2.1.0]
	at org.apache.flink.runtime.jobmaster.factories.DefaultJobMasterServiceFactory.internalCreateJobMasterService(DefaultJobMasterServiceFactory.java:128) ~[flink-dist-2.1.0.jar:2.1.0]
	at org.apache.flink.runtime.jobmaster.factories.DefaultJobMasterServiceFactory.lambda$createJobMasterService$0(DefaultJobMasterServiceFactory.java:100) ~[flink-dist-2.1.0.jar:2.1.0]
	at org.apache.flink.util.function.FunctionUtils.lambda$uncheckedSupplier$4(FunctionUtils.java:112) ~[flink-dist-2.1.0.jar:2.1.0]
	at java.base/java.util.concurrent.CompletableFuture$AsyncSupply.run(Unknown Source) ~[?:?]
	at org.apache.flink.util.MdcUtils.lambda$wrapRunnable$1(MdcUtils.java:70) ~[flink-dist-2.1.0.jar:2.1.0]
	at java.base/java.util.concurrent.ThreadPoolExecutor.runWorker(Unknown Source) ~[?:?]
	at java.base/java.util.concurrent.ThreadPoolExecutor$Worker.run(Unknown Source) ~[?:?]
	... 1 more
2025-10-22 19:22:59,162 INFO  org.apache.flink.client.python.PythonDriver                  [] - Traceback (most recent call last):
2025-10-22 19:22:59,164 INFO  org.apache.flink.client.python.PythonDriver                  [] -   File "/app/job.py", line 94, in <module>
2025-10-22 19:22:59,164 INFO  org.apache.flink.client.python.PythonDriver                  [] -     main()
2025-10-22 19:22:59,164 INFO  org.apache.flink.client.python.PythonDriver                  [] -   File "/app/job.py", line 90, in main
2025-10-22 19:22:59,164 INFO  org.apache.flink.client.python.PythonDriver                  [] -     env.execute("Word Counter")
2025-10-22 19:22:59,164 INFO  org.apache.flink.client.python.PythonDriver                  [] -   File "/opt/flink/opt/python/pyflink.zip/pyflink/datastream/stream_execution_environment.py", line 622, in execute
2025-10-22 19:22:59,166 INFO  org.apache.flink.client.python.PythonDriver                  [] -   File "/opt/flink/opt/python/py4j-0.10.9.7-src.zip/py4j/java_gateway.py", line 1322, in __call__
2025-10-22 19:22:59,166 INFO  org.apache.flink.client.python.PythonDriver                  [] -   File "/opt/flink/opt/python/pyflink.zip/pyflink/util/exceptions.py", line 162, in deco
2025-10-22 19:22:59,167 INFO  org.apache.flink.client.python.PythonDriver                  [] -   File "/opt/flink/opt/python/py4j-0.10.9.7-src.zip/py4j/protocol.py", line 326, in get_return_value
2025-10-22 19:22:59,168 INFO  org.apache.flink.client.python.PythonDriver                  [] - py4j.protocol.Py4JJavaError: An error occurred while calling o0.execute.
2025-10-22 19:22:59,168 INFO  org.apache.flink.client.python.PythonDriver                  [] - : org.apache.flink.util.FlinkException: Failed to execute job 'Word Counter'.
2025-10-22 19:22:59,168 INFO  org.apache.flink.client.python.PythonDriver                  [] - 	at org.apache.flink.streaming.api.environment.StreamExecutionEnvironment.executeAsync(StreamExecutionEnvironment.java:2008)
2025-10-22 19:22:59,168 INFO  org.apache.flink.client.python.PythonDriver                  [] - 	at org.apache.flink.client.program.StreamContextEnvironment.executeAsync(StreamContextEnvironment.java:188)
2025-10-22 19:22:59,168 INFO  org.apache.flink.client.python.PythonDriver                  [] - 	at org.apache.flink.client.program.StreamContextEnvironment.execute(StreamContextEnvironment.java:113)
2025-10-22 19:22:59,168 INFO  org.apache.flink.client.python.PythonDriver                  [] - 	at java.base/jdk.internal.reflect.NativeMethodAccessorImpl.invoke0(Native Method)
2025-10-22 19:22:59,169 INFO  org.apache.flink.client.python.PythonDriver                  [] - 	at java.base/jdk.internal.reflect.NativeMethodAccessorImpl.invoke(Unknown Source)
2025-10-22 19:22:59,169 INFO  org.apache.flink.client.python.PythonDriver                  [] - 	at java.base/jdk.internal.reflect.DelegatingMethodAccessorImpl.invoke(Unknown Source)
2025-10-22 19:22:59,169 INFO  org.apache.flink.client.python.PythonDriver                  [] - 	at java.base/java.lang.reflect.Method.invoke(Unknown Source)
2025-10-22 19:22:59,169 INFO  org.apache.flink.client.python.PythonDriver                  [] - 	at org.apache.flink.api.python.shaded.py4j.reflection.MethodInvoker.invoke(MethodInvoker.java:244)
2025-10-22 19:22:59,169 INFO  org.apache.flink.client.python.PythonDriver                  [] - 	at org.apache.flink.api.python.shaded.py4j.reflection.ReflectionEngine.invoke(ReflectionEngine.java:374)
2025-10-22 19:22:59,169 INFO  org.apache.flink.client.python.PythonDriver                  [] - 	at org.apache.flink.api.python.shaded.py4j.Gateway.invoke(Gateway.java:282)
2025-10-22 19:22:59,169 INFO  org.apache.flink.client.python.PythonDriver                  [] - 	at org.apache.flink.api.python.shaded.py4j.commands.AbstractCommand.invokeMethod(AbstractCommand.java:132)
2025-10-22 19:22:59,169 INFO  org.apache.flink.client.python.PythonDriver                  [] - 	at org.apache.flink.api.python.shaded.py4j.commands.CallCommand.execute(CallCommand.java:79)
2025-10-22 19:22:59,169 INFO  org.apache.flink.client.python.PythonDriver                  [] - 	at org.apache.flink.api.python.shaded.py4j.GatewayConnection.run(GatewayConnection.java:238)
2025-10-22 19:22:59,169 INFO  org.apache.flink.client.python.PythonDriver                  [] - 	at java.base/java.lang.Thread.run(Unknown Source)
2025-10-22 19:22:59,169 INFO  org.apache.flink.client.python.PythonDriver                  [] - Caused by: java.lang.RuntimeException: org.apache.flink.runtime.client.JobInitializationException: Could not start the JobMaster.
2025-10-22 19:22:59,169 INFO  org.apache.flink.client.python.PythonDriver                  [] - 	at org.apache.flink.util.ExceptionUtils.rethrow(ExceptionUtils.java:321)
2025-10-22 19:22:59,169 INFO  org.apache.flink.client.python.PythonDriver                  [] - 	at org.apache.flink.util.function.FunctionUtils.lambda$uncheckedFunction$2(FunctionUtils.java:75)
2025-10-22 19:22:59,169 INFO  org.apache.flink.client.python.PythonDriver                  [] - 	at java.base/java.util.concurrent.CompletableFuture$UniApply.tryFire(Unknown Source)
2025-10-22 19:22:59,169 INFO  org.apache.flink.client.python.PythonDriver                  [] - 	at java.base/java.util.concurrent.CompletableFuture$Completion.run(Unknown Source)
2025-10-22 19:22:59,169 INFO  org.apache.flink.client.python.PythonDriver                  [] - 	... 1 more
2025-10-22 19:22:59,169 INFO  org.apache.flink.client.python.PythonDriver                  [] - Caused by: org.apache.flink.runtime.client.JobInitializationException: Could not start the JobMaster.
2025-10-22 19:22:59,169 INFO  org.apache.flink.client.python.PythonDriver                  [] - 	at org.apache.flink.runtime.jobmaster.DefaultJobMasterServiceProcess.lambda$new$0(DefaultJobMasterServiceProcess.java:97)
2025-10-22 19:22:59,171 INFO  org.apache.flink.client.python.PythonDriver                  [] - 	at java.base/java.util.concurrent.CompletableFuture.uniWhenComplete(Unknown Source)
2025-10-22 19:22:59,171 INFO  org.apache.flink.client.python.PythonDriver                  [] - 	at java.base/java.util.concurrent.CompletableFuture$UniWhenComplete.tryFire(Unknown Source)
2025-10-22 19:22:59,172 INFO  org.apache.flink.client.python.PythonDriver                  [] - 	at java.base/java.util.concurrent.CompletableFuture.postComplete(Unknown Source)
2025-10-22 19:22:59,172 INFO  org.apache.flink.client.python.PythonDriver                  [] - 	at java.base/java.util.concurrent.CompletableFuture$AsyncSupply.run(Unknown Source)
2025-10-22 19:22:59,172 INFO  org.apache.flink.client.python.PythonDriver                  [] - 	at org.apache.flink.util.MdcUtils.lambda$wrapRunnable$1(MdcUtils.java:70)
2025-10-22 19:22:59,172 INFO  org.apache.flink.client.python.PythonDriver                  [] - 	at java.base/java.util.concurrent.ThreadPoolExecutor.runWorker(Unknown Source)
2025-10-22 19:22:59,172 INFO  org.apache.flink.client.python.PythonDriver                  [] - 	at java.base/java.util.concurrent.ThreadPoolExecutor$Worker.run(Unknown Source)
2025-10-22 19:22:59,172 INFO  org.apache.flink.client.python.PythonDriver                  [] - 	... 1 more
2025-10-22 19:22:59,172 INFO  org.apache.flink.client.python.PythonDriver                  [] - Caused by: java.util.concurrent.CompletionException: org.apache.flink.util.FlinkRuntimeException: Failed to create checkpoint storage at checkpoint coordinator side.
2025-10-22 19:22:59,172 INFO  org.apache.flink.client.python.PythonDriver                  [] - 	at java.base/java.util.concurrent.CompletableFuture.encodeThrowable(Unknown Source)
2025-10-22 19:22:59,172 INFO  org.apache.flink.client.python.PythonDriver                  [] - 	at java.base/java.util.concurrent.CompletableFuture.completeThrowable(Unknown Source)
2025-10-22 19:22:59,172 INFO  org.apache.flink.client.python.PythonDriver                  [] - 	... 5 more
2025-10-22 19:22:59,172 INFO  org.apache.flink.client.python.PythonDriver                  [] - Caused by: org.apache.flink.util.FlinkRuntimeException: Failed to create checkpoint storage at checkpoint coordinator side.
2025-10-22 19:22:59,172 INFO  org.apache.flink.client.python.PythonDriver                  [] - 	at org.apache.flink.runtime.checkpoint.CheckpointCoordinator.<init>(CheckpointCoordinator.java:366)
2025-10-22 19:22:59,172 INFO  org.apache.flink.client.python.PythonDriver                  [] - 	at org.apache.flink.runtime.checkpoint.CheckpointCoordinator.<init>(CheckpointCoordinator.java:275)
2025-10-22 19:22:59,172 INFO  org.apache.flink.client.python.PythonDriver                  [] - 	at org.apache.flink.runtime.executiongraph.DefaultExecutionGraph.enableCheckpointing(DefaultExecutionGraph.java:531)
2025-10-22 19:22:59,172 INFO  org.apache.flink.client.python.PythonDriver                  [] - 	at org.apache.flink.runtime.executiongraph.DefaultExecutionGraphBuilder.buildGraph(DefaultExecutionGraphBuilder.java:311)
2025-10-22 19:22:59,172 INFO  org.apache.flink.client.python.PythonDriver                  [] - 	at org.apache.flink.runtime.scheduler.DefaultExecutionGraphFactory.createAndRestoreExecutionGraph(DefaultExecutionGraphFactory.java:155)
2025-10-22 19:22:59,172 INFO  org.apache.flink.client.python.PythonDriver                  [] - 	at org.apache.flink.runtime.scheduler.SchedulerBase.createAndRestoreExecutionGraph(SchedulerBase.java:402)
2025-10-22 19:22:59,172 INFO  org.apache.flink.client.python.PythonDriver                  [] - 	at org.apache.flink.runtime.scheduler.SchedulerBase.<init>(SchedulerBase.java:237)
2025-10-22 19:22:59,172 INFO  org.apache.flink.client.python.PythonDriver                  [] - 	at org.apache.flink.runtime.scheduler.DefaultScheduler.<init>(DefaultScheduler.java:144)
2025-10-22 19:22:59,172 INFO  org.apache.flink.client.python.PythonDriver                  [] - 	at org.apache.flink.runtime.scheduler.DefaultSchedulerFactory.createInstance(DefaultSchedulerFactory.java:173)
2025-10-22 19:22:59,172 INFO  org.apache.flink.client.python.PythonDriver                  [] - 	at org.apache.flink.runtime.jobmaster.DefaultSlotPoolServiceSchedulerFactory.createScheduler(DefaultSlotPoolServiceSchedulerFactory.java:128)
2025-10-22 19:22:59,173 INFO  org.apache.flink.client.python.PythonDriver                  [] - 	at org.apache.flink.runtime.jobmaster.JobMaster.createScheduler(JobMaster.java:407)
2025-10-22 19:22:59,173 INFO  org.apache.flink.client.python.PythonDriver                  [] - 	at org.apache.flink.runtime.jobmaster.JobMaster.<init>(JobMaster.java:384)
2025-10-22 19:22:59,174 INFO  org.apache.flink.client.python.PythonDriver                  [] - 	at org.apache.flink.runtime.jobmaster.factories.DefaultJobMasterServiceFactory.internalCreateJobMasterService(DefaultJobMasterServiceFactory.java:128)
2025-10-22 19:22:59,174 INFO  org.apache.flink.client.python.PythonDriver                  [] - 	at org.apache.flink.runtime.jobmaster.factories.DefaultJobMasterServiceFactory.lambda$createJobMasterService$0(DefaultJobMasterServiceFactory.java:100)
2025-10-22 19:22:59,174 INFO  org.apache.flink.client.python.PythonDriver                  [] - 	at org.apache.flink.util.function.FunctionUtils.lambda$uncheckedSupplier$4(FunctionUtils.java:112)
2025-10-22 19:22:59,174 INFO  org.apache.flink.client.python.PythonDriver                  [] - 	... 5 more
2025-10-22 19:22:59,174 INFO  org.apache.flink.client.python.PythonDriver                  [] - Caused by: java.io.IOException: Failed to create directory for shared state: file:/tmp/flink-checkpoints/9b568ebc8e453b9b96757702cf66231b/shared
2025-10-22 19:22:59,174 INFO  org.apache.flink.client.python.PythonDriver                  [] - 	at org.apache.flink.runtime.state.filesystem.FsCheckpointStorageAccess.initializeBaseLocationsForCheckpoint(FsCheckpointStorageAccess.java:149)
2025-10-22 19:22:59,174 INFO  org.apache.flink.client.python.PythonDriver                  [] - 	at org.apache.flink.runtime.checkpoint.CheckpointCoordinator.<init>(CheckpointCoordinator.java:362)
2025-10-22 19:22:59,174 INFO  org.apache.flink.client.python.PythonDriver                  [] - 	... 19 more
2025-10-22 19:22:59,175 INFO  org.apache.flink.client.python.PythonDriver                  [] - 
2025-10-22 19:22:59,313 INFO  org.apache.flink.client.python.PythonDriver                  [] - --------------------------- Python Process Exited ---------------------------
2025-10-22 19:22:59,313 ERROR org.apache.flink.client.python.PythonDriver                  [] - Run python process failed
java.lang.RuntimeException: Python process exits with code: 1
	at org.apache.flink.client.python.PythonDriver.main(PythonDriver.java:128) ~[flink-python-2.1.0.jar:2.1.0]
	at java.base/jdk.internal.reflect.NativeMethodAccessorImpl.invoke0(Native Method) ~[?:?]
	at java.base/jdk.internal.reflect.NativeMethodAccessorImpl.invoke(Unknown Source) ~[?:?]
	at java.base/jdk.internal.reflect.DelegatingMethodAccessorImpl.invoke(Unknown Source) ~[?:?]
	at java.base/java.lang.reflect.Method.invoke(Unknown Source) ~[?:?]
	at org.apache.flink.client.program.PackagedProgram.callMainMethod(PackagedProgram.java:343) ~[flink-dist-2.1.0.jar:2.1.0]
	at org.apache.flink.client.program.PackagedProgram.invokeInteractiveModeForExecution(PackagedProgram.java:223) ~[flink-dist-2.1.0.jar:2.1.0]
	at org.apache.flink.client.ClientUtils.executeProgram(ClientUtils.java:105) ~[flink-dist-2.1.0.jar:2.1.0]
	at org.apache.flink.client.cli.CliFrontend.executeProgram(CliFrontend.java:1017) ~[flink-dist-2.1.0.jar:2.1.0]
	at org.apache.flink.client.cli.CliFrontend.run(CliFrontend.java:230) ~[flink-dist-2.1.0.jar:2.1.0]
	at org.apache.flink.client.cli.CliFrontend.parseAndRun(CliFrontend.java:1261) ~[flink-dist-2.1.0.jar:2.1.0]
	at org.apache.flink.client.cli.CliFrontend.lambda$mainInternal$11(CliFrontend.java:1355) ~[flink-dist-2.1.0.jar:2.1.0]
	at org.apache.flink.runtime.security.contexts.NoOpSecurityContext.runSecured(NoOpSecurityContext.java:28) [flink-dist-2.1.0.jar:2.1.0]
	at org.apache.flink.client.cli.CliFrontend.mainInternal(CliFrontend.java:1355) [flink-dist-2.1.0.jar:2.1.0]
	at org.apache.flink.client.cli.CliFrontend.main(CliFrontend.java:1323) [flink-dist-2.1.0.jar:2.1.0]
2025-10-22 19:22:59,318 ERROR org.apache.flink.client.cli.CliFrontend                      [] - Fatal error while running command line interface.
org.apache.flink.client.program.ProgramAbortException: java.lang.RuntimeException: Python process exits with code: 1
	at org.apache.flink.client.python.PythonDriver.main(PythonDriver.java:138) ~[?:?]
	at java.base/jdk.internal.reflect.NativeMethodAccessorImpl.invoke0(Native Method) ~[?:?]
	at java.base/jdk.internal.reflect.NativeMethodAccessorImpl.invoke(Unknown Source) ~[?:?]
	at java.base/jdk.internal.reflect.DelegatingMethodAccessorImpl.invoke(Unknown Source) ~[?:?]
	at java.base/java.lang.reflect.Method.invoke(Unknown Source) ~[?:?]
	at org.apache.flink.client.program.PackagedProgram.callMainMethod(PackagedProgram.java:343) ~[flink-dist-2.1.0.jar:2.1.0]
	at org.apache.flink.client.program.PackagedProgram.invokeInteractiveModeForExecution(PackagedProgram.java:223) ~[flink-dist-2.1.0.jar:2.1.0]
	at org.apache.flink.client.ClientUtils.executeProgram(ClientUtils.java:105) ~[flink-dist-2.1.0.jar:2.1.0]
	at org.apache.flink.client.cli.CliFrontend.executeProgram(CliFrontend.java:1017) ~[flink-dist-2.1.0.jar:2.1.0]
	at org.apache.flink.client.cli.CliFrontend.run(CliFrontend.java:230) ~[flink-dist-2.1.0.jar:2.1.0]
	at org.apache.flink.client.cli.CliFrontend.parseAndRun(CliFrontend.java:1261) ~[flink-dist-2.1.0.jar:2.1.0]
	at org.apache.flink.client.cli.CliFrontend.lambda$mainInternal$11(CliFrontend.java:1355) ~[flink-dist-2.1.0.jar:2.1.0]
	at org.apache.flink.runtime.security.contexts.NoOpSecurityContext.runSecured(NoOpSecurityContext.java:28) ~[flink-dist-2.1.0.jar:2.1.0]
	at org.apache.flink.client.cli.CliFrontend.mainInternal(CliFrontend.java:1355) [flink-dist-2.1.0.jar:2.1.0]
	at org.apache.flink.client.cli.CliFrontend.main(CliFrontend.java:1323) [flink-dist-2.1.0.jar:2.1.0]
Caused by: java.lang.RuntimeException: Python process exits with code: 1
	at org.apache.flink.client.python.PythonDriver.main(PythonDriver.java:128) ~[?:?]
	... 14 more
