2025-10-22 18:43:04,463 INFO  org.apache.flink.runtime.entrypoint.ClusterEntrypoint        [] - --------------------------------------------------------------------------------
2025-10-22 18:43:04,466 INFO  org.apache.flink.runtime.entrypoint.ClusterEntrypoint        [] -  Preconfiguration: 
2025-10-22 18:43:04,466 INFO  org.apache.flink.runtime.entrypoint.ClusterEntrypoint        [] - 


RESOURCE_PARAMS extraction logs:
jvm_params: -Xmx1073741824 -Xms1073741824 -XX:MaxMetaspaceSize=268435456
dynamic_configs: -D jobmanager.memory.off-heap.size=134217728b -D jobmanager.memory.jvm-overhead.min=201326592b -D jobmanager.memory.jvm-metaspace.size=268435456b -D jobmanager.memory.heap.size=1073741824b -D jobmanager.memory.jvm-overhead.max=201326592b
logs: INFO  [] - Using standard YAML parser to load flink configuration file from /opt/flink/conf/config.yaml.
INFO  [] - Loading configuration property: blob.server.port, 6124
INFO  [] - Loading configuration property: taskmanager.memory.process.size, 1728m
INFO  [] - Loading configuration property: taskmanager.bind-host, 0.0.0.0
INFO  [] - Loading configuration property: jobmanager.execution.failover-strategy, region
INFO  [] - Loading configuration property: jobmanager.rpc.address, 88c960070ae1
INFO  [] - Loading configuration property: execution.checkpointing.incremental, false
INFO  [] - Loading configuration property: state.backend.rocksdb.localdir, /tmp/rocksdb
INFO  [] - Loading configuration property: execution.target, remote
INFO  [] - Loading configuration property: jobmanager.memory.process.size, 1600m
INFO  [] - Loading configuration property: jobmanager.rpc.port, 6123
INFO  [] - Loading configuration property: query.server.port, 6125
INFO  [] - Loading configuration property: rest.bind-address, 0.0.0.0
INFO  [] - Loading configuration property: jobmanager.bind-host, 0.0.0.0
INFO  [] - Loading configuration property: execution.checkpointing.savepoint-dir, file:///tmp/flink-checkpoints
INFO  [] - Loading configuration property: taskmanager.host, 127.0.0.1
INFO  [] - Loading configuration property: execution.checkpointing.externalized-checkpoint-retention, RETAIN_ON_CANCELLATION
INFO  [] - Loading configuration property: parallelism.default, 1
INFO  [] - Loading configuration property: taskmanager.numberOfTaskSlots, 1
INFO  [] - Loading configuration property: execution.checkpointing.local-backup.enabled, true
INFO  [] - Loading configuration property: rest.address, 127.0.0.1
INFO  [] - Loading configuration property: execution.state-recovery.ignore-unclaimed-state, true
INFO  [] - Loading configuration property: execution.checkpointing.dir, file:///tmp/flink-checkpoints
INFO  [] - Loading configuration property: env.java.opts.all, --add-exports=java.rmi/sun.rmi.registry=ALL-UNNAMED --add-exports=java.security.jgss/sun.security.krb5=ALL-UNNAMED --add-opens=java.base/java.lang=ALL-UNNAMED --add-opens=java.base/java.net=ALL-UNNAMED --add-opens=java.base/java.io=ALL-UNNAMED --add-opens=java.base/java.nio=ALL-UNNAMED --add-opens=java.base/sun.nio.ch=ALL-UNNAMED --add-opens=java.base/java.lang.reflect=ALL-UNNAMED --add-opens=java.base/java.text=ALL-UNNAMED --add-opens=java.base/java.time=ALL-UNNAMED --add-opens=java.base/java.util=ALL-UNNAMED --add-opens=java.base/java.util.concurrent=ALL-UNNAMED --add-opens=java.base/java.util.concurrent.atomic=ALL-UNNAMED --add-opens=java.base/java.util.concurrent.locks=ALL-UNNAMED
INFO  [] - Loading configuration property: state.backend.type, rocksdb
INFO  [] - The derived from fraction jvm overhead memory (160.000mb (167772162 bytes)) is less than its min value 192.000mb (201326592 bytes), min value will be used instead
INFO  [] - Final Master Memory configuration:
INFO  [] -   Total Process Memory: 1.563gb (1677721600 bytes)
INFO  [] -     Total Flink Memory: 1.125gb (1207959552 bytes)
INFO  [] -       JVM Heap:         1024.000mb (1073741824 bytes)
INFO  [] -       Off-heap:         128.000mb (134217728 bytes)
INFO  [] -     JVM Metaspace:      256.000mb (268435456 bytes)
INFO  [] -     JVM Overhead:       192.000mb (201326592 bytes)

2025-10-22 18:43:04,467 INFO  org.apache.flink.runtime.entrypoint.ClusterEntrypoint        [] - --------------------------------------------------------------------------------
2025-10-22 18:43:04,480 INFO  org.apache.flink.runtime.entrypoint.ClusterEntrypoint        [] -  Starting StandaloneSessionClusterEntrypoint (Version: 2.1.0, Scala: 2.12, Rev:4cb6bd3, Date:2025-07-21T13:23:51+02:00)
2025-10-22 18:43:04,481 INFO  org.apache.flink.runtime.entrypoint.ClusterEntrypoint        [] -  OS current user: flink
2025-10-22 18:43:04,481 INFO  org.apache.flink.runtime.entrypoint.ClusterEntrypoint        [] -  Current Hadoop/Kerberos user: <no hadoop dependency found>
2025-10-22 18:43:04,481 INFO  org.apache.flink.runtime.entrypoint.ClusterEntrypoint        [] -  JVM: OpenJDK 64-Bit Server VM - Eclipse Adoptium - 17/17.0.16+8
2025-10-22 18:43:04,482 INFO  org.apache.flink.runtime.entrypoint.ClusterEntrypoint        [] -  Arch: amd64
2025-10-22 18:43:04,484 INFO  org.apache.flink.runtime.entrypoint.ClusterEntrypoint        [] -  Maximum heap size: 1024 MiBytes
2025-10-22 18:43:04,485 INFO  org.apache.flink.runtime.entrypoint.ClusterEntrypoint        [] -  JAVA_HOME: /opt/java/openjdk
2025-10-22 18:43:04,485 INFO  org.apache.flink.runtime.entrypoint.ClusterEntrypoint        [] -  No Hadoop Dependency available
2025-10-22 18:43:04,485 INFO  org.apache.flink.runtime.entrypoint.ClusterEntrypoint        [] -  JVM Options:
2025-10-22 18:43:04,485 INFO  org.apache.flink.runtime.entrypoint.ClusterEntrypoint        [] -     -Xmx1073741824
2025-10-22 18:43:04,486 INFO  org.apache.flink.runtime.entrypoint.ClusterEntrypoint        [] -     -Xms1073741824
2025-10-22 18:43:04,486 INFO  org.apache.flink.runtime.entrypoint.ClusterEntrypoint        [] -     -XX:MaxMetaspaceSize=268435456
2025-10-22 18:43:04,486 INFO  org.apache.flink.runtime.entrypoint.ClusterEntrypoint        [] -     -XX:+IgnoreUnrecognizedVMOptions
2025-10-22 18:43:04,486 INFO  org.apache.flink.runtime.entrypoint.ClusterEntrypoint        [] -     --add-exports=java.rmi/sun.rmi.registry=ALL-UNNAMED
2025-10-22 18:43:04,486 INFO  org.apache.flink.runtime.entrypoint.ClusterEntrypoint        [] -     --add-exports=java.security.jgss/sun.security.krb5=ALL-UNNAMED
2025-10-22 18:43:04,486 INFO  org.apache.flink.runtime.entrypoint.ClusterEntrypoint        [] -     --add-opens=java.base/java.lang=ALL-UNNAMED
2025-10-22 18:43:04,487 INFO  org.apache.flink.runtime.entrypoint.ClusterEntrypoint        [] -     --add-opens=java.base/java.net=ALL-UNNAMED
2025-10-22 18:43:04,487 INFO  org.apache.flink.runtime.entrypoint.ClusterEntrypoint        [] -     --add-opens=java.base/java.io=ALL-UNNAMED
2025-10-22 18:43:04,487 INFO  org.apache.flink.runtime.entrypoint.ClusterEntrypoint        [] -     --add-opens=java.base/java.nio=ALL-UNNAMED
2025-10-22 18:43:04,487 INFO  org.apache.flink.runtime.entrypoint.ClusterEntrypoint        [] -     --add-opens=java.base/sun.nio.ch=ALL-UNNAMED
2025-10-22 18:43:04,487 INFO  org.apache.flink.runtime.entrypoint.ClusterEntrypoint        [] -     --add-opens=java.base/java.lang.reflect=ALL-UNNAMED
2025-10-22 18:43:04,487 INFO  org.apache.flink.runtime.entrypoint.ClusterEntrypoint        [] -     --add-opens=java.base/java.text=ALL-UNNAMED
2025-10-22 18:43:04,487 INFO  org.apache.flink.runtime.entrypoint.ClusterEntrypoint        [] -     --add-opens=java.base/java.time=ALL-UNNAMED
2025-10-22 18:43:04,488 INFO  org.apache.flink.runtime.entrypoint.ClusterEntrypoint        [] -     --add-opens=java.base/java.util=ALL-UNNAMED
2025-10-22 18:43:04,488 INFO  org.apache.flink.runtime.entrypoint.ClusterEntrypoint        [] -     --add-opens=java.base/java.util.concurrent=ALL-UNNAMED
2025-10-22 18:43:04,488 INFO  org.apache.flink.runtime.entrypoint.ClusterEntrypoint        [] -     --add-opens=java.base/java.util.concurrent.atomic=ALL-UNNAMED
2025-10-22 18:43:04,488 INFO  org.apache.flink.runtime.entrypoint.ClusterEntrypoint        [] -     --add-opens=java.base/java.util.concurrent.locks=ALL-UNNAMED
2025-10-22 18:43:04,488 INFO  org.apache.flink.runtime.entrypoint.ClusterEntrypoint        [] -     -Dlog.file=/opt/flink/log/flink--standalonesession-0-88c960070ae1.log
2025-10-22 18:43:04,488 INFO  org.apache.flink.runtime.entrypoint.ClusterEntrypoint        [] -     -Dlog4j.configuration=file:/opt/flink/conf/log4j.properties
2025-10-22 18:43:04,489 INFO  org.apache.flink.runtime.entrypoint.ClusterEntrypoint        [] -     -Dlog4j.configurationFile=file:/opt/flink/conf/log4j.properties
2025-10-22 18:43:04,489 INFO  org.apache.flink.runtime.entrypoint.ClusterEntrypoint        [] -     -Dlogback.configurationFile=file:/opt/flink/conf/logback.xml
2025-10-22 18:43:04,489 INFO  org.apache.flink.runtime.entrypoint.ClusterEntrypoint        [] -  Program Arguments:
2025-10-22 18:43:04,491 INFO  org.apache.flink.runtime.entrypoint.ClusterEntrypoint        [] -     -D
2025-10-22 18:43:04,491 INFO  org.apache.flink.runtime.entrypoint.ClusterEntrypoint        [] -     jobmanager.memory.off-heap.size=134217728b
2025-10-22 18:43:04,492 INFO  org.apache.flink.runtime.entrypoint.ClusterEntrypoint        [] -     -D
2025-10-22 18:43:04,492 INFO  org.apache.flink.runtime.entrypoint.ClusterEntrypoint        [] -     jobmanager.memory.jvm-overhead.min=201326592b
2025-10-22 18:43:04,493 INFO  org.apache.flink.runtime.entrypoint.ClusterEntrypoint        [] -     -D
2025-10-22 18:43:04,493 INFO  org.apache.flink.runtime.entrypoint.ClusterEntrypoint        [] -     jobmanager.memory.jvm-metaspace.size=268435456b
2025-10-22 18:43:04,493 INFO  org.apache.flink.runtime.entrypoint.ClusterEntrypoint        [] -     -D
2025-10-22 18:43:04,493 INFO  org.apache.flink.runtime.entrypoint.ClusterEntrypoint        [] -     jobmanager.memory.heap.size=1073741824b
2025-10-22 18:43:04,493 INFO  org.apache.flink.runtime.entrypoint.ClusterEntrypoint        [] -     -D
2025-10-22 18:43:04,493 INFO  org.apache.flink.runtime.entrypoint.ClusterEntrypoint        [] -     jobmanager.memory.jvm-overhead.max=201326592b
2025-10-22 18:43:04,494 INFO  org.apache.flink.runtime.entrypoint.ClusterEntrypoint        [] -     --configDir
2025-10-22 18:43:04,494 INFO  org.apache.flink.runtime.entrypoint.ClusterEntrypoint        [] -     /opt/flink/conf
2025-10-22 18:43:04,494 INFO  org.apache.flink.runtime.entrypoint.ClusterEntrypoint        [] -  Classpath: /opt/flink/lib/flink-cep-2.1.0.jar:/opt/flink/lib/flink-connector-files-2.1.0.jar:/opt/flink/lib/flink-csv-2.1.0.jar:/opt/flink/lib/flink-json-2.1.0.jar:/opt/flink/lib/flink-scala_2.12-2.1.0.jar:/opt/flink/lib/flink-table-api-java-uber-2.1.0.jar:/opt/flink/lib/flink-table-planner-loader-2.1.0.jar:/opt/flink/lib/flink-table-runtime-2.1.0.jar:/opt/flink/lib/log4j-1.2-api-2.24.3.jar:/opt/flink/lib/log4j-api-2.24.3.jar:/opt/flink/lib/log4j-core-2.24.3.jar:/opt/flink/lib/log4j-layout-template-json-2.24.3.jar:/opt/flink/lib/log4j-slf4j-impl-2.24.3.jar:/opt/flink/lib/flink-dist-2.1.0.jar::::
2025-10-22 18:43:04,494 INFO  org.apache.flink.runtime.entrypoint.ClusterEntrypoint        [] - --------------------------------------------------------------------------------
2025-10-22 18:43:04,499 INFO  org.apache.flink.runtime.entrypoint.ClusterEntrypoint        [] - Registered UNIX signal handlers for [TERM, HUP, INT]
2025-10-22 18:43:04,526 INFO  org.apache.flink.configuration.GlobalConfiguration           [] - Using standard YAML parser to load flink configuration file from /opt/flink/conf/config.yaml.
2025-10-22 18:43:04,631 INFO  org.apache.flink.configuration.GlobalConfiguration           [] - Loading configuration property: blob.server.port, 6124
2025-10-22 18:43:04,631 INFO  org.apache.flink.configuration.GlobalConfiguration           [] - Loading configuration property: taskmanager.memory.process.size, 1728m
2025-10-22 18:43:04,631 INFO  org.apache.flink.configuration.GlobalConfiguration           [] - Loading configuration property: taskmanager.bind-host, 0.0.0.0
2025-10-22 18:43:04,631 INFO  org.apache.flink.configuration.GlobalConfiguration           [] - Loading configuration property: jobmanager.execution.failover-strategy, region
2025-10-22 18:43:04,631 INFO  org.apache.flink.configuration.GlobalConfiguration           [] - Loading configuration property: jobmanager.rpc.address, 88c960070ae1
2025-10-22 18:43:04,631 INFO  org.apache.flink.configuration.GlobalConfiguration           [] - Loading configuration property: execution.checkpointing.incremental, false
2025-10-22 18:43:04,631 INFO  org.apache.flink.configuration.GlobalConfiguration           [] - Loading configuration property: state.backend.rocksdb.localdir, /tmp/rocksdb
2025-10-22 18:43:04,632 INFO  org.apache.flink.configuration.GlobalConfiguration           [] - Loading configuration property: execution.target, remote
2025-10-22 18:43:04,633 INFO  org.apache.flink.configuration.GlobalConfiguration           [] - Loading configuration property: jobmanager.memory.process.size, 1600m
2025-10-22 18:43:04,633 INFO  org.apache.flink.configuration.GlobalConfiguration           [] - Loading configuration property: jobmanager.rpc.port, 6123
2025-10-22 18:43:04,633 INFO  org.apache.flink.configuration.GlobalConfiguration           [] - Loading configuration property: query.server.port, 6125
2025-10-22 18:43:04,633 INFO  org.apache.flink.configuration.GlobalConfiguration           [] - Loading configuration property: rest.bind-address, 0.0.0.0
2025-10-22 18:43:04,633 INFO  org.apache.flink.configuration.GlobalConfiguration           [] - Loading configuration property: jobmanager.bind-host, 0.0.0.0
2025-10-22 18:43:04,634 INFO  org.apache.flink.configuration.GlobalConfiguration           [] - Loading configuration property: execution.checkpointing.savepoint-dir, file:///tmp/flink-checkpoints
2025-10-22 18:43:04,634 INFO  org.apache.flink.configuration.GlobalConfiguration           [] - Loading configuration property: taskmanager.host, 127.0.0.1
2025-10-22 18:43:04,634 INFO  org.apache.flink.configuration.GlobalConfiguration           [] - Loading configuration property: execution.checkpointing.externalized-checkpoint-retention, RETAIN_ON_CANCELLATION
2025-10-22 18:43:04,634 INFO  org.apache.flink.configuration.GlobalConfiguration           [] - Loading configuration property: parallelism.default, 1
2025-10-22 18:43:04,634 INFO  org.apache.flink.configuration.GlobalConfiguration           [] - Loading configuration property: taskmanager.numberOfTaskSlots, 1
2025-10-22 18:43:04,634 INFO  org.apache.flink.configuration.GlobalConfiguration           [] - Loading configuration property: execution.checkpointing.local-backup.enabled, true
2025-10-22 18:43:04,634 INFO  org.apache.flink.configuration.GlobalConfiguration           [] - Loading configuration property: rest.address, 127.0.0.1
2025-10-22 18:43:04,634 INFO  org.apache.flink.configuration.GlobalConfiguration           [] - Loading configuration property: execution.state-recovery.ignore-unclaimed-state, true
2025-10-22 18:43:04,634 INFO  org.apache.flink.configuration.GlobalConfiguration           [] - Loading configuration property: execution.checkpointing.dir, file:///tmp/flink-checkpoints
2025-10-22 18:43:04,634 INFO  org.apache.flink.configuration.GlobalConfiguration           [] - Loading configuration property: env.java.opts.all, --add-exports=java.rmi/sun.rmi.registry=ALL-UNNAMED --add-exports=java.security.jgss/sun.security.krb5=ALL-UNNAMED --add-opens=java.base/java.lang=ALL-UNNAMED --add-opens=java.base/java.net=ALL-UNNAMED --add-opens=java.base/java.io=ALL-UNNAMED --add-opens=java.base/java.nio=ALL-UNNAMED --add-opens=java.base/sun.nio.ch=ALL-UNNAMED --add-opens=java.base/java.lang.reflect=ALL-UNNAMED --add-opens=java.base/java.text=ALL-UNNAMED --add-opens=java.base/java.time=ALL-UNNAMED --add-opens=java.base/java.util=ALL-UNNAMED --add-opens=java.base/java.util.concurrent=ALL-UNNAMED --add-opens=java.base/java.util.concurrent.atomic=ALL-UNNAMED --add-opens=java.base/java.util.concurrent.locks=ALL-UNNAMED
2025-10-22 18:43:04,635 INFO  org.apache.flink.configuration.GlobalConfiguration           [] - Loading configuration property: state.backend.type, rocksdb
2025-10-22 18:43:04,635 INFO  org.apache.flink.configuration.GlobalConfiguration           [] - Loading dynamic configuration property: jobmanager.memory.off-heap.size, 134217728b
2025-10-22 18:43:04,635 INFO  org.apache.flink.configuration.GlobalConfiguration           [] - Loading dynamic configuration property: jobmanager.memory.jvm-overhead.min, 201326592b
2025-10-22 18:43:04,635 INFO  org.apache.flink.configuration.GlobalConfiguration           [] - Loading dynamic configuration property: jobmanager.memory.jvm-metaspace.size, 268435456b
2025-10-22 18:43:04,635 INFO  org.apache.flink.configuration.GlobalConfiguration           [] - Loading dynamic configuration property: jobmanager.memory.heap.size, 1073741824b
2025-10-22 18:43:04,636 INFO  org.apache.flink.configuration.GlobalConfiguration           [] - Loading dynamic configuration property: jobmanager.memory.jvm-overhead.max, 201326592b
2025-10-22 18:43:04,694 INFO  org.apache.flink.runtime.entrypoint.ClusterEntrypoint        [] - Starting StandaloneSessionClusterEntrypoint.
2025-10-22 18:43:04,841 INFO  org.apache.flink.runtime.entrypoint.ClusterEntrypoint        [] - Install default filesystem.
2025-10-22 18:43:04,847 INFO  org.apache.flink.core.fs.FileSystem                          [] - Hadoop is not in the classpath/dependencies. The extended set of supported File Systems via Hadoop is not available.
2025-10-22 18:43:04,902 INFO  org.apache.flink.core.plugin.DefaultPluginManager            [] - Plugin loader with ID not found, creating it: metrics-statsd
2025-10-22 18:43:04,920 INFO  org.apache.flink.core.plugin.DefaultPluginManager            [] - Plugin loader with ID not found, creating it: metrics-jmx
2025-10-22 18:43:04,921 INFO  org.apache.flink.core.plugin.DefaultPluginManager            [] - Plugin loader with ID not found, creating it: metrics-prometheus
2025-10-22 18:43:04,923 INFO  org.apache.flink.core.plugin.DefaultPluginManager            [] - Plugin loader with ID not found, creating it: metrics-influx
2025-10-22 18:43:04,923 INFO  org.apache.flink.core.plugin.DefaultPluginManager            [] - Plugin loader with ID not found, creating it: metrics-slf4j
2025-10-22 18:43:04,924 INFO  org.apache.flink.core.plugin.DefaultPluginManager            [] - Plugin loader with ID not found, creating it: metrics-otel
2025-10-22 18:43:04,925 INFO  org.apache.flink.core.plugin.DefaultPluginManager            [] - Plugin loader with ID not found, creating it: metrics-datadog
2025-10-22 18:43:04,925 INFO  org.apache.flink.core.plugin.DefaultPluginManager            [] - Plugin loader with ID not found, creating it: metrics-graphite
2025-10-22 18:43:04,925 INFO  org.apache.flink.core.plugin.DefaultPluginManager            [] - Plugin loader with ID not found, creating it: external-resource-gpu
2025-10-22 18:43:04,979 INFO  org.apache.flink.runtime.entrypoint.ClusterEntrypoint        [] - Install security context.
2025-10-22 18:43:05,016 INFO  org.apache.flink.runtime.security.modules.HadoopModuleFactory [] - Cannot create Hadoop Security Module because Hadoop cannot be found in the Classpath.
2025-10-22 18:43:05,033 INFO  org.apache.flink.runtime.security.modules.JaasModule         [] - Jaas file will be created as /tmp/jaas-13813334855823448802.conf.
2025-10-22 18:43:05,050 INFO  org.apache.flink.runtime.security.contexts.HadoopSecurityContextFactory [] - Cannot install HadoopSecurityContext because Hadoop cannot be found in the Classpath.
2025-10-22 18:43:05,054 INFO  org.apache.flink.runtime.entrypoint.ClusterEntrypoint        [] - Initializing cluster services.
2025-10-22 18:43:05,065 INFO  org.apache.flink.runtime.entrypoint.ClusterEntrypoint        [] - Using working directory: WorkingDirectory(/tmp/jm_9ba8d9b65a785e49d14317f534dd1f73).
2025-10-22 18:43:05,517 INFO  org.apache.flink.runtime.rpc.pekko.PekkoRpcServiceUtils      [] - Trying to start actor system, external address 88c960070ae1:6123, bind address 0.0.0.0:6123.
2025-10-22 18:43:06,538 INFO  org.apache.pekko.event.slf4j.Slf4jLogger                     [] - Slf4jLogger started
2025-10-22 18:43:06,622 INFO  org.apache.pekko.remote.RemoteActorRefProvider               [] - Pekko Cluster not in use - enabling unsafe features anyway because `pekko.remote.use-unsafe-remote-features-outside-cluster` has been enabled.
2025-10-22 18:43:06,637 INFO  org.apache.pekko.remote.Remoting                             [] - Starting remoting
2025-10-22 18:43:07,195 INFO  org.apache.pekko.remote.Remoting                             [] - Remoting started; listening on addresses :[pekko.tcp://flink@88c960070ae1:6123]
2025-10-22 18:43:07,349 INFO  org.apache.flink.runtime.rpc.pekko.PekkoRpcServiceUtils      [] - Actor system started at pekko.tcp://flink@88c960070ae1:6123
2025-10-22 18:43:07,386 INFO  org.apache.flink.runtime.security.token.DefaultDelegationTokenManager [] - Loading delegation token providers
2025-10-22 18:43:07,392 INFO  org.apache.flink.runtime.security.token.hadoop.HadoopFSDelegationTokenProvider [] - Hadoop FS is not available (not packaged with this application): NoClassDefFoundError : "org/apache/hadoop/conf/Configuration".
2025-10-22 18:43:07,392 INFO  org.apache.flink.runtime.security.token.DefaultDelegationTokenManager [] - Delegation token provider hadoopfs loaded and initialized
2025-10-22 18:43:07,397 INFO  org.apache.flink.runtime.security.token.DefaultDelegationTokenManager [] - Delegation token provider hbase loaded and initialized
2025-10-22 18:43:07,397 INFO  org.apache.flink.core.plugin.DefaultPluginManager            [] - Plugin loader with ID found, reusing it: metrics-statsd
2025-10-22 18:43:07,398 INFO  org.apache.flink.core.plugin.DefaultPluginManager            [] - Plugin loader with ID found, reusing it: metrics-jmx
2025-10-22 18:43:07,398 INFO  org.apache.flink.core.plugin.DefaultPluginManager            [] - Plugin loader with ID found, reusing it: metrics-prometheus
2025-10-22 18:43:07,401 INFO  org.apache.flink.core.plugin.DefaultPluginManager            [] - Plugin loader with ID found, reusing it: metrics-influx
2025-10-22 18:43:07,401 INFO  org.apache.flink.core.plugin.DefaultPluginManager            [] - Plugin loader with ID found, reusing it: metrics-slf4j
2025-10-22 18:43:07,401 INFO  org.apache.flink.core.plugin.DefaultPluginManager            [] - Plugin loader with ID found, reusing it: metrics-otel
2025-10-22 18:43:07,401 INFO  org.apache.flink.core.plugin.DefaultPluginManager            [] - Plugin loader with ID found, reusing it: metrics-datadog
2025-10-22 18:43:07,401 INFO  org.apache.flink.core.plugin.DefaultPluginManager            [] - Plugin loader with ID found, reusing it: metrics-graphite
2025-10-22 18:43:07,402 INFO  org.apache.flink.core.plugin.DefaultPluginManager            [] - Plugin loader with ID found, reusing it: external-resource-gpu
2025-10-22 18:43:07,402 INFO  org.apache.flink.runtime.security.token.DefaultDelegationTokenManager [] - Delegation token providers loaded successfully
2025-10-22 18:43:07,403 INFO  org.apache.flink.runtime.security.token.DelegationTokenReceiverRepository [] - Loading delegation token receivers
2025-10-22 18:43:07,407 INFO  org.apache.flink.runtime.security.token.DelegationTokenReceiverRepository [] - Delegation token receiver hadoopfs loaded and initialized
2025-10-22 18:43:07,408 INFO  org.apache.flink.runtime.security.token.DelegationTokenReceiverRepository [] - Delegation token receiver hbase loaded and initialized
2025-10-22 18:43:07,409 INFO  org.apache.flink.core.plugin.DefaultPluginManager            [] - Plugin loader with ID found, reusing it: metrics-statsd
2025-10-22 18:43:07,409 INFO  org.apache.flink.core.plugin.DefaultPluginManager            [] - Plugin loader with ID found, reusing it: metrics-jmx
2025-10-22 18:43:07,412 INFO  org.apache.flink.core.plugin.DefaultPluginManager            [] - Plugin loader with ID found, reusing it: metrics-prometheus
2025-10-22 18:43:07,412 INFO  org.apache.flink.core.plugin.DefaultPluginManager            [] - Plugin loader with ID found, reusing it: metrics-influx
2025-10-22 18:43:07,412 INFO  org.apache.flink.core.plugin.DefaultPluginManager            [] - Plugin loader with ID found, reusing it: metrics-slf4j
2025-10-22 18:43:07,413 INFO  org.apache.flink.core.plugin.DefaultPluginManager            [] - Plugin loader with ID found, reusing it: metrics-otel
2025-10-22 18:43:07,413 INFO  org.apache.flink.core.plugin.DefaultPluginManager            [] - Plugin loader with ID found, reusing it: metrics-datadog
2025-10-22 18:43:07,413 INFO  org.apache.flink.core.plugin.DefaultPluginManager            [] - Plugin loader with ID found, reusing it: metrics-graphite
2025-10-22 18:43:07,413 INFO  org.apache.flink.core.plugin.DefaultPluginManager            [] - Plugin loader with ID found, reusing it: external-resource-gpu
2025-10-22 18:43:07,414 INFO  org.apache.flink.runtime.security.token.DelegationTokenReceiverRepository [] - Delegation token receivers loaded successfully
2025-10-22 18:43:07,415 INFO  org.apache.flink.runtime.security.token.DefaultDelegationTokenManager [] - Checking provider and receiver instances consistency
2025-10-22 18:43:07,415 INFO  org.apache.flink.runtime.security.token.DefaultDelegationTokenManager [] - Provider and receiver instances are consistent
2025-10-22 18:43:07,415 INFO  org.apache.flink.runtime.security.token.DefaultDelegationTokenManager [] - Obtaining delegation tokens
2025-10-22 18:43:07,417 INFO  org.apache.flink.runtime.security.token.DefaultDelegationTokenManager [] - Delegation tokens obtained successfully
2025-10-22 18:43:07,420 WARN  org.apache.flink.runtime.security.token.DefaultDelegationTokenManager [] - No tokens obtained so skipping notifications
2025-10-22 18:43:07,454 INFO  org.apache.flink.runtime.blob.BlobServer                     [] - Created BLOB server storage directory /tmp/jm_9ba8d9b65a785e49d14317f534dd1f73/blobStorage
2025-10-22 18:43:07,464 INFO  org.apache.flink.runtime.blob.BlobServer                     [] - Started BLOB server at 0.0.0.0:6124 - max concurrent requests: 50 - max backlog: 1000
2025-10-22 18:43:07,508 INFO  org.apache.flink.runtime.metrics.MetricRegistryImpl          [] - No metrics reporter configured, no metrics will be exposed/reported.
2025-10-22 18:43:07,508 INFO  org.apache.flink.runtime.metrics.MetricRegistryImpl          [] - No trace reporter configured, no traces will be exposed/reported.
2025-10-22 18:43:07,508 INFO  org.apache.flink.runtime.metrics.MetricRegistryImpl          [] - No event reporter configured, no events will be exposed/reported.
2025-10-22 18:43:07,515 INFO  org.apache.flink.runtime.rpc.pekko.PekkoRpcServiceUtils      [] - Trying to start actor system, external address 88c960070ae1:0, bind address 0.0.0.0:0.
2025-10-22 18:43:07,557 INFO  org.apache.pekko.event.slf4j.Slf4jLogger                     [] - Slf4jLogger started
2025-10-22 18:43:07,571 INFO  org.apache.pekko.remote.RemoteActorRefProvider               [] - Pekko Cluster not in use - enabling unsafe features anyway because `pekko.remote.use-unsafe-remote-features-outside-cluster` has been enabled.
2025-10-22 18:43:07,571 INFO  org.apache.pekko.remote.Remoting                             [] - Starting remoting
2025-10-22 18:43:07,604 INFO  org.apache.pekko.remote.Remoting                             [] - Remoting started; listening on addresses :[pekko.tcp://flink-metrics@88c960070ae1:32915]
2025-10-22 18:43:07,623 INFO  org.apache.flink.runtime.rpc.pekko.PekkoRpcServiceUtils      [] - Actor system started at pekko.tcp://flink-metrics@88c960070ae1:32915
2025-10-22 18:43:07,656 INFO  org.apache.flink.runtime.rpc.pekko.PekkoRpcService           [] - Starting RPC endpoint for org.apache.flink.runtime.metrics.dump.MetricQueryService at pekko://flink-metrics/user/rpc/MetricQueryService .
2025-10-22 18:43:07,817 INFO  org.apache.flink.runtime.dispatcher.FileExecutionGraphInfoStore [] - Initializing FileExecutionGraphInfoStore: Storage directory /tmp/executionGraphStore-0063e9b2-5d7d-48af-b2cd-251cdb44d81e, expiration time 3600000, maximum cache size 52428800 bytes.
2025-10-22 18:43:07,932 INFO  org.apache.flink.runtime.dispatcher.DispatcherRestEndpoint   [] - Upload directory /tmp/flink-web-b1c52df5-3f78-4aab-a88f-9c38afe4cbd8/flink-web-upload does not exist. 
2025-10-22 18:43:07,933 INFO  org.apache.flink.runtime.dispatcher.DispatcherRestEndpoint   [] - Created directory /tmp/flink-web-b1c52df5-3f78-4aab-a88f-9c38afe4cbd8/flink-web-upload for file uploads.
2025-10-22 18:43:07,937 INFO  org.apache.flink.runtime.dispatcher.DispatcherRestEndpoint   [] - Starting rest endpoint.
2025-10-22 18:43:08,458 INFO  org.apache.flink.runtime.webmonitor.WebMonitorUtils          [] - Determined location of main cluster component log file: /opt/flink/log/flink--standalonesession-0-88c960070ae1.log
2025-10-22 18:43:08,461 INFO  org.apache.flink.runtime.webmonitor.WebMonitorUtils          [] - Determined location of main cluster component stdout file: /opt/flink/log/flink--standalonesession-0-88c960070ae1.out
2025-10-22 18:43:08,515 INFO  org.apache.flink.runtime.dispatcher.DispatcherRestEndpoint   [] - Rest endpoint listening at 127.0.0.1:8081
2025-10-22 18:43:08,519 INFO  org.apache.flink.runtime.dispatcher.DispatcherRestEndpoint   [] - http://127.0.0.1:8081 was granted leadership with leaderSessionID=00000000-0000-0000-0000-000000000000
2025-10-22 18:43:08,524 INFO  org.apache.flink.runtime.dispatcher.DispatcherRestEndpoint   [] - Web frontend listening at http://127.0.0.1:8081.
2025-10-22 18:43:08,559 INFO  org.apache.flink.runtime.dispatcher.runner.DefaultDispatcherRunner [] - DefaultDispatcherRunner was granted leadership with leader id 00000000-0000-0000-0000-000000000000. Creating new DispatcherLeaderProcess.
2025-10-22 18:43:08,569 INFO  org.apache.flink.runtime.dispatcher.runner.SessionDispatcherLeaderProcess [] - Start SessionDispatcherLeaderProcess.
2025-10-22 18:43:08,573 INFO  org.apache.flink.runtime.resourcemanager.ResourceManagerServiceImpl [] - Starting resource manager service.
2025-10-22 18:43:08,578 INFO  org.apache.flink.runtime.resourcemanager.ResourceManagerServiceImpl [] - Resource manager service is granted leadership with session id 00000000-0000-0000-0000-000000000000.
2025-10-22 18:43:08,584 INFO  org.apache.flink.runtime.dispatcher.runner.SessionDispatcherLeaderProcess [] - Recover all persisted job graphs that are not finished, yet.
2025-10-22 18:43:08,589 INFO  org.apache.flink.runtime.dispatcher.runner.SessionDispatcherLeaderProcess [] - Successfully recovered 0 persisted job graphs.
2025-10-22 18:43:08,632 INFO  org.apache.flink.runtime.rpc.pekko.PekkoRpcService           [] - Starting RPC endpoint for org.apache.flink.runtime.dispatcher.StandaloneDispatcher at pekko://flink/user/rpc/dispatcher_0 .
2025-10-22 18:43:08,655 INFO  org.apache.flink.runtime.rpc.pekko.PekkoRpcService           [] - Starting RPC endpoint for org.apache.flink.runtime.resourcemanager.StandaloneResourceManager at pekko://flink/user/rpc/resourcemanager_1 .
2025-10-22 18:43:08,703 INFO  org.apache.flink.runtime.resourcemanager.StandaloneResourceManager [] - Starting the resource manager.
2025-10-22 18:43:08,713 INFO  org.apache.flink.runtime.resourcemanager.slotmanager.FineGrainedSlotManager [] - Starting the slot manager.
2025-10-22 18:43:08,716 INFO  org.apache.flink.runtime.security.token.DefaultDelegationTokenManager [] - Starting tokens update task
2025-10-22 18:43:08,723 WARN  org.apache.flink.runtime.security.token.DefaultDelegationTokenManager [] - No tokens obtained so skipping notifications
2025-10-22 18:43:08,723 WARN  org.apache.flink.runtime.security.token.DefaultDelegationTokenManager [] - Tokens update task not started because either no tokens obtained or none of the tokens specified its renewal date
2025-10-22 18:43:11,847 INFO  org.apache.flink.runtime.resourcemanager.StandaloneResourceManager [] - Registering TaskManager with ResourceID 127.0.0.1:46487-d272c1 (pekko.tcp://flink@127.0.0.1:46487/user/rpc/taskmanager_0) at ResourceManager
2025-10-22 18:43:11,908 INFO  org.apache.flink.runtime.resourcemanager.slotmanager.FineGrainedSlotManager [] - Registering task executor 127.0.0.1:46487-d272c1 under f9586133719251d60a14a00b87a969e6 at the slot manager.
2025-10-22 18:43:21,247 INFO  org.apache.flink.runtime.dispatcher.StandaloneDispatcher     [] - Received job submission 'Word Counter' (5b1786d223a1016b801ea51535058627).
2025-10-22 18:43:21,248 INFO  org.apache.flink.runtime.dispatcher.StandaloneDispatcher     [] - Submitting job 'Word Counter' (5b1786d223a1016b801ea51535058627).
2025-10-22 18:43:21,446 INFO  org.apache.flink.runtime.jobmaster.JobMasterServiceLeadershipRunner [] - JobMasterServiceLeadershipRunner for job 5b1786d223a1016b801ea51535058627 was granted leadership with leader id 00000000-0000-0000-0000-000000000000. Creating new JobMasterServiceProcess.
2025-10-22 18:43:21,464 INFO  org.apache.flink.runtime.rpc.pekko.PekkoRpcService           [] - Starting RPC endpoint for org.apache.flink.runtime.jobmaster.JobMaster at pekko://flink/user/rpc/jobmanager_2 .
2025-10-22 18:43:21,471 INFO  org.apache.flink.runtime.jobmaster.JobMaster                 [] - Initializing job 'Word Counter' (5b1786d223a1016b801ea51535058627).
2025-10-22 18:43:21,635 INFO  org.apache.flink.runtime.jobmaster.JobMaster                 [] - Using restart back off time strategy ExponentialDelayRestartBackoffTimeStrategy(initialBackoffMS=1000, maxBackoffMS=60000, backoffMultiplier=1.5, resetBackoffThresholdMS=3600000, jitterFactor=0.1, attemptsBeforeResetBackoff=2147483647, currentRestartAttempt=0, nextRestartTimestamp=-2147483648) for Word Counter (5b1786d223a1016b801ea51535058627).
2025-10-22 18:43:21,725 INFO  org.apache.flink.runtime.executiongraph.ExecutionGraph       [] - Created execution graph 32d85431551b6f1202abfa9add707b54 for job 5b1786d223a1016b801ea51535058627.
2025-10-22 18:43:21,750 INFO  org.apache.flink.runtime.jobmaster.JobMaster                 [] - Running initialization on master for job Word Counter (5b1786d223a1016b801ea51535058627).
2025-10-22 18:43:21,757 INFO  org.apache.flink.runtime.jobmaster.JobMaster                 [] - Successfully ran initialization on master in 7 ms.
2025-10-22 18:43:21,790 INFO  org.apache.flink.runtime.scheduler.adapter.DefaultExecutionTopology [] - Built 1 new pipelined regions in 4 ms, total 1 pipelined regions currently.
2025-10-22 18:43:21,797 INFO  org.apache.flink.runtime.jobmaster.JobMaster                 [] - Loading state backend via factory org.apache.flink.state.rocksdb.EmbeddedRocksDBStateBackendFactory
2025-10-22 18:43:21,840 INFO  org.apache.flink.state.rocksdb.EmbeddedRocksDBStateBackend   [] - Using predefined options: DEFAULT.
2025-10-22 18:43:21,843 INFO  org.apache.flink.runtime.state.StateBackendLoader            [] - State backend loader loads the state backend as EmbeddedRocksDBStateBackend
2025-10-22 18:43:21,846 INFO  org.apache.flink.runtime.jobmaster.JobMaster                 [] - Checkpoint storage is set to 'filesystem': (checkpoints "file:/tmp/flink-checkpoints")
2025-10-22 18:43:21,858 INFO  org.apache.flink.runtime.checkpoint.CheckpointCoordinator    [] - No checkpoint found during restore.
2025-10-22 18:43:21,863 INFO  org.apache.flink.runtime.jobmaster.JobMaster                 [] - Using failover strategy org.apache.flink.runtime.executiongraph.failover.RestartPipelinedRegionFailoverStrategy@311f9fd for Word Counter (5b1786d223a1016b801ea51535058627).
2025-10-22 18:43:21,874 INFO  org.apache.flink.runtime.jobmaster.JobMaster                 [] - Starting execution of job 'Word Counter' (5b1786d223a1016b801ea51535058627) under job master id 00000000000000000000000000000000.
2025-10-22 18:43:21,878 INFO  org.apache.flink.runtime.jobmaster.JobMaster                 [] - Starting scheduling with scheduling strategy [org.apache.flink.runtime.scheduler.strategy.PipelinedRegionSchedulingStrategy]
2025-10-22 18:43:21,879 INFO  org.apache.flink.runtime.executiongraph.ExecutionGraph       [] - Job Word Counter (5b1786d223a1016b801ea51535058627) switched from state CREATED to RUNNING.
2025-10-22 18:43:21,883 INFO  org.apache.flink.runtime.executiongraph.ExecutionGraph       [] - Source: Collection Source -> _stream_key_by_map_operator (1/1) (32d85431551b6f1202abfa9add707b54_cbc357ccb763df2852fee8c4fc7d55f2_0_0) switched from CREATED to SCHEDULED.
2025-10-22 18:43:21,883 INFO  org.apache.flink.runtime.executiongraph.ExecutionGraph       [] - KEYED PROCESS -> Sink: Print to Std. Out (1/1) (32d85431551b6f1202abfa9add707b54_90bea66de1c231edf33913ecd54406c1_0_0) switched from CREATED to SCHEDULED.
2025-10-22 18:43:21,899 INFO  org.apache.flink.runtime.jobmaster.JobMaster                 [] - Connecting to ResourceManager pekko.tcp://flink@88c960070ae1:6123/user/rpc/resourcemanager_*(00000000000000000000000000000000)
2025-10-22 18:43:21,903 INFO  org.apache.flink.runtime.jobmaster.JobMaster                 [] - Resolved ResourceManager address, beginning registration
2025-10-22 18:43:21,904 INFO  org.apache.flink.runtime.resourcemanager.StandaloneResourceManager [] - Registering job manager 00000000000000000000000000000000@pekko.tcp://flink@88c960070ae1:6123/user/rpc/jobmanager_2 for job 5b1786d223a1016b801ea51535058627.
2025-10-22 18:43:21,915 INFO  org.apache.flink.runtime.resourcemanager.StandaloneResourceManager [] - Registered job manager 00000000000000000000000000000000@pekko.tcp://flink@88c960070ae1:6123/user/rpc/jobmanager_2 for job 5b1786d223a1016b801ea51535058627.
2025-10-22 18:43:21,917 INFO  org.apache.flink.runtime.jobmaster.JobMaster                 [] - JobManager successfully registered at ResourceManager, leader id: 00000000000000000000000000000000.
2025-10-22 18:43:21,919 INFO  org.apache.flink.runtime.resourcemanager.slotmanager.FineGrainedSlotManager [] - Received resource requirements from job 5b1786d223a1016b801ea51535058627: [ResourceRequirement{resourceProfile=ResourceProfile{UNKNOWN}, numberOfRequiredSlots=1}]
2025-10-22 18:43:21,989 INFO  org.apache.flink.runtime.resourcemanager.slotmanager.FineGrainedSlotManager [] - Matching resource requirements against available resources.
Missing resources:
	 Job 5b1786d223a1016b801ea51535058627
		ResourceRequirement{resourceProfile=ResourceProfile{UNKNOWN}, numberOfRequiredSlots=1}
Current resources:
	TaskManager 127.0.0.1:46487-d272c1
		Available: ResourceProfile{cpuCores=1, taskHeapMemory=384.000mb (402653174 bytes), taskOffHeapMemory=0 bytes, managedMemory=512.000mb (536870920 bytes), networkMemory=128.000mb (134217730 bytes)}
		Total:     ResourceProfile{cpuCores=1, taskHeapMemory=384.000mb (402653174 bytes), taskOffHeapMemory=0 bytes, managedMemory=512.000mb (536870920 bytes), networkMemory=128.000mb (134217730 bytes)}
2025-10-22 18:43:21,995 INFO  org.apache.flink.runtime.resourcemanager.slotmanager.DefaultSlotStatusSyncer [] - Starting allocation of slot 0136747545703c61daac6497fd30a040 from 127.0.0.1:46487-d272c1 for job 5b1786d223a1016b801ea51535058627 with resource profile ResourceProfile{cpuCores=1, taskHeapMemory=384.000mb (402653174 bytes), taskOffHeapMemory=0 bytes, managedMemory=512.000mb (536870920 bytes), networkMemory=128.000mb (134217730 bytes)}.
2025-10-22 18:43:22,079 INFO  org.apache.flink.runtime.checkpoint.CheckpointFailureManager [] - Failed to trigger checkpoint for job 5b1786d223a1016b801ea51535058627 since Checkpoint triggering task Source: Collection Source -> _stream_key_by_map_operator (1/1) of job 5b1786d223a1016b801ea51535058627 is not being executed at the moment. Aborting checkpoint. Failure reason: Not all required tasks are currently running..
2025-10-22 18:43:22,191 INFO  org.apache.flink.runtime.executiongraph.ExecutionGraph       [] - Source: Collection Source -> _stream_key_by_map_operator (1/1) (32d85431551b6f1202abfa9add707b54_cbc357ccb763df2852fee8c4fc7d55f2_0_0) switched from SCHEDULED to DEPLOYING.
2025-10-22 18:43:22,191 INFO  org.apache.flink.runtime.executiongraph.ExecutionGraph       [] - Deploying Source: Collection Source -> _stream_key_by_map_operator (1/1) (attempt #0) with attempt id 32d85431551b6f1202abfa9add707b54_cbc357ccb763df2852fee8c4fc7d55f2_0_0 and vertex id cbc357ccb763df2852fee8c4fc7d55f2_0 to 127.0.0.1:46487-d272c1 @ localhost (dataPort=40405) with allocation id 0136747545703c61daac6497fd30a040
2025-10-22 18:43:22,207 INFO  org.apache.flink.runtime.executiongraph.ExecutionGraph       [] - KEYED PROCESS -> Sink: Print to Std. Out (1/1) (32d85431551b6f1202abfa9add707b54_90bea66de1c231edf33913ecd54406c1_0_0) switched from SCHEDULED to DEPLOYING.
2025-10-22 18:43:22,207 INFO  org.apache.flink.runtime.executiongraph.ExecutionGraph       [] - Deploying KEYED PROCESS -> Sink: Print to Std. Out (1/1) (attempt #0) with attempt id 32d85431551b6f1202abfa9add707b54_90bea66de1c231edf33913ecd54406c1_0_0 and vertex id 90bea66de1c231edf33913ecd54406c1_0 to 127.0.0.1:46487-d272c1 @ localhost (dataPort=40405) with allocation id 0136747545703c61daac6497fd30a040
2025-10-22 18:43:22,757 INFO  org.apache.flink.runtime.executiongraph.ExecutionGraph       [] - KEYED PROCESS -> Sink: Print to Std. Out (1/1) (32d85431551b6f1202abfa9add707b54_90bea66de1c231edf33913ecd54406c1_0_0) switched from DEPLOYING to INITIALIZING.
2025-10-22 18:43:22,765 INFO  org.apache.flink.runtime.executiongraph.ExecutionGraph       [] - Source: Collection Source -> _stream_key_by_map_operator (1/1) (32d85431551b6f1202abfa9add707b54_cbc357ccb763df2852fee8c4fc7d55f2_0_0) switched from DEPLOYING to INITIALIZING.
2025-10-22 18:43:23,055 INFO  org.apache.flink.runtime.checkpoint.CheckpointFailureManager [] - Failed to trigger checkpoint for job 5b1786d223a1016b801ea51535058627 since Checkpoint triggering task Source: Collection Source -> _stream_key_by_map_operator (1/1) of job 5b1786d223a1016b801ea51535058627 is not being executed at the moment. Aborting checkpoint. Failure reason: Not all required tasks are currently running..
2025-10-22 18:43:24,056 INFO  org.apache.flink.runtime.checkpoint.CheckpointFailureManager [] - Failed to trigger checkpoint for job 5b1786d223a1016b801ea51535058627 since Checkpoint triggering task Source: Collection Source -> _stream_key_by_map_operator (1/1) of job 5b1786d223a1016b801ea51535058627 is not being executed at the moment. Aborting checkpoint. Failure reason: Not all required tasks are currently running..
2025-10-22 18:43:25,058 INFO  org.apache.flink.runtime.checkpoint.CheckpointFailureManager [] - Failed to trigger checkpoint for job 5b1786d223a1016b801ea51535058627 since Checkpoint triggering task Source: Collection Source -> _stream_key_by_map_operator (1/1) of job 5b1786d223a1016b801ea51535058627 is not being executed at the moment. Aborting checkpoint. Failure reason: Not all required tasks are currently running..
2025-10-22 18:43:26,050 INFO  org.apache.flink.runtime.checkpoint.CheckpointFailureManager [] - Failed to trigger checkpoint for job 5b1786d223a1016b801ea51535058627 since Checkpoint triggering task Source: Collection Source -> _stream_key_by_map_operator (1/1) of job 5b1786d223a1016b801ea51535058627 is not being executed at the moment. Aborting checkpoint. Failure reason: Not all required tasks are currently running..
2025-10-22 18:43:27,051 INFO  org.apache.flink.runtime.checkpoint.CheckpointFailureManager [] - Failed to trigger checkpoint for job 5b1786d223a1016b801ea51535058627 since Checkpoint triggering task Source: Collection Source -> _stream_key_by_map_operator (1/1) of job 5b1786d223a1016b801ea51535058627 is not being executed at the moment. Aborting checkpoint. Failure reason: Not all required tasks are currently running..
2025-10-22 18:43:28,051 INFO  org.apache.flink.runtime.checkpoint.CheckpointFailureManager [] - Failed to trigger checkpoint for job 5b1786d223a1016b801ea51535058627 since Checkpoint triggering task Source: Collection Source -> _stream_key_by_map_operator (1/1) of job 5b1786d223a1016b801ea51535058627 is not being executed at the moment. Aborting checkpoint. Failure reason: Not all required tasks are currently running..
2025-10-22 18:43:28,433 INFO  org.apache.flink.runtime.executiongraph.ExecutionGraph       [] - KEYED PROCESS -> Sink: Print to Std. Out (1/1) (32d85431551b6f1202abfa9add707b54_90bea66de1c231edf33913ecd54406c1_0_0) switched from INITIALIZING to RUNNING.
2025-10-22 18:43:28,440 INFO  org.apache.flink.runtime.executiongraph.ExecutionGraph       [] - Source: Collection Source -> _stream_key_by_map_operator (1/1) (32d85431551b6f1202abfa9add707b54_cbc357ccb763df2852fee8c4fc7d55f2_0_0) switched from INITIALIZING to RUNNING.
2025-10-22 18:43:29,055 INFO  org.apache.flink.runtime.checkpoint.CheckpointCoordinator    [] - Triggering checkpoint 1 (type=CheckpointType{name='Checkpoint', sharingFilesStrategy=FORWARD_BACKWARD}) @ 1761158609050 for job 5b1786d223a1016b801ea51535058627.
2025-10-22 18:43:39,351 INFO  org.apache.flink.runtime.jobmaster.JobMaster                 [] - Triggering savepoint for job 5b1786d223a1016b801ea51535058627.
2025-10-22 18:43:39,374 INFO  org.apache.flink.runtime.checkpoint.CheckpointCoordinator    [] - Triggering checkpoint 2 (type=SavepointType{name='Savepoint', postCheckpointAction=NONE, formatType=NATIVE}) @ 1761158619369 for job 5b1786d223a1016b801ea51535058627.
2025-10-22 18:43:44,799 INFO  org.apache.flink.runtime.checkpoint.CheckpointCoordinator    [] - Completed checkpoint 1 for job 5b1786d223a1016b801ea51535058627 (111995 bytes, checkpointDuration=15736 ms, finalizationTime=13 ms).
2025-10-22 18:43:52,756 INFO  org.apache.flink.runtime.checkpoint.CheckpointCoordinator    [] - Completed checkpoint 2 for job 5b1786d223a1016b801ea51535058627 (192617 bytes, checkpointDuration=13387 ms, finalizationTime=0 ms).
2025-10-22 18:43:52,756 INFO  org.apache.flink.runtime.checkpoint.CheckpointRequestDecider [] - checkpoint request time in queue: 22706
2025-10-22 18:43:52,758 INFO  org.apache.flink.runtime.checkpoint.CheckpointCoordinator    [] - Triggering checkpoint 3 (type=CheckpointType{name='Checkpoint', sharingFilesStrategy=FORWARD_BACKWARD}) @ 1761158632756 for job 5b1786d223a1016b801ea51535058627.
2025-10-22 18:44:01,366 INFO  org.apache.flink.runtime.jobmaster.JobMaster                 [] - Triggering a manual checkpoint for job 5b1786d223a1016b801ea51535058627.
2025-10-22 18:44:01,413 INFO  org.apache.flink.runtime.checkpoint.CheckpointCoordinator    [] - Completed checkpoint 3 for job 5b1786d223a1016b801ea51535058627 (252961 bytes, checkpointDuration=8651 ms, finalizationTime=6 ms).
2025-10-22 18:44:01,417 INFO  org.apache.flink.runtime.checkpoint.CheckpointCoordinator    [] - Triggering checkpoint 4 (type=CheckpointType{name='Checkpoint', sharingFilesStrategy=FORWARD_BACKWARD}) @ 1761158641415 for job 5b1786d223a1016b801ea51535058627.
2025-10-22 18:44:01,558 INFO  org.apache.flink.runtime.executiongraph.ExecutionGraph       [] - Source: Collection Source -> _stream_key_by_map_operator (1/1) (32d85431551b6f1202abfa9add707b54_cbc357ccb763df2852fee8c4fc7d55f2_0_0) switched from RUNNING to FINISHED.
2025-10-22 18:44:01,572 INFO  org.apache.flink.runtime.checkpoint.CheckpointCoordinator    [] - Completed checkpoint 4 for job 5b1786d223a1016b801ea51535058627 (252961 bytes, checkpointDuration=154 ms, finalizationTime=3 ms).
2025-10-22 18:44:01,574 INFO  org.apache.flink.runtime.checkpoint.CheckpointRequestDecider [] - checkpoint request time in queue: 30523
2025-10-22 18:44:01,578 INFO  org.apache.flink.runtime.checkpoint.CheckpointCoordinator    [] - Triggering checkpoint 5 (type=CheckpointType{name='Checkpoint', sharingFilesStrategy=FORWARD_BACKWARD}) @ 1761158641574 for job 5b1786d223a1016b801ea51535058627.
2025-10-22 18:44:01,649 INFO  org.apache.flink.runtime.checkpoint.CheckpointCoordinator    [] - Decline checkpoint 5 by task 32d85431551b6f1202abfa9add707b54_90bea66de1c231edf33913ecd54406c1_0_0 of job 5b1786d223a1016b801ea51535058627 at 127.0.0.1:46487-d272c1 @ localhost (dataPort=40405).
org.apache.flink.util.SerializedThrowable: org.apache.flink.runtime.checkpoint.CheckpointException: Task name with subtask : KEYED PROCESS -> Sink: Print to Std. Out (1/1)#0 Failure reason: Checkpoint was declined (task is closing)
	at org.apache.flink.runtime.taskmanager.Task.declineCheckpoint(Task.java:1425) ~[flink-dist-2.1.0.jar:2.1.0]
	at org.apache.flink.runtime.taskmanager.Task.declineCheckpoint(Task.java:1418) ~[flink-dist-2.1.0.jar:2.1.0]
	at org.apache.flink.runtime.taskmanager.Task.triggerCheckpointBarrier(Task.java:1384) ~[flink-dist-2.1.0.jar:2.1.0]
	at org.apache.flink.runtime.taskexecutor.TaskExecutor.triggerCheckpoint(TaskExecutor.java:1097) ~[flink-dist-2.1.0.jar:2.1.0]
	at java.base/jdk.internal.reflect.NativeMethodAccessorImpl.invoke0(Native Method) ~[?:?]
	at java.base/jdk.internal.reflect.NativeMethodAccessorImpl.invoke(Unknown Source) ~[?:?]
	at java.base/jdk.internal.reflect.DelegatingMethodAccessorImpl.invoke(Unknown Source) ~[?:?]
	at java.base/java.lang.reflect.Method.invoke(Unknown Source) ~[?:?]
	at org.apache.flink.runtime.rpc.pekko.PekkoRpcActor.lambda$handleRpcInvocation$1(PekkoRpcActor.java:318) ~[?:?]
	at org.apache.flink.runtime.concurrent.ClassLoadingUtils.runWithContextClassLoader(ClassLoadingUtils.java:83) ~[flink-dist-2.1.0.jar:2.1.0]
	at org.apache.flink.runtime.rpc.pekko.PekkoRpcActor.handleRpcInvocation(PekkoRpcActor.java:316) ~[?:?]
	at org.apache.flink.runtime.rpc.pekko.PekkoRpcActor.handleRpcMessage(PekkoRpcActor.java:229) ~[?:?]
	at org.apache.flink.runtime.rpc.pekko.PekkoRpcActor.handleMessage(PekkoRpcActor.java:174) ~[?:?]
	at org.apache.pekko.japi.pf.UnitCaseStatement.apply(CaseStatements.scala:33) ~[?:?]
	at org.apache.pekko.japi.pf.UnitCaseStatement.apply(CaseStatements.scala:29) ~[?:?]
	at scala.PartialFunction.applyOrElse(PartialFunction.scala:127) ~[flink-scala_2.12-2.1.0.jar:2.1.0]
	at scala.PartialFunction.applyOrElse$(PartialFunction.scala:126) ~[flink-scala_2.12-2.1.0.jar:2.1.0]
	at org.apache.pekko.japi.pf.UnitCaseStatement.applyOrElse(CaseStatements.scala:29) ~[?:?]
	at scala.PartialFunction$OrElse.applyOrElse(PartialFunction.scala:175) ~[flink-scala_2.12-2.1.0.jar:2.1.0]
	at scala.PartialFunction$OrElse.applyOrElse(PartialFunction.scala:176) ~[flink-scala_2.12-2.1.0.jar:2.1.0]
	at scala.PartialFunction$OrElse.applyOrElse(PartialFunction.scala:176) ~[flink-scala_2.12-2.1.0.jar:2.1.0]
	at org.apache.pekko.actor.Actor.aroundReceive(Actor.scala:547) ~[?:?]
	at org.apache.pekko.actor.Actor.aroundReceive$(Actor.scala:545) ~[?:?]
	at org.apache.pekko.actor.AbstractActor.aroundReceive(AbstractActor.scala:229) ~[?:?]
	at org.apache.pekko.actor.ActorCell.receiveMessage(ActorCell.scala:590) ~[?:?]
	at org.apache.pekko.actor.ActorCell.invoke(ActorCell.scala:557) ~[?:?]
	at org.apache.pekko.dispatch.Mailbox.processMailbox(Mailbox.scala:272) ~[?:?]
	at org.apache.pekko.dispatch.Mailbox.run(Mailbox.scala:233) ~[?:?]
	at org.apache.pekko.dispatch.Mailbox.exec(Mailbox.scala:245) ~[?:?]
	at java.base/java.util.concurrent.ForkJoinTask.doExec(Unknown Source) ~[?:?]
	at java.base/java.util.concurrent.ForkJoinPool$WorkQueue.topLevelExec(Unknown Source) ~[?:?]
	at java.base/java.util.concurrent.ForkJoinPool.scan(Unknown Source) ~[?:?]
	at java.base/java.util.concurrent.ForkJoinPool.runWorker(Unknown Source) ~[?:?]
	at java.base/java.util.concurrent.ForkJoinWorkerThread.run(Unknown Source) ~[?:?]
2025-10-22 18:44:01,684 WARN  org.apache.flink.runtime.checkpoint.CheckpointFailureManager [] - Failed to trigger or complete checkpoint 5 for job 5b1786d223a1016b801ea51535058627. (0 consecutive failed attempts so far)
org.apache.flink.runtime.checkpoint.CheckpointException: Checkpoint was declined (task is closing)
	at org.apache.flink.runtime.messages.checkpoint.SerializedCheckpointException.unwrap(SerializedCheckpointException.java:51) ~[flink-dist-2.1.0.jar:2.1.0]
	at org.apache.flink.runtime.checkpoint.CheckpointCoordinator.receiveDeclineMessage(CheckpointCoordinator.java:1146) ~[flink-dist-2.1.0.jar:2.1.0]
	at org.apache.flink.runtime.scheduler.ExecutionGraphHandler.lambda$declineCheckpoint$3(ExecutionGraphHandler.java:123) ~[flink-dist-2.1.0.jar:2.1.0]
	at org.apache.flink.runtime.scheduler.ExecutionGraphHandler.lambda$processCheckpointCoordinatorMessage$4(ExecutionGraphHandler.java:139) ~[flink-dist-2.1.0.jar:2.1.0]
	at org.apache.flink.util.MdcUtils.lambda$wrapRunnable$1(MdcUtils.java:70) ~[flink-dist-2.1.0.jar:2.1.0]
	at java.base/java.util.concurrent.ThreadPoolExecutor.runWorker(Unknown Source) [?:?]
	at java.base/java.util.concurrent.ThreadPoolExecutor$Worker.run(Unknown Source) [?:?]
	at java.base/java.lang.Thread.run(Unknown Source) [?:?]
Caused by: org.apache.flink.util.SerializedThrowable: org.apache.flink.runtime.checkpoint.CheckpointException: Task name with subtask : KEYED PROCESS -> Sink: Print to Std. Out (1/1)#0 Failure reason: Checkpoint was declined (task is closing)
	at org.apache.flink.runtime.taskmanager.Task.declineCheckpoint(Task.java:1425) ~[flink-dist-2.1.0.jar:2.1.0]
	at org.apache.flink.runtime.taskmanager.Task.declineCheckpoint(Task.java:1418) ~[flink-dist-2.1.0.jar:2.1.0]
	at org.apache.flink.runtime.taskmanager.Task.triggerCheckpointBarrier(Task.java:1384) ~[flink-dist-2.1.0.jar:2.1.0]
	at org.apache.flink.runtime.taskexecutor.TaskExecutor.triggerCheckpoint(TaskExecutor.java:1097) ~[flink-dist-2.1.0.jar:2.1.0]
	at java.base/jdk.internal.reflect.NativeMethodAccessorImpl.invoke0(Native Method) ~[?:?]
	at java.base/jdk.internal.reflect.NativeMethodAccessorImpl.invoke(Unknown Source) ~[?:?]
	at java.base/jdk.internal.reflect.DelegatingMethodAccessorImpl.invoke(Unknown Source) ~[?:?]
	at java.base/java.lang.reflect.Method.invoke(Unknown Source) ~[?:?]
	at org.apache.flink.runtime.rpc.pekko.PekkoRpcActor.lambda$handleRpcInvocation$1(PekkoRpcActor.java:318) ~[?:?]
	at org.apache.flink.runtime.concurrent.ClassLoadingUtils.runWithContextClassLoader(ClassLoadingUtils.java:83) ~[flink-dist-2.1.0.jar:2.1.0]
	at org.apache.flink.runtime.rpc.pekko.PekkoRpcActor.handleRpcInvocation(PekkoRpcActor.java:316) ~[?:?]
	at org.apache.flink.runtime.rpc.pekko.PekkoRpcActor.handleRpcMessage(PekkoRpcActor.java:229) ~[?:?]
	at org.apache.flink.runtime.rpc.pekko.PekkoRpcActor.handleMessage(PekkoRpcActor.java:174) ~[?:?]
	at org.apache.pekko.japi.pf.UnitCaseStatement.apply(CaseStatements.scala:33) ~[?:?]
	at org.apache.pekko.japi.pf.UnitCaseStatement.apply(CaseStatements.scala:29) ~[?:?]
	at scala.PartialFunction.applyOrElse(PartialFunction.scala:127) ~[flink-scala_2.12-2.1.0.jar:2.1.0]
	at scala.PartialFunction.applyOrElse$(PartialFunction.scala:126) ~[flink-scala_2.12-2.1.0.jar:2.1.0]
	at org.apache.pekko.japi.pf.UnitCaseStatement.applyOrElse(CaseStatements.scala:29) ~[?:?]
	at scala.PartialFunction$OrElse.applyOrElse(PartialFunction.scala:175) ~[flink-scala_2.12-2.1.0.jar:2.1.0]
	at scala.PartialFunction$OrElse.applyOrElse(PartialFunction.scala:176) ~[flink-scala_2.12-2.1.0.jar:2.1.0]
	at scala.PartialFunction$OrElse.applyOrElse(PartialFunction.scala:176) ~[flink-scala_2.12-2.1.0.jar:2.1.0]
	at org.apache.pekko.actor.Actor.aroundReceive(Actor.scala:547) ~[?:?]
	at org.apache.pekko.actor.Actor.aroundReceive$(Actor.scala:545) ~[?:?]
	at org.apache.pekko.actor.AbstractActor.aroundReceive(AbstractActor.scala:229) ~[?:?]
	at org.apache.pekko.actor.ActorCell.receiveMessage(ActorCell.scala:590) ~[?:?]
	at org.apache.pekko.actor.ActorCell.invoke(ActorCell.scala:557) ~[?:?]
	at org.apache.pekko.dispatch.Mailbox.processMailbox(Mailbox.scala:272) ~[?:?]
	at org.apache.pekko.dispatch.Mailbox.run(Mailbox.scala:233) ~[?:?]
	at org.apache.pekko.dispatch.Mailbox.exec(Mailbox.scala:245) ~[?:?]
	at java.base/java.util.concurrent.ForkJoinTask.doExec(Unknown Source) ~[?:?]
	at java.base/java.util.concurrent.ForkJoinPool$WorkQueue.topLevelExec(Unknown Source) ~[?:?]
	at java.base/java.util.concurrent.ForkJoinPool.scan(Unknown Source) ~[?:?]
	at java.base/java.util.concurrent.ForkJoinPool.runWorker(Unknown Source) ~[?:?]
	at java.base/java.util.concurrent.ForkJoinWorkerThread.run(Unknown Source) ~[?:?]
2025-10-22 18:44:01,692 INFO  org.apache.flink.runtime.checkpoint.CheckpointRequestDecider [] - checkpoint request time in queue: 29643
2025-10-22 18:44:01,696 INFO  org.apache.flink.runtime.checkpoint.CheckpointCoordinator    [] - Triggering checkpoint 6 (type=CheckpointType{name='Checkpoint', sharingFilesStrategy=FORWARD_BACKWARD}) @ 1761158641693 for job 5b1786d223a1016b801ea51535058627.
2025-10-22 18:44:01,718 INFO  org.apache.flink.runtime.checkpoint.CheckpointCoordinator    [] - Decline checkpoint 6 by task 32d85431551b6f1202abfa9add707b54_90bea66de1c231edf33913ecd54406c1_0_0 of job 5b1786d223a1016b801ea51535058627 at 127.0.0.1:46487-d272c1 @ localhost (dataPort=40405).
org.apache.flink.util.SerializedThrowable: org.apache.flink.runtime.checkpoint.CheckpointException: Task name with subtask : KEYED PROCESS -> Sink: Print to Std. Out (1/1)#0 Failure reason: Checkpoint was declined (task is closing)
	at org.apache.flink.runtime.taskmanager.Task.declineCheckpoint(Task.java:1425) ~[flink-dist-2.1.0.jar:2.1.0]
	at org.apache.flink.runtime.taskmanager.Task.declineCheckpoint(Task.java:1418) ~[flink-dist-2.1.0.jar:2.1.0]
	at org.apache.flink.runtime.taskmanager.Task.triggerCheckpointBarrier(Task.java:1384) ~[flink-dist-2.1.0.jar:2.1.0]
	at org.apache.flink.runtime.taskexecutor.TaskExecutor.triggerCheckpoint(TaskExecutor.java:1097) ~[flink-dist-2.1.0.jar:2.1.0]
	at java.base/jdk.internal.reflect.NativeMethodAccessorImpl.invoke0(Native Method) ~[?:?]
	at java.base/jdk.internal.reflect.NativeMethodAccessorImpl.invoke(Unknown Source) ~[?:?]
	at java.base/jdk.internal.reflect.DelegatingMethodAccessorImpl.invoke(Unknown Source) ~[?:?]
	at java.base/java.lang.reflect.Method.invoke(Unknown Source) ~[?:?]
	at org.apache.flink.runtime.rpc.pekko.PekkoRpcActor.lambda$handleRpcInvocation$1(PekkoRpcActor.java:318) ~[?:?]
	at org.apache.flink.runtime.concurrent.ClassLoadingUtils.runWithContextClassLoader(ClassLoadingUtils.java:83) ~[flink-dist-2.1.0.jar:2.1.0]
	at org.apache.flink.runtime.rpc.pekko.PekkoRpcActor.handleRpcInvocation(PekkoRpcActor.java:316) ~[?:?]
	at org.apache.flink.runtime.rpc.pekko.PekkoRpcActor.handleRpcMessage(PekkoRpcActor.java:229) ~[?:?]
	at org.apache.flink.runtime.rpc.pekko.PekkoRpcActor.handleMessage(PekkoRpcActor.java:174) ~[?:?]
	at org.apache.pekko.japi.pf.UnitCaseStatement.apply(CaseStatements.scala:33) ~[?:?]
	at org.apache.pekko.japi.pf.UnitCaseStatement.apply(CaseStatements.scala:29) ~[?:?]
	at scala.PartialFunction.applyOrElse(PartialFunction.scala:127) ~[flink-scala_2.12-2.1.0.jar:2.1.0]
	at scala.PartialFunction.applyOrElse$(PartialFunction.scala:126) ~[flink-scala_2.12-2.1.0.jar:2.1.0]
	at org.apache.pekko.japi.pf.UnitCaseStatement.applyOrElse(CaseStatements.scala:29) ~[?:?]
	at scala.PartialFunction$OrElse.applyOrElse(PartialFunction.scala:175) ~[flink-scala_2.12-2.1.0.jar:2.1.0]
	at scala.PartialFunction$OrElse.applyOrElse(PartialFunction.scala:176) ~[flink-scala_2.12-2.1.0.jar:2.1.0]
	at scala.PartialFunction$OrElse.applyOrElse(PartialFunction.scala:176) ~[flink-scala_2.12-2.1.0.jar:2.1.0]
	at org.apache.pekko.actor.Actor.aroundReceive(Actor.scala:547) ~[?:?]
	at org.apache.pekko.actor.Actor.aroundReceive$(Actor.scala:545) ~[?:?]
	at org.apache.pekko.actor.AbstractActor.aroundReceive(AbstractActor.scala:229) ~[?:?]
	at org.apache.pekko.actor.ActorCell.receiveMessage(ActorCell.scala:590) ~[?:?]
	at org.apache.pekko.actor.ActorCell.invoke(ActorCell.scala:557) ~[?:?]
	at org.apache.pekko.dispatch.Mailbox.processMailbox(Mailbox.scala:272) ~[?:?]
	at org.apache.pekko.dispatch.Mailbox.run(Mailbox.scala:233) ~[?:?]
	at org.apache.pekko.dispatch.Mailbox.exec(Mailbox.scala:245) ~[?:?]
	at java.base/java.util.concurrent.ForkJoinTask.doExec(Unknown Source) ~[?:?]
	at java.base/java.util.concurrent.ForkJoinPool$WorkQueue.topLevelExec(Unknown Source) ~[?:?]
	at java.base/java.util.concurrent.ForkJoinPool.scan(Unknown Source) ~[?:?]
	at java.base/java.util.concurrent.ForkJoinPool.runWorker(Unknown Source) ~[?:?]
	at java.base/java.util.concurrent.ForkJoinWorkerThread.run(Unknown Source) ~[?:?]
2025-10-22 18:44:01,721 WARN  org.apache.flink.runtime.checkpoint.CheckpointFailureManager [] - Failed to trigger or complete checkpoint 6 for job 5b1786d223a1016b801ea51535058627. (0 consecutive failed attempts so far)
org.apache.flink.runtime.checkpoint.CheckpointException: Checkpoint was declined (task is closing)
	at org.apache.flink.runtime.messages.checkpoint.SerializedCheckpointException.unwrap(SerializedCheckpointException.java:51) ~[flink-dist-2.1.0.jar:2.1.0]
	at org.apache.flink.runtime.checkpoint.CheckpointCoordinator.receiveDeclineMessage(CheckpointCoordinator.java:1146) ~[flink-dist-2.1.0.jar:2.1.0]
	at org.apache.flink.runtime.scheduler.ExecutionGraphHandler.lambda$declineCheckpoint$3(ExecutionGraphHandler.java:123) ~[flink-dist-2.1.0.jar:2.1.0]
	at org.apache.flink.runtime.scheduler.ExecutionGraphHandler.lambda$processCheckpointCoordinatorMessage$4(ExecutionGraphHandler.java:139) ~[flink-dist-2.1.0.jar:2.1.0]
	at org.apache.flink.util.MdcUtils.lambda$wrapRunnable$1(MdcUtils.java:70) ~[flink-dist-2.1.0.jar:2.1.0]
	at java.base/java.util.concurrent.ThreadPoolExecutor.runWorker(Unknown Source) [?:?]
	at java.base/java.util.concurrent.ThreadPoolExecutor$Worker.run(Unknown Source) [?:?]
	at java.base/java.lang.Thread.run(Unknown Source) [?:?]
Caused by: org.apache.flink.util.SerializedThrowable: org.apache.flink.runtime.checkpoint.CheckpointException: Task name with subtask : KEYED PROCESS -> Sink: Print to Std. Out (1/1)#0 Failure reason: Checkpoint was declined (task is closing)
	at org.apache.flink.runtime.taskmanager.Task.declineCheckpoint(Task.java:1425) ~[flink-dist-2.1.0.jar:2.1.0]
	at org.apache.flink.runtime.taskmanager.Task.declineCheckpoint(Task.java:1418) ~[flink-dist-2.1.0.jar:2.1.0]
	at org.apache.flink.runtime.taskmanager.Task.triggerCheckpointBarrier(Task.java:1384) ~[flink-dist-2.1.0.jar:2.1.0]
	at org.apache.flink.runtime.taskexecutor.TaskExecutor.triggerCheckpoint(TaskExecutor.java:1097) ~[flink-dist-2.1.0.jar:2.1.0]
	at java.base/jdk.internal.reflect.NativeMethodAccessorImpl.invoke0(Native Method) ~[?:?]
	at java.base/jdk.internal.reflect.NativeMethodAccessorImpl.invoke(Unknown Source) ~[?:?]
	at java.base/jdk.internal.reflect.DelegatingMethodAccessorImpl.invoke(Unknown Source) ~[?:?]
	at java.base/java.lang.reflect.Method.invoke(Unknown Source) ~[?:?]
	at org.apache.flink.runtime.rpc.pekko.PekkoRpcActor.lambda$handleRpcInvocation$1(PekkoRpcActor.java:318) ~[?:?]
	at org.apache.flink.runtime.concurrent.ClassLoadingUtils.runWithContextClassLoader(ClassLoadingUtils.java:83) ~[flink-dist-2.1.0.jar:2.1.0]
	at org.apache.flink.runtime.rpc.pekko.PekkoRpcActor.handleRpcInvocation(PekkoRpcActor.java:316) ~[?:?]
	at org.apache.flink.runtime.rpc.pekko.PekkoRpcActor.handleRpcMessage(PekkoRpcActor.java:229) ~[?:?]
	at org.apache.flink.runtime.rpc.pekko.PekkoRpcActor.handleMessage(PekkoRpcActor.java:174) ~[?:?]
	at org.apache.pekko.japi.pf.UnitCaseStatement.apply(CaseStatements.scala:33) ~[?:?]
	at org.apache.pekko.japi.pf.UnitCaseStatement.apply(CaseStatements.scala:29) ~[?:?]
	at scala.PartialFunction.applyOrElse(PartialFunction.scala:127) ~[flink-scala_2.12-2.1.0.jar:2.1.0]
	at scala.PartialFunction.applyOrElse$(PartialFunction.scala:126) ~[flink-scala_2.12-2.1.0.jar:2.1.0]
	at org.apache.pekko.japi.pf.UnitCaseStatement.applyOrElse(CaseStatements.scala:29) ~[?:?]
	at scala.PartialFunction$OrElse.applyOrElse(PartialFunction.scala:175) ~[flink-scala_2.12-2.1.0.jar:2.1.0]
	at scala.PartialFunction$OrElse.applyOrElse(PartialFunction.scala:176) ~[flink-scala_2.12-2.1.0.jar:2.1.0]
	at scala.PartialFunction$OrElse.applyOrElse(PartialFunction.scala:176) ~[flink-scala_2.12-2.1.0.jar:2.1.0]
	at org.apache.pekko.actor.Actor.aroundReceive(Actor.scala:547) ~[?:?]
	at org.apache.pekko.actor.Actor.aroundReceive$(Actor.scala:545) ~[?:?]
	at org.apache.pekko.actor.AbstractActor.aroundReceive(AbstractActor.scala:229) ~[?:?]
	at org.apache.pekko.actor.ActorCell.receiveMessage(ActorCell.scala:590) ~[?:?]
	at org.apache.pekko.actor.ActorCell.invoke(ActorCell.scala:557) ~[?:?]
	at org.apache.pekko.dispatch.Mailbox.processMailbox(Mailbox.scala:272) ~[?:?]
	at org.apache.pekko.dispatch.Mailbox.run(Mailbox.scala:233) ~[?:?]
	at org.apache.pekko.dispatch.Mailbox.exec(Mailbox.scala:245) ~[?:?]
	at java.base/java.util.concurrent.ForkJoinTask.doExec(Unknown Source) ~[?:?]
	at java.base/java.util.concurrent.ForkJoinPool$WorkQueue.topLevelExec(Unknown Source) ~[?:?]
	at java.base/java.util.concurrent.ForkJoinPool.scan(Unknown Source) ~[?:?]
	at java.base/java.util.concurrent.ForkJoinPool.runWorker(Unknown Source) ~[?:?]
	at java.base/java.util.concurrent.ForkJoinWorkerThread.run(Unknown Source) ~[?:?]
2025-10-22 18:44:01,725 INFO  org.apache.flink.runtime.checkpoint.CheckpointRequestDecider [] - checkpoint request time in queue: 28674
2025-10-22 18:44:01,726 INFO  org.apache.flink.runtime.checkpoint.CheckpointCoordinator    [] - Triggering checkpoint 7 (type=CheckpointType{name='Checkpoint', sharingFilesStrategy=FORWARD_BACKWARD}) @ 1761158641725 for job 5b1786d223a1016b801ea51535058627.
2025-10-22 18:44:01,751 INFO  org.apache.flink.runtime.executiongraph.ExecutionGraph       [] - KEYED PROCESS -> Sink: Print to Std. Out (1/1) (32d85431551b6f1202abfa9add707b54_90bea66de1c231edf33913ecd54406c1_0_0) switched from RUNNING to FINISHED.
2025-10-22 18:44:01,753 INFO  org.apache.flink.runtime.checkpoint.CheckpointCoordinator    [] - Decline checkpoint 7 by task 32d85431551b6f1202abfa9add707b54_90bea66de1c231edf33913ecd54406c1_0_0 of job 5b1786d223a1016b801ea51535058627 at Unknown location.
org.apache.flink.util.SerializedThrowable: org.apache.flink.runtime.checkpoint.CheckpointException: Task name with subtask : KEYED PROCESS -> Sink: Print to Std. Out (1/1)#0 Failure reason: Checkpoint was declined (tasks not ready)
	at org.apache.flink.runtime.taskmanager.Task.declineCheckpoint(Task.java:1425) ~[flink-dist-2.1.0.jar:2.1.0]
	at org.apache.flink.runtime.taskmanager.Task.declineCheckpoint(Task.java:1418) ~[flink-dist-2.1.0.jar:2.1.0]
	at org.apache.flink.runtime.taskmanager.Task.triggerCheckpointBarrier(Task.java:1412) ~[flink-dist-2.1.0.jar:2.1.0]
	at org.apache.flink.runtime.taskexecutor.TaskExecutor.triggerCheckpoint(TaskExecutor.java:1097) ~[flink-dist-2.1.0.jar:2.1.0]
	at java.base/jdk.internal.reflect.NativeMethodAccessorImpl.invoke0(Native Method) ~[?:?]
	at java.base/jdk.internal.reflect.NativeMethodAccessorImpl.invoke(Unknown Source) ~[?:?]
	at java.base/jdk.internal.reflect.DelegatingMethodAccessorImpl.invoke(Unknown Source) ~[?:?]
	at java.base/java.lang.reflect.Method.invoke(Unknown Source) ~[?:?]
	at org.apache.flink.runtime.rpc.pekko.PekkoRpcActor.lambda$handleRpcInvocation$1(PekkoRpcActor.java:318) ~[?:?]
	at org.apache.flink.runtime.concurrent.ClassLoadingUtils.runWithContextClassLoader(ClassLoadingUtils.java:83) ~[flink-dist-2.1.0.jar:2.1.0]
	at org.apache.flink.runtime.rpc.pekko.PekkoRpcActor.handleRpcInvocation(PekkoRpcActor.java:316) ~[?:?]
	at org.apache.flink.runtime.rpc.pekko.PekkoRpcActor.handleRpcMessage(PekkoRpcActor.java:229) ~[?:?]
	at org.apache.flink.runtime.rpc.pekko.PekkoRpcActor.handleMessage(PekkoRpcActor.java:174) ~[?:?]
	at org.apache.pekko.japi.pf.UnitCaseStatement.apply(CaseStatements.scala:33) ~[?:?]
	at org.apache.pekko.japi.pf.UnitCaseStatement.apply(CaseStatements.scala:29) ~[?:?]
	at scala.PartialFunction.applyOrElse(PartialFunction.scala:127) ~[flink-scala_2.12-2.1.0.jar:2.1.0]
	at scala.PartialFunction.applyOrElse$(PartialFunction.scala:126) ~[flink-scala_2.12-2.1.0.jar:2.1.0]
	at org.apache.pekko.japi.pf.UnitCaseStatement.applyOrElse(CaseStatements.scala:29) ~[?:?]
	at scala.PartialFunction$OrElse.applyOrElse(PartialFunction.scala:175) ~[flink-scala_2.12-2.1.0.jar:2.1.0]
	at scala.PartialFunction$OrElse.applyOrElse(PartialFunction.scala:176) ~[flink-scala_2.12-2.1.0.jar:2.1.0]
	at scala.PartialFunction$OrElse.applyOrElse(PartialFunction.scala:176) ~[flink-scala_2.12-2.1.0.jar:2.1.0]
	at org.apache.pekko.actor.Actor.aroundReceive(Actor.scala:547) ~[?:?]
	at org.apache.pekko.actor.Actor.aroundReceive$(Actor.scala:545) ~[?:?]
	at org.apache.pekko.actor.AbstractActor.aroundReceive(AbstractActor.scala:229) ~[?:?]
	at org.apache.pekko.actor.ActorCell.receiveMessage(ActorCell.scala:590) ~[?:?]
	at org.apache.pekko.actor.ActorCell.invoke(ActorCell.scala:557) ~[?:?]
	at org.apache.pekko.dispatch.Mailbox.processMailbox(Mailbox.scala:272) ~[?:?]
	at org.apache.pekko.dispatch.Mailbox.run(Mailbox.scala:233) ~[?:?]
	at org.apache.pekko.dispatch.Mailbox.exec(Mailbox.scala:245) ~[?:?]
	at java.base/java.util.concurrent.ForkJoinTask.doExec(Unknown Source) ~[?:?]
	at java.base/java.util.concurrent.ForkJoinPool$WorkQueue.topLevelExec(Unknown Source) ~[?:?]
	at java.base/java.util.concurrent.ForkJoinPool.scan(Unknown Source) ~[?:?]
	at java.base/java.util.concurrent.ForkJoinPool.runWorker(Unknown Source) ~[?:?]
	at java.base/java.util.concurrent.ForkJoinWorkerThread.run(Unknown Source) ~[?:?]
2025-10-22 18:44:01,756 WARN  org.apache.flink.runtime.checkpoint.CheckpointFailureManager [] - Failed to trigger or complete checkpoint 7 for job 5b1786d223a1016b801ea51535058627. (0 consecutive failed attempts so far)
org.apache.flink.runtime.checkpoint.CheckpointException: Checkpoint was declined (tasks not ready)
	at org.apache.flink.runtime.messages.checkpoint.SerializedCheckpointException.unwrap(SerializedCheckpointException.java:51) ~[flink-dist-2.1.0.jar:2.1.0]
	at org.apache.flink.runtime.checkpoint.CheckpointCoordinator.receiveDeclineMessage(CheckpointCoordinator.java:1146) ~[flink-dist-2.1.0.jar:2.1.0]
	at org.apache.flink.runtime.scheduler.ExecutionGraphHandler.lambda$declineCheckpoint$3(ExecutionGraphHandler.java:123) ~[flink-dist-2.1.0.jar:2.1.0]
	at org.apache.flink.runtime.scheduler.ExecutionGraphHandler.lambda$processCheckpointCoordinatorMessage$4(ExecutionGraphHandler.java:139) ~[flink-dist-2.1.0.jar:2.1.0]
	at org.apache.flink.util.MdcUtils.lambda$wrapRunnable$1(MdcUtils.java:70) ~[flink-dist-2.1.0.jar:2.1.0]
	at java.base/java.util.concurrent.ThreadPoolExecutor.runWorker(Unknown Source) [?:?]
	at java.base/java.util.concurrent.ThreadPoolExecutor$Worker.run(Unknown Source) [?:?]
	at java.base/java.lang.Thread.run(Unknown Source) [?:?]
Caused by: org.apache.flink.util.SerializedThrowable: org.apache.flink.runtime.checkpoint.CheckpointException: Task name with subtask : KEYED PROCESS -> Sink: Print to Std. Out (1/1)#0 Failure reason: Checkpoint was declined (tasks not ready)
	at org.apache.flink.runtime.taskmanager.Task.declineCheckpoint(Task.java:1425) ~[flink-dist-2.1.0.jar:2.1.0]
	at org.apache.flink.runtime.taskmanager.Task.declineCheckpoint(Task.java:1418) ~[flink-dist-2.1.0.jar:2.1.0]
	at org.apache.flink.runtime.taskmanager.Task.triggerCheckpointBarrier(Task.java:1412) ~[flink-dist-2.1.0.jar:2.1.0]
	at org.apache.flink.runtime.taskexecutor.TaskExecutor.triggerCheckpoint(TaskExecutor.java:1097) ~[flink-dist-2.1.0.jar:2.1.0]
	at java.base/jdk.internal.reflect.NativeMethodAccessorImpl.invoke0(Native Method) ~[?:?]
	at java.base/jdk.internal.reflect.NativeMethodAccessorImpl.invoke(Unknown Source) ~[?:?]
	at java.base/jdk.internal.reflect.DelegatingMethodAccessorImpl.invoke(Unknown Source) ~[?:?]
	at java.base/java.lang.reflect.Method.invoke(Unknown Source) ~[?:?]
	at org.apache.flink.runtime.rpc.pekko.PekkoRpcActor.lambda$handleRpcInvocation$1(PekkoRpcActor.java:318) ~[?:?]
	at org.apache.flink.runtime.concurrent.ClassLoadingUtils.runWithContextClassLoader(ClassLoadingUtils.java:83) ~[flink-dist-2.1.0.jar:2.1.0]
	at org.apache.flink.runtime.rpc.pekko.PekkoRpcActor.handleRpcInvocation(PekkoRpcActor.java:316) ~[?:?]
	at org.apache.flink.runtime.rpc.pekko.PekkoRpcActor.handleRpcMessage(PekkoRpcActor.java:229) ~[?:?]
	at org.apache.flink.runtime.rpc.pekko.PekkoRpcActor.handleMessage(PekkoRpcActor.java:174) ~[?:?]
	at org.apache.pekko.japi.pf.UnitCaseStatement.apply(CaseStatements.scala:33) ~[?:?]
	at org.apache.pekko.japi.pf.UnitCaseStatement.apply(CaseStatements.scala:29) ~[?:?]
	at scala.PartialFunction.applyOrElse(PartialFunction.scala:127) ~[flink-scala_2.12-2.1.0.jar:2.1.0]
	at scala.PartialFunction.applyOrElse$(PartialFunction.scala:126) ~[flink-scala_2.12-2.1.0.jar:2.1.0]
	at org.apache.pekko.japi.pf.UnitCaseStatement.applyOrElse(CaseStatements.scala:29) ~[?:?]
	at scala.PartialFunction$OrElse.applyOrElse(PartialFunction.scala:175) ~[flink-scala_2.12-2.1.0.jar:2.1.0]
	at scala.PartialFunction$OrElse.applyOrElse(PartialFunction.scala:176) ~[flink-scala_2.12-2.1.0.jar:2.1.0]
	at scala.PartialFunction$OrElse.applyOrElse(PartialFunction.scala:176) ~[flink-scala_2.12-2.1.0.jar:2.1.0]
	at org.apache.pekko.actor.Actor.aroundReceive(Actor.scala:547) ~[?:?]
	at org.apache.pekko.actor.Actor.aroundReceive$(Actor.scala:545) ~[?:?]
	at org.apache.pekko.actor.AbstractActor.aroundReceive(AbstractActor.scala:229) ~[?:?]
	at org.apache.pekko.actor.ActorCell.receiveMessage(ActorCell.scala:590) ~[?:?]
	at org.apache.pekko.actor.ActorCell.invoke(ActorCell.scala:557) ~[?:?]
	at org.apache.pekko.dispatch.Mailbox.processMailbox(Mailbox.scala:272) ~[?:?]
	at org.apache.pekko.dispatch.Mailbox.run(Mailbox.scala:233) ~[?:?]
	at org.apache.pekko.dispatch.Mailbox.exec(Mailbox.scala:245) ~[?:?]
	at java.base/java.util.concurrent.ForkJoinTask.doExec(Unknown Source) ~[?:?]
	at java.base/java.util.concurrent.ForkJoinPool$WorkQueue.topLevelExec(Unknown Source) ~[?:?]
	at java.base/java.util.concurrent.ForkJoinPool.scan(Unknown Source) ~[?:?]
	at java.base/java.util.concurrent.ForkJoinPool.runWorker(Unknown Source) ~[?:?]
	at java.base/java.util.concurrent.ForkJoinWorkerThread.run(Unknown Source) ~[?:?]
2025-10-22 18:44:01,762 INFO  org.apache.flink.runtime.checkpoint.CheckpointRequestDecider [] - checkpoint request time in queue: 27713
2025-10-22 18:44:01,771 INFO  org.apache.flink.runtime.executiongraph.ExecutionGraph       [] - Job Word Counter (5b1786d223a1016b801ea51535058627) switched from state RUNNING to FINISHED.
2025-10-22 18:44:01,776 INFO  org.apache.flink.runtime.checkpoint.CheckpointCoordinator    [] - Stopping checkpoint coordinator for job 5b1786d223a1016b801ea51535058627.
2025-10-22 18:44:01,781 INFO  org.apache.flink.runtime.resourcemanager.slotmanager.FineGrainedSlotManager [] - Clearing resource requirements of job 5b1786d223a1016b801ea51535058627
2025-10-22 18:44:01,799 INFO  org.apache.flink.runtime.dispatcher.StandaloneDispatcher     [] - Job 5b1786d223a1016b801ea51535058627 reached terminal state FINISHED.
2025-10-22 18:44:01,857 INFO  org.apache.flink.runtime.jobmaster.JobMaster                 [] - Stopping the JobMaster for job 'Word Counter' (5b1786d223a1016b801ea51535058627).
2025-10-22 18:44:01,865 INFO  org.apache.flink.runtime.checkpoint.StandaloneCompletedCheckpointStore [] - Shutting down
2025-10-22 18:44:01,872 INFO  org.apache.flink.runtime.jobmaster.slotpool.DefaultDeclarativeSlotPool [] - Releasing slot [0136747545703c61daac6497fd30a040].
2025-10-22 18:44:01,873 INFO  org.apache.flink.runtime.jobmaster.JobMaster                 [] - Disconnect TaskExecutor 127.0.0.1:46487-d272c1 because: Stopping JobMaster for job 'Word Counter' (5b1786d223a1016b801ea51535058627).
2025-10-22 18:44:01,875 INFO  org.apache.flink.runtime.jobmaster.JobMaster                 [] - Close ResourceManager connection 9ba8d9b65a785e49d14317f534dd1f73: Stopping JobMaster for job 'Word Counter' (5b1786d223a1016b801ea51535058627).
2025-10-22 18:44:01,876 INFO  org.apache.flink.runtime.resourcemanager.StandaloneResourceManager [] - Disconnect job manager 00000000000000000000000000000000@pekko.tcp://flink@88c960070ae1:6123/user/rpc/jobmanager_2 for job 5b1786d223a1016b801ea51535058627 from the resource manager.
2025-10-22 18:44:01,915 INFO  org.apache.flink.runtime.resourcemanager.slotmanager.DefaultSlotStatusSyncer [] - Freeing slot 0136747545703c61daac6497fd30a040.
2025-10-22 18:44:04,803 INFO  org.apache.flink.runtime.dispatcher.StandaloneDispatcher     [] - Received job submission 'Word Counter' (ccb3ea7e139dc31d6053bb41db8a1581).
2025-10-22 18:44:04,803 INFO  org.apache.flink.runtime.dispatcher.StandaloneDispatcher     [] - Submitting job 'Word Counter' (ccb3ea7e139dc31d6053bb41db8a1581).
2025-10-22 18:44:04,893 INFO  org.apache.flink.runtime.jobmaster.JobMasterServiceLeadershipRunner [] - JobMasterServiceLeadershipRunner for job ccb3ea7e139dc31d6053bb41db8a1581 was granted leadership with leader id 00000000-0000-0000-0000-000000000000. Creating new JobMasterServiceProcess.
2025-10-22 18:44:04,898 INFO  org.apache.flink.runtime.rpc.pekko.PekkoRpcService           [] - Starting RPC endpoint for org.apache.flink.runtime.jobmaster.JobMaster at pekko://flink/user/rpc/jobmanager_3 .
2025-10-22 18:44:04,899 INFO  org.apache.flink.runtime.jobmaster.JobMaster                 [] - Initializing job 'Word Counter' (ccb3ea7e139dc31d6053bb41db8a1581).
2025-10-22 18:44:04,926 INFO  org.apache.flink.runtime.jobmaster.JobMaster                 [] - Using restart back off time strategy ExponentialDelayRestartBackoffTimeStrategy(initialBackoffMS=1000, maxBackoffMS=60000, backoffMultiplier=1.5, resetBackoffThresholdMS=3600000, jitterFactor=0.1, attemptsBeforeResetBackoff=2147483647, currentRestartAttempt=0, nextRestartTimestamp=-2147483648) for Word Counter (ccb3ea7e139dc31d6053bb41db8a1581).
2025-10-22 18:44:04,927 INFO  org.apache.flink.runtime.executiongraph.ExecutionGraph       [] - Created execution graph 649980e7500fe5eb0a4c46df46bbe6ca for job ccb3ea7e139dc31d6053bb41db8a1581.
2025-10-22 18:44:04,929 INFO  org.apache.flink.runtime.jobmaster.JobMaster                 [] - Running initialization on master for job Word Counter (ccb3ea7e139dc31d6053bb41db8a1581).
2025-10-22 18:44:04,933 INFO  org.apache.flink.runtime.jobmaster.JobMaster                 [] - Successfully ran initialization on master in 3 ms.
2025-10-22 18:44:04,933 INFO  org.apache.flink.runtime.scheduler.adapter.DefaultExecutionTopology [] - Built 1 new pipelined regions in 0 ms, total 1 pipelined regions currently.
2025-10-22 18:44:04,935 INFO  org.apache.flink.runtime.jobmaster.JobMaster                 [] - Loading state backend via factory org.apache.flink.state.rocksdb.EmbeddedRocksDBStateBackendFactory
2025-10-22 18:44:04,935 INFO  org.apache.flink.state.rocksdb.EmbeddedRocksDBStateBackend   [] - Using predefined options: DEFAULT.
2025-10-22 18:44:04,938 INFO  org.apache.flink.runtime.state.StateBackendLoader            [] - State backend loader loads the state backend as EmbeddedRocksDBStateBackend
2025-10-22 18:44:04,939 INFO  org.apache.flink.runtime.jobmaster.JobMaster                 [] - Checkpoint storage is set to 'filesystem': (checkpoints "file:/tmp/flink-checkpoints")
2025-10-22 18:44:04,939 INFO  org.apache.flink.runtime.checkpoint.CheckpointCoordinator    [] - No checkpoint found during restore.
2025-10-22 18:44:04,942 INFO  org.apache.flink.runtime.checkpoint.CheckpointCoordinator    [] - Starting job ccb3ea7e139dc31d6053bb41db8a1581 from savepoint /tmp/flink-checkpoints/savepoint-5b1786-9718c62873bd ()
2025-10-22 18:44:04,954 INFO  org.apache.flink.runtime.checkpoint.CheckpointCoordinator    [] - Reset the checkpoint ID of job ccb3ea7e139dc31d6053bb41db8a1581 to 3.
2025-10-22 18:44:04,955 INFO  org.apache.flink.runtime.checkpoint.CheckpointCoordinator    [] - Restoring job ccb3ea7e139dc31d6053bb41db8a1581 from Savepoint 2 @ 0 for ccb3ea7e139dc31d6053bb41db8a1581 located at file:/tmp/flink-checkpoints/savepoint-5b1786-9718c62873bd.
2025-10-22 18:44:04,994 INFO  org.apache.flink.runtime.checkpoint.CheckpointCoordinator    [] - No master state to restore
2025-10-22 18:44:04,994 INFO  org.apache.flink.runtime.jobmaster.JobMaster                 [] - Using failover strategy org.apache.flink.runtime.executiongraph.failover.RestartPipelinedRegionFailoverStrategy@3eee90b4 for Word Counter (ccb3ea7e139dc31d6053bb41db8a1581).
2025-10-22 18:44:04,997 INFO  org.apache.flink.runtime.jobmaster.JobMaster                 [] - Starting execution of job 'Word Counter' (ccb3ea7e139dc31d6053bb41db8a1581) under job master id 00000000000000000000000000000000.
2025-10-22 18:44:04,998 INFO  org.apache.flink.runtime.jobmaster.JobMaster                 [] - Starting scheduling with scheduling strategy [org.apache.flink.runtime.scheduler.strategy.PipelinedRegionSchedulingStrategy]
2025-10-22 18:44:04,999 INFO  org.apache.flink.runtime.executiongraph.ExecutionGraph       [] - Job Word Counter (ccb3ea7e139dc31d6053bb41db8a1581) switched from state CREATED to RUNNING.
2025-10-22 18:44:05,002 INFO  org.apache.flink.runtime.executiongraph.ExecutionGraph       [] - Source: Collection Source -> _stream_key_by_map_operator (1/1) (649980e7500fe5eb0a4c46df46bbe6ca_cbc357ccb763df2852fee8c4fc7d55f2_0_0) switched from CREATED to SCHEDULED.
2025-10-22 18:44:05,003 INFO  org.apache.flink.runtime.executiongraph.ExecutionGraph       [] - KEYED PROCESS -> Sink: Print to Std. Out (1/1) (649980e7500fe5eb0a4c46df46bbe6ca_90bea66de1c231edf33913ecd54406c1_0_0) switched from CREATED to SCHEDULED.
2025-10-22 18:44:05,004 INFO  org.apache.flink.runtime.jobmaster.JobMaster                 [] - Connecting to ResourceManager pekko.tcp://flink@88c960070ae1:6123/user/rpc/resourcemanager_*(00000000000000000000000000000000)
2025-10-22 18:44:05,007 INFO  org.apache.flink.runtime.jobmaster.JobMaster                 [] - Resolved ResourceManager address, beginning registration
2025-10-22 18:44:05,007 INFO  org.apache.flink.runtime.resourcemanager.StandaloneResourceManager [] - Registering job manager 00000000000000000000000000000000@pekko.tcp://flink@88c960070ae1:6123/user/rpc/jobmanager_3 for job ccb3ea7e139dc31d6053bb41db8a1581.
2025-10-22 18:44:05,011 INFO  org.apache.flink.runtime.resourcemanager.StandaloneResourceManager [] - Registered job manager 00000000000000000000000000000000@pekko.tcp://flink@88c960070ae1:6123/user/rpc/jobmanager_3 for job ccb3ea7e139dc31d6053bb41db8a1581.
2025-10-22 18:44:05,012 INFO  org.apache.flink.runtime.jobmaster.JobMaster                 [] - JobManager successfully registered at ResourceManager, leader id: 00000000000000000000000000000000.
2025-10-22 18:44:05,012 INFO  org.apache.flink.runtime.resourcemanager.slotmanager.FineGrainedSlotManager [] - Received resource requirements from job ccb3ea7e139dc31d6053bb41db8a1581: [ResourceRequirement{resourceProfile=ResourceProfile{UNKNOWN}, numberOfRequiredSlots=1}]
2025-10-22 18:44:05,026 INFO  org.apache.flink.runtime.resourcemanager.slotmanager.FineGrainedSlotManager [] - Received resource requirements from job ccb3ea7e139dc31d6053bb41db8a1581: [ResourceRequirement{resourceProfile=ResourceProfile{UNKNOWN}, numberOfRequiredSlots=1}]
2025-10-22 18:44:05,079 INFO  org.apache.flink.runtime.resourcemanager.slotmanager.FineGrainedSlotManager [] - Matching resource requirements against available resources.
Missing resources:
	 Job ccb3ea7e139dc31d6053bb41db8a1581
		ResourceRequirement{resourceProfile=ResourceProfile{UNKNOWN}, numberOfRequiredSlots=1}
Current resources:
	TaskManager 127.0.0.1:46487-d272c1
		Available: ResourceProfile{cpuCores=1, taskHeapMemory=384.000mb (402653174 bytes), taskOffHeapMemory=0 bytes, managedMemory=512.000mb (536870920 bytes), networkMemory=128.000mb (134217730 bytes)}
		Total:     ResourceProfile{cpuCores=1, taskHeapMemory=384.000mb (402653174 bytes), taskOffHeapMemory=0 bytes, managedMemory=512.000mb (536870920 bytes), networkMemory=128.000mb (134217730 bytes)}
2025-10-22 18:44:05,081 INFO  org.apache.flink.runtime.resourcemanager.slotmanager.DefaultSlotStatusSyncer [] - Starting allocation of slot 45651032146cbbb65d930bdb3024fc09 from 127.0.0.1:46487-d272c1 for job ccb3ea7e139dc31d6053bb41db8a1581 with resource profile ResourceProfile{cpuCores=1, taskHeapMemory=384.000mb (402653174 bytes), taskOffHeapMemory=0 bytes, managedMemory=512.000mb (536870920 bytes), networkMemory=128.000mb (134217730 bytes)}.
2025-10-22 18:44:05,157 INFO  org.apache.flink.runtime.executiongraph.ExecutionGraph       [] - Source: Collection Source -> _stream_key_by_map_operator (1/1) (649980e7500fe5eb0a4c46df46bbe6ca_cbc357ccb763df2852fee8c4fc7d55f2_0_0) switched from SCHEDULED to DEPLOYING.
2025-10-22 18:44:05,160 INFO  org.apache.flink.runtime.executiongraph.ExecutionGraph       [] - Deploying Source: Collection Source -> _stream_key_by_map_operator (1/1) (attempt #0) with attempt id 649980e7500fe5eb0a4c46df46bbe6ca_cbc357ccb763df2852fee8c4fc7d55f2_0_0 and vertex id cbc357ccb763df2852fee8c4fc7d55f2_0 to 127.0.0.1:46487-d272c1 @ localhost (dataPort=40405) with allocation id 45651032146cbbb65d930bdb3024fc09
2025-10-22 18:44:05,164 INFO  org.apache.flink.runtime.executiongraph.ExecutionGraph       [] - KEYED PROCESS -> Sink: Print to Std. Out (1/1) (649980e7500fe5eb0a4c46df46bbe6ca_90bea66de1c231edf33913ecd54406c1_0_0) switched from SCHEDULED to DEPLOYING.
2025-10-22 18:44:05,164 INFO  org.apache.flink.runtime.executiongraph.ExecutionGraph       [] - Deploying KEYED PROCESS -> Sink: Print to Std. Out (1/1) (attempt #0) with attempt id 649980e7500fe5eb0a4c46df46bbe6ca_90bea66de1c231edf33913ecd54406c1_0_0 and vertex id 90bea66de1c231edf33913ecd54406c1_0 to 127.0.0.1:46487-d272c1 @ localhost (dataPort=40405) with allocation id 45651032146cbbb65d930bdb3024fc09
2025-10-22 18:44:05,475 INFO  org.apache.flink.runtime.executiongraph.ExecutionGraph       [] - KEYED PROCESS -> Sink: Print to Std. Out (1/1) (649980e7500fe5eb0a4c46df46bbe6ca_90bea66de1c231edf33913ecd54406c1_0_0) switched from DEPLOYING to INITIALIZING.
2025-10-22 18:44:05,520 INFO  org.apache.flink.runtime.executiongraph.ExecutionGraph       [] - Source: Collection Source -> _stream_key_by_map_operator (1/1) (649980e7500fe5eb0a4c46df46bbe6ca_cbc357ccb763df2852fee8c4fc7d55f2_0_0) switched from DEPLOYING to INITIALIZING.
2025-10-22 18:44:05,605 INFO  org.apache.flink.runtime.checkpoint.CheckpointFailureManager [] - Failed to trigger checkpoint for job ccb3ea7e139dc31d6053bb41db8a1581 since Checkpoint triggering task Source: Collection Source -> _stream_key_by_map_operator (1/1) of job ccb3ea7e139dc31d6053bb41db8a1581 is not being executed at the moment. Aborting checkpoint. Failure reason: Not all required tasks are currently running..
