2025-10-22 18:43:09,174 INFO  org.apache.flink.runtime.taskexecutor.TaskManagerRunner      [] - --------------------------------------------------------------------------------
2025-10-22 18:43:09,177 INFO  org.apache.flink.runtime.taskexecutor.TaskManagerRunner      [] -  Preconfiguration: 
2025-10-22 18:43:09,177 INFO  org.apache.flink.runtime.taskexecutor.TaskManagerRunner      [] - 


RESOURCE_PARAMS extraction logs:
jvm_params: -Xmx536870902 -Xms536870902 -XX:MaxDirectMemorySize=268435458 -XX:MaxMetaspaceSize=268435456
dynamic_configs: -D taskmanager.memory.network.min=134217730b -D taskmanager.cpu.cores=1.0 -D taskmanager.memory.task.off-heap.size=0b -D taskmanager.memory.jvm-metaspace.size=268435456b -D external-resources=none -D taskmanager.memory.jvm-overhead.min=201326592b -D taskmanager.memory.framework.off-heap.size=134217728b -D taskmanager.memory.network.max=134217730b -D taskmanager.memory.framework.heap.size=134217728b -D taskmanager.memory.managed.size=536870920b -D taskmanager.memory.task.heap.size=402653174b -D taskmanager.numberOfTaskSlots=1 -D taskmanager.memory.jvm-overhead.max=201326592b
logs: INFO  [] - Using standard YAML parser to load flink configuration file from /opt/flink/conf/config.yaml.
INFO  [] - Loading configuration property: blob.server.port, 6124
INFO  [] - Loading configuration property: taskmanager.memory.process.size, 1728m
INFO  [] - Loading configuration property: taskmanager.bind-host, 0.0.0.0
INFO  [] - Loading configuration property: jobmanager.execution.failover-strategy, region
INFO  [] - Loading configuration property: jobmanager.rpc.address, 88c960070ae1
INFO  [] - Loading configuration property: execution.checkpointing.incremental, false
INFO  [] - Loading configuration property: state.backend.rocksdb.localdir, /tmp/rocksdb
INFO  [] - Loading configuration property: execution.target, remote
INFO  [] - Loading configuration property: jobmanager.memory.process.size, 1600m
INFO  [] - Loading configuration property: jobmanager.rpc.port, 6123
INFO  [] - Loading configuration property: query.server.port, 6125
INFO  [] - Loading configuration property: rest.bind-address, 0.0.0.0
INFO  [] - Loading configuration property: jobmanager.bind-host, 0.0.0.0
INFO  [] - Loading configuration property: execution.checkpointing.savepoint-dir, file:///tmp/flink-checkpoints
INFO  [] - Loading configuration property: taskmanager.host, 127.0.0.1
INFO  [] - Loading configuration property: execution.checkpointing.externalized-checkpoint-retention, RETAIN_ON_CANCELLATION
INFO  [] - Loading configuration property: parallelism.default, 1
INFO  [] - Loading configuration property: taskmanager.numberOfTaskSlots, 1
INFO  [] - Loading configuration property: execution.checkpointing.local-backup.enabled, true
INFO  [] - Loading configuration property: rest.address, 127.0.0.1
INFO  [] - Loading configuration property: execution.state-recovery.ignore-unclaimed-state, true
INFO  [] - Loading configuration property: execution.checkpointing.dir, file:///tmp/flink-checkpoints
INFO  [] - Loading configuration property: env.java.opts.all, --add-exports=java.rmi/sun.rmi.registry=ALL-UNNAMED --add-exports=java.security.jgss/sun.security.krb5=ALL-UNNAMED --add-opens=java.base/java.lang=ALL-UNNAMED --add-opens=java.base/java.net=ALL-UNNAMED --add-opens=java.base/java.io=ALL-UNNAMED --add-opens=java.base/java.nio=ALL-UNNAMED --add-opens=java.base/sun.nio.ch=ALL-UNNAMED --add-opens=java.base/java.lang.reflect=ALL-UNNAMED --add-opens=java.base/java.text=ALL-UNNAMED --add-opens=java.base/java.time=ALL-UNNAMED --add-opens=java.base/java.util=ALL-UNNAMED --add-opens=java.base/java.util.concurrent=ALL-UNNAMED --add-opens=java.base/java.util.concurrent.atomic=ALL-UNNAMED --add-opens=java.base/java.util.concurrent.locks=ALL-UNNAMED
INFO  [] - Loading configuration property: state.backend.type, rocksdb
INFO  [] - The derived from fraction jvm overhead memory (172.800mb (181193935 bytes)) is less than its min value 192.000mb (201326592 bytes), min value will be used instead
INFO  [] - Final TaskExecutor Memory configuration:
INFO  [] -   Total Process Memory:          1.688gb (1811939328 bytes)
INFO  [] -     Total Flink Memory:          1.250gb (1342177280 bytes)
INFO  [] -       Total JVM Heap Memory:     512.000mb (536870902 bytes)
INFO  [] -         Framework:               128.000mb (134217728 bytes)
INFO  [] -         Task:                    384.000mb (402653174 bytes)
INFO  [] -       Total Off-heap Memory:     768.000mb (805306378 bytes)
INFO  [] -         Managed:                 512.000mb (536870920 bytes)
INFO  [] -         Total JVM Direct Memory: 256.000mb (268435458 bytes)
INFO  [] -           Framework:             128.000mb (134217728 bytes)
INFO  [] -           Task:                  0 bytes
INFO  [] -           Network:               128.000mb (134217730 bytes)
INFO  [] -     JVM Metaspace:               256.000mb (268435456 bytes)
INFO  [] -     JVM Overhead:                192.000mb (201326592 bytes)

2025-10-22 18:43:09,178 INFO  org.apache.flink.runtime.taskexecutor.TaskManagerRunner      [] - --------------------------------------------------------------------------------
2025-10-22 18:43:09,186 INFO  org.apache.flink.runtime.taskexecutor.TaskManagerRunner      [] -  Starting TaskManager (Version: 2.1.0, Scala: 2.12, Rev:4cb6bd3, Date:2025-07-21T13:23:51+02:00)
2025-10-22 18:43:09,187 INFO  org.apache.flink.runtime.taskexecutor.TaskManagerRunner      [] -  OS current user: flink
2025-10-22 18:43:09,187 INFO  org.apache.flink.runtime.taskexecutor.TaskManagerRunner      [] -  Current Hadoop/Kerberos user: <no hadoop dependency found>
2025-10-22 18:43:09,187 INFO  org.apache.flink.runtime.taskexecutor.TaskManagerRunner      [] -  JVM: OpenJDK 64-Bit Server VM - Eclipse Adoptium - 17/17.0.16+8
2025-10-22 18:43:09,188 INFO  org.apache.flink.runtime.taskexecutor.TaskManagerRunner      [] -  Arch: amd64
2025-10-22 18:43:09,190 INFO  org.apache.flink.runtime.taskexecutor.TaskManagerRunner      [] -  Maximum heap size: 512 MiBytes
2025-10-22 18:43:09,190 INFO  org.apache.flink.runtime.taskexecutor.TaskManagerRunner      [] -  JAVA_HOME: /opt/java/openjdk
2025-10-22 18:43:09,190 INFO  org.apache.flink.runtime.taskexecutor.TaskManagerRunner      [] -  No Hadoop Dependency available
2025-10-22 18:43:09,190 INFO  org.apache.flink.runtime.taskexecutor.TaskManagerRunner      [] -  JVM Options:
2025-10-22 18:43:09,190 INFO  org.apache.flink.runtime.taskexecutor.TaskManagerRunner      [] -     -Xmx536870902
2025-10-22 18:43:09,190 INFO  org.apache.flink.runtime.taskexecutor.TaskManagerRunner      [] -     -Xms536870902
2025-10-22 18:43:09,191 INFO  org.apache.flink.runtime.taskexecutor.TaskManagerRunner      [] -     -XX:MaxDirectMemorySize=268435458
2025-10-22 18:43:09,191 INFO  org.apache.flink.runtime.taskexecutor.TaskManagerRunner      [] -     -XX:MaxMetaspaceSize=268435456
2025-10-22 18:43:09,191 INFO  org.apache.flink.runtime.taskexecutor.TaskManagerRunner      [] -     -XX:+IgnoreUnrecognizedVMOptions
2025-10-22 18:43:09,191 INFO  org.apache.flink.runtime.taskexecutor.TaskManagerRunner      [] -     --add-exports=java.rmi/sun.rmi.registry=ALL-UNNAMED
2025-10-22 18:43:09,191 INFO  org.apache.flink.runtime.taskexecutor.TaskManagerRunner      [] -     --add-exports=java.security.jgss/sun.security.krb5=ALL-UNNAMED
2025-10-22 18:43:09,192 INFO  org.apache.flink.runtime.taskexecutor.TaskManagerRunner      [] -     --add-opens=java.base/java.lang=ALL-UNNAMED
2025-10-22 18:43:09,192 INFO  org.apache.flink.runtime.taskexecutor.TaskManagerRunner      [] -     --add-opens=java.base/java.net=ALL-UNNAMED
2025-10-22 18:43:09,192 INFO  org.apache.flink.runtime.taskexecutor.TaskManagerRunner      [] -     --add-opens=java.base/java.io=ALL-UNNAMED
2025-10-22 18:43:09,192 INFO  org.apache.flink.runtime.taskexecutor.TaskManagerRunner      [] -     --add-opens=java.base/java.nio=ALL-UNNAMED
2025-10-22 18:43:09,192 INFO  org.apache.flink.runtime.taskexecutor.TaskManagerRunner      [] -     --add-opens=java.base/sun.nio.ch=ALL-UNNAMED
2025-10-22 18:43:09,192 INFO  org.apache.flink.runtime.taskexecutor.TaskManagerRunner      [] -     --add-opens=java.base/java.lang.reflect=ALL-UNNAMED
2025-10-22 18:43:09,193 INFO  org.apache.flink.runtime.taskexecutor.TaskManagerRunner      [] -     --add-opens=java.base/java.text=ALL-UNNAMED
2025-10-22 18:43:09,193 INFO  org.apache.flink.runtime.taskexecutor.TaskManagerRunner      [] -     --add-opens=java.base/java.time=ALL-UNNAMED
2025-10-22 18:43:09,193 INFO  org.apache.flink.runtime.taskexecutor.TaskManagerRunner      [] -     --add-opens=java.base/java.util=ALL-UNNAMED
2025-10-22 18:43:09,193 INFO  org.apache.flink.runtime.taskexecutor.TaskManagerRunner      [] -     --add-opens=java.base/java.util.concurrent=ALL-UNNAMED
2025-10-22 18:43:09,193 INFO  org.apache.flink.runtime.taskexecutor.TaskManagerRunner      [] -     --add-opens=java.base/java.util.concurrent.atomic=ALL-UNNAMED
2025-10-22 18:43:09,193 INFO  org.apache.flink.runtime.taskexecutor.TaskManagerRunner      [] -     --add-opens=java.base/java.util.concurrent.locks=ALL-UNNAMED
2025-10-22 18:43:09,194 INFO  org.apache.flink.runtime.taskexecutor.TaskManagerRunner      [] -     -Dlog.file=/opt/flink/log/flink--taskexecutor-0-88c960070ae1.log
2025-10-22 18:43:09,194 INFO  org.apache.flink.runtime.taskexecutor.TaskManagerRunner      [] -     -Dlog4j.configuration=file:/opt/flink/conf/log4j.properties
2025-10-22 18:43:09,194 INFO  org.apache.flink.runtime.taskexecutor.TaskManagerRunner      [] -     -Dlog4j.configurationFile=file:/opt/flink/conf/log4j.properties
2025-10-22 18:43:09,194 INFO  org.apache.flink.runtime.taskexecutor.TaskManagerRunner      [] -     -Dlogback.configurationFile=file:/opt/flink/conf/logback.xml
2025-10-22 18:43:09,194 INFO  org.apache.flink.runtime.taskexecutor.TaskManagerRunner      [] -  Program Arguments:
2025-10-22 18:43:09,196 INFO  org.apache.flink.runtime.taskexecutor.TaskManagerRunner      [] -     --configDir
2025-10-22 18:43:09,196 INFO  org.apache.flink.runtime.taskexecutor.TaskManagerRunner      [] -     /opt/flink/conf
2025-10-22 18:43:09,196 INFO  org.apache.flink.runtime.taskexecutor.TaskManagerRunner      [] -     -D
2025-10-22 18:43:09,196 INFO  org.apache.flink.runtime.taskexecutor.TaskManagerRunner      [] -     taskmanager.memory.network.min=134217730b
2025-10-22 18:43:09,197 INFO  org.apache.flink.runtime.taskexecutor.TaskManagerRunner      [] -     -D
2025-10-22 18:43:09,197 INFO  org.apache.flink.runtime.taskexecutor.TaskManagerRunner      [] -     taskmanager.cpu.cores=1.0
2025-10-22 18:43:09,197 INFO  org.apache.flink.runtime.taskexecutor.TaskManagerRunner      [] -     -D
2025-10-22 18:43:09,197 INFO  org.apache.flink.runtime.taskexecutor.TaskManagerRunner      [] -     taskmanager.memory.task.off-heap.size=0b
2025-10-22 18:43:09,197 INFO  org.apache.flink.runtime.taskexecutor.TaskManagerRunner      [] -     -D
2025-10-22 18:43:09,197 INFO  org.apache.flink.runtime.taskexecutor.TaskManagerRunner      [] -     taskmanager.memory.jvm-metaspace.size=268435456b
2025-10-22 18:43:09,198 INFO  org.apache.flink.runtime.taskexecutor.TaskManagerRunner      [] -     -D
2025-10-22 18:43:09,198 INFO  org.apache.flink.runtime.taskexecutor.TaskManagerRunner      [] -     external-resources=none
2025-10-22 18:43:09,198 INFO  org.apache.flink.runtime.taskexecutor.TaskManagerRunner      [] -     -D
2025-10-22 18:43:09,198 INFO  org.apache.flink.runtime.taskexecutor.TaskManagerRunner      [] -     taskmanager.memory.jvm-overhead.min=201326592b
2025-10-22 18:43:09,198 INFO  org.apache.flink.runtime.taskexecutor.TaskManagerRunner      [] -     -D
2025-10-22 18:43:09,199 INFO  org.apache.flink.runtime.taskexecutor.TaskManagerRunner      [] -     taskmanager.memory.framework.off-heap.size=134217728b
2025-10-22 18:43:09,199 INFO  org.apache.flink.runtime.taskexecutor.TaskManagerRunner      [] -     -D
2025-10-22 18:43:09,199 INFO  org.apache.flink.runtime.taskexecutor.TaskManagerRunner      [] -     taskmanager.memory.network.max=134217730b
2025-10-22 18:43:09,199 INFO  org.apache.flink.runtime.taskexecutor.TaskManagerRunner      [] -     -D
2025-10-22 18:43:09,199 INFO  org.apache.flink.runtime.taskexecutor.TaskManagerRunner      [] -     taskmanager.memory.framework.heap.size=134217728b
2025-10-22 18:43:09,199 INFO  org.apache.flink.runtime.taskexecutor.TaskManagerRunner      [] -     -D
2025-10-22 18:43:09,199 INFO  org.apache.flink.runtime.taskexecutor.TaskManagerRunner      [] -     taskmanager.memory.managed.size=536870920b
2025-10-22 18:43:09,199 INFO  org.apache.flink.runtime.taskexecutor.TaskManagerRunner      [] -     -D
2025-10-22 18:43:09,199 INFO  org.apache.flink.runtime.taskexecutor.TaskManagerRunner      [] -     taskmanager.memory.task.heap.size=402653174b
2025-10-22 18:43:09,199 INFO  org.apache.flink.runtime.taskexecutor.TaskManagerRunner      [] -     -D
2025-10-22 18:43:09,199 INFO  org.apache.flink.runtime.taskexecutor.TaskManagerRunner      [] -     taskmanager.numberOfTaskSlots=1
2025-10-22 18:43:09,199 INFO  org.apache.flink.runtime.taskexecutor.TaskManagerRunner      [] -     -D
2025-10-22 18:43:09,200 INFO  org.apache.flink.runtime.taskexecutor.TaskManagerRunner      [] -     taskmanager.memory.jvm-overhead.max=201326592b
2025-10-22 18:43:09,200 INFO  org.apache.flink.runtime.taskexecutor.TaskManagerRunner      [] -  Classpath: /opt/flink/lib/flink-cep-2.1.0.jar:/opt/flink/lib/flink-connector-files-2.1.0.jar:/opt/flink/lib/flink-csv-2.1.0.jar:/opt/flink/lib/flink-json-2.1.0.jar:/opt/flink/lib/flink-scala_2.12-2.1.0.jar:/opt/flink/lib/flink-table-api-java-uber-2.1.0.jar:/opt/flink/lib/flink-table-planner-loader-2.1.0.jar:/opt/flink/lib/flink-table-runtime-2.1.0.jar:/opt/flink/lib/log4j-1.2-api-2.24.3.jar:/opt/flink/lib/log4j-api-2.24.3.jar:/opt/flink/lib/log4j-core-2.24.3.jar:/opt/flink/lib/log4j-layout-template-json-2.24.3.jar:/opt/flink/lib/log4j-slf4j-impl-2.24.3.jar:/opt/flink/lib/flink-dist-2.1.0.jar::::
2025-10-22 18:43:09,200 INFO  org.apache.flink.runtime.taskexecutor.TaskManagerRunner      [] - --------------------------------------------------------------------------------
2025-10-22 18:43:09,202 INFO  org.apache.flink.runtime.taskexecutor.TaskManagerRunner      [] - Registered UNIX signal handlers for [TERM, HUP, INT]
2025-10-22 18:43:09,218 INFO  org.apache.flink.runtime.taskexecutor.TaskManagerRunner      [] - Maximum number of open file descriptors is 1048576.
2025-10-22 18:43:09,229 INFO  org.apache.flink.configuration.GlobalConfiguration           [] - Using standard YAML parser to load flink configuration file from /opt/flink/conf/config.yaml.
2025-10-22 18:43:09,277 INFO  org.apache.flink.configuration.GlobalConfiguration           [] - Loading configuration property: blob.server.port, 6124
2025-10-22 18:43:09,277 INFO  org.apache.flink.configuration.GlobalConfiguration           [] - Loading configuration property: taskmanager.memory.process.size, 1728m
2025-10-22 18:43:09,277 INFO  org.apache.flink.configuration.GlobalConfiguration           [] - Loading configuration property: taskmanager.bind-host, 0.0.0.0
2025-10-22 18:43:09,277 INFO  org.apache.flink.configuration.GlobalConfiguration           [] - Loading configuration property: jobmanager.execution.failover-strategy, region
2025-10-22 18:43:09,277 INFO  org.apache.flink.configuration.GlobalConfiguration           [] - Loading configuration property: jobmanager.rpc.address, 88c960070ae1
2025-10-22 18:43:09,278 INFO  org.apache.flink.configuration.GlobalConfiguration           [] - Loading configuration property: execution.checkpointing.incremental, false
2025-10-22 18:43:09,278 INFO  org.apache.flink.configuration.GlobalConfiguration           [] - Loading configuration property: state.backend.rocksdb.localdir, /tmp/rocksdb
2025-10-22 18:43:09,278 INFO  org.apache.flink.configuration.GlobalConfiguration           [] - Loading configuration property: execution.target, remote
2025-10-22 18:43:09,278 INFO  org.apache.flink.configuration.GlobalConfiguration           [] - Loading configuration property: jobmanager.memory.process.size, 1600m
2025-10-22 18:43:09,278 INFO  org.apache.flink.configuration.GlobalConfiguration           [] - Loading configuration property: jobmanager.rpc.port, 6123
2025-10-22 18:43:09,278 INFO  org.apache.flink.configuration.GlobalConfiguration           [] - Loading configuration property: query.server.port, 6125
2025-10-22 18:43:09,278 INFO  org.apache.flink.configuration.GlobalConfiguration           [] - Loading configuration property: rest.bind-address, 0.0.0.0
2025-10-22 18:43:09,278 INFO  org.apache.flink.configuration.GlobalConfiguration           [] - Loading configuration property: jobmanager.bind-host, 0.0.0.0
2025-10-22 18:43:09,278 INFO  org.apache.flink.configuration.GlobalConfiguration           [] - Loading configuration property: execution.checkpointing.savepoint-dir, file:///tmp/flink-checkpoints
2025-10-22 18:43:09,278 INFO  org.apache.flink.configuration.GlobalConfiguration           [] - Loading configuration property: taskmanager.host, 127.0.0.1
2025-10-22 18:43:09,279 INFO  org.apache.flink.configuration.GlobalConfiguration           [] - Loading configuration property: execution.checkpointing.externalized-checkpoint-retention, RETAIN_ON_CANCELLATION
2025-10-22 18:43:09,279 INFO  org.apache.flink.configuration.GlobalConfiguration           [] - Loading configuration property: parallelism.default, 1
2025-10-22 18:43:09,279 INFO  org.apache.flink.configuration.GlobalConfiguration           [] - Loading configuration property: taskmanager.numberOfTaskSlots, 1
2025-10-22 18:43:09,279 INFO  org.apache.flink.configuration.GlobalConfiguration           [] - Loading configuration property: execution.checkpointing.local-backup.enabled, true
2025-10-22 18:43:09,279 INFO  org.apache.flink.configuration.GlobalConfiguration           [] - Loading configuration property: rest.address, 127.0.0.1
2025-10-22 18:43:09,279 INFO  org.apache.flink.configuration.GlobalConfiguration           [] - Loading configuration property: execution.state-recovery.ignore-unclaimed-state, true
2025-10-22 18:43:09,279 INFO  org.apache.flink.configuration.GlobalConfiguration           [] - Loading configuration property: execution.checkpointing.dir, file:///tmp/flink-checkpoints
2025-10-22 18:43:09,279 INFO  org.apache.flink.configuration.GlobalConfiguration           [] - Loading configuration property: env.java.opts.all, --add-exports=java.rmi/sun.rmi.registry=ALL-UNNAMED --add-exports=java.security.jgss/sun.security.krb5=ALL-UNNAMED --add-opens=java.base/java.lang=ALL-UNNAMED --add-opens=java.base/java.net=ALL-UNNAMED --add-opens=java.base/java.io=ALL-UNNAMED --add-opens=java.base/java.nio=ALL-UNNAMED --add-opens=java.base/sun.nio.ch=ALL-UNNAMED --add-opens=java.base/java.lang.reflect=ALL-UNNAMED --add-opens=java.base/java.text=ALL-UNNAMED --add-opens=java.base/java.time=ALL-UNNAMED --add-opens=java.base/java.util=ALL-UNNAMED --add-opens=java.base/java.util.concurrent=ALL-UNNAMED --add-opens=java.base/java.util.concurrent.atomic=ALL-UNNAMED --add-opens=java.base/java.util.concurrent.locks=ALL-UNNAMED
2025-10-22 18:43:09,279 INFO  org.apache.flink.configuration.GlobalConfiguration           [] - Loading configuration property: state.backend.type, rocksdb
2025-10-22 18:43:09,280 INFO  org.apache.flink.configuration.GlobalConfiguration           [] - Loading dynamic configuration property: taskmanager.memory.network.min, 134217730b
2025-10-22 18:43:09,280 INFO  org.apache.flink.configuration.GlobalConfiguration           [] - Loading dynamic configuration property: taskmanager.memory.jvm-metaspace.size, 268435456b
2025-10-22 18:43:09,280 INFO  org.apache.flink.configuration.GlobalConfiguration           [] - Loading dynamic configuration property: taskmanager.memory.task.off-heap.size, 0b
2025-10-22 18:43:09,280 INFO  org.apache.flink.configuration.GlobalConfiguration           [] - Loading dynamic configuration property: taskmanager.cpu.cores, 1.0
2025-10-22 18:43:09,280 INFO  org.apache.flink.configuration.GlobalConfiguration           [] - Loading dynamic configuration property: external-resources, none
2025-10-22 18:43:09,280 INFO  org.apache.flink.configuration.GlobalConfiguration           [] - Loading dynamic configuration property: taskmanager.memory.jvm-overhead.min, 201326592b
2025-10-22 18:43:09,280 INFO  org.apache.flink.configuration.GlobalConfiguration           [] - Loading dynamic configuration property: taskmanager.memory.framework.off-heap.size, 134217728b
2025-10-22 18:43:09,280 INFO  org.apache.flink.configuration.GlobalConfiguration           [] - Loading dynamic configuration property: taskmanager.memory.network.max, 134217730b
2025-10-22 18:43:09,281 INFO  org.apache.flink.configuration.GlobalConfiguration           [] - Loading dynamic configuration property: taskmanager.memory.framework.heap.size, 134217728b
2025-10-22 18:43:09,281 INFO  org.apache.flink.configuration.GlobalConfiguration           [] - Loading dynamic configuration property: taskmanager.memory.managed.size, 536870920b
2025-10-22 18:43:09,281 INFO  org.apache.flink.configuration.GlobalConfiguration           [] - Loading dynamic configuration property: taskmanager.memory.task.heap.size, 402653174b
2025-10-22 18:43:09,281 INFO  org.apache.flink.configuration.GlobalConfiguration           [] - Loading dynamic configuration property: taskmanager.numberOfTaskSlots, 1
2025-10-22 18:43:09,281 INFO  org.apache.flink.configuration.GlobalConfiguration           [] - Loading dynamic configuration property: taskmanager.memory.jvm-overhead.max, 201326592b
2025-10-22 18:43:09,332 INFO  org.apache.flink.core.fs.FileSystem                          [] - Hadoop is not in the classpath/dependencies. The extended set of supported File Systems via Hadoop is not available.
2025-10-22 18:43:09,346 INFO  org.apache.flink.core.plugin.DefaultPluginManager            [] - Plugin loader with ID not found, creating it: metrics-statsd
2025-10-22 18:43:09,350 INFO  org.apache.flink.core.plugin.DefaultPluginManager            [] - Plugin loader with ID not found, creating it: metrics-jmx
2025-10-22 18:43:09,350 INFO  org.apache.flink.core.plugin.DefaultPluginManager            [] - Plugin loader with ID not found, creating it: metrics-prometheus
2025-10-22 18:43:09,350 INFO  org.apache.flink.core.plugin.DefaultPluginManager            [] - Plugin loader with ID not found, creating it: metrics-influx
2025-10-22 18:43:09,351 INFO  org.apache.flink.core.plugin.DefaultPluginManager            [] - Plugin loader with ID not found, creating it: metrics-slf4j
2025-10-22 18:43:09,351 INFO  org.apache.flink.core.plugin.DefaultPluginManager            [] - Plugin loader with ID not found, creating it: metrics-otel
2025-10-22 18:43:09,351 INFO  org.apache.flink.core.plugin.DefaultPluginManager            [] - Plugin loader with ID not found, creating it: metrics-datadog
2025-10-22 18:43:09,351 INFO  org.apache.flink.core.plugin.DefaultPluginManager            [] - Plugin loader with ID not found, creating it: metrics-graphite
2025-10-22 18:43:09,351 INFO  org.apache.flink.core.plugin.DefaultPluginManager            [] - Plugin loader with ID not found, creating it: external-resource-gpu
2025-10-22 18:43:09,367 INFO  org.apache.flink.runtime.state.changelog.StateChangelogStorageLoader [] - StateChangelogStorageLoader initialized with shortcut names {memory,filesystem}.
2025-10-22 18:43:09,368 INFO  org.apache.flink.core.plugin.DefaultPluginManager            [] - Plugin loader with ID found, reusing it: metrics-statsd
2025-10-22 18:43:09,368 INFO  org.apache.flink.core.plugin.DefaultPluginManager            [] - Plugin loader with ID found, reusing it: metrics-jmx
2025-10-22 18:43:09,368 INFO  org.apache.flink.core.plugin.DefaultPluginManager            [] - Plugin loader with ID found, reusing it: metrics-prometheus
2025-10-22 18:43:09,368 INFO  org.apache.flink.core.plugin.DefaultPluginManager            [] - Plugin loader with ID found, reusing it: metrics-influx
2025-10-22 18:43:09,368 INFO  org.apache.flink.core.plugin.DefaultPluginManager            [] - Plugin loader with ID found, reusing it: metrics-slf4j
2025-10-22 18:43:09,368 INFO  org.apache.flink.core.plugin.DefaultPluginManager            [] - Plugin loader with ID found, reusing it: metrics-otel
2025-10-22 18:43:09,368 INFO  org.apache.flink.core.plugin.DefaultPluginManager            [] - Plugin loader with ID found, reusing it: metrics-datadog
2025-10-22 18:43:09,368 INFO  org.apache.flink.core.plugin.DefaultPluginManager            [] - Plugin loader with ID found, reusing it: metrics-graphite
2025-10-22 18:43:09,369 INFO  org.apache.flink.core.plugin.DefaultPluginManager            [] - Plugin loader with ID found, reusing it: external-resource-gpu
2025-10-22 18:43:09,370 INFO  org.apache.flink.runtime.state.changelog.StateChangelogStorageLoader [] - StateChangelogStorageLoader initialized with shortcut names {memory,filesystem}.
2025-10-22 18:43:09,380 INFO  org.apache.flink.runtime.security.modules.HadoopModuleFactory [] - Cannot create Hadoop Security Module because Hadoop cannot be found in the Classpath.
2025-10-22 18:43:09,399 INFO  org.apache.flink.runtime.security.modules.JaasModule         [] - Jaas file will be created as /tmp/jaas-2544832916608390281.conf.
2025-10-22 18:43:09,404 INFO  org.apache.flink.runtime.security.contexts.HadoopSecurityContextFactory [] - Cannot install HadoopSecurityContext because Hadoop cannot be found in the Classpath.
2025-10-22 18:43:09,713 INFO  org.apache.flink.runtime.taskexecutor.TaskManagerRunner      [] - Using configured hostname/address for TaskManager: 127.0.0.1.
2025-10-22 18:43:09,761 INFO  org.apache.flink.runtime.rpc.pekko.PekkoRpcServiceUtils      [] - Trying to start actor system, external address 127.0.0.1:0, bind address 0.0.0.0:0.
2025-10-22 18:43:10,437 INFO  org.apache.pekko.event.slf4j.Slf4jLogger                     [] - Slf4jLogger started
2025-10-22 18:43:10,505 INFO  org.apache.pekko.remote.RemoteActorRefProvider               [] - Pekko Cluster not in use - enabling unsafe features anyway because `pekko.remote.use-unsafe-remote-features-outside-cluster` has been enabled.
2025-10-22 18:43:10,512 INFO  org.apache.pekko.remote.Remoting                             [] - Starting remoting
2025-10-22 18:43:10,813 INFO  org.apache.pekko.remote.Remoting                             [] - Remoting started; listening on addresses :[pekko.tcp://flink@127.0.0.1:46487]
2025-10-22 18:43:10,918 INFO  org.apache.flink.runtime.rpc.pekko.PekkoRpcServiceUtils      [] - Actor system started at pekko.tcp://flink@127.0.0.1:46487
2025-10-22 18:43:10,951 INFO  org.apache.flink.runtime.taskexecutor.TaskManagerRunner      [] - Using working directory: WorkingDirectory(/tmp/tm_127.0.0.1:46487-d272c1)
2025-10-22 18:43:10,990 INFO  org.apache.flink.runtime.metrics.MetricRegistryImpl          [] - No metrics reporter configured, no metrics will be exposed/reported.
2025-10-22 18:43:10,991 INFO  org.apache.flink.runtime.metrics.MetricRegistryImpl          [] - No trace reporter configured, no traces will be exposed/reported.
2025-10-22 18:43:10,991 INFO  org.apache.flink.runtime.metrics.MetricRegistryImpl          [] - No event reporter configured, no events will be exposed/reported.
2025-10-22 18:43:11,001 INFO  org.apache.flink.runtime.rpc.pekko.PekkoRpcServiceUtils      [] - Trying to start actor system, external address 127.0.0.1:0, bind address 0.0.0.0:0.
2025-10-22 18:43:11,031 INFO  org.apache.pekko.event.slf4j.Slf4jLogger                     [] - Slf4jLogger started
2025-10-22 18:43:11,036 INFO  org.apache.pekko.remote.RemoteActorRefProvider               [] - Pekko Cluster not in use - enabling unsafe features anyway because `pekko.remote.use-unsafe-remote-features-outside-cluster` has been enabled.
2025-10-22 18:43:11,037 INFO  org.apache.pekko.remote.Remoting                             [] - Starting remoting
2025-10-22 18:43:11,048 INFO  org.apache.pekko.remote.Remoting                             [] - Remoting started; listening on addresses :[pekko.tcp://flink-metrics@127.0.0.1:42807]
2025-10-22 18:43:11,054 INFO  org.apache.flink.runtime.rpc.pekko.PekkoRpcServiceUtils      [] - Actor system started at pekko.tcp://flink-metrics@127.0.0.1:42807
2025-10-22 18:43:11,072 INFO  org.apache.flink.runtime.rpc.pekko.PekkoRpcService           [] - Starting RPC endpoint for org.apache.flink.runtime.metrics.dump.MetricQueryService at pekko://flink-metrics/user/rpc/MetricQueryService_127.0.0.1:46487-d272c1 .
2025-10-22 18:43:11,106 INFO  org.apache.flink.runtime.blob.PermanentBlobCache             [] - Created BLOB cache storage directory /tmp/tm_127.0.0.1:46487-d272c1/blobStorage
2025-10-22 18:43:11,110 INFO  org.apache.flink.runtime.blob.TransientBlobCache             [] - Created BLOB cache storage directory /tmp/tm_127.0.0.1:46487-d272c1/blobStorage
2025-10-22 18:43:11,114 INFO  org.apache.flink.runtime.externalresource.ExternalResourceUtils [] - Enabled external resources: []
2025-10-22 18:43:11,115 INFO  org.apache.flink.runtime.security.token.DelegationTokenReceiverRepository [] - Loading delegation token receivers
2025-10-22 18:43:11,119 INFO  org.apache.flink.runtime.security.token.DelegationTokenReceiverRepository [] - Delegation token receiver hadoopfs loaded and initialized
2025-10-22 18:43:11,120 INFO  org.apache.flink.runtime.security.token.DelegationTokenReceiverRepository [] - Delegation token receiver hbase loaded and initialized
2025-10-22 18:43:11,120 INFO  org.apache.flink.core.plugin.DefaultPluginManager            [] - Plugin loader with ID found, reusing it: metrics-statsd
2025-10-22 18:43:11,121 INFO  org.apache.flink.core.plugin.DefaultPluginManager            [] - Plugin loader with ID found, reusing it: metrics-jmx
2025-10-22 18:43:11,121 INFO  org.apache.flink.core.plugin.DefaultPluginManager            [] - Plugin loader with ID found, reusing it: metrics-prometheus
2025-10-22 18:43:11,121 INFO  org.apache.flink.core.plugin.DefaultPluginManager            [] - Plugin loader with ID found, reusing it: metrics-influx
2025-10-22 18:43:11,122 INFO  org.apache.flink.core.plugin.DefaultPluginManager            [] - Plugin loader with ID found, reusing it: metrics-slf4j
2025-10-22 18:43:11,122 INFO  org.apache.flink.core.plugin.DefaultPluginManager            [] - Plugin loader with ID found, reusing it: metrics-otel
2025-10-22 18:43:11,122 INFO  org.apache.flink.core.plugin.DefaultPluginManager            [] - Plugin loader with ID found, reusing it: metrics-datadog
2025-10-22 18:43:11,122 INFO  org.apache.flink.core.plugin.DefaultPluginManager            [] - Plugin loader with ID found, reusing it: metrics-graphite
2025-10-22 18:43:11,122 INFO  org.apache.flink.core.plugin.DefaultPluginManager            [] - Plugin loader with ID found, reusing it: external-resource-gpu
2025-10-22 18:43:11,123 INFO  org.apache.flink.runtime.security.token.DelegationTokenReceiverRepository [] - Delegation token receivers loaded successfully
2025-10-22 18:43:11,123 INFO  org.apache.flink.runtime.taskexecutor.TaskManagerRunner      [] - Starting TaskManager with ResourceID: 127.0.0.1:46487-d272c1
2025-10-22 18:43:11,222 INFO  org.apache.flink.runtime.taskexecutor.TaskManagerServices    [] - Temporary file directory '/tmp': total 31 GB, usable 15 GB (48.39% usable)
2025-10-22 18:43:11,225 INFO  org.apache.flink.runtime.io.disk.iomanager.IOManager         [] - Created a new FileChannelManager for spilling of task related data to disk (joins, sorting, ...). Used directories:
	/tmp/flink-io-1276b3c2-8be1-4aae-9c6a-f5b34956b058
2025-10-22 18:43:11,234 INFO  org.apache.flink.runtime.io.network.netty.NettyConfig        [] - NettyConfig [server address: /0.0.0.0, server port range: 0, ssl enabled: false, memory segment size (bytes): 32768, number of server threads: 1 (manual), number of client threads: 1 (manual), server connect backlog: 0 (use Netty's default), client connect timeout (sec): 120, send/receive buffer size (bytes): 0 (use Netty's default)]
2025-10-22 18:43:11,245 INFO  org.apache.flink.runtime.io.network.NettyShuffleServiceFactory [] - Created a new FileChannelManager for storing result partitions of BLOCKING shuffles. Used directories:
	/tmp/flink-netty-shuffle-acb48912-16ef-4868-ba45-1118bf37826d
2025-10-22 18:43:11,317 INFO  org.apache.flink.runtime.io.network.buffer.NetworkBufferPool [] - Allocated 128 MB for network buffer pool (number of memory segments: 4096, bytes per segment: 32768).
2025-10-22 18:43:11,329 INFO  org.apache.flink.runtime.io.network.NettyShuffleEnvironment  [] - Starting the network environment and its components.
2025-10-22 18:43:11,361 INFO  org.apache.flink.runtime.io.network.netty.NettyClient        [] - Transport type 'auto': using EPOLL.
2025-10-22 18:43:11,362 INFO  org.apache.flink.runtime.io.network.netty.NettyClient        [] - Successful initialization (took 31 ms).
2025-10-22 18:43:11,364 INFO  org.apache.flink.runtime.io.network.netty.NettyServer        [] - Transport type 'auto': using EPOLL.
2025-10-22 18:43:11,369 INFO  org.apache.flink.runtime.io.network.netty.NettyServer        [] - Successful initialization (took 6 ms). Listening on SocketAddress /[0:0:0:0:0:0:0:0%0]:40405.
2025-10-22 18:43:11,370 INFO  org.apache.flink.runtime.taskexecutor.TaskManagerServices    [] - TaskManager data connection initialized successfully; listening internally on port: 40405
2025-10-22 18:43:11,371 INFO  org.apache.flink.runtime.taskexecutor.KvStateService         [] - Starting the kvState service and its components.
2025-10-22 18:43:11,419 INFO  org.apache.flink.runtime.rpc.pekko.PekkoRpcService           [] - Starting RPC endpoint for org.apache.flink.runtime.taskexecutor.TaskExecutor at pekko://flink/user/rpc/taskmanager_0 .
2025-10-22 18:43:11,437 INFO  org.apache.flink.runtime.taskexecutor.DefaultJobLeaderService [] - Start job leader service.
2025-10-22 18:43:11,438 INFO  org.apache.flink.runtime.filecache.FileCache                 [] - User file cache uses directory /tmp/flink-dist-cache-dea5d094-b987-4f2f-8268-36ee8ed9fa4d
2025-10-22 18:43:11,440 INFO  org.apache.flink.runtime.taskexecutor.TaskExecutor           [] - Connecting to ResourceManager pekko.tcp://flink@88c960070ae1:6123/user/rpc/resourcemanager_*(00000000000000000000000000000000).
2025-10-22 18:43:11,754 INFO  org.apache.flink.runtime.taskexecutor.TaskExecutor           [] - Resolved ResourceManager address, beginning registration
2025-10-22 18:43:11,872 INFO  org.apache.flink.runtime.taskexecutor.TaskExecutor           [] - Successful registration at resource manager pekko.tcp://flink@88c960070ae1:6123/user/rpc/resourcemanager_* under registration id f9586133719251d60a14a00b87a969e6.
2025-10-22 18:43:22,021 INFO  org.apache.flink.runtime.taskexecutor.TaskExecutor           [] - Receive slot request 0136747545703c61daac6497fd30a040 for job 5b1786d223a1016b801ea51535058627 from resource manager with leader id 00000000000000000000000000000000.
2025-10-22 18:43:22,034 INFO  org.apache.flink.runtime.taskexecutor.slot.TaskSlotTableImpl [] - Allocated slot for 0136747545703c61daac6497fd30a040 with resources ResourceProfile{cpuCores=1, taskHeapMemory=384.000mb (402653174 bytes), taskOffHeapMemory=0 bytes, managedMemory=512.000mb (536870920 bytes), networkMemory=128.000mb (134217730 bytes)}.
2025-10-22 18:43:22,052 INFO  org.apache.flink.runtime.taskexecutor.DefaultJobLeaderService [] - Add job 5b1786d223a1016b801ea51535058627 for job leader monitoring.
2025-10-22 18:43:22,053 INFO  org.apache.flink.runtime.taskexecutor.DefaultJobLeaderService [] - Try to register at job manager pekko.tcp://flink@88c960070ae1:6123/user/rpc/jobmanager_2 with leader id 00000000-0000-0000-0000-000000000000.
2025-10-22 18:43:22,103 INFO  org.apache.flink.runtime.taskexecutor.DefaultJobLeaderService [] - Resolved JobManager address, beginning registration
2025-10-22 18:43:22,156 INFO  org.apache.flink.runtime.taskexecutor.DefaultJobLeaderService [] - Successful registration at job manager pekko.tcp://flink@88c960070ae1:6123/user/rpc/jobmanager_2 for job 5b1786d223a1016b801ea51535058627.
2025-10-22 18:43:22,157 INFO  org.apache.flink.runtime.taskexecutor.TaskExecutor           [] - Establish JobManager connection for job 5b1786d223a1016b801ea51535058627.
2025-10-22 18:43:22,159 INFO  org.apache.flink.runtime.taskexecutor.TaskExecutor           [] - Offer reserved slots to the leader of job 5b1786d223a1016b801ea51535058627.
2025-10-22 18:43:22,310 INFO  org.apache.flink.runtime.taskexecutor.slot.TaskSlotTableImpl [] - Activate slot 0136747545703c61daac6497fd30a040.
2025-10-22 18:43:22,353 INFO  org.apache.flink.runtime.state.changelog.StateChangelogStorageLoader [] - Creating a changelog storage with name 'memory'.
2025-10-22 18:43:22,368 INFO  org.apache.flink.runtime.state.TaskExecutorChannelStateExecutorFactoryManager [] - Creating the channel state executor factory for job id 5b1786d223a1016b801ea51535058627
2025-10-22 18:43:22,399 INFO  org.apache.flink.runtime.taskexecutor.TaskExecutor           [] - Received task Source: Collection Source -> _stream_key_by_map_operator (1/1)#0 (32d85431551b6f1202abfa9add707b54_cbc357ccb763df2852fee8c4fc7d55f2_0_0), deploy into slot with allocation id 0136747545703c61daac6497fd30a040.
2025-10-22 18:43:22,403 INFO  org.apache.flink.runtime.taskmanager.Task                    [] - Source: Collection Source -> _stream_key_by_map_operator (1/1)#0 (32d85431551b6f1202abfa9add707b54_cbc357ccb763df2852fee8c4fc7d55f2_0_0) switched from CREATED to DEPLOYING.
2025-10-22 18:43:22,409 INFO  org.apache.flink.runtime.taskmanager.Task                    [] - Loading JAR files for task Source: Collection Source -> _stream_key_by_map_operator (1/1)#0 (32d85431551b6f1202abfa9add707b54_cbc357ccb763df2852fee8c4fc7d55f2_0_0) [DEPLOYING].
2025-10-22 18:43:22,411 INFO  org.apache.flink.runtime.taskexecutor.slot.TaskSlotTableImpl [] - Activate slot 0136747545703c61daac6497fd30a040.
2025-10-22 18:43:22,412 INFO  org.apache.flink.runtime.taskexecutor.slot.TaskSlotTableImpl [] - Activate slot 0136747545703c61daac6497fd30a040.
2025-10-22 18:43:22,416 INFO  org.apache.flink.runtime.blob.BlobClient                     [] - Downloading 5b1786d223a1016b801ea51535058627/p-eb2d28ac31e2c97dd63a6894758ee2d5f438b095-bb4336fa686335eda738a1eeecdb0e1f from 88c960070ae1/172.17.0.2:6124
2025-10-22 18:43:22,473 INFO  org.apache.flink.runtime.taskexecutor.TaskExecutor           [] - Received task KEYED PROCESS -> Sink: Print to Std. Out (1/1)#0 (32d85431551b6f1202abfa9add707b54_90bea66de1c231edf33913ecd54406c1_0_0), deploy into slot with allocation id 0136747545703c61daac6497fd30a040.
2025-10-22 18:43:22,477 INFO  org.apache.flink.runtime.taskmanager.Task                    [] - KEYED PROCESS -> Sink: Print to Std. Out (1/1)#0 (32d85431551b6f1202abfa9add707b54_90bea66de1c231edf33913ecd54406c1_0_0) switched from CREATED to DEPLOYING.
2025-10-22 18:43:22,477 INFO  org.apache.flink.runtime.taskmanager.Task                    [] - Loading JAR files for task KEYED PROCESS -> Sink: Print to Std. Out (1/1)#0 (32d85431551b6f1202abfa9add707b54_90bea66de1c231edf33913ecd54406c1_0_0) [DEPLOYING].
2025-10-22 18:43:22,699 INFO  org.apache.flink.streaming.runtime.tasks.StreamTask          [] - Loading state backend via factory org.apache.flink.state.rocksdb.EmbeddedRocksDBStateBackendFactory
2025-10-22 18:43:22,710 INFO  org.apache.flink.streaming.runtime.tasks.StreamTask          [] - Loading state backend via factory org.apache.flink.state.rocksdb.EmbeddedRocksDBStateBackendFactory
2025-10-22 18:43:22,718 INFO  org.apache.flink.state.rocksdb.EmbeddedRocksDBStateBackend   [] - Using predefined options: DEFAULT.
2025-10-22 18:43:22,719 INFO  org.apache.flink.state.rocksdb.EmbeddedRocksDBStateBackend   [] - Using predefined options: DEFAULT.
2025-10-22 18:43:22,726 INFO  org.apache.flink.runtime.state.StateBackendLoader            [] - State backend loader loads the state backend as EmbeddedRocksDBStateBackend
2025-10-22 18:43:22,729 INFO  org.apache.flink.runtime.state.StateBackendLoader            [] - State backend loader loads the state backend as EmbeddedRocksDBStateBackend
2025-10-22 18:43:22,734 INFO  org.apache.flink.streaming.runtime.tasks.StreamTask          [] - Checkpoint storage is set to 'filesystem': (checkpoints "file:/tmp/flink-checkpoints")
2025-10-22 18:43:22,736 INFO  org.apache.flink.streaming.runtime.tasks.StreamTask          [] - Checkpoint storage is set to 'filesystem': (checkpoints "file:/tmp/flink-checkpoints")
2025-10-22 18:43:22,746 INFO  org.apache.flink.runtime.taskmanager.Task                    [] - KEYED PROCESS -> Sink: Print to Std. Out (1/1)#0 (32d85431551b6f1202abfa9add707b54_90bea66de1c231edf33913ecd54406c1_0_0) switched from DEPLOYING to INITIALIZING.
2025-10-22 18:43:22,747 INFO  org.apache.flink.runtime.taskmanager.Task                    [] - Source: Collection Source -> _stream_key_by_map_operator (1/1)#0 (32d85431551b6f1202abfa9add707b54_cbc357ccb763df2852fee8c4fc7d55f2_0_0) switched from DEPLOYING to INITIALIZING.
2025-10-22 18:43:22,893 INFO  org.apache.flink.runtime.state.StateBackendLoader            [] - Loading state backend via factory org.apache.flink.state.rocksdb.EmbeddedRocksDBStateBackendFactory
2025-10-22 18:43:22,893 INFO  org.apache.flink.state.rocksdb.EmbeddedRocksDBStateBackend   [] - Using predefined options: DEFAULT.
2025-10-22 18:43:22,894 INFO  org.apache.flink.runtime.state.StateBackendLoader            [] - Loading state backend via factory org.apache.flink.state.rocksdb.EmbeddedRocksDBStateBackendFactory
2025-10-22 18:43:22,894 INFO  org.apache.flink.state.rocksdb.EmbeddedRocksDBStateBackend   [] - Using predefined options: DEFAULT.
2025-10-22 18:43:22,931 INFO  org.apache.flink.runtime.state.StateBackendLoader            [] - Loading state backend via factory org.apache.flink.state.rocksdb.EmbeddedRocksDBStateBackendFactory
2025-10-22 18:43:22,932 INFO  org.apache.flink.state.rocksdb.EmbeddedRocksDBStateBackend   [] - Using predefined options: DEFAULT.
2025-10-22 18:43:22,940 INFO  org.apache.flink.state.rocksdb.EmbeddedRocksDBStateBackend   [] - Attempting to load RocksDB native library and store it under '/tmp/tm_127.0.0.1:46487-d272c1/tmp'
2025-10-22 18:43:22,961 INFO  org.apache.flink.streaming.api.operators.AbstractStreamOperator [] - The maximum bundle size is configured to 1000.
2025-10-22 18:43:22,961 INFO  org.apache.flink.streaming.api.operators.AbstractStreamOperator [] - The maximum bundle time is configured to 1000 milliseconds.
2025-10-22 18:43:23,238 INFO  org.apache.flink.state.rocksdb.EmbeddedRocksDBStateBackend   [] - Successfully loaded RocksDB native library
2025-10-22 18:43:23,252 INFO  org.apache.flink.state.rocksdb.EmbeddedRocksDBStateBackend   [] - Getting shared memory for RocksDB: shareScope=SLOT, managed=false
2025-10-22 18:43:23,256 INFO  org.apache.flink.state.rocksdb.EmbeddedRocksDBStateBackend   [] - Obtained shared RocksDB cache of size 375809644 bytes
2025-10-22 18:43:23,336 INFO  org.apache.flink.state.rocksdb.sstmerge.RocksDBManualCompactionManager [] - Creating RocksDBManualCompactionManager with settings: RocksDBManualCompactionConfig{minInterval=0, maxManualCompactions=5, maxFileSizeToCompact=50 kb, minFilesToCompact=5, maxFilesToCompact=30, maxOutputFileSize=64 mb, maxAutoCompactions=30}
2025-10-22 18:43:23,342 INFO  org.apache.flink.state.rocksdb.RocksDBKeyedStateBackendBuilder [] - Finished building RocksDB keyed state-backend at /tmp/rocksdb/job_5b1786d223a1016b801ea51535058627_op_ExternalPythonKeyedProcessOperator_90bea66de1c231edf33913ecd54406c1__1_1__uuid_7dfb11a3-5810-44e2-88af-b283e1017c79.
2025-10-22 18:43:23,413 INFO  org.apache.flink.configuration.GlobalConfiguration           [] - Using standard YAML parser to load flink configuration file from /opt/flink/conf/config.yaml.
2025-10-22 18:43:23,426 INFO  org.apache.flink.configuration.GlobalConfiguration           [] - Loading configuration property: blob.server.port, 6124
2025-10-22 18:43:23,427 INFO  org.apache.flink.configuration.GlobalConfiguration           [] - Loading configuration property: taskmanager.memory.process.size, 1728m
2025-10-22 18:43:23,431 INFO  org.apache.flink.configuration.GlobalConfiguration           [] - Loading configuration property: taskmanager.bind-host, 0.0.0.0
2025-10-22 18:43:23,431 INFO  org.apache.flink.configuration.GlobalConfiguration           [] - Loading configuration property: jobmanager.execution.failover-strategy, region
2025-10-22 18:43:23,432 INFO  org.apache.flink.configuration.GlobalConfiguration           [] - Loading configuration property: jobmanager.rpc.address, 88c960070ae1
2025-10-22 18:43:23,433 INFO  org.apache.flink.configuration.GlobalConfiguration           [] - Loading configuration property: execution.checkpointing.incremental, false
2025-10-22 18:43:23,433 INFO  org.apache.flink.configuration.GlobalConfiguration           [] - Loading configuration property: state.backend.rocksdb.localdir, /tmp/rocksdb
2025-10-22 18:43:23,434 INFO  org.apache.flink.configuration.GlobalConfiguration           [] - Loading configuration property: execution.target, remote
2025-10-22 18:43:23,435 INFO  org.apache.flink.configuration.GlobalConfiguration           [] - Loading configuration property: jobmanager.memory.process.size, 1600m
2025-10-22 18:43:23,437 INFO  org.apache.flink.configuration.GlobalConfiguration           [] - Loading configuration property: jobmanager.rpc.port, 6123
2025-10-22 18:43:23,438 INFO  org.apache.flink.configuration.GlobalConfiguration           [] - Loading configuration property: query.server.port, 6125
2025-10-22 18:43:23,438 INFO  org.apache.flink.configuration.GlobalConfiguration           [] - Loading configuration property: rest.bind-address, 0.0.0.0
2025-10-22 18:43:23,438 INFO  org.apache.flink.configuration.GlobalConfiguration           [] - Loading configuration property: jobmanager.bind-host, 0.0.0.0
2025-10-22 18:43:23,439 INFO  org.apache.flink.configuration.GlobalConfiguration           [] - Loading configuration property: execution.checkpointing.savepoint-dir, file:///tmp/flink-checkpoints
2025-10-22 18:43:23,439 INFO  org.apache.flink.configuration.GlobalConfiguration           [] - Loading configuration property: taskmanager.host, 127.0.0.1
2025-10-22 18:43:23,441 INFO  org.apache.flink.configuration.GlobalConfiguration           [] - Loading configuration property: execution.checkpointing.externalized-checkpoint-retention, RETAIN_ON_CANCELLATION
2025-10-22 18:43:23,441 INFO  org.apache.flink.configuration.GlobalConfiguration           [] - Loading configuration property: parallelism.default, 1
2025-10-22 18:43:23,441 INFO  org.apache.flink.configuration.GlobalConfiguration           [] - Loading configuration property: taskmanager.numberOfTaskSlots, 1
2025-10-22 18:43:23,441 INFO  org.apache.flink.configuration.GlobalConfiguration           [] - Loading configuration property: execution.checkpointing.local-backup.enabled, true
2025-10-22 18:43:23,441 INFO  org.apache.flink.configuration.GlobalConfiguration           [] - Loading configuration property: rest.address, 127.0.0.1
2025-10-22 18:43:23,442 INFO  org.apache.flink.configuration.GlobalConfiguration           [] - Loading configuration property: execution.state-recovery.ignore-unclaimed-state, true
2025-10-22 18:43:23,442 INFO  org.apache.flink.configuration.GlobalConfiguration           [] - Loading configuration property: execution.checkpointing.dir, file:///tmp/flink-checkpoints
2025-10-22 18:43:23,445 INFO  org.apache.flink.configuration.GlobalConfiguration           [] - Loading configuration property: env.java.opts.all, --add-exports=java.rmi/sun.rmi.registry=ALL-UNNAMED --add-exports=java.security.jgss/sun.security.krb5=ALL-UNNAMED --add-opens=java.base/java.lang=ALL-UNNAMED --add-opens=java.base/java.net=ALL-UNNAMED --add-opens=java.base/java.io=ALL-UNNAMED --add-opens=java.base/java.nio=ALL-UNNAMED --add-opens=java.base/sun.nio.ch=ALL-UNNAMED --add-opens=java.base/java.lang.reflect=ALL-UNNAMED --add-opens=java.base/java.text=ALL-UNNAMED --add-opens=java.base/java.time=ALL-UNNAMED --add-opens=java.base/java.util=ALL-UNNAMED --add-opens=java.base/java.util.concurrent=ALL-UNNAMED --add-opens=java.base/java.util.concurrent.atomic=ALL-UNNAMED --add-opens=java.base/java.util.concurrent.locks=ALL-UNNAMED
2025-10-22 18:43:23,447 INFO  org.apache.flink.configuration.GlobalConfiguration           [] - Loading configuration property: state.backend.type, rocksdb
2025-10-22 18:43:23,471 INFO  org.apache.flink.runtime.state.StateBackendLoader            [] - Loading state backend via factory org.apache.flink.state.rocksdb.EmbeddedRocksDBStateBackendFactory
2025-10-22 18:43:23,472 INFO  org.apache.flink.state.rocksdb.EmbeddedRocksDBStateBackend   [] - Using predefined options: DEFAULT.
2025-10-22 18:43:23,498 INFO  org.apache.flink.streaming.api.operators.AbstractStreamOperator [] - The maximum bundle size is configured to 1000.
2025-10-22 18:43:23,499 INFO  org.apache.flink.streaming.api.operators.AbstractStreamOperator [] - The maximum bundle time is configured to 1000 milliseconds.
2025-10-22 18:43:23,509 INFO  org.apache.flink.runtime.state.StateBackendLoader            [] - Loading state backend via factory org.apache.flink.state.rocksdb.EmbeddedRocksDBStateBackendFactory
2025-10-22 18:43:23,509 INFO  org.apache.flink.state.rocksdb.EmbeddedRocksDBStateBackend   [] - Using predefined options: DEFAULT.
2025-10-22 18:43:23,542 INFO  org.apache.flink.python.env.AbstractPythonEnvironmentManager [] - PYTHONPATH of python worker: null
2025-10-22 18:43:23,542 INFO  org.apache.flink.python.env.AbstractPythonEnvironmentManager [] - Python interpreter path: /app/.venv/bin/python
2025-10-22 18:43:24,663 INFO  org.apache.flink.streaming.api.runners.python.beam.BeamPythonFunctionRunner [] - Obtained shared Python process of size 161061276 bytes
2025-10-22 18:43:24,665 INFO  org.apache.flink.streaming.api.runners.python.beam.BeamPythonFunctionRunner [] - Obtained shared Python process of size 161061276 bytes
2025-10-22 18:43:28,266 INFO  org.apache.beam.runners.fnexecution.logging.GrpcLoggingService [] - Beam Fn Logging client connected.
2025-10-22 18:43:28,278 INFO  /app/.venv/lib/python3.9/site-packages/apache_beam/runners/worker/sdk_worker_main.py:84 [] - Logging handler created.
2025-10-22 18:43:28,278 INFO  /app/.venv/lib/python3.9/site-packages/apache_beam/runners/worker/sdk_worker_main.py:110 [] - semi_persistent_directory: /tmp
2025-10-22 18:43:28,279 WARN  /app/.venv/lib/python3.9/site-packages/apache_beam/runners/worker/sdk_worker_main.py:356 [] - No session file found: /tmp/staged/pickled_main_session. Functions defined in __main__ (interactive session) may fail. 
2025-10-22 18:43:28,280 WARN  /app/.venv/lib/python3.9/site-packages/apache_beam/options/pipeline_options.py:394 [] - Discarding unparseable args: ['--app_name=BeamPythonFunctionRunner', '--options_id=0.0'] 
2025-10-22 18:43:28,280 INFO  /app/.venv/lib/python3.9/site-packages/apache_beam/runners/worker/sdk_worker_main.py:134 [] - Pipeline_options: {'experiments': ['state_cache_size=1000']}
2025-10-22 18:43:28,280 INFO  /app/.venv/lib/python3.9/site-packages/apache_beam/runners/worker/statecache.py:214 [] - Creating state cache with size 1000
2025-10-22 18:43:28,281 INFO  /app/.venv/lib/python3.9/site-packages/apache_beam/runners/worker/sdk_worker.py:189 [] - Creating insecure control channel for localhost:46289.
2025-10-22 18:43:28,283 INFO  /app/.venv/lib/python3.9/site-packages/apache_beam/runners/worker/sdk_worker.py:197 [] - Control channel established.
2025-10-22 18:43:28,287 INFO  /app/.venv/lib/python3.9/site-packages/apache_beam/runners/worker/sdk_worker.py:247 [] - Initializing SDKHarness with unbounded number of workers.
2025-10-22 18:43:28,288 INFO  /app/.venv/lib/python3.9/site-packages/apache_beam/runners/worker/sdk_worker_main.py:211 [] - Python sdk harness starting.
2025-10-22 18:43:28,289 INFO  org.apache.beam.runners.fnexecution.control.FnApiControlClientPoolService [] - Beam Fn Control client connected with id 1-1
2025-10-22 18:43:28,376 INFO  org.apache.flink.runtime.state.StateBackendLoader            [] - Loading state backend via factory org.apache.flink.state.rocksdb.EmbeddedRocksDBStateBackendFactory
2025-10-22 18:43:28,377 INFO  org.apache.flink.state.rocksdb.EmbeddedRocksDBStateBackend   [] - Using predefined options: DEFAULT.
2025-10-22 18:43:28,391 INFO  org.apache.flink.runtime.taskmanager.Task                    [] - KEYED PROCESS -> Sink: Print to Std. Out (1/1)#0 (32d85431551b6f1202abfa9add707b54_90bea66de1c231edf33913ecd54406c1_0_0) switched from INITIALIZING to RUNNING.
2025-10-22 18:43:28,401 INFO  org.apache.flink.runtime.taskmanager.Task                    [] - Source: Collection Source -> _stream_key_by_map_operator (1/1)#0 (32d85431551b6f1202abfa9add707b54_cbc357ccb763df2852fee8c4fc7d55f2_0_0) switched from INITIALIZING to RUNNING.
2025-10-22 18:43:28,462 INFO  org.apache.beam.runners.fnexecution.control.FnApiControlClientPoolService [] - getProcessBundleDescriptor request with id 1-3
2025-10-22 18:43:28,470 INFO  /app/.venv/lib/python3.9/site-packages/apache_beam/runners/worker/sdk_worker.py:919 [] - Creating insecure state channel for localhost:42223.
2025-10-22 18:43:28,470 INFO  /app/.venv/lib/python3.9/site-packages/apache_beam/runners/worker/sdk_worker.py:926 [] - State channel established.
2025-10-22 18:43:28,477 INFO  /app/.venv/lib/python3.9/site-packages/apache_beam/runners/worker/data_plane.py:822 [] - Creating client data channel for localhost:39197
2025-10-22 18:43:28,479 INFO  org.apache.beam.runners.fnexecution.data.GrpcDataService     [] - Beam Fn Data client connected.
2025-10-22 18:43:28,672 INFO  org.apache.beam.runners.fnexecution.control.FnApiControlClientPoolService [] - getProcessBundleDescriptor request with id 1-2
2025-10-22 18:44:01,532 INFO  org.apache.flink.runtime.taskmanager.Task                    [] - Source: Collection Source -> _stream_key_by_map_operator (1/1)#0 (32d85431551b6f1202abfa9add707b54_cbc357ccb763df2852fee8c4fc7d55f2_0_0) switched from RUNNING to FINISHED.
2025-10-22 18:44:01,534 INFO  org.apache.flink.runtime.taskmanager.Task                    [] - Freeing task resources for Source: Collection Source -> _stream_key_by_map_operator (1/1)#0 (32d85431551b6f1202abfa9add707b54_cbc357ccb763df2852fee8c4fc7d55f2_0_0).
2025-10-22 18:44:01,539 INFO  org.apache.flink.runtime.taskexecutor.TaskExecutor           [] - Un-registering task and sending final execution state FINISHED to JobManager for task Source: Collection Source -> _stream_key_by_map_operator (1/1)#0 32d85431551b6f1202abfa9add707b54_cbc357ccb763df2852fee8c4fc7d55f2_0_0.
2025-10-22 18:44:01,568 INFO  org.apache.beam.runners.fnexecution.control.DefaultJobBundleFactory [] - Closing environment urn: "beam:env:process:v1"
payload: "\032H/app/.venv/lib/python3.9/site-packages/pyflink/bin/pyflink-udf-runner.sh\"Z\n\rFLINK_TGZ_URL\022Ihttps://dlcdn.apache.org/flink/flink-2.1.0/flink-2.1.0-bin-scala_2.12.tgz\"i\n\004PATH\022a/opt/flink/bin:/opt/java/openjdk/bin:/usr/local/sbin:/usr/local/bin:/usr/sbin:/usr/bin:/sbin:/bin\"&\n\bJAVA_RUN\022\032/opt/java/openjdk/bin/java\" \n\025TABLE_LOCAL_TIME_ZONE\022\aEtc/UTC\"\026\n\016ROOT_LOG_LEVEL\022\004INFO\"\036\n\tJAVA_HOME\022\021/opt/java/openjdk\"$\n\031PYFLINK_CLIENT_EXECUTABLE\022\apython3\"\021\n\tCHECK_GPG\022\004true\"\'\n\021FLINK_PLUGINS_DIR\022\022/opt/flink/plugins\"3\n\aGPG_KEY\022(7A14EF9AD986EF0D56B2E73F6AF817E6C59EC690\"\023\n\004LANG\022\ven_US.UTF-8\"E\n\fBOOT_LOG_DIR\0225/tmp/python-dist-43e6725e-0d51-44ab-93a3-e0402a377ae1\"!\n\016FLINK_CONF_DIR\022\017/opt/flink/conf\"\356\005\n\023FLINK_ENV_JAVA_OPTS\022\326\005-XX:+IgnoreUnrecognizedVMOptions --add-exports=java.rmi/sun.rmi.registry=ALL-UNNAMED --add-exports=java.security.jgss/sun.security.krb5=ALL-UNNAMED --add-opens=java.base/java.lang=ALL-UNNAMED --add-opens=java.base/java.net=ALL-UNNAMED --add-opens=java.base/java.io=ALL-UNNAMED --add-opens=java.base/java.nio=ALL-UNNAMED --add-opens=java.base/sun.nio.ch=ALL-UNNAMED --add-opens=java.base/java.lang.reflect=ALL-UNNAMED --add-opens=java.base/java.text=ALL-UNNAMED --add-opens=java.base/java.time=ALL-UNNAMED --add-opens=java.base/java.util=ALL-UNNAMED --add-opens=java.base/java.util.concurrent=ALL-UNNAMED --add-opens=java.base/java.util.concurrent.atomic=ALL-UNNAMED --add-opens=java.base/java.util.concurrent.locks=ALL-UNNAMED\"(\n\033_PYTHON_WORKER_MEMORY_LIMIT\022\t161061276\"b\n\rFLINK_ASC_URL\022Qhttps://downloads.apache.org/flink/flink-2.1.0/flink-2.1.0-bin-scala_2.12.tgz.asc\"\035\n\fJAVA_VERSION\022\rjdk-17.0.16+8\"\v\n\003PWD\022\004/app\"\037\n\001_\022\032/opt/java/openjdk/bin/java\"\024\n\bLANGUAGE\022\ben_US:en\"\037\n\rFLINK_OPT_DIR\022\016/opt/flink/opt\"\037\n\006python\022\025/app/.venv/bin/python\"\035\n\rXDG_DATA_HOME\022\f/opt/uv/data\"\030\n\nFLINK_HOME\022\n/opt/flink\" \n\030PYFLINK_GATEWAY_DISABLED\022\004true\"\031\n\023MAX_LOG_FILE_NUMBER\022\00210\"\037\n\rFLINK_LIB_DIR\022\016/opt/flink/lib\"\025\n\020PIP_NO_CACHE_DIR\022\0011\"\333\004\n\022DYNAMIC_PARAMETERS\022\304\004-D taskmanager.memory.network.min=134217730b -D taskmanager.cpu.cores=1.0 -D taskmanager.memory.task.off-heap.size=0b -D taskmanager.memory.jvm-metaspace.size=268435456b -D external-resources=none -D taskmanager.memory.jvm-overhead.min=201326592b -D taskmanager.memory.framework.off-heap.size=134217728b -D taskmanager.memory.network.max=134217730b -D taskmanager.memory.framework.heap.size=134217728b -D taskmanager.memory.managed.size=536870920b -D taskmanager.memory.task.heap.size=402653174b -D taskmanager.numberOfTaskSlots=1 -D taskmanager.memory.jvm-overhead.max=201326592b\"\034\n\027PYTHONDONTWRITEBYTECODE\022\0011\"\246$\n\024FLINK_INHERITED_LOGS\022\215$\n\n\nRESOURCE_PARAMS extraction logs:\njvm_params: -Xmx536870902 -Xms536870902 -XX:MaxDirectMemorySize=268435458 -XX:MaxMetaspaceSize=268435456\ndynamic_configs: -D taskmanager.memory.network.min=134217730b -D taskmanager.cpu.cores=1.0 -D taskmanager.memory.task.off-heap.size=0b -D taskmanager.memory.jvm-metaspace.size=268435456b -D external-resources=none -D taskmanager.memory.jvm-overhead.min=201326592b -D taskmanager.memory.framework.off-heap.size=134217728b -D taskmanager.memory.network.max=134217730b -D taskmanager.memory.framework.heap.size=134217728b -D taskmanager.memory.managed.size=536870920b -D taskmanager.memory.task.heap.size=402653174b -D taskmanager.numberOfTaskSlots=1 -D taskmanager.memory.jvm-overhead.max=201326592b\nlogs: INFO  [] - Using standard YAML parser to load flink configuration file from /opt/flink/conf/config.yaml.\nINFO  [] - Loading configuration property: blob.server.port, 6124\nINFO  [] - Loading configuration property: taskmanager.memory.process.size, 1728m\nINFO  [] - Loading configuration property: taskmanager.bind-host, 0.0.0.0\nINFO  [] - Loading configuration property: jobmanager.execution.failover-strategy, region\nINFO  [] - Loading configuration property: jobmanager.rpc.address, 88c960070ae1\nINFO  [] - Loading configuration property: execution.checkpointing.incremental, false\nINFO  [] - Loading configuration property: state.backend.rocksdb.localdir, /tmp/rocksdb\nINFO  [] - Loading configuration property: execution.target, remote\nINFO  [] - Loading configuration property: jobmanager.memory.process.size, 1600m\nINFO  [] - Loading configuration property: jobmanager.rpc.port, 6123\nINFO  [] - Loading configuration property: query.server.port, 6125\nINFO  [] - Loading configuration property: rest.bind-address, 0.0.0.0\nINFO  [] - Loading configuration property: jobmanager.bind-host, 0.0.0.0\nINFO  [] - Loading configuration property: execution.checkpointing.savepoint-dir, file:///tmp/flink-checkpoints\nINFO  [] - Loading configuration property: taskmanager.host, 127.0.0.1\nINFO  [] - Loading configuration property: execution.checkpointing.externalized-checkpoint-retention, RETAIN_ON_CANCELLATION\nINFO  [] - Loading configuration property: parallelism.default, 1\nINFO  [] - Loading configuration property: taskmanager.numberOfTaskSlots, 1\nINFO  [] - Loading configuration property: execution.checkpointing.local-backup.enabled, true\nINFO  [] - Loading configuration property: rest.address, 127.0.0.1\nINFO  [] - Loading configuration property: execution.state-recovery.ignore-unclaimed-state, true\nINFO  [] - Loading configuration property: execution.checkpointing.dir, file:///tmp/flink-checkpoints\nINFO  [] - Loading configuration property: env.java.opts.all, --add-exports=java.rmi/sun.rmi.registry=ALL-UNNAMED --add-exports=java.security.jgss/sun.security.krb5=ALL-UNNAMED --add-opens=java.base/java.lang=ALL-UNNAMED --add-opens=java.base/java.net=ALL-UNNAMED --add-opens=java.base/java.io=ALL-UNNAMED --add-opens=java.base/java.nio=ALL-UNNAMED --add-opens=java.base/sun.nio.ch=ALL-UNNAMED --add-opens=java.base/java.lang.reflect=ALL-UNNAMED --add-opens=java.base/java.text=ALL-UNNAMED --add-opens=java.base/java.time=ALL-UNNAMED --add-opens=java.base/java.util=ALL-UNNAMED --add-opens=java.base/java.util.concurrent=ALL-UNNAMED --add-opens=java.base/java.util.concurrent.atomic=ALL-UNNAMED --add-opens=java.base/java.util.concurrent.locks=ALL-UNNAMED\nINFO  [] - Loading configuration property: state.backend.type, rocksdb\nINFO  [] - The derived from fraction jvm overhead memory (172.800mb (181193935 bytes)) is less than its min value 192.000mb (201326592 bytes), min value will be used instead\nINFO  [] - Final TaskExecutor Memory configuration:\nINFO  [] -   Total Process Memory:          1.688gb (1811939328 bytes)\nINFO  [] -     Total Flink Memory:          1.250gb (1342177280 bytes)\nINFO  [] -       Total JVM Heap Memory:     512.000mb (536870902 bytes)\nINFO  [] -         Framework:               128.000mb (134217728 bytes)\nINFO  [] -         Task:                    384.000mb (402653174 bytes)\nINFO  [] -       Total Off-heap Memory:     768.000mb (805306378 bytes)\nINFO  [] -         Managed:                 512.000mb (536870920 bytes)\nINFO  [] -         Total JVM Direct Memory: 256.000mb (268435458 bytes)\nINFO  [] -           Framework:             128.000mb (134217728 bytes)\nINFO  [] -           Task:                  0 bytes\nINFO  [] -           Network:               128.000mb (134217730 bytes)\nINFO  [] -     JVM Metaspace:               256.000mb (268435456 bytes)\nINFO  [] -     JVM Overhead:                192.000mb (201326592 bytes)\n\"\024\n\fGOSU_VERSION\022\0041.11\"\025\n\020PYTHONUNBUFFERED\022\0011\"\030\n\bHOSTNAME\022\f88c960070ae1\"\025\n\006LC_ALL\022\ven_US.UTF-8\"i\n\bJVM_ARGS\022] -Xmx536870902 -Xms536870902 -XX:MaxDirectMemorySize=268435458 -XX:MaxMetaspaceSize=268435456\"7\n\nLD_PRELOAD\022):/usr/lib/x86_64-linux-gnu/libjemalloc.so\"\n\n\005SHLVL\022\0013\"\022\n\004HOME\022\n/opt/flink\"\037\n\rFLINK_BIN_DIR\022\016/opt/flink/bin"

2025-10-22 18:44:01,596 INFO  org.apache.beam.runners.fnexecution.logging.GrpcLoggingService [] - 1 Beam Fn Logging clients still connected during shutdown.
2025-10-22 18:44:01,612 INFO  org.apache.beam.sdk.fn.data.BeamFnDataGrpcMultiplexer        [] - Hanged up for unknown endpoint.
2025-10-22 18:44:01,615 INFO  org.apache.beam.sdk.fn.data.BeamFnDataGrpcMultiplexer        [] - Hanged up for unknown endpoint.
2025-10-22 18:44:01,687 WARN  org.apache.beam.runners.fnexecution.control.DefaultJobBundleFactory [] - Error cleaning up servers urn: "beam:env:process:v1"
payload: "\032H/app/.venv/lib/python3.9/site-packages/pyflink/bin/pyflink-udf-runner.sh\"Z\n\rFLINK_TGZ_URL\022Ihttps://dlcdn.apache.org/flink/flink-2.1.0/flink-2.1.0-bin-scala_2.12.tgz\"i\n\004PATH\022a/opt/flink/bin:/opt/java/openjdk/bin:/usr/local/sbin:/usr/local/bin:/usr/sbin:/usr/bin:/sbin:/bin\"&\n\bJAVA_RUN\022\032/opt/java/openjdk/bin/java\" \n\025TABLE_LOCAL_TIME_ZONE\022\aEtc/UTC\"\026\n\016ROOT_LOG_LEVEL\022\004INFO\"\036\n\tJAVA_HOME\022\021/opt/java/openjdk\"$\n\031PYFLINK_CLIENT_EXECUTABLE\022\apython3\"\021\n\tCHECK_GPG\022\004true\"\'\n\021FLINK_PLUGINS_DIR\022\022/opt/flink/plugins\"3\n\aGPG_KEY\022(7A14EF9AD986EF0D56B2E73F6AF817E6C59EC690\"\023\n\004LANG\022\ven_US.UTF-8\"E\n\fBOOT_LOG_DIR\0225/tmp/python-dist-43e6725e-0d51-44ab-93a3-e0402a377ae1\"!\n\016FLINK_CONF_DIR\022\017/opt/flink/conf\"\356\005\n\023FLINK_ENV_JAVA_OPTS\022\326\005-XX:+IgnoreUnrecognizedVMOptions --add-exports=java.rmi/sun.rmi.registry=ALL-UNNAMED --add-exports=java.security.jgss/sun.security.krb5=ALL-UNNAMED --add-opens=java.base/java.lang=ALL-UNNAMED --add-opens=java.base/java.net=ALL-UNNAMED --add-opens=java.base/java.io=ALL-UNNAMED --add-opens=java.base/java.nio=ALL-UNNAMED --add-opens=java.base/sun.nio.ch=ALL-UNNAMED --add-opens=java.base/java.lang.reflect=ALL-UNNAMED --add-opens=java.base/java.text=ALL-UNNAMED --add-opens=java.base/java.time=ALL-UNNAMED --add-opens=java.base/java.util=ALL-UNNAMED --add-opens=java.base/java.util.concurrent=ALL-UNNAMED --add-opens=java.base/java.util.concurrent.atomic=ALL-UNNAMED --add-opens=java.base/java.util.concurrent.locks=ALL-UNNAMED\"(\n\033_PYTHON_WORKER_MEMORY_LIMIT\022\t161061276\"b\n\rFLINK_ASC_URL\022Qhttps://downloads.apache.org/flink/flink-2.1.0/flink-2.1.0-bin-scala_2.12.tgz.asc\"\035\n\fJAVA_VERSION\022\rjdk-17.0.16+8\"\v\n\003PWD\022\004/app\"\037\n\001_\022\032/opt/java/openjdk/bin/java\"\024\n\bLANGUAGE\022\ben_US:en\"\037\n\rFLINK_OPT_DIR\022\016/opt/flink/opt\"\037\n\006python\022\025/app/.venv/bin/python\"\035\n\rXDG_DATA_HOME\022\f/opt/uv/data\"\030\n\nFLINK_HOME\022\n/opt/flink\" \n\030PYFLINK_GATEWAY_DISABLED\022\004true\"\031\n\023MAX_LOG_FILE_NUMBER\022\00210\"\037\n\rFLINK_LIB_DIR\022\016/opt/flink/lib\"\025\n\020PIP_NO_CACHE_DIR\022\0011\"\333\004\n\022DYNAMIC_PARAMETERS\022\304\004-D taskmanager.memory.network.min=134217730b -D taskmanager.cpu.cores=1.0 -D taskmanager.memory.task.off-heap.size=0b -D taskmanager.memory.jvm-metaspace.size=268435456b -D external-resources=none -D taskmanager.memory.jvm-overhead.min=201326592b -D taskmanager.memory.framework.off-heap.size=134217728b -D taskmanager.memory.network.max=134217730b -D taskmanager.memory.framework.heap.size=134217728b -D taskmanager.memory.managed.size=536870920b -D taskmanager.memory.task.heap.size=402653174b -D taskmanager.numberOfTaskSlots=1 -D taskmanager.memory.jvm-overhead.max=201326592b\"\034\n\027PYTHONDONTWRITEBYTECODE\022\0011\"\246$\n\024FLINK_INHERITED_LOGS\022\215$\n\n\nRESOURCE_PARAMS extraction logs:\njvm_params: -Xmx536870902 -Xms536870902 -XX:MaxDirectMemorySize=268435458 -XX:MaxMetaspaceSize=268435456\ndynamic_configs: -D taskmanager.memory.network.min=134217730b -D taskmanager.cpu.cores=1.0 -D taskmanager.memory.task.off-heap.size=0b -D taskmanager.memory.jvm-metaspace.size=268435456b -D external-resources=none -D taskmanager.memory.jvm-overhead.min=201326592b -D taskmanager.memory.framework.off-heap.size=134217728b -D taskmanager.memory.network.max=134217730b -D taskmanager.memory.framework.heap.size=134217728b -D taskmanager.memory.managed.size=536870920b -D taskmanager.memory.task.heap.size=402653174b -D taskmanager.numberOfTaskSlots=1 -D taskmanager.memory.jvm-overhead.max=201326592b\nlogs: INFO  [] - Using standard YAML parser to load flink configuration file from /opt/flink/conf/config.yaml.\nINFO  [] - Loading configuration property: blob.server.port, 6124\nINFO  [] - Loading configuration property: taskmanager.memory.process.size, 1728m\nINFO  [] - Loading configuration property: taskmanager.bind-host, 0.0.0.0\nINFO  [] - Loading configuration property: jobmanager.execution.failover-strategy, region\nINFO  [] - Loading configuration property: jobmanager.rpc.address, 88c960070ae1\nINFO  [] - Loading configuration property: execution.checkpointing.incremental, false\nINFO  [] - Loading configuration property: state.backend.rocksdb.localdir, /tmp/rocksdb\nINFO  [] - Loading configuration property: execution.target, remote\nINFO  [] - Loading configuration property: jobmanager.memory.process.size, 1600m\nINFO  [] - Loading configuration property: jobmanager.rpc.port, 6123\nINFO  [] - Loading configuration property: query.server.port, 6125\nINFO  [] - Loading configuration property: rest.bind-address, 0.0.0.0\nINFO  [] - Loading configuration property: jobmanager.bind-host, 0.0.0.0\nINFO  [] - Loading configuration property: execution.checkpointing.savepoint-dir, file:///tmp/flink-checkpoints\nINFO  [] - Loading configuration property: taskmanager.host, 127.0.0.1\nINFO  [] - Loading configuration property: execution.checkpointing.externalized-checkpoint-retention, RETAIN_ON_CANCELLATION\nINFO  [] - Loading configuration property: parallelism.default, 1\nINFO  [] - Loading configuration property: taskmanager.numberOfTaskSlots, 1\nINFO  [] - Loading configuration property: execution.checkpointing.local-backup.enabled, true\nINFO  [] - Loading configuration property: rest.address, 127.0.0.1\nINFO  [] - Loading configuration property: execution.state-recovery.ignore-unclaimed-state, true\nINFO  [] - Loading configuration property: execution.checkpointing.dir, file:///tmp/flink-checkpoints\nINFO  [] - Loading configuration property: env.java.opts.all, --add-exports=java.rmi/sun.rmi.registry=ALL-UNNAMED --add-exports=java.security.jgss/sun.security.krb5=ALL-UNNAMED --add-opens=java.base/java.lang=ALL-UNNAMED --add-opens=java.base/java.net=ALL-UNNAMED --add-opens=java.base/java.io=ALL-UNNAMED --add-opens=java.base/java.nio=ALL-UNNAMED --add-opens=java.base/sun.nio.ch=ALL-UNNAMED --add-opens=java.base/java.lang.reflect=ALL-UNNAMED --add-opens=java.base/java.text=ALL-UNNAMED --add-opens=java.base/java.time=ALL-UNNAMED --add-opens=java.base/java.util=ALL-UNNAMED --add-opens=java.base/java.util.concurrent=ALL-UNNAMED --add-opens=java.base/java.util.concurrent.atomic=ALL-UNNAMED --add-opens=java.base/java.util.concurrent.locks=ALL-UNNAMED\nINFO  [] - Loading configuration property: state.backend.type, rocksdb\nINFO  [] - The derived from fraction jvm overhead memory (172.800mb (181193935 bytes)) is less than its min value 192.000mb (201326592 bytes), min value will be used instead\nINFO  [] - Final TaskExecutor Memory configuration:\nINFO  [] -   Total Process Memory:          1.688gb (1811939328 bytes)\nINFO  [] -     Total Flink Memory:          1.250gb (1342177280 bytes)\nINFO  [] -       Total JVM Heap Memory:     512.000mb (536870902 bytes)\nINFO  [] -         Framework:               128.000mb (134217728 bytes)\nINFO  [] -         Task:                    384.000mb (402653174 bytes)\nINFO  [] -       Total Off-heap Memory:     768.000mb (805306378 bytes)\nINFO  [] -         Managed:                 512.000mb (536870920 bytes)\nINFO  [] -         Total JVM Direct Memory: 256.000mb (268435458 bytes)\nINFO  [] -           Framework:             128.000mb (134217728 bytes)\nINFO  [] -           Task:                  0 bytes\nINFO  [] -           Network:               128.000mb (134217730 bytes)\nINFO  [] -     JVM Metaspace:               256.000mb (268435456 bytes)\nINFO  [] -     JVM Overhead:                192.000mb (201326592 bytes)\n\"\024\n\fGOSU_VERSION\022\0041.11\"\025\n\020PYTHONUNBUFFERED\022\0011\"\030\n\bHOSTNAME\022\f88c960070ae1\"\025\n\006LC_ALL\022\ven_US.UTF-8\"i\n\bJVM_ARGS\022] -Xmx536870902 -Xms536870902 -XX:MaxDirectMemorySize=268435458 -XX:MaxMetaspaceSize=268435456\"7\n\nLD_PRELOAD\022):/usr/lib/x86_64-linux-gnu/libjemalloc.so\"\n\n\005SHLVL\022\0013\"\022\n\004HOME\022\n/opt/flink\"\037\n\rFLINK_BIN_DIR\022\016/opt/flink/bin"

java.lang.IllegalStateException: call already closed
	at org.apache.beam.vendor.grpc.v1p60p1.com.google.common.base.Preconditions.checkState(Preconditions.java:512) ~[blob_p-eb2d28ac31e2c97dd63a6894758ee2d5f438b095-bb4336fa686335eda738a1eeecdb0e1f:2.1.0]
	at org.apache.beam.vendor.grpc.v1p60p1.io.grpc.internal.ServerCallImpl.closeInternal(ServerCallImpl.java:213) ~[blob_p-eb2d28ac31e2c97dd63a6894758ee2d5f438b095-bb4336fa686335eda738a1eeecdb0e1f:2.1.0]
	at org.apache.beam.vendor.grpc.v1p60p1.io.grpc.internal.ServerCallImpl.close(ServerCallImpl.java:208) ~[blob_p-eb2d28ac31e2c97dd63a6894758ee2d5f438b095-bb4336fa686335eda738a1eeecdb0e1f:2.1.0]
	at org.apache.beam.vendor.grpc.v1p60p1.io.grpc.stub.ServerCalls$ServerCallStreamObserverImpl.onCompleted(ServerCalls.java:395) ~[blob_p-eb2d28ac31e2c97dd63a6894758ee2d5f438b095-bb4336fa686335eda738a1eeecdb0e1f:2.1.0]
	at org.apache.beam.runners.fnexecution.state.GrpcStateService.close(GrpcStateService.java:64) ~[blob_p-eb2d28ac31e2c97dd63a6894758ee2d5f438b095-bb4336fa686335eda738a1eeecdb0e1f:2.1.0]
	at org.apache.beam.sdk.fn.server.GrpcFnServer.close(GrpcFnServer.java:156) ~[blob_p-eb2d28ac31e2c97dd63a6894758ee2d5f438b095-bb4336fa686335eda738a1eeecdb0e1f:2.1.0]
	at org.apache.beam.runners.fnexecution.control.DefaultJobBundleFactory$WrappedSdkHarnessClient.close(DefaultJobBundleFactory.java:699) ~[blob_p-eb2d28ac31e2c97dd63a6894758ee2d5f438b095-bb4336fa686335eda738a1eeecdb0e1f:2.1.0]
	at org.apache.beam.runners.fnexecution.control.DefaultJobBundleFactory$WrappedSdkHarnessClient.unref(DefaultJobBundleFactory.java:715) ~[blob_p-eb2d28ac31e2c97dd63a6894758ee2d5f438b095-bb4336fa686335eda738a1eeecdb0e1f:2.1.0]
	at org.apache.beam.runners.fnexecution.control.DefaultJobBundleFactory.lambda$createEnvironmentCaches$3(DefaultJobBundleFactory.java:222) ~[blob_p-eb2d28ac31e2c97dd63a6894758ee2d5f438b095-bb4336fa686335eda738a1eeecdb0e1f:2.1.0]
	at org.apache.beam.vendor.guava.v32_1_2_jre.com.google.common.cache.LocalCache.processPendingNotifications(LocalCache.java:1850) ~[blob_p-eb2d28ac31e2c97dd63a6894758ee2d5f438b095-bb4336fa686335eda738a1eeecdb0e1f:2.1.0]
	at org.apache.beam.vendor.guava.v32_1_2_jre.com.google.common.cache.LocalCache$Segment.runUnlockedCleanup(LocalCache.java:3503) ~[blob_p-eb2d28ac31e2c97dd63a6894758ee2d5f438b095-bb4336fa686335eda738a1eeecdb0e1f:2.1.0]
	at org.apache.beam.vendor.guava.v32_1_2_jre.com.google.common.cache.LocalCache$Segment.postWriteCleanup(LocalCache.java:3479) ~[blob_p-eb2d28ac31e2c97dd63a6894758ee2d5f438b095-bb4336fa686335eda738a1eeecdb0e1f:2.1.0]
	at org.apache.beam.vendor.guava.v32_1_2_jre.com.google.common.cache.LocalCache$Segment.clear(LocalCache.java:3252) ~[blob_p-eb2d28ac31e2c97dd63a6894758ee2d5f438b095-bb4336fa686335eda738a1eeecdb0e1f:2.1.0]
	at org.apache.beam.vendor.guava.v32_1_2_jre.com.google.common.cache.LocalCache.clear(LocalCache.java:4343) ~[blob_p-eb2d28ac31e2c97dd63a6894758ee2d5f438b095-bb4336fa686335eda738a1eeecdb0e1f:2.1.0]
	at org.apache.beam.vendor.guava.v32_1_2_jre.com.google.common.cache.LocalCache$LocalManualCache.invalidateAll(LocalCache.java:4960) ~[blob_p-eb2d28ac31e2c97dd63a6894758ee2d5f438b095-bb4336fa686335eda738a1eeecdb0e1f:2.1.0]
	at org.apache.beam.runners.fnexecution.control.DefaultJobBundleFactory.close(DefaultJobBundleFactory.java:359) ~[blob_p-eb2d28ac31e2c97dd63a6894758ee2d5f438b095-bb4336fa686335eda738a1eeecdb0e1f:2.1.0]
	at org.apache.flink.streaming.api.runners.python.beam.PythonSharedResources.close(PythonSharedResources.java:67) ~[blob_p-eb2d28ac31e2c97dd63a6894758ee2d5f438b095-bb4336fa686335eda738a1eeecdb0e1f:2.1.0]
	at org.apache.flink.runtime.memory.SharedResources$LeasedResource.dispose(SharedResources.java:180) ~[flink-dist-2.1.0.jar:2.1.0]
	at org.apache.flink.runtime.memory.SharedResources.release(SharedResources.java:108) ~[flink-dist-2.1.0.jar:2.1.0]
	at org.apache.flink.runtime.memory.MemoryManager.lambda$getSharedMemoryResourceForManagedMemory$7(MemoryManager.java:566) ~[flink-dist-2.1.0.jar:2.1.0]
	at org.apache.flink.runtime.memory.OpaqueMemoryResource.close(OpaqueMemoryResource.java:65) ~[flink-dist-2.1.0.jar:2.1.0]
	at org.apache.flink.streaming.api.runners.python.beam.BeamPythonFunctionRunner.close(BeamPythonFunctionRunner.java:329) ~[blob_p-eb2d28ac31e2c97dd63a6894758ee2d5f438b095-bb4336fa686335eda738a1eeecdb0e1f:2.1.0]
	at org.apache.flink.streaming.api.operators.python.process.AbstractExternalPythonFunctionOperator.close(AbstractExternalPythonFunctionOperator.java:65) ~[blob_p-eb2d28ac31e2c97dd63a6894758ee2d5f438b095-bb4336fa686335eda738a1eeecdb0e1f:2.1.0]
	at org.apache.flink.streaming.runtime.tasks.StreamOperatorWrapper.close(StreamOperatorWrapper.java:163) ~[flink-dist-2.1.0.jar:2.1.0]
	at org.apache.flink.streaming.runtime.tasks.RegularOperatorChain.closeAllOperators(RegularOperatorChain.java:125) ~[flink-dist-2.1.0.jar:2.1.0]
	at org.apache.flink.streaming.runtime.tasks.StreamTask.closeAllOperators(StreamTask.java:1188) ~[flink-dist-2.1.0.jar:2.1.0]
	at org.apache.flink.streaming.runtime.tasks.StreamTask.afterInvoke(StreamTask.java:1052) ~[flink-dist-2.1.0.jar:2.1.0]
	at org.apache.flink.streaming.runtime.tasks.StreamTask.invoke(StreamTask.java:923) ~[flink-dist-2.1.0.jar:2.1.0]
	at org.apache.flink.runtime.taskmanager.Task.runWithSystemExitMonitoring(Task.java:963) [flink-dist-2.1.0.jar:2.1.0]
	at org.apache.flink.runtime.taskmanager.Task.restoreAndInvoke(Task.java:942) [flink-dist-2.1.0.jar:2.1.0]
	at org.apache.flink.runtime.taskmanager.Task.doRun(Task.java:756) [flink-dist-2.1.0.jar:2.1.0]
	at org.apache.flink.runtime.taskmanager.Task.run(Task.java:568) [flink-dist-2.1.0.jar:2.1.0]
	at java.base/java.lang.Thread.run(Unknown Source) [?:?]
2025-10-22 18:44:01,725 INFO  org.apache.flink.state.rocksdb.RocksDBResourceContainer      [] - Cleaning up relocated RocksDB logs: /opt/flink/log.
2025-10-22 18:44:01,730 INFO  org.apache.flink.state.rocksdb.RocksDBKeyedStateBackend      [] - Closed RocksDB State Backend. Cleaning up RocksDB working directory /tmp/rocksdb/job_5b1786d223a1016b801ea51535058627_op_ExternalPythonKeyedProcessOperator_90bea66de1c231edf33913ecd54406c1__1_1__uuid_7dfb11a3-5810-44e2-88af-b283e1017c79.
2025-10-22 18:44:01,737 INFO  org.apache.flink.runtime.taskmanager.Task                    [] - KEYED PROCESS -> Sink: Print to Std. Out (1/1)#0 (32d85431551b6f1202abfa9add707b54_90bea66de1c231edf33913ecd54406c1_0_0) switched from RUNNING to FINISHED.
2025-10-22 18:44:01,737 INFO  org.apache.flink.runtime.taskmanager.Task                    [] - Freeing task resources for KEYED PROCESS -> Sink: Print to Std. Out (1/1)#0 (32d85431551b6f1202abfa9add707b54_90bea66de1c231edf33913ecd54406c1_0_0).
2025-10-22 18:44:01,741 INFO  org.apache.flink.runtime.taskexecutor.TaskExecutor           [] - Un-registering task and sending final execution state FINISHED to JobManager for task KEYED PROCESS -> Sink: Print to Std. Out (1/1)#0 32d85431551b6f1202abfa9add707b54_90bea66de1c231edf33913ecd54406c1_0_0.
2025-10-22 18:44:01,902 INFO  org.apache.flink.runtime.taskexecutor.slot.TaskSlotTableImpl [] - Free slot TaskSlot(index:1, state:ACTIVE, resource profile: ResourceProfile{cpuCores=1, taskHeapMemory=384.000mb (402653174 bytes), taskOffHeapMemory=0 bytes, managedMemory=512.000mb (536870920 bytes), networkMemory=128.000mb (134217730 bytes)}, allocationId: 0136747545703c61daac6497fd30a040, jobId: 5b1786d223a1016b801ea51535058627).
2025-10-22 18:44:01,916 INFO  org.apache.flink.runtime.taskexecutor.DefaultJobLeaderService [] - Remove job 5b1786d223a1016b801ea51535058627 from job leader monitoring.
2025-10-22 18:44:01,917 INFO  org.apache.flink.runtime.taskexecutor.TaskExecutor           [] - Close JobManager connection for job 5b1786d223a1016b801ea51535058627.
2025-10-22 18:44:05,086 INFO  org.apache.flink.runtime.taskexecutor.TaskExecutor           [] - Receive slot request 45651032146cbbb65d930bdb3024fc09 for job ccb3ea7e139dc31d6053bb41db8a1581 from resource manager with leader id 00000000000000000000000000000000.
2025-10-22 18:44:05,090 INFO  org.apache.flink.runtime.taskexecutor.slot.TaskSlotTableImpl [] - Allocated slot for 45651032146cbbb65d930bdb3024fc09 with resources ResourceProfile{cpuCores=1, taskHeapMemory=384.000mb (402653174 bytes), taskOffHeapMemory=0 bytes, managedMemory=512.000mb (536870920 bytes), networkMemory=128.000mb (134217730 bytes)}.
2025-10-22 18:44:05,090 INFO  org.apache.flink.runtime.taskexecutor.DefaultJobLeaderService [] - Add job ccb3ea7e139dc31d6053bb41db8a1581 for job leader monitoring.
2025-10-22 18:44:05,091 INFO  org.apache.flink.runtime.taskexecutor.DefaultJobLeaderService [] - Try to register at job manager pekko.tcp://flink@88c960070ae1:6123/user/rpc/jobmanager_3 with leader id 00000000-0000-0000-0000-000000000000.
2025-10-22 18:44:05,120 INFO  org.apache.flink.runtime.taskexecutor.DefaultJobLeaderService [] - Resolved JobManager address, beginning registration
2025-10-22 18:44:05,149 INFO  org.apache.flink.runtime.taskexecutor.DefaultJobLeaderService [] - Successful registration at job manager pekko.tcp://flink@88c960070ae1:6123/user/rpc/jobmanager_3 for job ccb3ea7e139dc31d6053bb41db8a1581.
2025-10-22 18:44:05,149 INFO  org.apache.flink.runtime.taskexecutor.TaskExecutor           [] - Establish JobManager connection for job ccb3ea7e139dc31d6053bb41db8a1581.
2025-10-22 18:44:05,149 INFO  org.apache.flink.runtime.taskexecutor.TaskExecutor           [] - Offer reserved slots to the leader of job ccb3ea7e139dc31d6053bb41db8a1581.
2025-10-22 18:44:05,185 INFO  org.apache.flink.runtime.taskexecutor.slot.TaskSlotTableImpl [] - Activate slot 45651032146cbbb65d930bdb3024fc09.
2025-10-22 18:44:05,196 INFO  org.apache.flink.runtime.state.changelog.StateChangelogStorageLoader [] - Creating a changelog storage with name 'memory'.
2025-10-22 18:44:05,196 INFO  org.apache.flink.runtime.state.TaskExecutorChannelStateExecutorFactoryManager [] - Creating the channel state executor factory for job id ccb3ea7e139dc31d6053bb41db8a1581
2025-10-22 18:44:05,197 INFO  org.apache.flink.runtime.taskexecutor.TaskExecutor           [] - Received task Source: Collection Source -> _stream_key_by_map_operator (1/1)#0 (649980e7500fe5eb0a4c46df46bbe6ca_cbc357ccb763df2852fee8c4fc7d55f2_0_0), deploy into slot with allocation id 45651032146cbbb65d930bdb3024fc09.
2025-10-22 18:44:05,214 INFO  org.apache.flink.runtime.taskexecutor.slot.TaskSlotTableImpl [] - Activate slot 45651032146cbbb65d930bdb3024fc09.
2025-10-22 18:44:05,209 INFO  org.apache.flink.runtime.taskmanager.Task                    [] - Source: Collection Source -> _stream_key_by_map_operator (1/1)#0 (649980e7500fe5eb0a4c46df46bbe6ca_cbc357ccb763df2852fee8c4fc7d55f2_0_0) switched from CREATED to DEPLOYING.
2025-10-22 18:44:05,221 INFO  org.apache.flink.runtime.taskexecutor.slot.TaskSlotTableImpl [] - Activate slot 45651032146cbbb65d930bdb3024fc09.
2025-10-22 18:44:05,229 INFO  org.apache.flink.runtime.taskexecutor.TaskExecutor           [] - Received task KEYED PROCESS -> Sink: Print to Std. Out (1/1)#0 (649980e7500fe5eb0a4c46df46bbe6ca_90bea66de1c231edf33913ecd54406c1_0_0), deploy into slot with allocation id 45651032146cbbb65d930bdb3024fc09.
2025-10-22 18:44:05,237 INFO  org.apache.flink.runtime.taskmanager.Task                    [] - KEYED PROCESS -> Sink: Print to Std. Out (1/1)#0 (649980e7500fe5eb0a4c46df46bbe6ca_90bea66de1c231edf33913ecd54406c1_0_0) switched from CREATED to DEPLOYING.
2025-10-22 18:44:05,238 INFO  org.apache.flink.runtime.taskmanager.Task                    [] - Loading JAR files for task KEYED PROCESS -> Sink: Print to Std. Out (1/1)#0 (649980e7500fe5eb0a4c46df46bbe6ca_90bea66de1c231edf33913ecd54406c1_0_0) [DEPLOYING].
2025-10-22 18:44:05,230 INFO  org.apache.flink.runtime.taskmanager.Task                    [] - Loading JAR files for task Source: Collection Source -> _stream_key_by_map_operator (1/1)#0 (649980e7500fe5eb0a4c46df46bbe6ca_cbc357ccb763df2852fee8c4fc7d55f2_0_0) [DEPLOYING].
2025-10-22 18:44:05,242 INFO  org.apache.flink.runtime.blob.BlobClient                     [] - Downloading ccb3ea7e139dc31d6053bb41db8a1581/p-eb2d28ac31e2c97dd63a6894758ee2d5f438b095-8404ae4299648773c8790c210fb6475b from 88c960070ae1/172.17.0.2:6124
2025-10-22 18:44:05,456 INFO  org.apache.flink.streaming.runtime.tasks.StreamTask          [] - Loading state backend via factory org.apache.flink.state.rocksdb.EmbeddedRocksDBStateBackendFactory
2025-10-22 18:44:05,456 INFO  org.apache.flink.state.rocksdb.EmbeddedRocksDBStateBackend   [] - Using predefined options: DEFAULT.
2025-10-22 18:44:05,458 INFO  org.apache.flink.runtime.state.StateBackendLoader            [] - State backend loader loads the state backend as EmbeddedRocksDBStateBackend
2025-10-22 18:44:05,461 INFO  org.apache.flink.streaming.runtime.tasks.StreamTask          [] - Checkpoint storage is set to 'filesystem': (checkpoints "file:/tmp/flink-checkpoints")
2025-10-22 18:44:05,461 INFO  org.apache.flink.runtime.taskmanager.Task                    [] - KEYED PROCESS -> Sink: Print to Std. Out (1/1)#0 (649980e7500fe5eb0a4c46df46bbe6ca_90bea66de1c231edf33913ecd54406c1_0_0) switched from DEPLOYING to INITIALIZING.
2025-10-22 18:44:05,508 INFO  org.apache.flink.streaming.runtime.tasks.StreamTask          [] - Loading state backend via factory org.apache.flink.state.rocksdb.EmbeddedRocksDBStateBackendFactory
2025-10-22 18:44:05,508 INFO  org.apache.flink.state.rocksdb.EmbeddedRocksDBStateBackend   [] - Using predefined options: DEFAULT.
2025-10-22 18:44:05,511 INFO  org.apache.flink.runtime.state.StateBackendLoader            [] - State backend loader loads the state backend as EmbeddedRocksDBStateBackend
2025-10-22 18:44:05,512 INFO  org.apache.flink.streaming.runtime.tasks.StreamTask          [] - Checkpoint storage is set to 'filesystem': (checkpoints "file:/tmp/flink-checkpoints")
2025-10-22 18:44:05,513 INFO  org.apache.flink.runtime.taskmanager.Task                    [] - Source: Collection Source -> _stream_key_by_map_operator (1/1)#0 (649980e7500fe5eb0a4c46df46bbe6ca_cbc357ccb763df2852fee8c4fc7d55f2_0_0) switched from DEPLOYING to INITIALIZING.
2025-10-22 18:44:05,548 INFO  org.apache.flink.runtime.state.StateBackendLoader            [] - Loading state backend via factory org.apache.flink.state.rocksdb.EmbeddedRocksDBStateBackendFactory
2025-10-22 18:44:05,551 INFO  org.apache.flink.state.rocksdb.EmbeddedRocksDBStateBackend   [] - Using predefined options: DEFAULT.
2025-10-22 18:44:05,561 INFO  org.apache.flink.runtime.state.StateBackendLoader            [] - Loading state backend via factory org.apache.flink.state.rocksdb.EmbeddedRocksDBStateBackendFactory
2025-10-22 18:44:05,562 INFO  org.apache.flink.state.rocksdb.EmbeddedRocksDBStateBackend   [] - Using predefined options: DEFAULT.
2025-10-22 18:44:05,570 INFO  org.apache.flink.streaming.api.operators.AbstractStreamOperator [] - The maximum bundle size is configured to 1000.
2025-10-22 18:44:05,570 INFO  org.apache.flink.streaming.api.operators.AbstractStreamOperator [] - The maximum bundle time is configured to 1000 milliseconds.
2025-10-22 18:44:05,574 INFO  org.apache.flink.runtime.state.StateBackendLoader            [] - Loading state backend via factory org.apache.flink.state.rocksdb.EmbeddedRocksDBStateBackendFactory
2025-10-22 18:44:05,574 INFO  org.apache.flink.state.rocksdb.EmbeddedRocksDBStateBackend   [] - Using predefined options: DEFAULT.
2025-10-22 18:44:05,578 INFO  org.apache.flink.state.rocksdb.EmbeddedRocksDBStateBackend   [] - Getting shared memory for RocksDB: shareScope=SLOT, managed=false
2025-10-22 18:44:05,578 INFO  org.apache.flink.state.rocksdb.EmbeddedRocksDBStateBackend   [] - Obtained shared RocksDB cache of size 375809644 bytes
2025-10-22 18:44:05,594 INFO  org.apache.flink.state.rocksdb.restore.RocksDBIncrementalRestoreOperation [] - Starting RocksDB incremental recovery in operator ExternalPythonKeyedProcessOperator_90bea66de1c231edf33913ecd54406c1_(1/1) target key-group range [0, 127]. Use IngestDB=false, Use AsyncCompaction=false, State Handles=[IncrementalRemoteKeyedStateHandle{privateState=[HandleAndLocalPath{handle=ByteStreamStateHandle{handleName='file:/tmp/flink-checkpoints/savepoint-5b1786-9718c62873bd/33fa407b-9bff-44b5-b98a-cb5feb83da34', dataBytes=636}, localPath='MANIFEST-000005'}, HandleAndLocalPath{handle=ByteStreamStateHandle{handleName='file:/tmp/flink-checkpoints/savepoint-5b1786-9718c62873bd/402fe526-4d87-47b7-8592-2c2408265112', dataBytes=16}, localPath='CURRENT'}, HandleAndLocalPath{handle=RelativeFileStateHandle State: file:/tmp/flink-checkpoints/savepoint-5b1786-9718c62873bd/adc1eedf-ef2b-4f3b-bf8e-801a1cd38002, adc1eedf-ef2b-4f3b-bf8e-801a1cd38002 [21296 bytes], localPath='OPTIONS-000013'}, HandleAndLocalPath{handle=RelativeFileStateHandle State: file:/tmp/flink-checkpoints/savepoint-5b1786-9718c62873bd/64a0fe5d-5f4a-4664-a140-8714f0461089, 64a0fe5d-5f4a-4664-a140-8714f0461089 [80455 bytes], localPath='000015.sst'}, HandleAndLocalPath{handle=RelativeFileStateHandle State: file:/tmp/flink-checkpoints/savepoint-5b1786-9718c62873bd/5cce7552-e798-4720-8ef3-97552b953a6e, 5cce7552-e798-4720-8ef3-97552b953a6e [88617 bytes], localPath='000014.sst'}], persistedSizeOfThisCheckpoint=192617, registered=false} AbstractIncrementalStateHandle{checkpointId=2, backendIdentifier=cabb4607-beac-4418-a306-9f8eb6d9794a, keyGroupRange=KeyGroupRange{startKeyGroup=0, endKeyGroup=127}, sharedState=[], metaStateHandle=ByteStreamStateHandle{handleName='file:/tmp/flink-checkpoints/savepoint-5b1786-9718c62873bd/987e100f-94d9-41ac-95f3-2e148530ea50', dataBytes=1597}, stateHandleId=b14cfd5a-8dc4-4f4b-bf99-beae29a8ed92}]
2025-10-22 18:44:05,602 INFO  org.apache.flink.state.rocksdb.restore.RocksDBIncrementalRestoreOperation [] - Start downloading remote state to local directory in operator ExternalPythonKeyedProcessOperator_90bea66de1c231edf33913ecd54406c1_(1/1) for target key-group range [0, 127].
2025-10-22 18:44:05,619 INFO  org.apache.flink.state.rocksdb.restore.RocksDBIncrementalRestoreOperation [] - Finished downloading remote state to local directory in operator ExternalPythonKeyedProcessOperator_90bea66de1c231edf33913ecd54406c1_(1/1) for target key-group range [0, 127].
2025-10-22 18:44:05,620 INFO  org.apache.flink.state.rocksdb.restore.RocksDBIncrementalRestoreOperation [] - Starting opening base RocksDB instance in operator ExternalPythonKeyedProcessOperator_90bea66de1c231edf33913ecd54406c1_(1/1) with target key-group range [0, 127] from state handle IncrementalLocalKeyedStateHandle{directoryStateHandle=DirectoryStateHandle{directory='/tmp/rocksdb/job_ccb3ea7e139dc31d6053bb41db8a1581_op_ExternalPythonKeyedProcessOperator_90bea66de1c231edf33913ecd54406c1__1_1__uuid_84e7cf6e-51fe-4e8c-9ece-a967a9b8b662/32825c4f-9a01-41a8-b914-400ec27f8bd2', directorySize=192617}} AbstractIncrementalStateHandle{checkpointId=2, backendIdentifier=cabb4607-beac-4418-a306-9f8eb6d9794a, keyGroupRange=KeyGroupRange{startKeyGroup=0, endKeyGroup=127}, sharedState=[], metaStateHandle=ByteStreamStateHandle{handleName='file:/tmp/flink-checkpoints/savepoint-5b1786-9718c62873bd/987e100f-94d9-41ac-95f3-2e148530ea50', dataBytes=1597}, stateHandleId=49230d73-4573-4981-948d-b0e6b8cd19dc}.
